[2023-10-17T12:43:46.320+0000] {taskinstance.py:1159} INFO - Dependencies all met for dep_context=non-requeueable deps ti=<TaskInstance: pronostico_tiempo_dag1.crear_tabla_raw manual__2023-10-17T12:43:32.483139+00:00 [queued]>
[2023-10-17T12:43:46.335+0000] {taskinstance.py:1159} INFO - Dependencies all met for dep_context=requeueable deps ti=<TaskInstance: pronostico_tiempo_dag1.crear_tabla_raw manual__2023-10-17T12:43:32.483139+00:00 [queued]>
[2023-10-17T12:43:46.336+0000] {taskinstance.py:1361} INFO - Starting attempt 1 of 2
[2023-10-17T12:43:46.381+0000] {taskinstance.py:1382} INFO - Executing <Task(PostgresOperator): crear_tabla_raw> on 2023-10-17 12:43:32.483139+00:00
[2023-10-17T12:43:46.390+0000] {standard_task_runner.py:57} INFO - Started process 518 to run task
[2023-10-17T12:43:46.399+0000] {standard_task_runner.py:84} INFO - Running: ['***', 'tasks', 'run', 'pronostico_tiempo_dag1', 'crear_tabla_raw', 'manual__2023-10-17T12:43:32.483139+00:00', '--job-id', '120', '--raw', '--subdir', 'DAGS_FOLDER/tiempo1.py', '--cfg-path', '/tmp/tmpibqufb4b']
[2023-10-17T12:43:46.405+0000] {standard_task_runner.py:85} INFO - Job 120: Subtask crear_tabla_raw
[2023-10-17T12:43:46.489+0000] {task_command.py:416} INFO - Running <TaskInstance: pronostico_tiempo_dag1.crear_tabla_raw manual__2023-10-17T12:43:32.483139+00:00 [running]> on host f314a0c7455b
[2023-10-17T12:43:46.645+0000] {taskinstance.py:1662} INFO - Exporting env vars: AIRFLOW_CTX_DAG_OWNER='Gustavo Lavalle' AIRFLOW_CTX_DAG_ID='pronostico_tiempo_dag1' AIRFLOW_CTX_TASK_ID='crear_tabla_raw' AIRFLOW_CTX_EXECUTION_DATE='2023-10-17T12:43:32.483139+00:00' AIRFLOW_CTX_TRY_NUMBER='1' AIRFLOW_CTX_DAG_RUN_ID='manual__2023-10-17T12:43:32.483139+00:00'
[2023-10-17T12:43:46.649+0000] {sql.py:274} INFO - Executing: 
DROP TABLE IF EXISTS RAW;
CREATE TABLE RAW (
    ciudad VARCHAR(50),
    fecha_hora VARCHAR(50), 
    pronostico_json JSONB
);
[2023-10-17T12:43:46.661+0000] {base.py:73} INFO - Using connection ID 'mi_conexion_postgres' for task execution.
[2023-10-17T12:43:46.674+0000] {base.py:73} INFO - Using connection ID 'mi_conexion_postgres' for task execution.
[2023-10-17T12:43:46.683+0000] {sql.py:418} INFO - Running statement: 
DROP TABLE IF EXISTS RAW;
CREATE TABLE RAW (
    ciudad VARCHAR(50),
    fecha_hora VARCHAR(50), 
    pronostico_json JSONB
);, parameters: None
[2023-10-17T12:43:46.771+0000] {taskinstance.py:1400} INFO - Marking task as SUCCESS. dag_id=pronostico_tiempo_dag1, task_id=crear_tabla_raw, execution_date=20231017T124332, start_date=20231017T124346, end_date=20231017T124346
[2023-10-17T12:43:46.811+0000] {local_task_job_runner.py:228} INFO - Task exited with return code 0
[2023-10-17T12:43:46.873+0000] {taskinstance.py:2778} INFO - 1 downstream tasks scheduled from follow-on schedule check
