[2023-10-14T22:00:33.369+0000] {taskinstance.py:1159} INFO - Dependencies all met for dep_context=non-requeueable deps ti=<TaskInstance: pronostico_tiempo_dag1.crear_tabla manual__2023-10-14T22:00:15.690574+00:00 [queued]>
[2023-10-14T22:00:33.389+0000] {taskinstance.py:1159} INFO - Dependencies all met for dep_context=requeueable deps ti=<TaskInstance: pronostico_tiempo_dag1.crear_tabla manual__2023-10-14T22:00:15.690574+00:00 [queued]>
[2023-10-14T22:00:33.389+0000] {taskinstance.py:1361} INFO - Starting attempt 1 of 2
[2023-10-14T22:00:33.425+0000] {taskinstance.py:1382} INFO - Executing <Task(PostgresOperator): crear_tabla> on 2023-10-14 22:00:15.690574+00:00
[2023-10-14T22:00:33.441+0000] {standard_task_runner.py:57} INFO - Started process 1397 to run task
[2023-10-14T22:00:33.453+0000] {standard_task_runner.py:84} INFO - Running: ['***', 'tasks', 'run', 'pronostico_tiempo_dag1', 'crear_tabla', 'manual__2023-10-14T22:00:15.690574+00:00', '--job-id', '48', '--raw', '--subdir', 'DAGS_FOLDER/tiempo1.py', '--cfg-path', '/tmp/tmp1nxky3u_']
[2023-10-14T22:00:33.458+0000] {standard_task_runner.py:85} INFO - Job 48: Subtask crear_tabla
[2023-10-14T22:00:33.556+0000] {task_command.py:416} INFO - Running <TaskInstance: pronostico_tiempo_dag1.crear_tabla manual__2023-10-14T22:00:15.690574+00:00 [running]> on host f314a0c7455b
[2023-10-14T22:00:33.761+0000] {taskinstance.py:1662} INFO - Exporting env vars: AIRFLOW_CTX_DAG_OWNER='Gustavo Lavalle' AIRFLOW_CTX_DAG_ID='pronostico_tiempo_dag1' AIRFLOW_CTX_TASK_ID='crear_tabla' AIRFLOW_CTX_EXECUTION_DATE='2023-10-14T22:00:15.690574+00:00' AIRFLOW_CTX_TRY_NUMBER='1' AIRFLOW_CTX_DAG_RUN_ID='manual__2023-10-14T22:00:15.690574+00:00'
[2023-10-14T22:00:33.765+0000] {sql.py:274} INFO - Executing: 
CREATE TABLE IF NOT EXISTS RAW (
    ciudad VARCHAR(50),
    temperatura FLOAT,
    humedad FLOAT
);
[2023-10-14T22:00:33.786+0000] {base.py:73} INFO - Using connection ID 'mi_conexion_postgres' for task execution.
[2023-10-14T22:00:33.806+0000] {base.py:73} INFO - Using connection ID 'mi_conexion_postgres' for task execution.
[2023-10-14T22:00:33.815+0000] {sql.py:418} INFO - Running statement: 
CREATE TABLE IF NOT EXISTS RAW (
    ciudad VARCHAR(50),
    temperatura FLOAT,
    humedad FLOAT
);, parameters: None
[2023-10-14T22:00:33.837+0000] {taskinstance.py:1400} INFO - Marking task as SUCCESS. dag_id=pronostico_tiempo_dag1, task_id=crear_tabla, execution_date=20231014T220015, start_date=20231014T220033, end_date=20231014T220033
[2023-10-14T22:00:33.914+0000] {local_task_job_runner.py:228} INFO - Task exited with return code 0
[2023-10-14T22:00:33.961+0000] {taskinstance.py:2778} INFO - 1 downstream tasks scheduled from follow-on schedule check
