[2023-10-14T23:00:35.230+0000] {taskinstance.py:1159} INFO - Dependencies all met for dep_context=non-requeueable deps ti=<TaskInstance: pronostico_tiempo_dag1.crear_tabla_raw manual__2023-10-14T23:00:19.312363+00:00 [queued]>
[2023-10-14T23:00:35.249+0000] {taskinstance.py:1159} INFO - Dependencies all met for dep_context=requeueable deps ti=<TaskInstance: pronostico_tiempo_dag1.crear_tabla_raw manual__2023-10-14T23:00:19.312363+00:00 [queued]>
[2023-10-14T23:00:35.250+0000] {taskinstance.py:1361} INFO - Starting attempt 1 of 2
[2023-10-14T23:00:35.314+0000] {taskinstance.py:1382} INFO - Executing <Task(PostgresOperator): crear_tabla_raw> on 2023-10-14 23:00:19.312363+00:00
[2023-10-14T23:00:35.324+0000] {standard_task_runner.py:57} INFO - Started process 2310 to run task
[2023-10-14T23:00:35.333+0000] {standard_task_runner.py:84} INFO - Running: ['***', 'tasks', 'run', 'pronostico_tiempo_dag1', 'crear_tabla_raw', 'manual__2023-10-14T23:00:19.312363+00:00', '--job-id', '72', '--raw', '--subdir', 'DAGS_FOLDER/tiempo1.py', '--cfg-path', '/tmp/tmpijl4p4ku']
[2023-10-14T23:00:35.339+0000] {standard_task_runner.py:85} INFO - Job 72: Subtask crear_tabla_raw
[2023-10-14T23:00:35.437+0000] {task_command.py:416} INFO - Running <TaskInstance: pronostico_tiempo_dag1.crear_tabla_raw manual__2023-10-14T23:00:19.312363+00:00 [running]> on host f314a0c7455b
[2023-10-14T23:00:35.777+0000] {taskinstance.py:1662} INFO - Exporting env vars: AIRFLOW_CTX_DAG_OWNER='Gustavo Lavalle' AIRFLOW_CTX_DAG_ID='pronostico_tiempo_dag1' AIRFLOW_CTX_TASK_ID='crear_tabla_raw' AIRFLOW_CTX_EXECUTION_DATE='2023-10-14T23:00:19.312363+00:00' AIRFLOW_CTX_TRY_NUMBER='1' AIRFLOW_CTX_DAG_RUN_ID='manual__2023-10-14T23:00:19.312363+00:00'
[2023-10-14T23:00:35.780+0000] {sql.py:274} INFO - Executing: 
DROP TABLE IF EXISTS RAW;
CREATE TABLE RAW (
    ciudad VARCHAR(50),
    fecha_hora TIMESTAMP,
    pronostico_json JSONB  
);
[2023-10-14T23:00:35.846+0000] {base.py:73} INFO - Using connection ID 'mi_conexion_postgres' for task execution.
[2023-10-14T23:00:35.865+0000] {base.py:73} INFO - Using connection ID 'mi_conexion_postgres' for task execution.
[2023-10-14T23:00:35.873+0000] {sql.py:418} INFO - Running statement: 
DROP TABLE IF EXISTS RAW;
CREATE TABLE RAW (
    ciudad VARCHAR(50),
    fecha_hora TIMESTAMP,
    pronostico_json JSONB  
);, parameters: None
[2023-10-14T23:00:36.100+0000] {taskinstance.py:1400} INFO - Marking task as SUCCESS. dag_id=pronostico_tiempo_dag1, task_id=crear_tabla_raw, execution_date=20231014T230019, start_date=20231014T230035, end_date=20231014T230036
[2023-10-14T23:00:36.208+0000] {local_task_job_runner.py:228} INFO - Task exited with return code 0
[2023-10-14T23:00:36.267+0000] {taskinstance.py:2778} INFO - 1 downstream tasks scheduled from follow-on schedule check
