[2023-10-14T23:02:17.717+0000] {taskinstance.py:1159} INFO - Dependencies all met for dep_context=non-requeueable deps ti=<TaskInstance: pronostico_tiempo_dag1.crear_tabla_staging manual__2023-10-14T23:00:19.312363+00:00 [queued]>
[2023-10-14T23:02:17.736+0000] {taskinstance.py:1159} INFO - Dependencies all met for dep_context=requeueable deps ti=<TaskInstance: pronostico_tiempo_dag1.crear_tabla_staging manual__2023-10-14T23:00:19.312363+00:00 [queued]>
[2023-10-14T23:02:17.737+0000] {taskinstance.py:1361} INFO - Starting attempt 1 of 2
[2023-10-14T23:02:17.816+0000] {taskinstance.py:1382} INFO - Executing <Task(PostgresOperator): crear_tabla_staging> on 2023-10-14 23:00:19.312363+00:00
[2023-10-14T23:02:17.833+0000] {standard_task_runner.py:57} INFO - Started process 2343 to run task
[2023-10-14T23:02:17.872+0000] {standard_task_runner.py:84} INFO - Running: ['***', 'tasks', 'run', 'pronostico_tiempo_dag1', 'crear_tabla_staging', 'manual__2023-10-14T23:00:19.312363+00:00', '--job-id', '75', '--raw', '--subdir', 'DAGS_FOLDER/tiempo1.py', '--cfg-path', '/tmp/tmpfjrlsqn_']
[2023-10-14T23:02:17.884+0000] {standard_task_runner.py:85} INFO - Job 75: Subtask crear_tabla_staging
[2023-10-14T23:02:18.098+0000] {task_command.py:416} INFO - Running <TaskInstance: pronostico_tiempo_dag1.crear_tabla_staging manual__2023-10-14T23:00:19.312363+00:00 [running]> on host f314a0c7455b
[2023-10-14T23:02:18.454+0000] {taskinstance.py:1662} INFO - Exporting env vars: AIRFLOW_CTX_DAG_OWNER='Gustavo Lavalle' AIRFLOW_CTX_DAG_ID='pronostico_tiempo_dag1' AIRFLOW_CTX_TASK_ID='crear_tabla_staging' AIRFLOW_CTX_EXECUTION_DATE='2023-10-14T23:00:19.312363+00:00' AIRFLOW_CTX_TRY_NUMBER='1' AIRFLOW_CTX_DAG_RUN_ID='manual__2023-10-14T23:00:19.312363+00:00'
[2023-10-14T23:02:18.460+0000] {sql.py:274} INFO - Executing: 
CREATE TABLE IF NOT EXISTS STAGING (
    ciudad VARCHAR(50),
    fecha_hora TIMESTAMP,
    temperatura_actual FLOAT,
    temperatura_maxima FLOAT,
    temperatura_minima FLOAT,
    presion FLOAT,
    humedad FLOAT
);
[2023-10-14T23:02:18.485+0000] {base.py:73} INFO - Using connection ID 'mi_conexion_postgres' for task execution.
[2023-10-14T23:02:18.504+0000] {base.py:73} INFO - Using connection ID 'mi_conexion_postgres' for task execution.
[2023-10-14T23:02:18.517+0000] {sql.py:418} INFO - Running statement: 
CREATE TABLE IF NOT EXISTS STAGING (
    ciudad VARCHAR(50),
    fecha_hora TIMESTAMP,
    temperatura_actual FLOAT,
    temperatura_maxima FLOAT,
    temperatura_minima FLOAT,
    presion FLOAT,
    humedad FLOAT
);, parameters: None
[2023-10-14T23:02:18.535+0000] {taskinstance.py:1400} INFO - Marking task as SUCCESS. dag_id=pronostico_tiempo_dag1, task_id=crear_tabla_staging, execution_date=20231014T230019, start_date=20231014T230217, end_date=20231014T230218
[2023-10-14T23:02:18.603+0000] {local_task_job_runner.py:228} INFO - Task exited with return code 0
[2023-10-14T23:02:18.671+0000] {taskinstance.py:2778} INFO - 1 downstream tasks scheduled from follow-on schedule check
