[2023-10-13T00:52:53.659+0000] {processor.py:157} INFO - Started process (PID=66) to work on /home/airflow/.local/lib/python3.8/site-packages/airflow/example_dags/example_external_task_marker_dag.py
[2023-10-13T00:52:53.660+0000] {processor.py:829} INFO - Processing file /home/airflow/.local/lib/python3.8/site-packages/airflow/example_dags/example_external_task_marker_dag.py for tasks to queue
[2023-10-13T00:52:53.663+0000] {logging_mixin.py:151} INFO - [2023-10-13T00:52:53.662+0000] {dagbag.py:536} INFO - Filling up the DagBag from /home/airflow/.local/lib/python3.8/site-packages/airflow/example_dags/example_external_task_marker_dag.py
[2023-10-13T00:52:53.691+0000] {processor.py:839} INFO - DAG(s) dict_keys(['example_external_task_marker_parent', 'example_external_task_marker_child']) retrieved from /home/airflow/.local/lib/python3.8/site-packages/airflow/example_dags/example_external_task_marker_dag.py
[2023-10-13T00:52:53.740+0000] {logging_mixin.py:151} INFO - [2023-10-13T00:52:53.739+0000] {dag.py:2941} INFO - Sync 2 DAGs
[2023-10-13T00:52:53.797+0000] {logging_mixin.py:151} INFO - [2023-10-13T00:52:53.797+0000] {dag.py:3722} INFO - Setting next_dagrun for example_external_task_marker_child to None, run_after=None
[2023-10-13T00:52:53.817+0000] {logging_mixin.py:151} INFO - [2023-10-13T00:52:53.816+0000] {dag.py:3722} INFO - Setting next_dagrun for example_external_task_marker_parent to None, run_after=None
[2023-10-13T00:52:53.858+0000] {processor.py:179} INFO - Processing /home/airflow/.local/lib/python3.8/site-packages/airflow/example_dags/example_external_task_marker_dag.py took 0.203 seconds
[2023-10-13T00:53:24.081+0000] {processor.py:157} INFO - Started process (PID=119) to work on /home/airflow/.local/lib/python3.8/site-packages/airflow/example_dags/example_external_task_marker_dag.py
[2023-10-13T00:53:24.082+0000] {processor.py:829} INFO - Processing file /home/airflow/.local/lib/python3.8/site-packages/airflow/example_dags/example_external_task_marker_dag.py for tasks to queue
[2023-10-13T00:53:24.084+0000] {logging_mixin.py:151} INFO - [2023-10-13T00:53:24.084+0000] {dagbag.py:536} INFO - Filling up the DagBag from /home/airflow/.local/lib/python3.8/site-packages/airflow/example_dags/example_external_task_marker_dag.py
[2023-10-13T00:53:24.093+0000] {processor.py:839} INFO - DAG(s) dict_keys(['example_external_task_marker_child', 'example_external_task_marker_parent']) retrieved from /home/airflow/.local/lib/python3.8/site-packages/airflow/example_dags/example_external_task_marker_dag.py
[2023-10-13T00:53:24.126+0000] {logging_mixin.py:151} INFO - [2023-10-13T00:53:24.126+0000] {dag.py:2941} INFO - Sync 2 DAGs
[2023-10-13T00:53:24.145+0000] {logging_mixin.py:151} INFO - [2023-10-13T00:53:24.145+0000] {dag.py:3722} INFO - Setting next_dagrun for example_external_task_marker_child to None, run_after=None
[2023-10-13T00:53:24.158+0000] {logging_mixin.py:151} INFO - [2023-10-13T00:53:24.157+0000] {dag.py:3722} INFO - Setting next_dagrun for example_external_task_marker_parent to None, run_after=None
[2023-10-13T00:53:24.194+0000] {processor.py:179} INFO - Processing /home/airflow/.local/lib/python3.8/site-packages/airflow/example_dags/example_external_task_marker_dag.py took 0.118 seconds
[2023-10-13T00:53:54.733+0000] {processor.py:157} INFO - Started process (PID=174) to work on /home/airflow/.local/lib/python3.8/site-packages/airflow/example_dags/example_external_task_marker_dag.py
[2023-10-13T00:53:54.734+0000] {processor.py:829} INFO - Processing file /home/airflow/.local/lib/python3.8/site-packages/airflow/example_dags/example_external_task_marker_dag.py for tasks to queue
[2023-10-13T00:53:54.737+0000] {logging_mixin.py:151} INFO - [2023-10-13T00:53:54.737+0000] {dagbag.py:536} INFO - Filling up the DagBag from /home/airflow/.local/lib/python3.8/site-packages/airflow/example_dags/example_external_task_marker_dag.py
[2023-10-13T00:53:54.747+0000] {processor.py:839} INFO - DAG(s) dict_keys(['example_external_task_marker_child', 'example_external_task_marker_parent']) retrieved from /home/airflow/.local/lib/python3.8/site-packages/airflow/example_dags/example_external_task_marker_dag.py
[2023-10-13T00:53:54.795+0000] {logging_mixin.py:151} INFO - [2023-10-13T00:53:54.795+0000] {dag.py:2941} INFO - Sync 2 DAGs
[2023-10-13T00:53:54.822+0000] {logging_mixin.py:151} INFO - [2023-10-13T00:53:54.822+0000] {dag.py:3722} INFO - Setting next_dagrun for example_external_task_marker_child to None, run_after=None
[2023-10-13T00:53:54.828+0000] {logging_mixin.py:151} INFO - [2023-10-13T00:53:54.827+0000] {dag.py:3722} INFO - Setting next_dagrun for example_external_task_marker_parent to None, run_after=None
[2023-10-13T00:53:54.881+0000] {processor.py:179} INFO - Processing /home/airflow/.local/lib/python3.8/site-packages/airflow/example_dags/example_external_task_marker_dag.py took 0.152 seconds
[2023-10-13T00:54:26.386+0000] {processor.py:157} INFO - Started process (PID=228) to work on /home/airflow/.local/lib/python3.8/site-packages/airflow/example_dags/example_external_task_marker_dag.py
[2023-10-13T00:54:26.396+0000] {processor.py:829} INFO - Processing file /home/airflow/.local/lib/python3.8/site-packages/airflow/example_dags/example_external_task_marker_dag.py for tasks to queue
[2023-10-13T00:54:26.401+0000] {logging_mixin.py:151} INFO - [2023-10-13T00:54:26.400+0000] {dagbag.py:536} INFO - Filling up the DagBag from /home/airflow/.local/lib/python3.8/site-packages/airflow/example_dags/example_external_task_marker_dag.py
[2023-10-13T00:54:26.409+0000] {processor.py:839} INFO - DAG(s) dict_keys(['example_external_task_marker_parent', 'example_external_task_marker_child']) retrieved from /home/airflow/.local/lib/python3.8/site-packages/airflow/example_dags/example_external_task_marker_dag.py
[2023-10-13T00:54:26.468+0000] {logging_mixin.py:151} INFO - [2023-10-13T00:54:26.468+0000] {dag.py:2941} INFO - Sync 2 DAGs
[2023-10-13T00:54:26.506+0000] {logging_mixin.py:151} INFO - [2023-10-13T00:54:26.506+0000] {dag.py:3722} INFO - Setting next_dagrun for example_external_task_marker_child to None, run_after=None
[2023-10-13T00:54:26.516+0000] {logging_mixin.py:151} INFO - [2023-10-13T00:54:26.515+0000] {dag.py:3722} INFO - Setting next_dagrun for example_external_task_marker_parent to None, run_after=None
[2023-10-13T00:54:26.594+0000] {processor.py:179} INFO - Processing /home/airflow/.local/lib/python3.8/site-packages/airflow/example_dags/example_external_task_marker_dag.py took 0.216 seconds
[2023-10-13T00:54:57.408+0000] {processor.py:157} INFO - Started process (PID=282) to work on /home/airflow/.local/lib/python3.8/site-packages/airflow/example_dags/example_external_task_marker_dag.py
[2023-10-13T00:54:57.409+0000] {processor.py:829} INFO - Processing file /home/airflow/.local/lib/python3.8/site-packages/airflow/example_dags/example_external_task_marker_dag.py for tasks to queue
[2023-10-13T00:54:57.421+0000] {logging_mixin.py:151} INFO - [2023-10-13T00:54:57.420+0000] {dagbag.py:536} INFO - Filling up the DagBag from /home/airflow/.local/lib/python3.8/site-packages/airflow/example_dags/example_external_task_marker_dag.py
[2023-10-13T00:54:57.440+0000] {processor.py:839} INFO - DAG(s) dict_keys(['example_external_task_marker_parent', 'example_external_task_marker_child']) retrieved from /home/airflow/.local/lib/python3.8/site-packages/airflow/example_dags/example_external_task_marker_dag.py
[2023-10-13T00:54:57.525+0000] {logging_mixin.py:151} INFO - [2023-10-13T00:54:57.525+0000] {dag.py:2941} INFO - Sync 2 DAGs
[2023-10-13T00:54:57.579+0000] {logging_mixin.py:151} INFO - [2023-10-13T00:54:57.579+0000] {dag.py:3722} INFO - Setting next_dagrun for example_external_task_marker_child to None, run_after=None
[2023-10-13T00:54:57.603+0000] {logging_mixin.py:151} INFO - [2023-10-13T00:54:57.602+0000] {dag.py:3722} INFO - Setting next_dagrun for example_external_task_marker_parent to None, run_after=None
[2023-10-13T00:54:57.719+0000] {processor.py:179} INFO - Processing /home/airflow/.local/lib/python3.8/site-packages/airflow/example_dags/example_external_task_marker_dag.py took 0.318 seconds
[2023-10-13T00:55:28.548+0000] {processor.py:157} INFO - Started process (PID=336) to work on /home/airflow/.local/lib/python3.8/site-packages/airflow/example_dags/example_external_task_marker_dag.py
[2023-10-13T00:55:28.567+0000] {processor.py:829} INFO - Processing file /home/airflow/.local/lib/python3.8/site-packages/airflow/example_dags/example_external_task_marker_dag.py for tasks to queue
[2023-10-13T00:55:28.569+0000] {logging_mixin.py:151} INFO - [2023-10-13T00:55:28.569+0000] {dagbag.py:536} INFO - Filling up the DagBag from /home/airflow/.local/lib/python3.8/site-packages/airflow/example_dags/example_external_task_marker_dag.py
[2023-10-13T00:55:28.579+0000] {processor.py:839} INFO - DAG(s) dict_keys(['example_external_task_marker_child', 'example_external_task_marker_parent']) retrieved from /home/airflow/.local/lib/python3.8/site-packages/airflow/example_dags/example_external_task_marker_dag.py
[2023-10-13T00:55:28.606+0000] {logging_mixin.py:151} INFO - [2023-10-13T00:55:28.606+0000] {dag.py:2941} INFO - Sync 2 DAGs
[2023-10-13T00:55:28.622+0000] {logging_mixin.py:151} INFO - [2023-10-13T00:55:28.622+0000] {dag.py:3722} INFO - Setting next_dagrun for example_external_task_marker_child to None, run_after=None
[2023-10-13T00:55:28.627+0000] {logging_mixin.py:151} INFO - [2023-10-13T00:55:28.627+0000] {dag.py:3722} INFO - Setting next_dagrun for example_external_task_marker_parent to None, run_after=None
[2023-10-13T00:55:28.667+0000] {processor.py:179} INFO - Processing /home/airflow/.local/lib/python3.8/site-packages/airflow/example_dags/example_external_task_marker_dag.py took 0.122 seconds
[2023-10-13T01:14:47.376+0000] {processor.py:157} INFO - Started process (PID=60) to work on /home/airflow/.local/lib/python3.8/site-packages/airflow/example_dags/example_external_task_marker_dag.py
[2023-10-13T01:14:47.384+0000] {processor.py:829} INFO - Processing file /home/airflow/.local/lib/python3.8/site-packages/airflow/example_dags/example_external_task_marker_dag.py for tasks to queue
[2023-10-13T01:14:47.387+0000] {logging_mixin.py:151} INFO - [2023-10-13T01:14:47.386+0000] {dagbag.py:536} INFO - Filling up the DagBag from /home/airflow/.local/lib/python3.8/site-packages/airflow/example_dags/example_external_task_marker_dag.py
[2023-10-13T01:14:47.393+0000] {processor.py:839} INFO - DAG(s) dict_keys(['example_external_task_marker_parent', 'example_external_task_marker_child']) retrieved from /home/airflow/.local/lib/python3.8/site-packages/airflow/example_dags/example_external_task_marker_dag.py
[2023-10-13T01:14:47.434+0000] {logging_mixin.py:151} INFO - [2023-10-13T01:14:47.433+0000] {dag.py:2941} INFO - Sync 2 DAGs
[2023-10-13T01:14:47.453+0000] {logging_mixin.py:151} INFO - [2023-10-13T01:14:47.452+0000] {dag.py:3722} INFO - Setting next_dagrun for example_external_task_marker_child to None, run_after=None
[2023-10-13T01:14:47.458+0000] {logging_mixin.py:151} INFO - [2023-10-13T01:14:47.457+0000] {dag.py:3722} INFO - Setting next_dagrun for example_external_task_marker_parent to None, run_after=None
[2023-10-13T01:14:47.494+0000] {processor.py:179} INFO - Processing /home/airflow/.local/lib/python3.8/site-packages/airflow/example_dags/example_external_task_marker_dag.py took 0.122 seconds
[2023-10-13T01:15:18.153+0000] {processor.py:157} INFO - Started process (PID=115) to work on /home/airflow/.local/lib/python3.8/site-packages/airflow/example_dags/example_external_task_marker_dag.py
[2023-10-13T01:15:18.170+0000] {processor.py:829} INFO - Processing file /home/airflow/.local/lib/python3.8/site-packages/airflow/example_dags/example_external_task_marker_dag.py for tasks to queue
[2023-10-13T01:15:18.173+0000] {logging_mixin.py:151} INFO - [2023-10-13T01:15:18.173+0000] {dagbag.py:536} INFO - Filling up the DagBag from /home/airflow/.local/lib/python3.8/site-packages/airflow/example_dags/example_external_task_marker_dag.py
[2023-10-13T01:15:18.180+0000] {processor.py:839} INFO - DAG(s) dict_keys(['example_external_task_marker_child', 'example_external_task_marker_parent']) retrieved from /home/airflow/.local/lib/python3.8/site-packages/airflow/example_dags/example_external_task_marker_dag.py
[2023-10-13T01:15:18.213+0000] {logging_mixin.py:151} INFO - [2023-10-13T01:15:18.213+0000] {dag.py:2941} INFO - Sync 2 DAGs
[2023-10-13T01:15:18.232+0000] {logging_mixin.py:151} INFO - [2023-10-13T01:15:18.231+0000] {dag.py:3722} INFO - Setting next_dagrun for example_external_task_marker_child to None, run_after=None
[2023-10-13T01:15:18.237+0000] {logging_mixin.py:151} INFO - [2023-10-13T01:15:18.236+0000] {dag.py:3722} INFO - Setting next_dagrun for example_external_task_marker_parent to None, run_after=None
[2023-10-13T01:15:18.287+0000] {processor.py:179} INFO - Processing /home/airflow/.local/lib/python3.8/site-packages/airflow/example_dags/example_external_task_marker_dag.py took 0.138 seconds
[2023-10-13T01:15:49.383+0000] {processor.py:157} INFO - Started process (PID=169) to work on /home/airflow/.local/lib/python3.8/site-packages/airflow/example_dags/example_external_task_marker_dag.py
[2023-10-13T01:15:49.385+0000] {processor.py:829} INFO - Processing file /home/airflow/.local/lib/python3.8/site-packages/airflow/example_dags/example_external_task_marker_dag.py for tasks to queue
[2023-10-13T01:15:49.394+0000] {logging_mixin.py:151} INFO - [2023-10-13T01:15:49.394+0000] {dagbag.py:536} INFO - Filling up the DagBag from /home/airflow/.local/lib/python3.8/site-packages/airflow/example_dags/example_external_task_marker_dag.py
[2023-10-13T01:15:49.402+0000] {processor.py:839} INFO - DAG(s) dict_keys(['example_external_task_marker_parent', 'example_external_task_marker_child']) retrieved from /home/airflow/.local/lib/python3.8/site-packages/airflow/example_dags/example_external_task_marker_dag.py
[2023-10-13T01:15:49.435+0000] {logging_mixin.py:151} INFO - [2023-10-13T01:15:49.434+0000] {dag.py:2941} INFO - Sync 2 DAGs
[2023-10-13T01:15:49.449+0000] {logging_mixin.py:151} INFO - [2023-10-13T01:15:49.448+0000] {dag.py:3722} INFO - Setting next_dagrun for example_external_task_marker_child to None, run_after=None
[2023-10-13T01:15:49.452+0000] {logging_mixin.py:151} INFO - [2023-10-13T01:15:49.452+0000] {dag.py:3722} INFO - Setting next_dagrun for example_external_task_marker_parent to None, run_after=None
[2023-10-13T01:15:49.493+0000] {processor.py:179} INFO - Processing /home/airflow/.local/lib/python3.8/site-packages/airflow/example_dags/example_external_task_marker_dag.py took 0.120 seconds
[2023-10-13T01:16:20.327+0000] {processor.py:157} INFO - Started process (PID=223) to work on /home/airflow/.local/lib/python3.8/site-packages/airflow/example_dags/example_external_task_marker_dag.py
[2023-10-13T01:16:20.333+0000] {processor.py:829} INFO - Processing file /home/airflow/.local/lib/python3.8/site-packages/airflow/example_dags/example_external_task_marker_dag.py for tasks to queue
[2023-10-13T01:16:20.337+0000] {logging_mixin.py:151} INFO - [2023-10-13T01:16:20.336+0000] {dagbag.py:536} INFO - Filling up the DagBag from /home/airflow/.local/lib/python3.8/site-packages/airflow/example_dags/example_external_task_marker_dag.py
[2023-10-13T01:16:20.367+0000] {processor.py:839} INFO - DAG(s) dict_keys(['example_external_task_marker_child', 'example_external_task_marker_parent']) retrieved from /home/airflow/.local/lib/python3.8/site-packages/airflow/example_dags/example_external_task_marker_dag.py
[2023-10-13T01:16:20.425+0000] {logging_mixin.py:151} INFO - [2023-10-13T01:16:20.424+0000] {dag.py:2941} INFO - Sync 2 DAGs
[2023-10-13T01:16:20.446+0000] {logging_mixin.py:151} INFO - [2023-10-13T01:16:20.446+0000] {dag.py:3722} INFO - Setting next_dagrun for example_external_task_marker_child to None, run_after=None
[2023-10-13T01:16:20.454+0000] {logging_mixin.py:151} INFO - [2023-10-13T01:16:20.454+0000] {dag.py:3722} INFO - Setting next_dagrun for example_external_task_marker_parent to None, run_after=None
[2023-10-13T01:16:20.510+0000] {processor.py:179} INFO - Processing /home/airflow/.local/lib/python3.8/site-packages/airflow/example_dags/example_external_task_marker_dag.py took 0.191 seconds
[2023-10-13T01:16:51.261+0000] {processor.py:157} INFO - Started process (PID=278) to work on /home/airflow/.local/lib/python3.8/site-packages/airflow/example_dags/example_external_task_marker_dag.py
[2023-10-13T01:16:51.262+0000] {processor.py:829} INFO - Processing file /home/airflow/.local/lib/python3.8/site-packages/airflow/example_dags/example_external_task_marker_dag.py for tasks to queue
[2023-10-13T01:16:51.264+0000] {logging_mixin.py:151} INFO - [2023-10-13T01:16:51.264+0000] {dagbag.py:536} INFO - Filling up the DagBag from /home/airflow/.local/lib/python3.8/site-packages/airflow/example_dags/example_external_task_marker_dag.py
[2023-10-13T01:16:51.270+0000] {processor.py:839} INFO - DAG(s) dict_keys(['example_external_task_marker_child', 'example_external_task_marker_parent']) retrieved from /home/airflow/.local/lib/python3.8/site-packages/airflow/example_dags/example_external_task_marker_dag.py
[2023-10-13T01:16:51.296+0000] {logging_mixin.py:151} INFO - [2023-10-13T01:16:51.296+0000] {dag.py:2941} INFO - Sync 2 DAGs
[2023-10-13T01:16:51.311+0000] {logging_mixin.py:151} INFO - [2023-10-13T01:16:51.311+0000] {dag.py:3722} INFO - Setting next_dagrun for example_external_task_marker_child to None, run_after=None
[2023-10-13T01:16:51.315+0000] {logging_mixin.py:151} INFO - [2023-10-13T01:16:51.315+0000] {dag.py:3722} INFO - Setting next_dagrun for example_external_task_marker_parent to None, run_after=None
[2023-10-13T01:16:51.349+0000] {processor.py:179} INFO - Processing /home/airflow/.local/lib/python3.8/site-packages/airflow/example_dags/example_external_task_marker_dag.py took 0.091 seconds
[2023-10-13T01:17:21.907+0000] {processor.py:157} INFO - Started process (PID=332) to work on /home/airflow/.local/lib/python3.8/site-packages/airflow/example_dags/example_external_task_marker_dag.py
[2023-10-13T01:17:21.908+0000] {processor.py:829} INFO - Processing file /home/airflow/.local/lib/python3.8/site-packages/airflow/example_dags/example_external_task_marker_dag.py for tasks to queue
[2023-10-13T01:17:21.910+0000] {logging_mixin.py:151} INFO - [2023-10-13T01:17:21.910+0000] {dagbag.py:536} INFO - Filling up the DagBag from /home/airflow/.local/lib/python3.8/site-packages/airflow/example_dags/example_external_task_marker_dag.py
[2023-10-13T01:17:21.919+0000] {processor.py:839} INFO - DAG(s) dict_keys(['example_external_task_marker_child', 'example_external_task_marker_parent']) retrieved from /home/airflow/.local/lib/python3.8/site-packages/airflow/example_dags/example_external_task_marker_dag.py
[2023-10-13T01:17:21.952+0000] {logging_mixin.py:151} INFO - [2023-10-13T01:17:21.952+0000] {dag.py:2941} INFO - Sync 2 DAGs
[2023-10-13T01:17:21.975+0000] {logging_mixin.py:151} INFO - [2023-10-13T01:17:21.975+0000] {dag.py:3722} INFO - Setting next_dagrun for example_external_task_marker_child to None, run_after=None
[2023-10-13T01:17:21.981+0000] {logging_mixin.py:151} INFO - [2023-10-13T01:17:21.981+0000] {dag.py:3722} INFO - Setting next_dagrun for example_external_task_marker_parent to None, run_after=None
[2023-10-13T01:17:22.006+0000] {processor.py:179} INFO - Processing /home/airflow/.local/lib/python3.8/site-packages/airflow/example_dags/example_external_task_marker_dag.py took 0.103 seconds
[2023-10-13T01:17:52.645+0000] {processor.py:157} INFO - Started process (PID=388) to work on /home/airflow/.local/lib/python3.8/site-packages/airflow/example_dags/example_external_task_marker_dag.py
[2023-10-13T01:17:52.647+0000] {processor.py:829} INFO - Processing file /home/airflow/.local/lib/python3.8/site-packages/airflow/example_dags/example_external_task_marker_dag.py for tasks to queue
[2023-10-13T01:17:52.649+0000] {logging_mixin.py:151} INFO - [2023-10-13T01:17:52.649+0000] {dagbag.py:536} INFO - Filling up the DagBag from /home/airflow/.local/lib/python3.8/site-packages/airflow/example_dags/example_external_task_marker_dag.py
[2023-10-13T01:17:52.658+0000] {processor.py:839} INFO - DAG(s) dict_keys(['example_external_task_marker_parent', 'example_external_task_marker_child']) retrieved from /home/airflow/.local/lib/python3.8/site-packages/airflow/example_dags/example_external_task_marker_dag.py
[2023-10-13T01:17:52.694+0000] {logging_mixin.py:151} INFO - [2023-10-13T01:17:52.694+0000] {dag.py:2941} INFO - Sync 2 DAGs
[2023-10-13T01:17:52.711+0000] {logging_mixin.py:151} INFO - [2023-10-13T01:17:52.711+0000] {dag.py:3722} INFO - Setting next_dagrun for example_external_task_marker_child to None, run_after=None
[2023-10-13T01:17:52.716+0000] {logging_mixin.py:151} INFO - [2023-10-13T01:17:52.715+0000] {dag.py:3722} INFO - Setting next_dagrun for example_external_task_marker_parent to None, run_after=None
[2023-10-13T01:17:52.751+0000] {processor.py:179} INFO - Processing /home/airflow/.local/lib/python3.8/site-packages/airflow/example_dags/example_external_task_marker_dag.py took 0.110 seconds
[2023-10-13T01:18:22.983+0000] {processor.py:157} INFO - Started process (PID=443) to work on /home/airflow/.local/lib/python3.8/site-packages/airflow/example_dags/example_external_task_marker_dag.py
[2023-10-13T01:18:22.984+0000] {processor.py:829} INFO - Processing file /home/airflow/.local/lib/python3.8/site-packages/airflow/example_dags/example_external_task_marker_dag.py for tasks to queue
[2023-10-13T01:18:22.986+0000] {logging_mixin.py:151} INFO - [2023-10-13T01:18:22.986+0000] {dagbag.py:536} INFO - Filling up the DagBag from /home/airflow/.local/lib/python3.8/site-packages/airflow/example_dags/example_external_task_marker_dag.py
[2023-10-13T01:18:23.007+0000] {processor.py:839} INFO - DAG(s) dict_keys(['example_external_task_marker_child', 'example_external_task_marker_parent']) retrieved from /home/airflow/.local/lib/python3.8/site-packages/airflow/example_dags/example_external_task_marker_dag.py
[2023-10-13T01:18:23.051+0000] {logging_mixin.py:151} INFO - [2023-10-13T01:18:23.051+0000] {dag.py:2941} INFO - Sync 2 DAGs
[2023-10-13T01:18:23.068+0000] {logging_mixin.py:151} INFO - [2023-10-13T01:18:23.068+0000] {dag.py:3722} INFO - Setting next_dagrun for example_external_task_marker_child to None, run_after=None
[2023-10-13T01:18:23.072+0000] {logging_mixin.py:151} INFO - [2023-10-13T01:18:23.072+0000] {dag.py:3722} INFO - Setting next_dagrun for example_external_task_marker_parent to None, run_after=None
[2023-10-13T01:18:23.209+0000] {processor.py:179} INFO - Processing /home/airflow/.local/lib/python3.8/site-packages/airflow/example_dags/example_external_task_marker_dag.py took 0.229 seconds
[2023-10-13T01:18:53.948+0000] {processor.py:157} INFO - Started process (PID=498) to work on /home/airflow/.local/lib/python3.8/site-packages/airflow/example_dags/example_external_task_marker_dag.py
[2023-10-13T01:18:53.973+0000] {processor.py:829} INFO - Processing file /home/airflow/.local/lib/python3.8/site-packages/airflow/example_dags/example_external_task_marker_dag.py for tasks to queue
[2023-10-13T01:18:53.977+0000] {logging_mixin.py:151} INFO - [2023-10-13T01:18:53.977+0000] {dagbag.py:536} INFO - Filling up the DagBag from /home/airflow/.local/lib/python3.8/site-packages/airflow/example_dags/example_external_task_marker_dag.py
[2023-10-13T01:18:53.986+0000] {processor.py:839} INFO - DAG(s) dict_keys(['example_external_task_marker_parent', 'example_external_task_marker_child']) retrieved from /home/airflow/.local/lib/python3.8/site-packages/airflow/example_dags/example_external_task_marker_dag.py
[2023-10-13T01:18:54.023+0000] {logging_mixin.py:151} INFO - [2023-10-13T01:18:54.023+0000] {dag.py:2941} INFO - Sync 2 DAGs
[2023-10-13T01:18:54.043+0000] {logging_mixin.py:151} INFO - [2023-10-13T01:18:54.043+0000] {dag.py:3722} INFO - Setting next_dagrun for example_external_task_marker_child to None, run_after=None
[2023-10-13T01:18:54.050+0000] {logging_mixin.py:151} INFO - [2023-10-13T01:18:54.049+0000] {dag.py:3722} INFO - Setting next_dagrun for example_external_task_marker_parent to None, run_after=None
[2023-10-13T01:18:54.086+0000] {processor.py:179} INFO - Processing /home/airflow/.local/lib/python3.8/site-packages/airflow/example_dags/example_external_task_marker_dag.py took 0.143 seconds
[2023-10-13T01:19:25.015+0000] {processor.py:157} INFO - Started process (PID=553) to work on /home/airflow/.local/lib/python3.8/site-packages/airflow/example_dags/example_external_task_marker_dag.py
[2023-10-13T01:19:25.016+0000] {processor.py:829} INFO - Processing file /home/airflow/.local/lib/python3.8/site-packages/airflow/example_dags/example_external_task_marker_dag.py for tasks to queue
[2023-10-13T01:19:25.019+0000] {logging_mixin.py:151} INFO - [2023-10-13T01:19:25.019+0000] {dagbag.py:536} INFO - Filling up the DagBag from /home/airflow/.local/lib/python3.8/site-packages/airflow/example_dags/example_external_task_marker_dag.py
[2023-10-13T01:19:25.033+0000] {processor.py:839} INFO - DAG(s) dict_keys(['example_external_task_marker_child', 'example_external_task_marker_parent']) retrieved from /home/airflow/.local/lib/python3.8/site-packages/airflow/example_dags/example_external_task_marker_dag.py
[2023-10-13T01:19:25.092+0000] {logging_mixin.py:151} INFO - [2023-10-13T01:19:25.092+0000] {dag.py:2941} INFO - Sync 2 DAGs
[2023-10-13T01:19:25.125+0000] {logging_mixin.py:151} INFO - [2023-10-13T01:19:25.125+0000] {dag.py:3722} INFO - Setting next_dagrun for example_external_task_marker_child to None, run_after=None
[2023-10-13T01:19:25.130+0000] {logging_mixin.py:151} INFO - [2023-10-13T01:19:25.129+0000] {dag.py:3722} INFO - Setting next_dagrun for example_external_task_marker_parent to None, run_after=None
[2023-10-13T01:19:25.164+0000] {processor.py:179} INFO - Processing /home/airflow/.local/lib/python3.8/site-packages/airflow/example_dags/example_external_task_marker_dag.py took 0.154 seconds
[2023-10-13T01:19:55.220+0000] {processor.py:157} INFO - Started process (PID=608) to work on /home/airflow/.local/lib/python3.8/site-packages/airflow/example_dags/example_external_task_marker_dag.py
[2023-10-13T01:19:55.221+0000] {processor.py:829} INFO - Processing file /home/airflow/.local/lib/python3.8/site-packages/airflow/example_dags/example_external_task_marker_dag.py for tasks to queue
[2023-10-13T01:19:55.223+0000] {logging_mixin.py:151} INFO - [2023-10-13T01:19:55.223+0000] {dagbag.py:536} INFO - Filling up the DagBag from /home/airflow/.local/lib/python3.8/site-packages/airflow/example_dags/example_external_task_marker_dag.py
[2023-10-13T01:19:55.231+0000] {processor.py:839} INFO - DAG(s) dict_keys(['example_external_task_marker_child', 'example_external_task_marker_parent']) retrieved from /home/airflow/.local/lib/python3.8/site-packages/airflow/example_dags/example_external_task_marker_dag.py
[2023-10-13T01:19:55.267+0000] {logging_mixin.py:151} INFO - [2023-10-13T01:19:55.266+0000] {dag.py:2941} INFO - Sync 2 DAGs
[2023-10-13T01:19:55.285+0000] {logging_mixin.py:151} INFO - [2023-10-13T01:19:55.285+0000] {dag.py:3722} INFO - Setting next_dagrun for example_external_task_marker_child to None, run_after=None
[2023-10-13T01:19:55.290+0000] {logging_mixin.py:151} INFO - [2023-10-13T01:19:55.289+0000] {dag.py:3722} INFO - Setting next_dagrun for example_external_task_marker_parent to None, run_after=None
[2023-10-13T01:19:55.318+0000] {processor.py:179} INFO - Processing /home/airflow/.local/lib/python3.8/site-packages/airflow/example_dags/example_external_task_marker_dag.py took 0.103 seconds
[2023-10-13T01:20:26.276+0000] {processor.py:157} INFO - Started process (PID=663) to work on /home/airflow/.local/lib/python3.8/site-packages/airflow/example_dags/example_external_task_marker_dag.py
[2023-10-13T01:20:26.278+0000] {processor.py:829} INFO - Processing file /home/airflow/.local/lib/python3.8/site-packages/airflow/example_dags/example_external_task_marker_dag.py for tasks to queue
[2023-10-13T01:20:26.282+0000] {logging_mixin.py:151} INFO - [2023-10-13T01:20:26.281+0000] {dagbag.py:536} INFO - Filling up the DagBag from /home/airflow/.local/lib/python3.8/site-packages/airflow/example_dags/example_external_task_marker_dag.py
[2023-10-13T01:20:26.295+0000] {processor.py:839} INFO - DAG(s) dict_keys(['example_external_task_marker_child', 'example_external_task_marker_parent']) retrieved from /home/airflow/.local/lib/python3.8/site-packages/airflow/example_dags/example_external_task_marker_dag.py
[2023-10-13T01:20:26.341+0000] {logging_mixin.py:151} INFO - [2023-10-13T01:20:26.340+0000] {dag.py:2941} INFO - Sync 2 DAGs
[2023-10-13T01:20:26.366+0000] {logging_mixin.py:151} INFO - [2023-10-13T01:20:26.365+0000] {dag.py:3722} INFO - Setting next_dagrun for example_external_task_marker_child to None, run_after=None
[2023-10-13T01:20:26.379+0000] {logging_mixin.py:151} INFO - [2023-10-13T01:20:26.378+0000] {dag.py:3722} INFO - Setting next_dagrun for example_external_task_marker_parent to None, run_after=None
[2023-10-13T01:20:26.429+0000] {processor.py:179} INFO - Processing /home/airflow/.local/lib/python3.8/site-packages/airflow/example_dags/example_external_task_marker_dag.py took 0.161 seconds
[2023-10-13T01:20:57.213+0000] {processor.py:157} INFO - Started process (PID=718) to work on /home/airflow/.local/lib/python3.8/site-packages/airflow/example_dags/example_external_task_marker_dag.py
[2023-10-13T01:20:57.217+0000] {processor.py:829} INFO - Processing file /home/airflow/.local/lib/python3.8/site-packages/airflow/example_dags/example_external_task_marker_dag.py for tasks to queue
[2023-10-13T01:20:57.220+0000] {logging_mixin.py:151} INFO - [2023-10-13T01:20:57.219+0000] {dagbag.py:536} INFO - Filling up the DagBag from /home/airflow/.local/lib/python3.8/site-packages/airflow/example_dags/example_external_task_marker_dag.py
[2023-10-13T01:20:57.229+0000] {processor.py:839} INFO - DAG(s) dict_keys(['example_external_task_marker_child', 'example_external_task_marker_parent']) retrieved from /home/airflow/.local/lib/python3.8/site-packages/airflow/example_dags/example_external_task_marker_dag.py
[2023-10-13T01:20:57.277+0000] {logging_mixin.py:151} INFO - [2023-10-13T01:20:57.277+0000] {dag.py:2941} INFO - Sync 2 DAGs
[2023-10-13T01:20:57.295+0000] {logging_mixin.py:151} INFO - [2023-10-13T01:20:57.294+0000] {dag.py:3722} INFO - Setting next_dagrun for example_external_task_marker_child to None, run_after=None
[2023-10-13T01:20:57.299+0000] {logging_mixin.py:151} INFO - [2023-10-13T01:20:57.299+0000] {dag.py:3722} INFO - Setting next_dagrun for example_external_task_marker_parent to None, run_after=None
[2023-10-13T01:20:57.355+0000] {processor.py:179} INFO - Processing /home/airflow/.local/lib/python3.8/site-packages/airflow/example_dags/example_external_task_marker_dag.py took 0.150 seconds
[2023-10-13T01:21:28.500+0000] {processor.py:157} INFO - Started process (PID=774) to work on /home/airflow/.local/lib/python3.8/site-packages/airflow/example_dags/example_external_task_marker_dag.py
[2023-10-13T01:21:28.501+0000] {processor.py:829} INFO - Processing file /home/airflow/.local/lib/python3.8/site-packages/airflow/example_dags/example_external_task_marker_dag.py for tasks to queue
[2023-10-13T01:21:28.504+0000] {logging_mixin.py:151} INFO - [2023-10-13T01:21:28.504+0000] {dagbag.py:536} INFO - Filling up the DagBag from /home/airflow/.local/lib/python3.8/site-packages/airflow/example_dags/example_external_task_marker_dag.py
[2023-10-13T01:21:28.518+0000] {processor.py:839} INFO - DAG(s) dict_keys(['example_external_task_marker_parent', 'example_external_task_marker_child']) retrieved from /home/airflow/.local/lib/python3.8/site-packages/airflow/example_dags/example_external_task_marker_dag.py
[2023-10-13T01:21:28.560+0000] {logging_mixin.py:151} INFO - [2023-10-13T01:21:28.560+0000] {dag.py:2941} INFO - Sync 2 DAGs
[2023-10-13T01:21:28.582+0000] {logging_mixin.py:151} INFO - [2023-10-13T01:21:28.582+0000] {dag.py:3722} INFO - Setting next_dagrun for example_external_task_marker_child to None, run_after=None
[2023-10-13T01:21:28.587+0000] {logging_mixin.py:151} INFO - [2023-10-13T01:21:28.586+0000] {dag.py:3722} INFO - Setting next_dagrun for example_external_task_marker_parent to None, run_after=None
[2023-10-13T01:21:28.619+0000] {processor.py:179} INFO - Processing /home/airflow/.local/lib/python3.8/site-packages/airflow/example_dags/example_external_task_marker_dag.py took 0.124 seconds
[2023-10-13T01:21:59.556+0000] {processor.py:157} INFO - Started process (PID=830) to work on /home/airflow/.local/lib/python3.8/site-packages/airflow/example_dags/example_external_task_marker_dag.py
[2023-10-13T01:21:59.557+0000] {processor.py:829} INFO - Processing file /home/airflow/.local/lib/python3.8/site-packages/airflow/example_dags/example_external_task_marker_dag.py for tasks to queue
[2023-10-13T01:21:59.561+0000] {logging_mixin.py:151} INFO - [2023-10-13T01:21:59.561+0000] {dagbag.py:536} INFO - Filling up the DagBag from /home/airflow/.local/lib/python3.8/site-packages/airflow/example_dags/example_external_task_marker_dag.py
[2023-10-13T01:21:59.571+0000] {processor.py:839} INFO - DAG(s) dict_keys(['example_external_task_marker_child', 'example_external_task_marker_parent']) retrieved from /home/airflow/.local/lib/python3.8/site-packages/airflow/example_dags/example_external_task_marker_dag.py
[2023-10-13T01:21:59.609+0000] {logging_mixin.py:151} INFO - [2023-10-13T01:21:59.609+0000] {dag.py:2941} INFO - Sync 2 DAGs
[2023-10-13T01:21:59.625+0000] {logging_mixin.py:151} INFO - [2023-10-13T01:21:59.625+0000] {dag.py:3722} INFO - Setting next_dagrun for example_external_task_marker_child to None, run_after=None
[2023-10-13T01:21:59.630+0000] {logging_mixin.py:151} INFO - [2023-10-13T01:21:59.630+0000] {dag.py:3722} INFO - Setting next_dagrun for example_external_task_marker_parent to None, run_after=None
[2023-10-13T01:21:59.666+0000] {processor.py:179} INFO - Processing /home/airflow/.local/lib/python3.8/site-packages/airflow/example_dags/example_external_task_marker_dag.py took 0.116 seconds
[2023-10-13T01:24:42.719+0000] {processor.py:157} INFO - Started process (PID=61) to work on /home/airflow/.local/lib/python3.8/site-packages/airflow/example_dags/example_external_task_marker_dag.py
[2023-10-13T01:24:42.720+0000] {processor.py:829} INFO - Processing file /home/airflow/.local/lib/python3.8/site-packages/airflow/example_dags/example_external_task_marker_dag.py for tasks to queue
[2023-10-13T01:24:42.723+0000] {logging_mixin.py:151} INFO - [2023-10-13T01:24:42.722+0000] {dagbag.py:536} INFO - Filling up the DagBag from /home/airflow/.local/lib/python3.8/site-packages/airflow/example_dags/example_external_task_marker_dag.py
[2023-10-13T01:24:42.730+0000] {processor.py:839} INFO - DAG(s) dict_keys(['example_external_task_marker_child', 'example_external_task_marker_parent']) retrieved from /home/airflow/.local/lib/python3.8/site-packages/airflow/example_dags/example_external_task_marker_dag.py
[2023-10-13T01:24:42.780+0000] {logging_mixin.py:151} INFO - [2023-10-13T01:24:42.780+0000] {dag.py:2941} INFO - Sync 2 DAGs
[2023-10-13T01:24:42.800+0000] {logging_mixin.py:151} INFO - [2023-10-13T01:24:42.799+0000] {dag.py:3722} INFO - Setting next_dagrun for example_external_task_marker_child to None, run_after=None
[2023-10-13T01:24:42.805+0000] {logging_mixin.py:151} INFO - [2023-10-13T01:24:42.804+0000] {dag.py:3722} INFO - Setting next_dagrun for example_external_task_marker_parent to None, run_after=None
[2023-10-13T01:24:42.844+0000] {processor.py:179} INFO - Processing /home/airflow/.local/lib/python3.8/site-packages/airflow/example_dags/example_external_task_marker_dag.py took 0.130 seconds
[2023-10-13T01:25:13.669+0000] {processor.py:157} INFO - Started process (PID=116) to work on /home/airflow/.local/lib/python3.8/site-packages/airflow/example_dags/example_external_task_marker_dag.py
[2023-10-13T01:25:13.670+0000] {processor.py:829} INFO - Processing file /home/airflow/.local/lib/python3.8/site-packages/airflow/example_dags/example_external_task_marker_dag.py for tasks to queue
[2023-10-13T01:25:13.673+0000] {logging_mixin.py:151} INFO - [2023-10-13T01:25:13.673+0000] {dagbag.py:536} INFO - Filling up the DagBag from /home/airflow/.local/lib/python3.8/site-packages/airflow/example_dags/example_external_task_marker_dag.py
[2023-10-13T01:25:13.681+0000] {processor.py:839} INFO - DAG(s) dict_keys(['example_external_task_marker_child', 'example_external_task_marker_parent']) retrieved from /home/airflow/.local/lib/python3.8/site-packages/airflow/example_dags/example_external_task_marker_dag.py
[2023-10-13T01:25:13.706+0000] {logging_mixin.py:151} INFO - [2023-10-13T01:25:13.705+0000] {dag.py:2941} INFO - Sync 2 DAGs
[2023-10-13T01:25:13.719+0000] {logging_mixin.py:151} INFO - [2023-10-13T01:25:13.719+0000] {dag.py:3722} INFO - Setting next_dagrun for example_external_task_marker_child to None, run_after=None
[2023-10-13T01:25:13.723+0000] {logging_mixin.py:151} INFO - [2023-10-13T01:25:13.723+0000] {dag.py:3722} INFO - Setting next_dagrun for example_external_task_marker_parent to None, run_after=None
[2023-10-13T01:25:13.749+0000] {processor.py:179} INFO - Processing /home/airflow/.local/lib/python3.8/site-packages/airflow/example_dags/example_external_task_marker_dag.py took 0.084 seconds
[2023-10-13T01:25:44.132+0000] {processor.py:157} INFO - Started process (PID=171) to work on /home/airflow/.local/lib/python3.8/site-packages/airflow/example_dags/example_external_task_marker_dag.py
[2023-10-13T01:25:44.133+0000] {processor.py:829} INFO - Processing file /home/airflow/.local/lib/python3.8/site-packages/airflow/example_dags/example_external_task_marker_dag.py for tasks to queue
[2023-10-13T01:25:44.136+0000] {logging_mixin.py:151} INFO - [2023-10-13T01:25:44.136+0000] {dagbag.py:536} INFO - Filling up the DagBag from /home/airflow/.local/lib/python3.8/site-packages/airflow/example_dags/example_external_task_marker_dag.py
[2023-10-13T01:25:44.144+0000] {processor.py:839} INFO - DAG(s) dict_keys(['example_external_task_marker_child', 'example_external_task_marker_parent']) retrieved from /home/airflow/.local/lib/python3.8/site-packages/airflow/example_dags/example_external_task_marker_dag.py
[2023-10-13T01:25:44.170+0000] {logging_mixin.py:151} INFO - [2023-10-13T01:25:44.170+0000] {dag.py:2941} INFO - Sync 2 DAGs
[2023-10-13T01:25:44.185+0000] {logging_mixin.py:151} INFO - [2023-10-13T01:25:44.185+0000] {dag.py:3722} INFO - Setting next_dagrun for example_external_task_marker_child to None, run_after=None
[2023-10-13T01:25:44.190+0000] {logging_mixin.py:151} INFO - [2023-10-13T01:25:44.190+0000] {dag.py:3722} INFO - Setting next_dagrun for example_external_task_marker_parent to None, run_after=None
[2023-10-13T01:25:44.339+0000] {processor.py:179} INFO - Processing /home/airflow/.local/lib/python3.8/site-packages/airflow/example_dags/example_external_task_marker_dag.py took 0.211 seconds
[2023-10-13T01:26:14.415+0000] {processor.py:157} INFO - Started process (PID=225) to work on /home/airflow/.local/lib/python3.8/site-packages/airflow/example_dags/example_external_task_marker_dag.py
[2023-10-13T01:26:14.416+0000] {processor.py:829} INFO - Processing file /home/airflow/.local/lib/python3.8/site-packages/airflow/example_dags/example_external_task_marker_dag.py for tasks to queue
[2023-10-13T01:26:14.419+0000] {logging_mixin.py:151} INFO - [2023-10-13T01:26:14.419+0000] {dagbag.py:536} INFO - Filling up the DagBag from /home/airflow/.local/lib/python3.8/site-packages/airflow/example_dags/example_external_task_marker_dag.py
[2023-10-13T01:26:14.427+0000] {processor.py:839} INFO - DAG(s) dict_keys(['example_external_task_marker_parent', 'example_external_task_marker_child']) retrieved from /home/airflow/.local/lib/python3.8/site-packages/airflow/example_dags/example_external_task_marker_dag.py
[2023-10-13T01:26:14.452+0000] {logging_mixin.py:151} INFO - [2023-10-13T01:26:14.451+0000] {dag.py:2941} INFO - Sync 2 DAGs
[2023-10-13T01:26:14.465+0000] {logging_mixin.py:151} INFO - [2023-10-13T01:26:14.464+0000] {dag.py:3722} INFO - Setting next_dagrun for example_external_task_marker_child to None, run_after=None
[2023-10-13T01:26:14.468+0000] {logging_mixin.py:151} INFO - [2023-10-13T01:26:14.468+0000] {dag.py:3722} INFO - Setting next_dagrun for example_external_task_marker_parent to None, run_after=None
[2023-10-13T01:26:14.495+0000] {processor.py:179} INFO - Processing /home/airflow/.local/lib/python3.8/site-packages/airflow/example_dags/example_external_task_marker_dag.py took 0.084 seconds
[2023-10-13T01:26:45.054+0000] {processor.py:157} INFO - Started process (PID=280) to work on /home/airflow/.local/lib/python3.8/site-packages/airflow/example_dags/example_external_task_marker_dag.py
[2023-10-13T01:26:45.055+0000] {processor.py:829} INFO - Processing file /home/airflow/.local/lib/python3.8/site-packages/airflow/example_dags/example_external_task_marker_dag.py for tasks to queue
[2023-10-13T01:26:45.058+0000] {logging_mixin.py:151} INFO - [2023-10-13T01:26:45.057+0000] {dagbag.py:536} INFO - Filling up the DagBag from /home/airflow/.local/lib/python3.8/site-packages/airflow/example_dags/example_external_task_marker_dag.py
[2023-10-13T01:26:45.065+0000] {processor.py:839} INFO - DAG(s) dict_keys(['example_external_task_marker_child', 'example_external_task_marker_parent']) retrieved from /home/airflow/.local/lib/python3.8/site-packages/airflow/example_dags/example_external_task_marker_dag.py
[2023-10-13T01:26:45.095+0000] {logging_mixin.py:151} INFO - [2023-10-13T01:26:45.094+0000] {dag.py:2941} INFO - Sync 2 DAGs
[2023-10-13T01:26:45.109+0000] {logging_mixin.py:151} INFO - [2023-10-13T01:26:45.108+0000] {dag.py:3722} INFO - Setting next_dagrun for example_external_task_marker_child to None, run_after=None
[2023-10-13T01:26:45.112+0000] {logging_mixin.py:151} INFO - [2023-10-13T01:26:45.112+0000] {dag.py:3722} INFO - Setting next_dagrun for example_external_task_marker_parent to None, run_after=None
[2023-10-13T01:26:45.140+0000] {processor.py:179} INFO - Processing /home/airflow/.local/lib/python3.8/site-packages/airflow/example_dags/example_external_task_marker_dag.py took 0.089 seconds
[2023-10-13T01:27:15.353+0000] {processor.py:157} INFO - Started process (PID=335) to work on /home/airflow/.local/lib/python3.8/site-packages/airflow/example_dags/example_external_task_marker_dag.py
[2023-10-13T01:27:15.368+0000] {processor.py:829} INFO - Processing file /home/airflow/.local/lib/python3.8/site-packages/airflow/example_dags/example_external_task_marker_dag.py for tasks to queue
[2023-10-13T01:27:15.371+0000] {logging_mixin.py:151} INFO - [2023-10-13T01:27:15.370+0000] {dagbag.py:536} INFO - Filling up the DagBag from /home/airflow/.local/lib/python3.8/site-packages/airflow/example_dags/example_external_task_marker_dag.py
[2023-10-13T01:27:15.376+0000] {processor.py:839} INFO - DAG(s) dict_keys(['example_external_task_marker_parent', 'example_external_task_marker_child']) retrieved from /home/airflow/.local/lib/python3.8/site-packages/airflow/example_dags/example_external_task_marker_dag.py
[2023-10-13T01:27:15.407+0000] {logging_mixin.py:151} INFO - [2023-10-13T01:27:15.407+0000] {dag.py:2941} INFO - Sync 2 DAGs
[2023-10-13T01:27:15.424+0000] {logging_mixin.py:151} INFO - [2023-10-13T01:27:15.424+0000] {dag.py:3722} INFO - Setting next_dagrun for example_external_task_marker_child to None, run_after=None
[2023-10-13T01:27:15.429+0000] {logging_mixin.py:151} INFO - [2023-10-13T01:27:15.428+0000] {dag.py:3722} INFO - Setting next_dagrun for example_external_task_marker_parent to None, run_after=None
[2023-10-13T01:27:15.476+0000] {processor.py:179} INFO - Processing /home/airflow/.local/lib/python3.8/site-packages/airflow/example_dags/example_external_task_marker_dag.py took 0.127 seconds
[2023-10-13T01:27:46.401+0000] {processor.py:157} INFO - Started process (PID=390) to work on /home/airflow/.local/lib/python3.8/site-packages/airflow/example_dags/example_external_task_marker_dag.py
[2023-10-13T01:27:46.402+0000] {processor.py:829} INFO - Processing file /home/airflow/.local/lib/python3.8/site-packages/airflow/example_dags/example_external_task_marker_dag.py for tasks to queue
[2023-10-13T01:27:46.406+0000] {logging_mixin.py:151} INFO - [2023-10-13T01:27:46.406+0000] {dagbag.py:536} INFO - Filling up the DagBag from /home/airflow/.local/lib/python3.8/site-packages/airflow/example_dags/example_external_task_marker_dag.py
[2023-10-13T01:27:46.415+0000] {processor.py:839} INFO - DAG(s) dict_keys(['example_external_task_marker_parent', 'example_external_task_marker_child']) retrieved from /home/airflow/.local/lib/python3.8/site-packages/airflow/example_dags/example_external_task_marker_dag.py
[2023-10-13T01:27:46.462+0000] {logging_mixin.py:151} INFO - [2023-10-13T01:27:46.462+0000] {dag.py:2941} INFO - Sync 2 DAGs
[2023-10-13T01:27:46.480+0000] {logging_mixin.py:151} INFO - [2023-10-13T01:27:46.479+0000] {dag.py:3722} INFO - Setting next_dagrun for example_external_task_marker_child to None, run_after=None
[2023-10-13T01:27:46.484+0000] {logging_mixin.py:151} INFO - [2023-10-13T01:27:46.484+0000] {dag.py:3722} INFO - Setting next_dagrun for example_external_task_marker_parent to None, run_after=None
[2023-10-13T01:27:46.518+0000] {processor.py:179} INFO - Processing /home/airflow/.local/lib/python3.8/site-packages/airflow/example_dags/example_external_task_marker_dag.py took 0.122 seconds
