[2023-10-13T00:52:47.200+0000] {processor.py:157} INFO - Started process (PID=34) to work on /home/airflow/.local/lib/python3.8/site-packages/airflow/example_dags/example_dynamic_task_mapping_with_no_taskflow_operators.py
[2023-10-13T00:52:47.202+0000] {processor.py:829} INFO - Processing file /home/airflow/.local/lib/python3.8/site-packages/airflow/example_dags/example_dynamic_task_mapping_with_no_taskflow_operators.py for tasks to queue
[2023-10-13T00:52:47.204+0000] {logging_mixin.py:151} INFO - [2023-10-13T00:52:47.204+0000] {dagbag.py:536} INFO - Filling up the DagBag from /home/airflow/.local/lib/python3.8/site-packages/airflow/example_dags/example_dynamic_task_mapping_with_no_taskflow_operators.py
[2023-10-13T00:52:47.216+0000] {processor.py:839} INFO - DAG(s) dict_keys(['example_dynamic_task_mapping_with_no_taskflow_operators']) retrieved from /home/airflow/.local/lib/python3.8/site-packages/airflow/example_dags/example_dynamic_task_mapping_with_no_taskflow_operators.py
[2023-10-13T00:52:47.248+0000] {logging_mixin.py:151} INFO - [2023-10-13T00:52:47.247+0000] {dag.py:2941} INFO - Sync 1 DAGs
[2023-10-13T00:52:47.302+0000] {logging_mixin.py:151} INFO - [2023-10-13T00:52:47.302+0000] {dag.py:3722} INFO - Setting next_dagrun for example_dynamic_task_mapping_with_no_taskflow_operators to 2023-10-12T00:52:47.301939+00:00, run_after=2023-10-13T00:52:47.301939+00:00
[2023-10-13T00:52:47.416+0000] {processor.py:179} INFO - Processing /home/airflow/.local/lib/python3.8/site-packages/airflow/example_dags/example_dynamic_task_mapping_with_no_taskflow_operators.py took 0.220 seconds
[2023-10-13T00:53:17.489+0000] {processor.py:157} INFO - Started process (PID=87) to work on /home/airflow/.local/lib/python3.8/site-packages/airflow/example_dags/example_dynamic_task_mapping_with_no_taskflow_operators.py
[2023-10-13T00:53:17.490+0000] {processor.py:829} INFO - Processing file /home/airflow/.local/lib/python3.8/site-packages/airflow/example_dags/example_dynamic_task_mapping_with_no_taskflow_operators.py for tasks to queue
[2023-10-13T00:53:17.492+0000] {logging_mixin.py:151} INFO - [2023-10-13T00:53:17.492+0000] {dagbag.py:536} INFO - Filling up the DagBag from /home/airflow/.local/lib/python3.8/site-packages/airflow/example_dags/example_dynamic_task_mapping_with_no_taskflow_operators.py
[2023-10-13T00:53:17.501+0000] {processor.py:839} INFO - DAG(s) dict_keys(['example_dynamic_task_mapping_with_no_taskflow_operators']) retrieved from /home/airflow/.local/lib/python3.8/site-packages/airflow/example_dags/example_dynamic_task_mapping_with_no_taskflow_operators.py
[2023-10-13T00:53:17.521+0000] {logging_mixin.py:151} INFO - [2023-10-13T00:53:17.521+0000] {dag.py:2941} INFO - Sync 1 DAGs
[2023-10-13T00:53:17.544+0000] {logging_mixin.py:151} INFO - [2023-10-13T00:53:17.544+0000] {dag.py:3722} INFO - Setting next_dagrun for example_dynamic_task_mapping_with_no_taskflow_operators to 2023-10-12T00:53:17.544185+00:00, run_after=2023-10-13T00:53:17.544185+00:00
[2023-10-13T00:53:17.583+0000] {processor.py:179} INFO - Processing /home/airflow/.local/lib/python3.8/site-packages/airflow/example_dags/example_dynamic_task_mapping_with_no_taskflow_operators.py took 0.099 seconds
[2023-10-13T00:53:47.780+0000] {processor.py:157} INFO - Started process (PID=139) to work on /home/airflow/.local/lib/python3.8/site-packages/airflow/example_dags/example_dynamic_task_mapping_with_no_taskflow_operators.py
[2023-10-13T00:53:47.794+0000] {processor.py:829} INFO - Processing file /home/airflow/.local/lib/python3.8/site-packages/airflow/example_dags/example_dynamic_task_mapping_with_no_taskflow_operators.py for tasks to queue
[2023-10-13T00:53:47.799+0000] {logging_mixin.py:151} INFO - [2023-10-13T00:53:47.799+0000] {dagbag.py:536} INFO - Filling up the DagBag from /home/airflow/.local/lib/python3.8/site-packages/airflow/example_dags/example_dynamic_task_mapping_with_no_taskflow_operators.py
[2023-10-13T00:53:47.808+0000] {processor.py:839} INFO - DAG(s) dict_keys(['example_dynamic_task_mapping_with_no_taskflow_operators']) retrieved from /home/airflow/.local/lib/python3.8/site-packages/airflow/example_dags/example_dynamic_task_mapping_with_no_taskflow_operators.py
[2023-10-13T00:53:47.861+0000] {logging_mixin.py:151} INFO - [2023-10-13T00:53:47.860+0000] {dag.py:2941} INFO - Sync 1 DAGs
[2023-10-13T00:53:47.902+0000] {logging_mixin.py:151} INFO - [2023-10-13T00:53:47.901+0000] {dag.py:3722} INFO - Setting next_dagrun for example_dynamic_task_mapping_with_no_taskflow_operators to 2023-10-12T00:53:47.901280+00:00, run_after=2023-10-13T00:53:47.901280+00:00
[2023-10-13T00:53:47.945+0000] {processor.py:179} INFO - Processing /home/airflow/.local/lib/python3.8/site-packages/airflow/example_dags/example_dynamic_task_mapping_with_no_taskflow_operators.py took 0.170 seconds
[2023-10-13T00:54:17.981+0000] {processor.py:157} INFO - Started process (PID=194) to work on /home/airflow/.local/lib/python3.8/site-packages/airflow/example_dags/example_dynamic_task_mapping_with_no_taskflow_operators.py
[2023-10-13T00:54:17.984+0000] {processor.py:829} INFO - Processing file /home/airflow/.local/lib/python3.8/site-packages/airflow/example_dags/example_dynamic_task_mapping_with_no_taskflow_operators.py for tasks to queue
[2023-10-13T00:54:17.989+0000] {logging_mixin.py:151} INFO - [2023-10-13T00:54:17.988+0000] {dagbag.py:536} INFO - Filling up the DagBag from /home/airflow/.local/lib/python3.8/site-packages/airflow/example_dags/example_dynamic_task_mapping_with_no_taskflow_operators.py
[2023-10-13T00:54:18.000+0000] {processor.py:839} INFO - DAG(s) dict_keys(['example_dynamic_task_mapping_with_no_taskflow_operators']) retrieved from /home/airflow/.local/lib/python3.8/site-packages/airflow/example_dags/example_dynamic_task_mapping_with_no_taskflow_operators.py
[2023-10-13T00:54:18.048+0000] {logging_mixin.py:151} INFO - [2023-10-13T00:54:18.047+0000] {dag.py:2941} INFO - Sync 1 DAGs
[2023-10-13T00:54:18.103+0000] {logging_mixin.py:151} INFO - [2023-10-13T00:54:18.103+0000] {dag.py:3722} INFO - Setting next_dagrun for example_dynamic_task_mapping_with_no_taskflow_operators to 2023-10-12T00:54:18.102525+00:00, run_after=2023-10-13T00:54:18.102525+00:00
[2023-10-13T00:54:18.190+0000] {processor.py:179} INFO - Processing /home/airflow/.local/lib/python3.8/site-packages/airflow/example_dags/example_dynamic_task_mapping_with_no_taskflow_operators.py took 0.217 seconds
[2023-10-13T00:54:48.798+0000] {processor.py:157} INFO - Started process (PID=249) to work on /home/airflow/.local/lib/python3.8/site-packages/airflow/example_dags/example_dynamic_task_mapping_with_no_taskflow_operators.py
[2023-10-13T00:54:48.821+0000] {processor.py:829} INFO - Processing file /home/airflow/.local/lib/python3.8/site-packages/airflow/example_dags/example_dynamic_task_mapping_with_no_taskflow_operators.py for tasks to queue
[2023-10-13T00:54:48.824+0000] {logging_mixin.py:151} INFO - [2023-10-13T00:54:48.824+0000] {dagbag.py:536} INFO - Filling up the DagBag from /home/airflow/.local/lib/python3.8/site-packages/airflow/example_dags/example_dynamic_task_mapping_with_no_taskflow_operators.py
[2023-10-13T00:54:48.836+0000] {processor.py:839} INFO - DAG(s) dict_keys(['example_dynamic_task_mapping_with_no_taskflow_operators']) retrieved from /home/airflow/.local/lib/python3.8/site-packages/airflow/example_dags/example_dynamic_task_mapping_with_no_taskflow_operators.py
[2023-10-13T00:54:48.871+0000] {logging_mixin.py:151} INFO - [2023-10-13T00:54:48.871+0000] {dag.py:2941} INFO - Sync 1 DAGs
[2023-10-13T00:54:48.912+0000] {logging_mixin.py:151} INFO - [2023-10-13T00:54:48.911+0000] {dag.py:3722} INFO - Setting next_dagrun for example_dynamic_task_mapping_with_no_taskflow_operators to 2023-10-12T00:54:48.910531+00:00, run_after=2023-10-13T00:54:48.910531+00:00
[2023-10-13T00:54:48.955+0000] {processor.py:179} INFO - Processing /home/airflow/.local/lib/python3.8/site-packages/airflow/example_dags/example_dynamic_task_mapping_with_no_taskflow_operators.py took 0.180 seconds
[2023-10-13T00:55:19.766+0000] {processor.py:157} INFO - Started process (PID=303) to work on /home/airflow/.local/lib/python3.8/site-packages/airflow/example_dags/example_dynamic_task_mapping_with_no_taskflow_operators.py
[2023-10-13T00:55:19.769+0000] {processor.py:829} INFO - Processing file /home/airflow/.local/lib/python3.8/site-packages/airflow/example_dags/example_dynamic_task_mapping_with_no_taskflow_operators.py for tasks to queue
[2023-10-13T00:55:19.772+0000] {logging_mixin.py:151} INFO - [2023-10-13T00:55:19.772+0000] {dagbag.py:536} INFO - Filling up the DagBag from /home/airflow/.local/lib/python3.8/site-packages/airflow/example_dags/example_dynamic_task_mapping_with_no_taskflow_operators.py
[2023-10-13T00:55:19.785+0000] {processor.py:839} INFO - DAG(s) dict_keys(['example_dynamic_task_mapping_with_no_taskflow_operators']) retrieved from /home/airflow/.local/lib/python3.8/site-packages/airflow/example_dags/example_dynamic_task_mapping_with_no_taskflow_operators.py
[2023-10-13T00:55:19.823+0000] {logging_mixin.py:151} INFO - [2023-10-13T00:55:19.823+0000] {dag.py:2941} INFO - Sync 1 DAGs
[2023-10-13T00:55:19.857+0000] {logging_mixin.py:151} INFO - [2023-10-13T00:55:19.857+0000] {dag.py:3722} INFO - Setting next_dagrun for example_dynamic_task_mapping_with_no_taskflow_operators to 2023-10-12T00:55:19.856859+00:00, run_after=2023-10-13T00:55:19.856859+00:00
[2023-10-13T00:55:19.974+0000] {processor.py:179} INFO - Processing /home/airflow/.local/lib/python3.8/site-packages/airflow/example_dags/example_dynamic_task_mapping_with_no_taskflow_operators.py took 0.212 seconds
[2023-10-13T01:14:43.290+0000] {processor.py:157} INFO - Started process (PID=34) to work on /home/airflow/.local/lib/python3.8/site-packages/airflow/example_dags/example_dynamic_task_mapping_with_no_taskflow_operators.py
[2023-10-13T01:14:43.314+0000] {processor.py:829} INFO - Processing file /home/airflow/.local/lib/python3.8/site-packages/airflow/example_dags/example_dynamic_task_mapping_with_no_taskflow_operators.py for tasks to queue
[2023-10-13T01:14:43.319+0000] {logging_mixin.py:151} INFO - [2023-10-13T01:14:43.318+0000] {dagbag.py:536} INFO - Filling up the DagBag from /home/airflow/.local/lib/python3.8/site-packages/airflow/example_dags/example_dynamic_task_mapping_with_no_taskflow_operators.py
[2023-10-13T01:14:43.340+0000] {processor.py:839} INFO - DAG(s) dict_keys(['example_dynamic_task_mapping_with_no_taskflow_operators']) retrieved from /home/airflow/.local/lib/python3.8/site-packages/airflow/example_dags/example_dynamic_task_mapping_with_no_taskflow_operators.py
[2023-10-13T01:14:43.417+0000] {logging_mixin.py:151} INFO - [2023-10-13T01:14:43.416+0000] {dag.py:2941} INFO - Sync 1 DAGs
[2023-10-13T01:14:43.532+0000] {logging_mixin.py:151} INFO - [2023-10-13T01:14:43.531+0000] {dag.py:3722} INFO - Setting next_dagrun for example_dynamic_task_mapping_with_no_taskflow_operators to 2023-10-12T01:14:43.531558+00:00, run_after=2023-10-13T01:14:43.531558+00:00
[2023-10-13T01:14:43.610+0000] {processor.py:179} INFO - Processing /home/airflow/.local/lib/python3.8/site-packages/airflow/example_dags/example_dynamic_task_mapping_with_no_taskflow_operators.py took 0.324 seconds
[2023-10-13T01:15:14.144+0000] {processor.py:157} INFO - Started process (PID=89) to work on /home/airflow/.local/lib/python3.8/site-packages/airflow/example_dags/example_dynamic_task_mapping_with_no_taskflow_operators.py
[2023-10-13T01:15:14.158+0000] {processor.py:829} INFO - Processing file /home/airflow/.local/lib/python3.8/site-packages/airflow/example_dags/example_dynamic_task_mapping_with_no_taskflow_operators.py for tasks to queue
[2023-10-13T01:15:14.161+0000] {logging_mixin.py:151} INFO - [2023-10-13T01:15:14.161+0000] {dagbag.py:536} INFO - Filling up the DagBag from /home/airflow/.local/lib/python3.8/site-packages/airflow/example_dags/example_dynamic_task_mapping_with_no_taskflow_operators.py
[2023-10-13T01:15:14.169+0000] {processor.py:839} INFO - DAG(s) dict_keys(['example_dynamic_task_mapping_with_no_taskflow_operators']) retrieved from /home/airflow/.local/lib/python3.8/site-packages/airflow/example_dags/example_dynamic_task_mapping_with_no_taskflow_operators.py
[2023-10-13T01:15:14.194+0000] {logging_mixin.py:151} INFO - [2023-10-13T01:15:14.193+0000] {dag.py:2941} INFO - Sync 1 DAGs
[2023-10-13T01:15:14.226+0000] {logging_mixin.py:151} INFO - [2023-10-13T01:15:14.225+0000] {dag.py:3722} INFO - Setting next_dagrun for example_dynamic_task_mapping_with_no_taskflow_operators to 2023-10-12T01:15:14.225585+00:00, run_after=2023-10-13T01:15:14.225585+00:00
[2023-10-13T01:15:14.250+0000] {processor.py:179} INFO - Processing /home/airflow/.local/lib/python3.8/site-packages/airflow/example_dags/example_dynamic_task_mapping_with_no_taskflow_operators.py took 0.111 seconds
[2023-10-13T01:15:44.626+0000] {processor.py:157} INFO - Started process (PID=143) to work on /home/airflow/.local/lib/python3.8/site-packages/airflow/example_dags/example_dynamic_task_mapping_with_no_taskflow_operators.py
[2023-10-13T01:15:44.627+0000] {processor.py:829} INFO - Processing file /home/airflow/.local/lib/python3.8/site-packages/airflow/example_dags/example_dynamic_task_mapping_with_no_taskflow_operators.py for tasks to queue
[2023-10-13T01:15:44.629+0000] {logging_mixin.py:151} INFO - [2023-10-13T01:15:44.629+0000] {dagbag.py:536} INFO - Filling up the DagBag from /home/airflow/.local/lib/python3.8/site-packages/airflow/example_dags/example_dynamic_task_mapping_with_no_taskflow_operators.py
[2023-10-13T01:15:44.637+0000] {processor.py:839} INFO - DAG(s) dict_keys(['example_dynamic_task_mapping_with_no_taskflow_operators']) retrieved from /home/airflow/.local/lib/python3.8/site-packages/airflow/example_dags/example_dynamic_task_mapping_with_no_taskflow_operators.py
[2023-10-13T01:15:44.659+0000] {logging_mixin.py:151} INFO - [2023-10-13T01:15:44.659+0000] {dag.py:2941} INFO - Sync 1 DAGs
[2023-10-13T01:15:44.689+0000] {logging_mixin.py:151} INFO - [2023-10-13T01:15:44.688+0000] {dag.py:3722} INFO - Setting next_dagrun for example_dynamic_task_mapping_with_no_taskflow_operators to 2023-10-12T01:15:44.688662+00:00, run_after=2023-10-13T01:15:44.688662+00:00
[2023-10-13T01:15:44.731+0000] {processor.py:179} INFO - Processing /home/airflow/.local/lib/python3.8/site-packages/airflow/example_dags/example_dynamic_task_mapping_with_no_taskflow_operators.py took 0.109 seconds
[2023-10-13T01:16:14.968+0000] {processor.py:157} INFO - Started process (PID=197) to work on /home/airflow/.local/lib/python3.8/site-packages/airflow/example_dags/example_dynamic_task_mapping_with_no_taskflow_operators.py
[2023-10-13T01:16:15.012+0000] {processor.py:829} INFO - Processing file /home/airflow/.local/lib/python3.8/site-packages/airflow/example_dags/example_dynamic_task_mapping_with_no_taskflow_operators.py for tasks to queue
[2023-10-13T01:16:15.015+0000] {logging_mixin.py:151} INFO - [2023-10-13T01:16:15.015+0000] {dagbag.py:536} INFO - Filling up the DagBag from /home/airflow/.local/lib/python3.8/site-packages/airflow/example_dags/example_dynamic_task_mapping_with_no_taskflow_operators.py
[2023-10-13T01:16:15.022+0000] {processor.py:839} INFO - DAG(s) dict_keys(['example_dynamic_task_mapping_with_no_taskflow_operators']) retrieved from /home/airflow/.local/lib/python3.8/site-packages/airflow/example_dags/example_dynamic_task_mapping_with_no_taskflow_operators.py
[2023-10-13T01:16:15.044+0000] {logging_mixin.py:151} INFO - [2023-10-13T01:16:15.044+0000] {dag.py:2941} INFO - Sync 1 DAGs
[2023-10-13T01:16:15.070+0000] {logging_mixin.py:151} INFO - [2023-10-13T01:16:15.070+0000] {dag.py:3722} INFO - Setting next_dagrun for example_dynamic_task_mapping_with_no_taskflow_operators to 2023-10-12T01:16:15.069673+00:00, run_after=2023-10-13T01:16:15.069673+00:00
[2023-10-13T01:16:15.135+0000] {processor.py:179} INFO - Processing /home/airflow/.local/lib/python3.8/site-packages/airflow/example_dags/example_dynamic_task_mapping_with_no_taskflow_operators.py took 0.171 seconds
[2023-10-13T01:16:45.233+0000] {processor.py:157} INFO - Started process (PID=252) to work on /home/airflow/.local/lib/python3.8/site-packages/airflow/example_dags/example_dynamic_task_mapping_with_no_taskflow_operators.py
[2023-10-13T01:16:45.234+0000] {processor.py:829} INFO - Processing file /home/airflow/.local/lib/python3.8/site-packages/airflow/example_dags/example_dynamic_task_mapping_with_no_taskflow_operators.py for tasks to queue
[2023-10-13T01:16:45.237+0000] {logging_mixin.py:151} INFO - [2023-10-13T01:16:45.237+0000] {dagbag.py:536} INFO - Filling up the DagBag from /home/airflow/.local/lib/python3.8/site-packages/airflow/example_dags/example_dynamic_task_mapping_with_no_taskflow_operators.py
[2023-10-13T01:16:45.246+0000] {processor.py:839} INFO - DAG(s) dict_keys(['example_dynamic_task_mapping_with_no_taskflow_operators']) retrieved from /home/airflow/.local/lib/python3.8/site-packages/airflow/example_dags/example_dynamic_task_mapping_with_no_taskflow_operators.py
[2023-10-13T01:16:45.273+0000] {logging_mixin.py:151} INFO - [2023-10-13T01:16:45.272+0000] {dag.py:2941} INFO - Sync 1 DAGs
[2023-10-13T01:16:45.307+0000] {logging_mixin.py:151} INFO - [2023-10-13T01:16:45.306+0000] {dag.py:3722} INFO - Setting next_dagrun for example_dynamic_task_mapping_with_no_taskflow_operators to 2023-10-12T01:16:45.306607+00:00, run_after=2023-10-13T01:16:45.306607+00:00
[2023-10-13T01:16:45.347+0000] {processor.py:179} INFO - Processing /home/airflow/.local/lib/python3.8/site-packages/airflow/example_dags/example_dynamic_task_mapping_with_no_taskflow_operators.py took 0.120 seconds
[2023-10-13T01:17:15.749+0000] {processor.py:157} INFO - Started process (PID=306) to work on /home/airflow/.local/lib/python3.8/site-packages/airflow/example_dags/example_dynamic_task_mapping_with_no_taskflow_operators.py
[2023-10-13T01:17:15.750+0000] {processor.py:829} INFO - Processing file /home/airflow/.local/lib/python3.8/site-packages/airflow/example_dags/example_dynamic_task_mapping_with_no_taskflow_operators.py for tasks to queue
[2023-10-13T01:17:15.753+0000] {logging_mixin.py:151} INFO - [2023-10-13T01:17:15.752+0000] {dagbag.py:536} INFO - Filling up the DagBag from /home/airflow/.local/lib/python3.8/site-packages/airflow/example_dags/example_dynamic_task_mapping_with_no_taskflow_operators.py
[2023-10-13T01:17:15.768+0000] {processor.py:839} INFO - DAG(s) dict_keys(['example_dynamic_task_mapping_with_no_taskflow_operators']) retrieved from /home/airflow/.local/lib/python3.8/site-packages/airflow/example_dags/example_dynamic_task_mapping_with_no_taskflow_operators.py
[2023-10-13T01:17:15.803+0000] {logging_mixin.py:151} INFO - [2023-10-13T01:17:15.802+0000] {dag.py:2941} INFO - Sync 1 DAGs
[2023-10-13T01:17:15.830+0000] {logging_mixin.py:151} INFO - [2023-10-13T01:17:15.830+0000] {dag.py:3722} INFO - Setting next_dagrun for example_dynamic_task_mapping_with_no_taskflow_operators to 2023-10-12T01:17:15.830100+00:00, run_after=2023-10-13T01:17:15.830100+00:00
[2023-10-13T01:17:15.861+0000] {processor.py:179} INFO - Processing /home/airflow/.local/lib/python3.8/site-packages/airflow/example_dags/example_dynamic_task_mapping_with_no_taskflow_operators.py took 0.122 seconds
[2023-10-13T01:17:46.195+0000] {processor.py:157} INFO - Started process (PID=362) to work on /home/airflow/.local/lib/python3.8/site-packages/airflow/example_dags/example_dynamic_task_mapping_with_no_taskflow_operators.py
[2023-10-13T01:17:46.196+0000] {processor.py:829} INFO - Processing file /home/airflow/.local/lib/python3.8/site-packages/airflow/example_dags/example_dynamic_task_mapping_with_no_taskflow_operators.py for tasks to queue
[2023-10-13T01:17:46.198+0000] {logging_mixin.py:151} INFO - [2023-10-13T01:17:46.198+0000] {dagbag.py:536} INFO - Filling up the DagBag from /home/airflow/.local/lib/python3.8/site-packages/airflow/example_dags/example_dynamic_task_mapping_with_no_taskflow_operators.py
[2023-10-13T01:17:46.205+0000] {processor.py:839} INFO - DAG(s) dict_keys(['example_dynamic_task_mapping_with_no_taskflow_operators']) retrieved from /home/airflow/.local/lib/python3.8/site-packages/airflow/example_dags/example_dynamic_task_mapping_with_no_taskflow_operators.py
[2023-10-13T01:17:46.226+0000] {logging_mixin.py:151} INFO - [2023-10-13T01:17:46.226+0000] {dag.py:2941} INFO - Sync 1 DAGs
[2023-10-13T01:17:46.255+0000] {logging_mixin.py:151} INFO - [2023-10-13T01:17:46.255+0000] {dag.py:3722} INFO - Setting next_dagrun for example_dynamic_task_mapping_with_no_taskflow_operators to 2023-10-12T01:17:46.254718+00:00, run_after=2023-10-13T01:17:46.254718+00:00
[2023-10-13T01:17:46.298+0000] {processor.py:179} INFO - Processing /home/airflow/.local/lib/python3.8/site-packages/airflow/example_dags/example_dynamic_task_mapping_with_no_taskflow_operators.py took 0.107 seconds
[2023-10-13T01:18:16.875+0000] {processor.py:157} INFO - Started process (PID=417) to work on /home/airflow/.local/lib/python3.8/site-packages/airflow/example_dags/example_dynamic_task_mapping_with_no_taskflow_operators.py
[2023-10-13T01:18:16.896+0000] {processor.py:829} INFO - Processing file /home/airflow/.local/lib/python3.8/site-packages/airflow/example_dags/example_dynamic_task_mapping_with_no_taskflow_operators.py for tasks to queue
[2023-10-13T01:18:16.909+0000] {logging_mixin.py:151} INFO - [2023-10-13T01:18:16.908+0000] {dagbag.py:536} INFO - Filling up the DagBag from /home/airflow/.local/lib/python3.8/site-packages/airflow/example_dags/example_dynamic_task_mapping_with_no_taskflow_operators.py
[2023-10-13T01:18:16.927+0000] {processor.py:839} INFO - DAG(s) dict_keys(['example_dynamic_task_mapping_with_no_taskflow_operators']) retrieved from /home/airflow/.local/lib/python3.8/site-packages/airflow/example_dags/example_dynamic_task_mapping_with_no_taskflow_operators.py
[2023-10-13T01:18:16.963+0000] {logging_mixin.py:151} INFO - [2023-10-13T01:18:16.963+0000] {dag.py:2941} INFO - Sync 1 DAGs
[2023-10-13T01:18:17.012+0000] {logging_mixin.py:151} INFO - [2023-10-13T01:18:17.012+0000] {dag.py:3722} INFO - Setting next_dagrun for example_dynamic_task_mapping_with_no_taskflow_operators to 2023-10-12T01:18:17.012165+00:00, run_after=2023-10-13T01:18:17.012165+00:00
[2023-10-13T01:18:17.082+0000] {processor.py:179} INFO - Processing /home/airflow/.local/lib/python3.8/site-packages/airflow/example_dags/example_dynamic_task_mapping_with_no_taskflow_operators.py took 0.213 seconds
[2023-10-13T01:18:47.319+0000] {processor.py:157} INFO - Started process (PID=472) to work on /home/airflow/.local/lib/python3.8/site-packages/airflow/example_dags/example_dynamic_task_mapping_with_no_taskflow_operators.py
[2023-10-13T01:18:47.320+0000] {processor.py:829} INFO - Processing file /home/airflow/.local/lib/python3.8/site-packages/airflow/example_dags/example_dynamic_task_mapping_with_no_taskflow_operators.py for tasks to queue
[2023-10-13T01:18:47.324+0000] {logging_mixin.py:151} INFO - [2023-10-13T01:18:47.323+0000] {dagbag.py:536} INFO - Filling up the DagBag from /home/airflow/.local/lib/python3.8/site-packages/airflow/example_dags/example_dynamic_task_mapping_with_no_taskflow_operators.py
[2023-10-13T01:18:47.352+0000] {processor.py:839} INFO - DAG(s) dict_keys(['example_dynamic_task_mapping_with_no_taskflow_operators']) retrieved from /home/airflow/.local/lib/python3.8/site-packages/airflow/example_dags/example_dynamic_task_mapping_with_no_taskflow_operators.py
[2023-10-13T01:18:47.394+0000] {logging_mixin.py:151} INFO - [2023-10-13T01:18:47.393+0000] {dag.py:2941} INFO - Sync 1 DAGs
[2023-10-13T01:18:47.440+0000] {logging_mixin.py:151} INFO - [2023-10-13T01:18:47.439+0000] {dag.py:3722} INFO - Setting next_dagrun for example_dynamic_task_mapping_with_no_taskflow_operators to 2023-10-12T01:18:47.439565+00:00, run_after=2023-10-13T01:18:47.439565+00:00
[2023-10-13T01:18:47.483+0000] {processor.py:179} INFO - Processing /home/airflow/.local/lib/python3.8/site-packages/airflow/example_dags/example_dynamic_task_mapping_with_no_taskflow_operators.py took 0.170 seconds
[2023-10-13T01:19:17.591+0000] {processor.py:157} INFO - Started process (PID=527) to work on /home/airflow/.local/lib/python3.8/site-packages/airflow/example_dags/example_dynamic_task_mapping_with_no_taskflow_operators.py
[2023-10-13T01:19:17.592+0000] {processor.py:829} INFO - Processing file /home/airflow/.local/lib/python3.8/site-packages/airflow/example_dags/example_dynamic_task_mapping_with_no_taskflow_operators.py for tasks to queue
[2023-10-13T01:19:17.595+0000] {logging_mixin.py:151} INFO - [2023-10-13T01:19:17.595+0000] {dagbag.py:536} INFO - Filling up the DagBag from /home/airflow/.local/lib/python3.8/site-packages/airflow/example_dags/example_dynamic_task_mapping_with_no_taskflow_operators.py
[2023-10-13T01:19:17.602+0000] {processor.py:839} INFO - DAG(s) dict_keys(['example_dynamic_task_mapping_with_no_taskflow_operators']) retrieved from /home/airflow/.local/lib/python3.8/site-packages/airflow/example_dags/example_dynamic_task_mapping_with_no_taskflow_operators.py
[2023-10-13T01:19:17.622+0000] {logging_mixin.py:151} INFO - [2023-10-13T01:19:17.621+0000] {dag.py:2941} INFO - Sync 1 DAGs
[2023-10-13T01:19:17.644+0000] {logging_mixin.py:151} INFO - [2023-10-13T01:19:17.644+0000] {dag.py:3722} INFO - Setting next_dagrun for example_dynamic_task_mapping_with_no_taskflow_operators to 2023-10-12T01:19:17.644254+00:00, run_after=2023-10-13T01:19:17.644254+00:00
[2023-10-13T01:19:17.673+0000] {processor.py:179} INFO - Processing /home/airflow/.local/lib/python3.8/site-packages/airflow/example_dags/example_dynamic_task_mapping_with_no_taskflow_operators.py took 0.086 seconds
[2023-10-13T01:19:48.001+0000] {processor.py:157} INFO - Started process (PID=582) to work on /home/airflow/.local/lib/python3.8/site-packages/airflow/example_dags/example_dynamic_task_mapping_with_no_taskflow_operators.py
[2023-10-13T01:19:48.005+0000] {processor.py:829} INFO - Processing file /home/airflow/.local/lib/python3.8/site-packages/airflow/example_dags/example_dynamic_task_mapping_with_no_taskflow_operators.py for tasks to queue
[2023-10-13T01:19:48.008+0000] {logging_mixin.py:151} INFO - [2023-10-13T01:19:48.007+0000] {dagbag.py:536} INFO - Filling up the DagBag from /home/airflow/.local/lib/python3.8/site-packages/airflow/example_dags/example_dynamic_task_mapping_with_no_taskflow_operators.py
[2023-10-13T01:19:48.017+0000] {processor.py:839} INFO - DAG(s) dict_keys(['example_dynamic_task_mapping_with_no_taskflow_operators']) retrieved from /home/airflow/.local/lib/python3.8/site-packages/airflow/example_dags/example_dynamic_task_mapping_with_no_taskflow_operators.py
[2023-10-13T01:19:48.042+0000] {logging_mixin.py:151} INFO - [2023-10-13T01:19:48.041+0000] {dag.py:2941} INFO - Sync 1 DAGs
[2023-10-13T01:19:48.069+0000] {logging_mixin.py:151} INFO - [2023-10-13T01:19:48.069+0000] {dag.py:3722} INFO - Setting next_dagrun for example_dynamic_task_mapping_with_no_taskflow_operators to 2023-10-12T01:19:48.069288+00:00, run_after=2023-10-13T01:19:48.069288+00:00
[2023-10-13T01:19:48.110+0000] {processor.py:179} INFO - Processing /home/airflow/.local/lib/python3.8/site-packages/airflow/example_dags/example_dynamic_task_mapping_with_no_taskflow_operators.py took 0.113 seconds
[2023-10-13T01:20:19.337+0000] {processor.py:157} INFO - Started process (PID=637) to work on /home/airflow/.local/lib/python3.8/site-packages/airflow/example_dags/example_dynamic_task_mapping_with_no_taskflow_operators.py
[2023-10-13T01:20:19.338+0000] {processor.py:829} INFO - Processing file /home/airflow/.local/lib/python3.8/site-packages/airflow/example_dags/example_dynamic_task_mapping_with_no_taskflow_operators.py for tasks to queue
[2023-10-13T01:20:19.351+0000] {logging_mixin.py:151} INFO - [2023-10-13T01:20:19.351+0000] {dagbag.py:536} INFO - Filling up the DagBag from /home/airflow/.local/lib/python3.8/site-packages/airflow/example_dags/example_dynamic_task_mapping_with_no_taskflow_operators.py
[2023-10-13T01:20:19.364+0000] {processor.py:839} INFO - DAG(s) dict_keys(['example_dynamic_task_mapping_with_no_taskflow_operators']) retrieved from /home/airflow/.local/lib/python3.8/site-packages/airflow/example_dags/example_dynamic_task_mapping_with_no_taskflow_operators.py
[2023-10-13T01:20:19.439+0000] {logging_mixin.py:151} INFO - [2023-10-13T01:20:19.439+0000] {dag.py:2941} INFO - Sync 1 DAGs
[2023-10-13T01:20:19.488+0000] {logging_mixin.py:151} INFO - [2023-10-13T01:20:19.488+0000] {dag.py:3722} INFO - Setting next_dagrun for example_dynamic_task_mapping_with_no_taskflow_operators to 2023-10-12T01:20:19.487652+00:00, run_after=2023-10-13T01:20:19.487652+00:00
[2023-10-13T01:20:19.778+0000] {processor.py:179} INFO - Processing /home/airflow/.local/lib/python3.8/site-packages/airflow/example_dags/example_dynamic_task_mapping_with_no_taskflow_operators.py took 0.457 seconds
[2023-10-13T01:20:50.194+0000] {processor.py:157} INFO - Started process (PID=692) to work on /home/airflow/.local/lib/python3.8/site-packages/airflow/example_dags/example_dynamic_task_mapping_with_no_taskflow_operators.py
[2023-10-13T01:20:50.200+0000] {processor.py:829} INFO - Processing file /home/airflow/.local/lib/python3.8/site-packages/airflow/example_dags/example_dynamic_task_mapping_with_no_taskflow_operators.py for tasks to queue
[2023-10-13T01:20:50.203+0000] {logging_mixin.py:151} INFO - [2023-10-13T01:20:50.202+0000] {dagbag.py:536} INFO - Filling up the DagBag from /home/airflow/.local/lib/python3.8/site-packages/airflow/example_dags/example_dynamic_task_mapping_with_no_taskflow_operators.py
[2023-10-13T01:20:50.212+0000] {processor.py:839} INFO - DAG(s) dict_keys(['example_dynamic_task_mapping_with_no_taskflow_operators']) retrieved from /home/airflow/.local/lib/python3.8/site-packages/airflow/example_dags/example_dynamic_task_mapping_with_no_taskflow_operators.py
[2023-10-13T01:20:50.240+0000] {logging_mixin.py:151} INFO - [2023-10-13T01:20:50.239+0000] {dag.py:2941} INFO - Sync 1 DAGs
[2023-10-13T01:20:50.273+0000] {logging_mixin.py:151} INFO - [2023-10-13T01:20:50.273+0000] {dag.py:3722} INFO - Setting next_dagrun for example_dynamic_task_mapping_with_no_taskflow_operators to 2023-10-12T01:20:50.273006+00:00, run_after=2023-10-13T01:20:50.273006+00:00
[2023-10-13T01:20:50.357+0000] {processor.py:179} INFO - Processing /home/airflow/.local/lib/python3.8/site-packages/airflow/example_dags/example_dynamic_task_mapping_with_no_taskflow_operators.py took 0.167 seconds
[2023-10-13T01:21:21.296+0000] {processor.py:157} INFO - Started process (PID=748) to work on /home/airflow/.local/lib/python3.8/site-packages/airflow/example_dags/example_dynamic_task_mapping_with_no_taskflow_operators.py
[2023-10-13T01:21:21.297+0000] {processor.py:829} INFO - Processing file /home/airflow/.local/lib/python3.8/site-packages/airflow/example_dags/example_dynamic_task_mapping_with_no_taskflow_operators.py for tasks to queue
[2023-10-13T01:21:21.299+0000] {logging_mixin.py:151} INFO - [2023-10-13T01:21:21.299+0000] {dagbag.py:536} INFO - Filling up the DagBag from /home/airflow/.local/lib/python3.8/site-packages/airflow/example_dags/example_dynamic_task_mapping_with_no_taskflow_operators.py
[2023-10-13T01:21:21.306+0000] {processor.py:839} INFO - DAG(s) dict_keys(['example_dynamic_task_mapping_with_no_taskflow_operators']) retrieved from /home/airflow/.local/lib/python3.8/site-packages/airflow/example_dags/example_dynamic_task_mapping_with_no_taskflow_operators.py
[2023-10-13T01:21:21.345+0000] {logging_mixin.py:151} INFO - [2023-10-13T01:21:21.344+0000] {dag.py:2941} INFO - Sync 1 DAGs
[2023-10-13T01:21:21.376+0000] {logging_mixin.py:151} INFO - [2023-10-13T01:21:21.376+0000] {dag.py:3722} INFO - Setting next_dagrun for example_dynamic_task_mapping_with_no_taskflow_operators to 2023-10-12T01:21:21.375943+00:00, run_after=2023-10-13T01:21:21.375943+00:00
[2023-10-13T01:21:21.423+0000] {processor.py:179} INFO - Processing /home/airflow/.local/lib/python3.8/site-packages/airflow/example_dags/example_dynamic_task_mapping_with_no_taskflow_operators.py took 0.134 seconds
[2023-10-13T01:21:51.987+0000] {processor.py:157} INFO - Started process (PID=804) to work on /home/airflow/.local/lib/python3.8/site-packages/airflow/example_dags/example_dynamic_task_mapping_with_no_taskflow_operators.py
[2023-10-13T01:21:51.992+0000] {processor.py:829} INFO - Processing file /home/airflow/.local/lib/python3.8/site-packages/airflow/example_dags/example_dynamic_task_mapping_with_no_taskflow_operators.py for tasks to queue
[2023-10-13T01:21:51.995+0000] {logging_mixin.py:151} INFO - [2023-10-13T01:21:51.994+0000] {dagbag.py:536} INFO - Filling up the DagBag from /home/airflow/.local/lib/python3.8/site-packages/airflow/example_dags/example_dynamic_task_mapping_with_no_taskflow_operators.py
[2023-10-13T01:21:52.010+0000] {processor.py:839} INFO - DAG(s) dict_keys(['example_dynamic_task_mapping_with_no_taskflow_operators']) retrieved from /home/airflow/.local/lib/python3.8/site-packages/airflow/example_dags/example_dynamic_task_mapping_with_no_taskflow_operators.py
[2023-10-13T01:21:52.067+0000] {logging_mixin.py:151} INFO - [2023-10-13T01:21:52.066+0000] {dag.py:2941} INFO - Sync 1 DAGs
[2023-10-13T01:21:52.112+0000] {logging_mixin.py:151} INFO - [2023-10-13T01:21:52.112+0000] {dag.py:3722} INFO - Setting next_dagrun for example_dynamic_task_mapping_with_no_taskflow_operators to 2023-10-12T01:21:52.112211+00:00, run_after=2023-10-13T01:21:52.112211+00:00
[2023-10-13T01:21:52.214+0000] {processor.py:179} INFO - Processing /home/airflow/.local/lib/python3.8/site-packages/airflow/example_dags/example_dynamic_task_mapping_with_no_taskflow_operators.py took 0.237 seconds
[2023-10-13T01:24:38.236+0000] {processor.py:157} INFO - Started process (PID=35) to work on /home/airflow/.local/lib/python3.8/site-packages/airflow/example_dags/example_dynamic_task_mapping_with_no_taskflow_operators.py
[2023-10-13T01:24:38.254+0000] {processor.py:829} INFO - Processing file /home/airflow/.local/lib/python3.8/site-packages/airflow/example_dags/example_dynamic_task_mapping_with_no_taskflow_operators.py for tasks to queue
[2023-10-13T01:24:38.257+0000] {logging_mixin.py:151} INFO - [2023-10-13T01:24:38.257+0000] {dagbag.py:536} INFO - Filling up the DagBag from /home/airflow/.local/lib/python3.8/site-packages/airflow/example_dags/example_dynamic_task_mapping_with_no_taskflow_operators.py
[2023-10-13T01:24:38.267+0000] {processor.py:839} INFO - DAG(s) dict_keys(['example_dynamic_task_mapping_with_no_taskflow_operators']) retrieved from /home/airflow/.local/lib/python3.8/site-packages/airflow/example_dags/example_dynamic_task_mapping_with_no_taskflow_operators.py
[2023-10-13T01:24:38.299+0000] {logging_mixin.py:151} INFO - [2023-10-13T01:24:38.299+0000] {dag.py:2941} INFO - Sync 1 DAGs
[2023-10-13T01:24:38.347+0000] {logging_mixin.py:151} INFO - [2023-10-13T01:24:38.346+0000] {dag.py:3722} INFO - Setting next_dagrun for example_dynamic_task_mapping_with_no_taskflow_operators to 2023-10-12T01:24:38.346639+00:00, run_after=2023-10-13T01:24:38.346639+00:00
[2023-10-13T01:24:38.420+0000] {processor.py:179} INFO - Processing /home/airflow/.local/lib/python3.8/site-packages/airflow/example_dags/example_dynamic_task_mapping_with_no_taskflow_operators.py took 0.188 seconds
[2023-10-13T01:25:08.573+0000] {processor.py:157} INFO - Started process (PID=90) to work on /home/airflow/.local/lib/python3.8/site-packages/airflow/example_dags/example_dynamic_task_mapping_with_no_taskflow_operators.py
[2023-10-13T01:25:08.588+0000] {processor.py:829} INFO - Processing file /home/airflow/.local/lib/python3.8/site-packages/airflow/example_dags/example_dynamic_task_mapping_with_no_taskflow_operators.py for tasks to queue
[2023-10-13T01:25:08.590+0000] {logging_mixin.py:151} INFO - [2023-10-13T01:25:08.590+0000] {dagbag.py:536} INFO - Filling up the DagBag from /home/airflow/.local/lib/python3.8/site-packages/airflow/example_dags/example_dynamic_task_mapping_with_no_taskflow_operators.py
[2023-10-13T01:25:08.600+0000] {processor.py:839} INFO - DAG(s) dict_keys(['example_dynamic_task_mapping_with_no_taskflow_operators']) retrieved from /home/airflow/.local/lib/python3.8/site-packages/airflow/example_dags/example_dynamic_task_mapping_with_no_taskflow_operators.py
[2023-10-13T01:25:08.622+0000] {logging_mixin.py:151} INFO - [2023-10-13T01:25:08.622+0000] {dag.py:2941} INFO - Sync 1 DAGs
[2023-10-13T01:25:08.651+0000] {logging_mixin.py:151} INFO - [2023-10-13T01:25:08.651+0000] {dag.py:3722} INFO - Setting next_dagrun for example_dynamic_task_mapping_with_no_taskflow_operators to 2023-10-12T01:25:08.651328+00:00, run_after=2023-10-13T01:25:08.651328+00:00
[2023-10-13T01:25:08.695+0000] {processor.py:179} INFO - Processing /home/airflow/.local/lib/python3.8/site-packages/airflow/example_dags/example_dynamic_task_mapping_with_no_taskflow_operators.py took 0.125 seconds
[2023-10-13T01:25:38.792+0000] {processor.py:157} INFO - Started process (PID=145) to work on /home/airflow/.local/lib/python3.8/site-packages/airflow/example_dags/example_dynamic_task_mapping_with_no_taskflow_operators.py
[2023-10-13T01:25:38.792+0000] {processor.py:829} INFO - Processing file /home/airflow/.local/lib/python3.8/site-packages/airflow/example_dags/example_dynamic_task_mapping_with_no_taskflow_operators.py for tasks to queue
[2023-10-13T01:25:38.795+0000] {logging_mixin.py:151} INFO - [2023-10-13T01:25:38.795+0000] {dagbag.py:536} INFO - Filling up the DagBag from /home/airflow/.local/lib/python3.8/site-packages/airflow/example_dags/example_dynamic_task_mapping_with_no_taskflow_operators.py
[2023-10-13T01:25:38.802+0000] {processor.py:839} INFO - DAG(s) dict_keys(['example_dynamic_task_mapping_with_no_taskflow_operators']) retrieved from /home/airflow/.local/lib/python3.8/site-packages/airflow/example_dags/example_dynamic_task_mapping_with_no_taskflow_operators.py
[2023-10-13T01:25:38.821+0000] {logging_mixin.py:151} INFO - [2023-10-13T01:25:38.821+0000] {dag.py:2941} INFO - Sync 1 DAGs
[2023-10-13T01:25:38.855+0000] {logging_mixin.py:151} INFO - [2023-10-13T01:25:38.855+0000] {dag.py:3722} INFO - Setting next_dagrun for example_dynamic_task_mapping_with_no_taskflow_operators to 2023-10-12T01:25:38.855263+00:00, run_after=2023-10-13T01:25:38.855263+00:00
[2023-10-13T01:25:38.882+0000] {processor.py:179} INFO - Processing /home/airflow/.local/lib/python3.8/site-packages/airflow/example_dags/example_dynamic_task_mapping_with_no_taskflow_operators.py took 0.093 seconds
[2023-10-13T01:26:09.453+0000] {processor.py:157} INFO - Started process (PID=199) to work on /home/airflow/.local/lib/python3.8/site-packages/airflow/example_dags/example_dynamic_task_mapping_with_no_taskflow_operators.py
[2023-10-13T01:26:09.463+0000] {processor.py:829} INFO - Processing file /home/airflow/.local/lib/python3.8/site-packages/airflow/example_dags/example_dynamic_task_mapping_with_no_taskflow_operators.py for tasks to queue
[2023-10-13T01:26:09.465+0000] {logging_mixin.py:151} INFO - [2023-10-13T01:26:09.465+0000] {dagbag.py:536} INFO - Filling up the DagBag from /home/airflow/.local/lib/python3.8/site-packages/airflow/example_dags/example_dynamic_task_mapping_with_no_taskflow_operators.py
[2023-10-13T01:26:09.474+0000] {processor.py:839} INFO - DAG(s) dict_keys(['example_dynamic_task_mapping_with_no_taskflow_operators']) retrieved from /home/airflow/.local/lib/python3.8/site-packages/airflow/example_dags/example_dynamic_task_mapping_with_no_taskflow_operators.py
[2023-10-13T01:26:09.500+0000] {logging_mixin.py:151} INFO - [2023-10-13T01:26:09.499+0000] {dag.py:2941} INFO - Sync 1 DAGs
[2023-10-13T01:26:09.539+0000] {logging_mixin.py:151} INFO - [2023-10-13T01:26:09.539+0000] {dag.py:3722} INFO - Setting next_dagrun for example_dynamic_task_mapping_with_no_taskflow_operators to 2023-10-12T01:26:09.538705+00:00, run_after=2023-10-13T01:26:09.538705+00:00
[2023-10-13T01:26:09.573+0000] {processor.py:179} INFO - Processing /home/airflow/.local/lib/python3.8/site-packages/airflow/example_dags/example_dynamic_task_mapping_with_no_taskflow_operators.py took 0.124 seconds
[2023-10-13T01:26:40.055+0000] {processor.py:157} INFO - Started process (PID=254) to work on /home/airflow/.local/lib/python3.8/site-packages/airflow/example_dags/example_dynamic_task_mapping_with_no_taskflow_operators.py
[2023-10-13T01:26:40.056+0000] {processor.py:829} INFO - Processing file /home/airflow/.local/lib/python3.8/site-packages/airflow/example_dags/example_dynamic_task_mapping_with_no_taskflow_operators.py for tasks to queue
[2023-10-13T01:26:40.059+0000] {logging_mixin.py:151} INFO - [2023-10-13T01:26:40.059+0000] {dagbag.py:536} INFO - Filling up the DagBag from /home/airflow/.local/lib/python3.8/site-packages/airflow/example_dags/example_dynamic_task_mapping_with_no_taskflow_operators.py
[2023-10-13T01:26:40.070+0000] {processor.py:839} INFO - DAG(s) dict_keys(['example_dynamic_task_mapping_with_no_taskflow_operators']) retrieved from /home/airflow/.local/lib/python3.8/site-packages/airflow/example_dags/example_dynamic_task_mapping_with_no_taskflow_operators.py
[2023-10-13T01:26:40.101+0000] {logging_mixin.py:151} INFO - [2023-10-13T01:26:40.100+0000] {dag.py:2941} INFO - Sync 1 DAGs
[2023-10-13T01:26:40.133+0000] {logging_mixin.py:151} INFO - [2023-10-13T01:26:40.133+0000] {dag.py:3722} INFO - Setting next_dagrun for example_dynamic_task_mapping_with_no_taskflow_operators to 2023-10-12T01:26:40.132877+00:00, run_after=2023-10-13T01:26:40.132877+00:00
[2023-10-13T01:26:40.172+0000] {processor.py:179} INFO - Processing /home/airflow/.local/lib/python3.8/site-packages/airflow/example_dags/example_dynamic_task_mapping_with_no_taskflow_operators.py took 0.122 seconds
[2023-10-13T01:27:10.757+0000] {processor.py:157} INFO - Started process (PID=309) to work on /home/airflow/.local/lib/python3.8/site-packages/airflow/example_dags/example_dynamic_task_mapping_with_no_taskflow_operators.py
[2023-10-13T01:27:10.770+0000] {processor.py:829} INFO - Processing file /home/airflow/.local/lib/python3.8/site-packages/airflow/example_dags/example_dynamic_task_mapping_with_no_taskflow_operators.py for tasks to queue
[2023-10-13T01:27:10.773+0000] {logging_mixin.py:151} INFO - [2023-10-13T01:27:10.772+0000] {dagbag.py:536} INFO - Filling up the DagBag from /home/airflow/.local/lib/python3.8/site-packages/airflow/example_dags/example_dynamic_task_mapping_with_no_taskflow_operators.py
[2023-10-13T01:27:10.780+0000] {processor.py:839} INFO - DAG(s) dict_keys(['example_dynamic_task_mapping_with_no_taskflow_operators']) retrieved from /home/airflow/.local/lib/python3.8/site-packages/airflow/example_dags/example_dynamic_task_mapping_with_no_taskflow_operators.py
[2023-10-13T01:27:10.804+0000] {logging_mixin.py:151} INFO - [2023-10-13T01:27:10.804+0000] {dag.py:2941} INFO - Sync 1 DAGs
[2023-10-13T01:27:10.886+0000] {logging_mixin.py:151} INFO - [2023-10-13T01:27:10.886+0000] {dag.py:3722} INFO - Setting next_dagrun for example_dynamic_task_mapping_with_no_taskflow_operators to 2023-10-12T01:27:10.885811+00:00, run_after=2023-10-13T01:27:10.885811+00:00
[2023-10-13T01:27:11.073+0000] {processor.py:179} INFO - Processing /home/airflow/.local/lib/python3.8/site-packages/airflow/example_dags/example_dynamic_task_mapping_with_no_taskflow_operators.py took 0.340 seconds
[2023-10-13T01:27:41.120+0000] {processor.py:157} INFO - Started process (PID=364) to work on /home/airflow/.local/lib/python3.8/site-packages/airflow/example_dags/example_dynamic_task_mapping_with_no_taskflow_operators.py
[2023-10-13T01:27:41.121+0000] {processor.py:829} INFO - Processing file /home/airflow/.local/lib/python3.8/site-packages/airflow/example_dags/example_dynamic_task_mapping_with_no_taskflow_operators.py for tasks to queue
[2023-10-13T01:27:41.130+0000] {logging_mixin.py:151} INFO - [2023-10-13T01:27:41.125+0000] {dagbag.py:536} INFO - Filling up the DagBag from /home/airflow/.local/lib/python3.8/site-packages/airflow/example_dags/example_dynamic_task_mapping_with_no_taskflow_operators.py
[2023-10-13T01:27:41.137+0000] {processor.py:839} INFO - DAG(s) dict_keys(['example_dynamic_task_mapping_with_no_taskflow_operators']) retrieved from /home/airflow/.local/lib/python3.8/site-packages/airflow/example_dags/example_dynamic_task_mapping_with_no_taskflow_operators.py
[2023-10-13T01:27:41.205+0000] {logging_mixin.py:151} INFO - [2023-10-13T01:27:41.205+0000] {dag.py:2941} INFO - Sync 1 DAGs
[2023-10-13T01:27:41.268+0000] {logging_mixin.py:151} INFO - [2023-10-13T01:27:41.268+0000] {dag.py:3722} INFO - Setting next_dagrun for example_dynamic_task_mapping_with_no_taskflow_operators to 2023-10-12T01:27:41.267917+00:00, run_after=2023-10-13T01:27:41.267917+00:00
[2023-10-13T01:27:41.331+0000] {processor.py:179} INFO - Processing /home/airflow/.local/lib/python3.8/site-packages/airflow/example_dags/example_dynamic_task_mapping_with_no_taskflow_operators.py took 0.218 seconds
