[2023-10-13T00:52:51.729+0000] {processor.py:157} INFO - Started process (PID=56) to work on /home/airflow/.local/lib/python3.8/site-packages/airflow/example_dags/example_kubernetes_executor.py
[2023-10-13T00:52:51.732+0000] {processor.py:829} INFO - Processing file /home/airflow/.local/lib/python3.8/site-packages/airflow/example_dags/example_kubernetes_executor.py for tasks to queue
[2023-10-13T00:52:51.737+0000] {logging_mixin.py:151} INFO - [2023-10-13T00:52:51.737+0000] {dagbag.py:536} INFO - Filling up the DagBag from /home/airflow/.local/lib/python3.8/site-packages/airflow/example_dags/example_kubernetes_executor.py
[2023-10-13T00:52:51.845+0000] {processor.py:839} INFO - DAG(s) dict_keys(['example_kubernetes_executor']) retrieved from /home/airflow/.local/lib/python3.8/site-packages/airflow/example_dags/example_kubernetes_executor.py
[2023-10-13T00:52:52.004+0000] {logging_mixin.py:151} INFO - [2023-10-13T00:52:52.004+0000] {dag.py:2941} INFO - Sync 1 DAGs
[2023-10-13T00:52:52.042+0000] {logging_mixin.py:151} INFO - [2023-10-13T00:52:52.042+0000] {dag.py:3722} INFO - Setting next_dagrun for example_kubernetes_executor to None, run_after=None
[2023-10-13T00:52:52.099+0000] {processor.py:179} INFO - Processing /home/airflow/.local/lib/python3.8/site-packages/airflow/example_dags/example_kubernetes_executor.py took 0.373 seconds
[2023-10-13T00:53:22.424+0000] {processor.py:157} INFO - Started process (PID=109) to work on /home/airflow/.local/lib/python3.8/site-packages/airflow/example_dags/example_kubernetes_executor.py
[2023-10-13T00:53:22.425+0000] {processor.py:829} INFO - Processing file /home/airflow/.local/lib/python3.8/site-packages/airflow/example_dags/example_kubernetes_executor.py for tasks to queue
[2023-10-13T00:53:22.427+0000] {logging_mixin.py:151} INFO - [2023-10-13T00:53:22.426+0000] {dagbag.py:536} INFO - Filling up the DagBag from /home/airflow/.local/lib/python3.8/site-packages/airflow/example_dags/example_kubernetes_executor.py
[2023-10-13T00:53:22.444+0000] {processor.py:839} INFO - DAG(s) dict_keys(['example_kubernetes_executor']) retrieved from /home/airflow/.local/lib/python3.8/site-packages/airflow/example_dags/example_kubernetes_executor.py
[2023-10-13T00:53:22.490+0000] {logging_mixin.py:151} INFO - [2023-10-13T00:53:22.489+0000] {dag.py:2941} INFO - Sync 1 DAGs
[2023-10-13T00:53:22.507+0000] {logging_mixin.py:151} INFO - [2023-10-13T00:53:22.507+0000] {dag.py:3722} INFO - Setting next_dagrun for example_kubernetes_executor to None, run_after=None
[2023-10-13T00:53:22.717+0000] {processor.py:179} INFO - Processing /home/airflow/.local/lib/python3.8/site-packages/airflow/example_dags/example_kubernetes_executor.py took 0.297 seconds
[2023-10-13T00:53:53.405+0000] {processor.py:157} INFO - Started process (PID=164) to work on /home/airflow/.local/lib/python3.8/site-packages/airflow/example_dags/example_kubernetes_executor.py
[2023-10-13T00:53:53.406+0000] {processor.py:829} INFO - Processing file /home/airflow/.local/lib/python3.8/site-packages/airflow/example_dags/example_kubernetes_executor.py for tasks to queue
[2023-10-13T00:53:53.409+0000] {logging_mixin.py:151} INFO - [2023-10-13T00:53:53.409+0000] {dagbag.py:536} INFO - Filling up the DagBag from /home/airflow/.local/lib/python3.8/site-packages/airflow/example_dags/example_kubernetes_executor.py
[2023-10-13T00:53:53.433+0000] {processor.py:839} INFO - DAG(s) dict_keys(['example_kubernetes_executor']) retrieved from /home/airflow/.local/lib/python3.8/site-packages/airflow/example_dags/example_kubernetes_executor.py
[2023-10-13T00:53:53.499+0000] {logging_mixin.py:151} INFO - [2023-10-13T00:53:53.499+0000] {dag.py:2941} INFO - Sync 1 DAGs
[2023-10-13T00:53:53.525+0000] {logging_mixin.py:151} INFO - [2023-10-13T00:53:53.525+0000] {dag.py:3722} INFO - Setting next_dagrun for example_kubernetes_executor to None, run_after=None
[2023-10-13T00:53:53.611+0000] {processor.py:179} INFO - Processing /home/airflow/.local/lib/python3.8/site-packages/airflow/example_dags/example_kubernetes_executor.py took 0.212 seconds
[2023-10-13T00:54:24.434+0000] {processor.py:157} INFO - Started process (PID=218) to work on /home/airflow/.local/lib/python3.8/site-packages/airflow/example_dags/example_kubernetes_executor.py
[2023-10-13T00:54:24.435+0000] {processor.py:829} INFO - Processing file /home/airflow/.local/lib/python3.8/site-packages/airflow/example_dags/example_kubernetes_executor.py for tasks to queue
[2023-10-13T00:54:24.439+0000] {logging_mixin.py:151} INFO - [2023-10-13T00:54:24.438+0000] {dagbag.py:536} INFO - Filling up the DagBag from /home/airflow/.local/lib/python3.8/site-packages/airflow/example_dags/example_kubernetes_executor.py
[2023-10-13T00:54:24.472+0000] {processor.py:839} INFO - DAG(s) dict_keys(['example_kubernetes_executor']) retrieved from /home/airflow/.local/lib/python3.8/site-packages/airflow/example_dags/example_kubernetes_executor.py
[2023-10-13T00:54:24.559+0000] {logging_mixin.py:151} INFO - [2023-10-13T00:54:24.559+0000] {dag.py:2941} INFO - Sync 1 DAGs
[2023-10-13T00:54:24.589+0000] {logging_mixin.py:151} INFO - [2023-10-13T00:54:24.588+0000] {dag.py:3722} INFO - Setting next_dagrun for example_kubernetes_executor to None, run_after=None
[2023-10-13T00:54:24.639+0000] {processor.py:179} INFO - Processing /home/airflow/.local/lib/python3.8/site-packages/airflow/example_dags/example_kubernetes_executor.py took 0.215 seconds
[2023-10-13T00:54:54.743+0000] {processor.py:157} INFO - Started process (PID=271) to work on /home/airflow/.local/lib/python3.8/site-packages/airflow/example_dags/example_kubernetes_executor.py
[2023-10-13T00:54:54.768+0000] {processor.py:829} INFO - Processing file /home/airflow/.local/lib/python3.8/site-packages/airflow/example_dags/example_kubernetes_executor.py for tasks to queue
[2023-10-13T00:54:54.772+0000] {logging_mixin.py:151} INFO - [2023-10-13T00:54:54.772+0000] {dagbag.py:536} INFO - Filling up the DagBag from /home/airflow/.local/lib/python3.8/site-packages/airflow/example_dags/example_kubernetes_executor.py
[2023-10-13T00:54:54.832+0000] {processor.py:839} INFO - DAG(s) dict_keys(['example_kubernetes_executor']) retrieved from /home/airflow/.local/lib/python3.8/site-packages/airflow/example_dags/example_kubernetes_executor.py
[2023-10-13T00:54:54.923+0000] {logging_mixin.py:151} INFO - [2023-10-13T00:54:54.922+0000] {dag.py:2941} INFO - Sync 1 DAGs
[2023-10-13T00:54:54.948+0000] {logging_mixin.py:151} INFO - [2023-10-13T00:54:54.947+0000] {dag.py:3722} INFO - Setting next_dagrun for example_kubernetes_executor to None, run_after=None
[2023-10-13T00:54:55.003+0000] {processor.py:179} INFO - Processing /home/airflow/.local/lib/python3.8/site-packages/airflow/example_dags/example_kubernetes_executor.py took 0.266 seconds
[2023-10-13T00:55:25.711+0000] {processor.py:157} INFO - Started process (PID=325) to work on /home/airflow/.local/lib/python3.8/site-packages/airflow/example_dags/example_kubernetes_executor.py
[2023-10-13T00:55:25.713+0000] {processor.py:829} INFO - Processing file /home/airflow/.local/lib/python3.8/site-packages/airflow/example_dags/example_kubernetes_executor.py for tasks to queue
[2023-10-13T00:55:25.716+0000] {logging_mixin.py:151} INFO - [2023-10-13T00:55:25.716+0000] {dagbag.py:536} INFO - Filling up the DagBag from /home/airflow/.local/lib/python3.8/site-packages/airflow/example_dags/example_kubernetes_executor.py
[2023-10-13T00:55:25.737+0000] {processor.py:839} INFO - DAG(s) dict_keys(['example_kubernetes_executor']) retrieved from /home/airflow/.local/lib/python3.8/site-packages/airflow/example_dags/example_kubernetes_executor.py
[2023-10-13T00:55:25.825+0000] {logging_mixin.py:151} INFO - [2023-10-13T00:55:25.825+0000] {dag.py:2941} INFO - Sync 1 DAGs
[2023-10-13T00:55:25.842+0000] {logging_mixin.py:151} INFO - [2023-10-13T00:55:25.842+0000] {dag.py:3722} INFO - Setting next_dagrun for example_kubernetes_executor to None, run_after=None
[2023-10-13T00:55:25.898+0000] {processor.py:179} INFO - Processing /home/airflow/.local/lib/python3.8/site-packages/airflow/example_dags/example_kubernetes_executor.py took 0.191 seconds
[2023-10-13T01:14:46.490+0000] {processor.py:157} INFO - Started process (PID=50) to work on /home/airflow/.local/lib/python3.8/site-packages/airflow/example_dags/example_kubernetes_executor.py
[2023-10-13T01:14:46.491+0000] {processor.py:829} INFO - Processing file /home/airflow/.local/lib/python3.8/site-packages/airflow/example_dags/example_kubernetes_executor.py for tasks to queue
[2023-10-13T01:14:46.493+0000] {logging_mixin.py:151} INFO - [2023-10-13T01:14:46.493+0000] {dagbag.py:536} INFO - Filling up the DagBag from /home/airflow/.local/lib/python3.8/site-packages/airflow/example_dags/example_kubernetes_executor.py
[2023-10-13T01:14:46.515+0000] {processor.py:839} INFO - DAG(s) dict_keys(['example_kubernetes_executor']) retrieved from /home/airflow/.local/lib/python3.8/site-packages/airflow/example_dags/example_kubernetes_executor.py
[2023-10-13T01:14:46.574+0000] {logging_mixin.py:151} INFO - [2023-10-13T01:14:46.574+0000] {dag.py:2941} INFO - Sync 1 DAGs
[2023-10-13T01:14:46.592+0000] {logging_mixin.py:151} INFO - [2023-10-13T01:14:46.592+0000] {dag.py:3722} INFO - Setting next_dagrun for example_kubernetes_executor to None, run_after=None
[2023-10-13T01:14:46.622+0000] {processor.py:179} INFO - Processing /home/airflow/.local/lib/python3.8/site-packages/airflow/example_dags/example_kubernetes_executor.py took 0.136 seconds
[2023-10-13T01:15:17.402+0000] {processor.py:157} INFO - Started process (PID=105) to work on /home/airflow/.local/lib/python3.8/site-packages/airflow/example_dags/example_kubernetes_executor.py
[2023-10-13T01:15:17.425+0000] {processor.py:829} INFO - Processing file /home/airflow/.local/lib/python3.8/site-packages/airflow/example_dags/example_kubernetes_executor.py for tasks to queue
[2023-10-13T01:15:17.426+0000] {logging_mixin.py:151} INFO - [2023-10-13T01:15:17.426+0000] {dagbag.py:536} INFO - Filling up the DagBag from /home/airflow/.local/lib/python3.8/site-packages/airflow/example_dags/example_kubernetes_executor.py
[2023-10-13T01:15:17.441+0000] {processor.py:839} INFO - DAG(s) dict_keys(['example_kubernetes_executor']) retrieved from /home/airflow/.local/lib/python3.8/site-packages/airflow/example_dags/example_kubernetes_executor.py
[2023-10-13T01:15:17.477+0000] {logging_mixin.py:151} INFO - [2023-10-13T01:15:17.477+0000] {dag.py:2941} INFO - Sync 1 DAGs
[2023-10-13T01:15:17.490+0000] {logging_mixin.py:151} INFO - [2023-10-13T01:15:17.490+0000] {dag.py:3722} INFO - Setting next_dagrun for example_kubernetes_executor to None, run_after=None
[2023-10-13T01:15:17.535+0000] {processor.py:179} INFO - Processing /home/airflow/.local/lib/python3.8/site-packages/airflow/example_dags/example_kubernetes_executor.py took 0.136 seconds
[2023-10-13T01:15:48.192+0000] {processor.py:157} INFO - Started process (PID=159) to work on /home/airflow/.local/lib/python3.8/site-packages/airflow/example_dags/example_kubernetes_executor.py
[2023-10-13T01:15:48.193+0000] {processor.py:829} INFO - Processing file /home/airflow/.local/lib/python3.8/site-packages/airflow/example_dags/example_kubernetes_executor.py for tasks to queue
[2023-10-13T01:15:48.195+0000] {logging_mixin.py:151} INFO - [2023-10-13T01:15:48.195+0000] {dagbag.py:536} INFO - Filling up the DagBag from /home/airflow/.local/lib/python3.8/site-packages/airflow/example_dags/example_kubernetes_executor.py
[2023-10-13T01:15:48.216+0000] {processor.py:839} INFO - DAG(s) dict_keys(['example_kubernetes_executor']) retrieved from /home/airflow/.local/lib/python3.8/site-packages/airflow/example_dags/example_kubernetes_executor.py
[2023-10-13T01:15:48.275+0000] {logging_mixin.py:151} INFO - [2023-10-13T01:15:48.274+0000] {dag.py:2941} INFO - Sync 1 DAGs
[2023-10-13T01:15:48.293+0000] {logging_mixin.py:151} INFO - [2023-10-13T01:15:48.293+0000] {dag.py:3722} INFO - Setting next_dagrun for example_kubernetes_executor to None, run_after=None
[2023-10-13T01:15:48.328+0000] {processor.py:179} INFO - Processing /home/airflow/.local/lib/python3.8/site-packages/airflow/example_dags/example_kubernetes_executor.py took 0.141 seconds
[2023-10-13T01:16:18.430+0000] {processor.py:157} INFO - Started process (PID=212) to work on /home/airflow/.local/lib/python3.8/site-packages/airflow/example_dags/example_kubernetes_executor.py
[2023-10-13T01:16:18.457+0000] {processor.py:829} INFO - Processing file /home/airflow/.local/lib/python3.8/site-packages/airflow/example_dags/example_kubernetes_executor.py for tasks to queue
[2023-10-13T01:16:18.460+0000] {logging_mixin.py:151} INFO - [2023-10-13T01:16:18.460+0000] {dagbag.py:536} INFO - Filling up the DagBag from /home/airflow/.local/lib/python3.8/site-packages/airflow/example_dags/example_kubernetes_executor.py
[2023-10-13T01:16:18.479+0000] {processor.py:839} INFO - DAG(s) dict_keys(['example_kubernetes_executor']) retrieved from /home/airflow/.local/lib/python3.8/site-packages/airflow/example_dags/example_kubernetes_executor.py
[2023-10-13T01:16:18.516+0000] {logging_mixin.py:151} INFO - [2023-10-13T01:16:18.515+0000] {dag.py:2941} INFO - Sync 1 DAGs
[2023-10-13T01:16:18.531+0000] {logging_mixin.py:151} INFO - [2023-10-13T01:16:18.531+0000] {dag.py:3722} INFO - Setting next_dagrun for example_kubernetes_executor to None, run_after=None
[2023-10-13T01:16:18.586+0000] {processor.py:179} INFO - Processing /home/airflow/.local/lib/python3.8/site-packages/airflow/example_dags/example_kubernetes_executor.py took 0.161 seconds
[2023-10-13T01:16:48.631+0000] {processor.py:157} INFO - Started process (PID=267) to work on /home/airflow/.local/lib/python3.8/site-packages/airflow/example_dags/example_kubernetes_executor.py
[2023-10-13T01:16:48.632+0000] {processor.py:829} INFO - Processing file /home/airflow/.local/lib/python3.8/site-packages/airflow/example_dags/example_kubernetes_executor.py for tasks to queue
[2023-10-13T01:16:48.638+0000] {logging_mixin.py:151} INFO - [2023-10-13T01:16:48.637+0000] {dagbag.py:536} INFO - Filling up the DagBag from /home/airflow/.local/lib/python3.8/site-packages/airflow/example_dags/example_kubernetes_executor.py
[2023-10-13T01:16:48.680+0000] {processor.py:839} INFO - DAG(s) dict_keys(['example_kubernetes_executor']) retrieved from /home/airflow/.local/lib/python3.8/site-packages/airflow/example_dags/example_kubernetes_executor.py
[2023-10-13T01:16:48.788+0000] {logging_mixin.py:151} INFO - [2023-10-13T01:16:48.788+0000] {dag.py:2941} INFO - Sync 1 DAGs
[2023-10-13T01:16:48.809+0000] {logging_mixin.py:151} INFO - [2023-10-13T01:16:48.808+0000] {dag.py:3722} INFO - Setting next_dagrun for example_kubernetes_executor to None, run_after=None
[2023-10-13T01:16:48.851+0000] {processor.py:179} INFO - Processing /home/airflow/.local/lib/python3.8/site-packages/airflow/example_dags/example_kubernetes_executor.py took 0.226 seconds
[2023-10-13T01:17:18.925+0000] {processor.py:157} INFO - Started process (PID=321) to work on /home/airflow/.local/lib/python3.8/site-packages/airflow/example_dags/example_kubernetes_executor.py
[2023-10-13T01:17:18.928+0000] {processor.py:829} INFO - Processing file /home/airflow/.local/lib/python3.8/site-packages/airflow/example_dags/example_kubernetes_executor.py for tasks to queue
[2023-10-13T01:17:18.931+0000] {logging_mixin.py:151} INFO - [2023-10-13T01:17:18.930+0000] {dagbag.py:536} INFO - Filling up the DagBag from /home/airflow/.local/lib/python3.8/site-packages/airflow/example_dags/example_kubernetes_executor.py
[2023-10-13T01:17:18.957+0000] {processor.py:839} INFO - DAG(s) dict_keys(['example_kubernetes_executor']) retrieved from /home/airflow/.local/lib/python3.8/site-packages/airflow/example_dags/example_kubernetes_executor.py
[2023-10-13T01:17:19.005+0000] {logging_mixin.py:151} INFO - [2023-10-13T01:17:19.005+0000] {dag.py:2941} INFO - Sync 1 DAGs
[2023-10-13T01:17:19.020+0000] {logging_mixin.py:151} INFO - [2023-10-13T01:17:19.020+0000] {dag.py:3722} INFO - Setting next_dagrun for example_kubernetes_executor to None, run_after=None
[2023-10-13T01:17:19.079+0000] {processor.py:179} INFO - Processing /home/airflow/.local/lib/python3.8/site-packages/airflow/example_dags/example_kubernetes_executor.py took 0.159 seconds
[2023-10-13T01:17:49.399+0000] {processor.py:157} INFO - Started process (PID=377) to work on /home/airflow/.local/lib/python3.8/site-packages/airflow/example_dags/example_kubernetes_executor.py
[2023-10-13T01:17:49.400+0000] {processor.py:829} INFO - Processing file /home/airflow/.local/lib/python3.8/site-packages/airflow/example_dags/example_kubernetes_executor.py for tasks to queue
[2023-10-13T01:17:49.404+0000] {logging_mixin.py:151} INFO - [2023-10-13T01:17:49.403+0000] {dagbag.py:536} INFO - Filling up the DagBag from /home/airflow/.local/lib/python3.8/site-packages/airflow/example_dags/example_kubernetes_executor.py
[2023-10-13T01:17:49.426+0000] {processor.py:839} INFO - DAG(s) dict_keys(['example_kubernetes_executor']) retrieved from /home/airflow/.local/lib/python3.8/site-packages/airflow/example_dags/example_kubernetes_executor.py
[2023-10-13T01:17:49.473+0000] {logging_mixin.py:151} INFO - [2023-10-13T01:17:49.472+0000] {dag.py:2941} INFO - Sync 1 DAGs
[2023-10-13T01:17:49.490+0000] {logging_mixin.py:151} INFO - [2023-10-13T01:17:49.489+0000] {dag.py:3722} INFO - Setting next_dagrun for example_kubernetes_executor to None, run_after=None
[2023-10-13T01:17:49.566+0000] {processor.py:179} INFO - Processing /home/airflow/.local/lib/python3.8/site-packages/airflow/example_dags/example_kubernetes_executor.py took 0.172 seconds
[2023-10-13T01:18:20.008+0000] {processor.py:157} INFO - Started process (PID=432) to work on /home/airflow/.local/lib/python3.8/site-packages/airflow/example_dags/example_kubernetes_executor.py
[2023-10-13T01:18:20.009+0000] {processor.py:829} INFO - Processing file /home/airflow/.local/lib/python3.8/site-packages/airflow/example_dags/example_kubernetes_executor.py for tasks to queue
[2023-10-13T01:18:20.012+0000] {logging_mixin.py:151} INFO - [2023-10-13T01:18:20.012+0000] {dagbag.py:536} INFO - Filling up the DagBag from /home/airflow/.local/lib/python3.8/site-packages/airflow/example_dags/example_kubernetes_executor.py
[2023-10-13T01:18:20.039+0000] {processor.py:839} INFO - DAG(s) dict_keys(['example_kubernetes_executor']) retrieved from /home/airflow/.local/lib/python3.8/site-packages/airflow/example_dags/example_kubernetes_executor.py
[2023-10-13T01:18:20.100+0000] {logging_mixin.py:151} INFO - [2023-10-13T01:18:20.100+0000] {dag.py:2941} INFO - Sync 1 DAGs
[2023-10-13T01:18:20.120+0000] {logging_mixin.py:151} INFO - [2023-10-13T01:18:20.120+0000] {dag.py:3722} INFO - Setting next_dagrun for example_kubernetes_executor to None, run_after=None
[2023-10-13T01:18:20.149+0000] {processor.py:179} INFO - Processing /home/airflow/.local/lib/python3.8/site-packages/airflow/example_dags/example_kubernetes_executor.py took 0.146 seconds
[2023-10-13T01:18:51.523+0000] {processor.py:157} INFO - Started process (PID=487) to work on /home/airflow/.local/lib/python3.8/site-packages/airflow/example_dags/example_kubernetes_executor.py
[2023-10-13T01:18:51.524+0000] {processor.py:829} INFO - Processing file /home/airflow/.local/lib/python3.8/site-packages/airflow/example_dags/example_kubernetes_executor.py for tasks to queue
[2023-10-13T01:18:51.526+0000] {logging_mixin.py:151} INFO - [2023-10-13T01:18:51.526+0000] {dagbag.py:536} INFO - Filling up the DagBag from /home/airflow/.local/lib/python3.8/site-packages/airflow/example_dags/example_kubernetes_executor.py
[2023-10-13T01:18:51.573+0000] {processor.py:839} INFO - DAG(s) dict_keys(['example_kubernetes_executor']) retrieved from /home/airflow/.local/lib/python3.8/site-packages/airflow/example_dags/example_kubernetes_executor.py
[2023-10-13T01:18:51.652+0000] {logging_mixin.py:151} INFO - [2023-10-13T01:18:51.651+0000] {dag.py:2941} INFO - Sync 1 DAGs
[2023-10-13T01:18:51.676+0000] {logging_mixin.py:151} INFO - [2023-10-13T01:18:51.676+0000] {dag.py:3722} INFO - Setting next_dagrun for example_kubernetes_executor to None, run_after=None
[2023-10-13T01:18:51.727+0000] {processor.py:179} INFO - Processing /home/airflow/.local/lib/python3.8/site-packages/airflow/example_dags/example_kubernetes_executor.py took 0.208 seconds
[2023-10-13T01:19:21.836+0000] {processor.py:157} INFO - Started process (PID=542) to work on /home/airflow/.local/lib/python3.8/site-packages/airflow/example_dags/example_kubernetes_executor.py
[2023-10-13T01:19:21.837+0000] {processor.py:829} INFO - Processing file /home/airflow/.local/lib/python3.8/site-packages/airflow/example_dags/example_kubernetes_executor.py for tasks to queue
[2023-10-13T01:19:21.839+0000] {logging_mixin.py:151} INFO - [2023-10-13T01:19:21.839+0000] {dagbag.py:536} INFO - Filling up the DagBag from /home/airflow/.local/lib/python3.8/site-packages/airflow/example_dags/example_kubernetes_executor.py
[2023-10-13T01:19:21.858+0000] {processor.py:839} INFO - DAG(s) dict_keys(['example_kubernetes_executor']) retrieved from /home/airflow/.local/lib/python3.8/site-packages/airflow/example_dags/example_kubernetes_executor.py
[2023-10-13T01:19:21.902+0000] {logging_mixin.py:151} INFO - [2023-10-13T01:19:21.901+0000] {dag.py:2941} INFO - Sync 1 DAGs
[2023-10-13T01:19:21.915+0000] {logging_mixin.py:151} INFO - [2023-10-13T01:19:21.915+0000] {dag.py:3722} INFO - Setting next_dagrun for example_kubernetes_executor to None, run_after=None
[2023-10-13T01:19:21.940+0000] {processor.py:179} INFO - Processing /home/airflow/.local/lib/python3.8/site-packages/airflow/example_dags/example_kubernetes_executor.py took 0.108 seconds
[2023-10-13T01:19:52.107+0000] {processor.py:157} INFO - Started process (PID=597) to work on /home/airflow/.local/lib/python3.8/site-packages/airflow/example_dags/example_kubernetes_executor.py
[2023-10-13T01:19:52.108+0000] {processor.py:829} INFO - Processing file /home/airflow/.local/lib/python3.8/site-packages/airflow/example_dags/example_kubernetes_executor.py for tasks to queue
[2023-10-13T01:19:52.111+0000] {logging_mixin.py:151} INFO - [2023-10-13T01:19:52.111+0000] {dagbag.py:536} INFO - Filling up the DagBag from /home/airflow/.local/lib/python3.8/site-packages/airflow/example_dags/example_kubernetes_executor.py
[2023-10-13T01:19:52.127+0000] {processor.py:839} INFO - DAG(s) dict_keys(['example_kubernetes_executor']) retrieved from /home/airflow/.local/lib/python3.8/site-packages/airflow/example_dags/example_kubernetes_executor.py
[2023-10-13T01:19:52.185+0000] {logging_mixin.py:151} INFO - [2023-10-13T01:19:52.185+0000] {dag.py:2941} INFO - Sync 1 DAGs
[2023-10-13T01:19:52.201+0000] {logging_mixin.py:151} INFO - [2023-10-13T01:19:52.200+0000] {dag.py:3722} INFO - Setting next_dagrun for example_kubernetes_executor to None, run_after=None
[2023-10-13T01:19:52.230+0000] {processor.py:179} INFO - Processing /home/airflow/.local/lib/python3.8/site-packages/airflow/example_dags/example_kubernetes_executor.py took 0.126 seconds
[2023-10-13T01:20:23.044+0000] {processor.py:157} INFO - Started process (PID=652) to work on /home/airflow/.local/lib/python3.8/site-packages/airflow/example_dags/example_kubernetes_executor.py
[2023-10-13T01:20:23.045+0000] {processor.py:829} INFO - Processing file /home/airflow/.local/lib/python3.8/site-packages/airflow/example_dags/example_kubernetes_executor.py for tasks to queue
[2023-10-13T01:20:23.048+0000] {logging_mixin.py:151} INFO - [2023-10-13T01:20:23.048+0000] {dagbag.py:536} INFO - Filling up the DagBag from /home/airflow/.local/lib/python3.8/site-packages/airflow/example_dags/example_kubernetes_executor.py
[2023-10-13T01:20:23.068+0000] {processor.py:839} INFO - DAG(s) dict_keys(['example_kubernetes_executor']) retrieved from /home/airflow/.local/lib/python3.8/site-packages/airflow/example_dags/example_kubernetes_executor.py
[2023-10-13T01:20:23.109+0000] {logging_mixin.py:151} INFO - [2023-10-13T01:20:23.109+0000] {dag.py:2941} INFO - Sync 1 DAGs
[2023-10-13T01:20:23.124+0000] {logging_mixin.py:151} INFO - [2023-10-13T01:20:23.124+0000] {dag.py:3722} INFO - Setting next_dagrun for example_kubernetes_executor to None, run_after=None
[2023-10-13T01:20:23.155+0000] {processor.py:179} INFO - Processing /home/airflow/.local/lib/python3.8/site-packages/airflow/example_dags/example_kubernetes_executor.py took 0.116 seconds
[2023-10-13T01:20:54.006+0000] {processor.py:157} INFO - Started process (PID=707) to work on /home/airflow/.local/lib/python3.8/site-packages/airflow/example_dags/example_kubernetes_executor.py
[2023-10-13T01:20:54.014+0000] {processor.py:829} INFO - Processing file /home/airflow/.local/lib/python3.8/site-packages/airflow/example_dags/example_kubernetes_executor.py for tasks to queue
[2023-10-13T01:20:54.017+0000] {logging_mixin.py:151} INFO - [2023-10-13T01:20:54.017+0000] {dagbag.py:536} INFO - Filling up the DagBag from /home/airflow/.local/lib/python3.8/site-packages/airflow/example_dags/example_kubernetes_executor.py
[2023-10-13T01:20:54.043+0000] {processor.py:839} INFO - DAG(s) dict_keys(['example_kubernetes_executor']) retrieved from /home/airflow/.local/lib/python3.8/site-packages/airflow/example_dags/example_kubernetes_executor.py
[2023-10-13T01:20:54.122+0000] {logging_mixin.py:151} INFO - [2023-10-13T01:20:54.121+0000] {dag.py:2941} INFO - Sync 1 DAGs
[2023-10-13T01:20:54.144+0000] {logging_mixin.py:151} INFO - [2023-10-13T01:20:54.144+0000] {dag.py:3722} INFO - Setting next_dagrun for example_kubernetes_executor to None, run_after=None
[2023-10-13T01:20:54.189+0000] {processor.py:179} INFO - Processing /home/airflow/.local/lib/python3.8/site-packages/airflow/example_dags/example_kubernetes_executor.py took 0.188 seconds
[2023-10-13T01:21:26.224+0000] {processor.py:157} INFO - Started process (PID=763) to work on /home/airflow/.local/lib/python3.8/site-packages/airflow/example_dags/example_kubernetes_executor.py
[2023-10-13T01:21:26.225+0000] {processor.py:829} INFO - Processing file /home/airflow/.local/lib/python3.8/site-packages/airflow/example_dags/example_kubernetes_executor.py for tasks to queue
[2023-10-13T01:21:26.227+0000] {logging_mixin.py:151} INFO - [2023-10-13T01:21:26.227+0000] {dagbag.py:536} INFO - Filling up the DagBag from /home/airflow/.local/lib/python3.8/site-packages/airflow/example_dags/example_kubernetes_executor.py
[2023-10-13T01:21:26.241+0000] {processor.py:839} INFO - DAG(s) dict_keys(['example_kubernetes_executor']) retrieved from /home/airflow/.local/lib/python3.8/site-packages/airflow/example_dags/example_kubernetes_executor.py
[2023-10-13T01:21:26.287+0000] {logging_mixin.py:151} INFO - [2023-10-13T01:21:26.287+0000] {dag.py:2941} INFO - Sync 1 DAGs
[2023-10-13T01:21:26.303+0000] {logging_mixin.py:151} INFO - [2023-10-13T01:21:26.303+0000] {dag.py:3722} INFO - Setting next_dagrun for example_kubernetes_executor to None, run_after=None
[2023-10-13T01:21:26.354+0000] {processor.py:179} INFO - Processing /home/airflow/.local/lib/python3.8/site-packages/airflow/example_dags/example_kubernetes_executor.py took 0.134 seconds
[2023-10-13T01:21:56.434+0000] {processor.py:157} INFO - Started process (PID=819) to work on /home/airflow/.local/lib/python3.8/site-packages/airflow/example_dags/example_kubernetes_executor.py
[2023-10-13T01:21:56.435+0000] {processor.py:829} INFO - Processing file /home/airflow/.local/lib/python3.8/site-packages/airflow/example_dags/example_kubernetes_executor.py for tasks to queue
[2023-10-13T01:21:56.437+0000] {logging_mixin.py:151} INFO - [2023-10-13T01:21:56.437+0000] {dagbag.py:536} INFO - Filling up the DagBag from /home/airflow/.local/lib/python3.8/site-packages/airflow/example_dags/example_kubernetes_executor.py
[2023-10-13T01:21:56.460+0000] {processor.py:839} INFO - DAG(s) dict_keys(['example_kubernetes_executor']) retrieved from /home/airflow/.local/lib/python3.8/site-packages/airflow/example_dags/example_kubernetes_executor.py
[2023-10-13T01:21:56.512+0000] {logging_mixin.py:151} INFO - [2023-10-13T01:21:56.512+0000] {dag.py:2941} INFO - Sync 1 DAGs
[2023-10-13T01:21:56.528+0000] {logging_mixin.py:151} INFO - [2023-10-13T01:21:56.528+0000] {dag.py:3722} INFO - Setting next_dagrun for example_kubernetes_executor to None, run_after=None
[2023-10-13T01:21:56.556+0000] {processor.py:179} INFO - Processing /home/airflow/.local/lib/python3.8/site-packages/airflow/example_dags/example_kubernetes_executor.py took 0.127 seconds
[2023-10-13T01:24:41.124+0000] {processor.py:157} INFO - Started process (PID=51) to work on /home/airflow/.local/lib/python3.8/site-packages/airflow/example_dags/example_kubernetes_executor.py
[2023-10-13T01:24:41.128+0000] {processor.py:829} INFO - Processing file /home/airflow/.local/lib/python3.8/site-packages/airflow/example_dags/example_kubernetes_executor.py for tasks to queue
[2023-10-13T01:24:41.134+0000] {logging_mixin.py:151} INFO - [2023-10-13T01:24:41.134+0000] {dagbag.py:536} INFO - Filling up the DagBag from /home/airflow/.local/lib/python3.8/site-packages/airflow/example_dags/example_kubernetes_executor.py
[2023-10-13T01:24:41.182+0000] {processor.py:839} INFO - DAG(s) dict_keys(['example_kubernetes_executor']) retrieved from /home/airflow/.local/lib/python3.8/site-packages/airflow/example_dags/example_kubernetes_executor.py
[2023-10-13T01:24:41.315+0000] {logging_mixin.py:151} INFO - [2023-10-13T01:24:41.314+0000] {dag.py:2941} INFO - Sync 1 DAGs
[2023-10-13T01:24:41.350+0000] {logging_mixin.py:151} INFO - [2023-10-13T01:24:41.349+0000] {dag.py:3722} INFO - Setting next_dagrun for example_kubernetes_executor to None, run_after=None
[2023-10-13T01:24:41.445+0000] {processor.py:179} INFO - Processing /home/airflow/.local/lib/python3.8/site-packages/airflow/example_dags/example_kubernetes_executor.py took 0.336 seconds
[2023-10-13T01:25:11.889+0000] {processor.py:157} INFO - Started process (PID=106) to work on /home/airflow/.local/lib/python3.8/site-packages/airflow/example_dags/example_kubernetes_executor.py
[2023-10-13T01:25:11.912+0000] {processor.py:829} INFO - Processing file /home/airflow/.local/lib/python3.8/site-packages/airflow/example_dags/example_kubernetes_executor.py for tasks to queue
[2023-10-13T01:25:11.913+0000] {logging_mixin.py:151} INFO - [2023-10-13T01:25:11.913+0000] {dagbag.py:536} INFO - Filling up the DagBag from /home/airflow/.local/lib/python3.8/site-packages/airflow/example_dags/example_kubernetes_executor.py
[2023-10-13T01:25:11.925+0000] {processor.py:839} INFO - DAG(s) dict_keys(['example_kubernetes_executor']) retrieved from /home/airflow/.local/lib/python3.8/site-packages/airflow/example_dags/example_kubernetes_executor.py
[2023-10-13T01:25:11.961+0000] {logging_mixin.py:151} INFO - [2023-10-13T01:25:11.960+0000] {dag.py:2941} INFO - Sync 1 DAGs
[2023-10-13T01:25:11.973+0000] {logging_mixin.py:151} INFO - [2023-10-13T01:25:11.973+0000] {dag.py:3722} INFO - Setting next_dagrun for example_kubernetes_executor to None, run_after=None
[2023-10-13T01:25:12.016+0000] {processor.py:179} INFO - Processing /home/airflow/.local/lib/python3.8/site-packages/airflow/example_dags/example_kubernetes_executor.py took 0.130 seconds
[2023-10-13T01:25:42.160+0000] {processor.py:157} INFO - Started process (PID=161) to work on /home/airflow/.local/lib/python3.8/site-packages/airflow/example_dags/example_kubernetes_executor.py
[2023-10-13T01:25:42.161+0000] {processor.py:829} INFO - Processing file /home/airflow/.local/lib/python3.8/site-packages/airflow/example_dags/example_kubernetes_executor.py for tasks to queue
[2023-10-13T01:25:42.164+0000] {logging_mixin.py:151} INFO - [2023-10-13T01:25:42.164+0000] {dagbag.py:536} INFO - Filling up the DagBag from /home/airflow/.local/lib/python3.8/site-packages/airflow/example_dags/example_kubernetes_executor.py
[2023-10-13T01:25:42.187+0000] {processor.py:839} INFO - DAG(s) dict_keys(['example_kubernetes_executor']) retrieved from /home/airflow/.local/lib/python3.8/site-packages/airflow/example_dags/example_kubernetes_executor.py
[2023-10-13T01:25:42.233+0000] {logging_mixin.py:151} INFO - [2023-10-13T01:25:42.232+0000] {dag.py:2941} INFO - Sync 1 DAGs
[2023-10-13T01:25:42.249+0000] {logging_mixin.py:151} INFO - [2023-10-13T01:25:42.249+0000] {dag.py:3722} INFO - Setting next_dagrun for example_kubernetes_executor to None, run_after=None
[2023-10-13T01:25:42.285+0000] {processor.py:179} INFO - Processing /home/airflow/.local/lib/python3.8/site-packages/airflow/example_dags/example_kubernetes_executor.py took 0.129 seconds
[2023-10-13T01:26:12.470+0000] {processor.py:157} INFO - Started process (PID=214) to work on /home/airflow/.local/lib/python3.8/site-packages/airflow/example_dags/example_kubernetes_executor.py
[2023-10-13T01:26:12.490+0000] {processor.py:829} INFO - Processing file /home/airflow/.local/lib/python3.8/site-packages/airflow/example_dags/example_kubernetes_executor.py for tasks to queue
[2023-10-13T01:26:12.494+0000] {logging_mixin.py:151} INFO - [2023-10-13T01:26:12.494+0000] {dagbag.py:536} INFO - Filling up the DagBag from /home/airflow/.local/lib/python3.8/site-packages/airflow/example_dags/example_kubernetes_executor.py
[2023-10-13T01:26:12.519+0000] {processor.py:839} INFO - DAG(s) dict_keys(['example_kubernetes_executor']) retrieved from /home/airflow/.local/lib/python3.8/site-packages/airflow/example_dags/example_kubernetes_executor.py
[2023-10-13T01:26:12.581+0000] {logging_mixin.py:151} INFO - [2023-10-13T01:26:12.581+0000] {dag.py:2941} INFO - Sync 1 DAGs
[2023-10-13T01:26:12.597+0000] {logging_mixin.py:151} INFO - [2023-10-13T01:26:12.597+0000] {dag.py:3722} INFO - Setting next_dagrun for example_kubernetes_executor to None, run_after=None
[2023-10-13T01:26:12.631+0000] {processor.py:179} INFO - Processing /home/airflow/.local/lib/python3.8/site-packages/airflow/example_dags/example_kubernetes_executor.py took 0.165 seconds
[2023-10-13T01:26:43.360+0000] {processor.py:157} INFO - Started process (PID=270) to work on /home/airflow/.local/lib/python3.8/site-packages/airflow/example_dags/example_kubernetes_executor.py
[2023-10-13T01:26:43.361+0000] {processor.py:829} INFO - Processing file /home/airflow/.local/lib/python3.8/site-packages/airflow/example_dags/example_kubernetes_executor.py for tasks to queue
[2023-10-13T01:26:43.364+0000] {logging_mixin.py:151} INFO - [2023-10-13T01:26:43.363+0000] {dagbag.py:536} INFO - Filling up the DagBag from /home/airflow/.local/lib/python3.8/site-packages/airflow/example_dags/example_kubernetes_executor.py
[2023-10-13T01:26:43.382+0000] {processor.py:839} INFO - DAG(s) dict_keys(['example_kubernetes_executor']) retrieved from /home/airflow/.local/lib/python3.8/site-packages/airflow/example_dags/example_kubernetes_executor.py
[2023-10-13T01:26:43.437+0000] {logging_mixin.py:151} INFO - [2023-10-13T01:26:43.436+0000] {dag.py:2941} INFO - Sync 1 DAGs
[2023-10-13T01:26:43.460+0000] {logging_mixin.py:151} INFO - [2023-10-13T01:26:43.460+0000] {dag.py:3722} INFO - Setting next_dagrun for example_kubernetes_executor to None, run_after=None
[2023-10-13T01:26:43.507+0000] {processor.py:179} INFO - Processing /home/airflow/.local/lib/python3.8/site-packages/airflow/example_dags/example_kubernetes_executor.py took 0.152 seconds
[2023-10-13T01:27:14.485+0000] {processor.py:157} INFO - Started process (PID=325) to work on /home/airflow/.local/lib/python3.8/site-packages/airflow/example_dags/example_kubernetes_executor.py
[2023-10-13T01:27:14.485+0000] {processor.py:829} INFO - Processing file /home/airflow/.local/lib/python3.8/site-packages/airflow/example_dags/example_kubernetes_executor.py for tasks to queue
[2023-10-13T01:27:14.488+0000] {logging_mixin.py:151} INFO - [2023-10-13T01:27:14.488+0000] {dagbag.py:536} INFO - Filling up the DagBag from /home/airflow/.local/lib/python3.8/site-packages/airflow/example_dags/example_kubernetes_executor.py
[2023-10-13T01:27:14.508+0000] {processor.py:839} INFO - DAG(s) dict_keys(['example_kubernetes_executor']) retrieved from /home/airflow/.local/lib/python3.8/site-packages/airflow/example_dags/example_kubernetes_executor.py
[2023-10-13T01:27:14.555+0000] {logging_mixin.py:151} INFO - [2023-10-13T01:27:14.554+0000] {dag.py:2941} INFO - Sync 1 DAGs
[2023-10-13T01:27:14.573+0000] {logging_mixin.py:151} INFO - [2023-10-13T01:27:14.572+0000] {dag.py:3722} INFO - Setting next_dagrun for example_kubernetes_executor to None, run_after=None
[2023-10-13T01:27:14.607+0000] {processor.py:179} INFO - Processing /home/airflow/.local/lib/python3.8/site-packages/airflow/example_dags/example_kubernetes_executor.py took 0.127 seconds
[2023-10-13T01:27:45.154+0000] {processor.py:157} INFO - Started process (PID=380) to work on /home/airflow/.local/lib/python3.8/site-packages/airflow/example_dags/example_kubernetes_executor.py
[2023-10-13T01:27:45.168+0000] {processor.py:829} INFO - Processing file /home/airflow/.local/lib/python3.8/site-packages/airflow/example_dags/example_kubernetes_executor.py for tasks to queue
[2023-10-13T01:27:45.171+0000] {logging_mixin.py:151} INFO - [2023-10-13T01:27:45.170+0000] {dagbag.py:536} INFO - Filling up the DagBag from /home/airflow/.local/lib/python3.8/site-packages/airflow/example_dags/example_kubernetes_executor.py
[2023-10-13T01:27:45.221+0000] {processor.py:839} INFO - DAG(s) dict_keys(['example_kubernetes_executor']) retrieved from /home/airflow/.local/lib/python3.8/site-packages/airflow/example_dags/example_kubernetes_executor.py
[2023-10-13T01:27:45.312+0000] {logging_mixin.py:151} INFO - [2023-10-13T01:27:45.312+0000] {dag.py:2941} INFO - Sync 1 DAGs
[2023-10-13T01:27:45.356+0000] {logging_mixin.py:151} INFO - [2023-10-13T01:27:45.355+0000] {dag.py:3722} INFO - Setting next_dagrun for example_kubernetes_executor to None, run_after=None
[2023-10-13T01:27:45.428+0000] {processor.py:179} INFO - Processing /home/airflow/.local/lib/python3.8/site-packages/airflow/example_dags/example_kubernetes_executor.py took 0.294 seconds
