[2023-10-13T00:52:55.685+0000] {processor.py:157} INFO - Started process (PID=74) to work on /home/airflow/.local/lib/python3.8/site-packages/airflow/example_dags/example_task_group.py
[2023-10-13T00:52:55.686+0000] {processor.py:829} INFO - Processing file /home/airflow/.local/lib/python3.8/site-packages/airflow/example_dags/example_task_group.py for tasks to queue
[2023-10-13T00:52:55.688+0000] {logging_mixin.py:151} INFO - [2023-10-13T00:52:55.688+0000] {dagbag.py:536} INFO - Filling up the DagBag from /home/airflow/.local/lib/python3.8/site-packages/airflow/example_dags/example_task_group.py
[2023-10-13T00:52:55.714+0000] {processor.py:839} INFO - DAG(s) dict_keys(['example_task_group']) retrieved from /home/airflow/.local/lib/python3.8/site-packages/airflow/example_dags/example_task_group.py
[2023-10-13T00:52:55.788+0000] {logging_mixin.py:151} INFO - [2023-10-13T00:52:55.788+0000] {dag.py:2941} INFO - Sync 1 DAGs
[2023-10-13T00:52:55.853+0000] {logging_mixin.py:151} INFO - [2023-10-13T00:52:55.853+0000] {dag.py:3722} INFO - Setting next_dagrun for example_task_group to 2023-10-12T00:52:55.852900+00:00, run_after=2023-10-13T00:52:55.852900+00:00
[2023-10-13T00:52:56.178+0000] {processor.py:179} INFO - Processing /home/airflow/.local/lib/python3.8/site-packages/airflow/example_dags/example_task_group.py took 0.514 seconds
[2023-10-13T00:53:26.297+0000] {processor.py:157} INFO - Started process (PID=127) to work on /home/airflow/.local/lib/python3.8/site-packages/airflow/example_dags/example_task_group.py
[2023-10-13T00:53:26.299+0000] {processor.py:829} INFO - Processing file /home/airflow/.local/lib/python3.8/site-packages/airflow/example_dags/example_task_group.py for tasks to queue
[2023-10-13T00:53:26.315+0000] {logging_mixin.py:151} INFO - [2023-10-13T00:53:26.314+0000] {dagbag.py:536} INFO - Filling up the DagBag from /home/airflow/.local/lib/python3.8/site-packages/airflow/example_dags/example_task_group.py
[2023-10-13T00:53:26.335+0000] {processor.py:839} INFO - DAG(s) dict_keys(['example_task_group']) retrieved from /home/airflow/.local/lib/python3.8/site-packages/airflow/example_dags/example_task_group.py
[2023-10-13T00:53:26.432+0000] {logging_mixin.py:151} INFO - [2023-10-13T00:53:26.432+0000] {dag.py:2941} INFO - Sync 1 DAGs
[2023-10-13T00:53:26.490+0000] {logging_mixin.py:151} INFO - [2023-10-13T00:53:26.489+0000] {dag.py:3722} INFO - Setting next_dagrun for example_task_group to 2023-10-12T00:53:26.489361+00:00, run_after=2023-10-13T00:53:26.489361+00:00
[2023-10-13T00:53:26.595+0000] {processor.py:179} INFO - Processing /home/airflow/.local/lib/python3.8/site-packages/airflow/example_dags/example_task_group.py took 0.303 seconds
[2023-10-13T00:53:57.656+0000] {processor.py:157} INFO - Started process (PID=182) to work on /home/airflow/.local/lib/python3.8/site-packages/airflow/example_dags/example_task_group.py
[2023-10-13T00:53:57.709+0000] {processor.py:829} INFO - Processing file /home/airflow/.local/lib/python3.8/site-packages/airflow/example_dags/example_task_group.py for tasks to queue
[2023-10-13T00:53:57.712+0000] {logging_mixin.py:151} INFO - [2023-10-13T00:53:57.712+0000] {dagbag.py:536} INFO - Filling up the DagBag from /home/airflow/.local/lib/python3.8/site-packages/airflow/example_dags/example_task_group.py
[2023-10-13T00:53:57.728+0000] {processor.py:839} INFO - DAG(s) dict_keys(['example_task_group']) retrieved from /home/airflow/.local/lib/python3.8/site-packages/airflow/example_dags/example_task_group.py
[2023-10-13T00:53:57.787+0000] {logging_mixin.py:151} INFO - [2023-10-13T00:53:57.786+0000] {dag.py:2941} INFO - Sync 1 DAGs
[2023-10-13T00:53:57.843+0000] {logging_mixin.py:151} INFO - [2023-10-13T00:53:57.843+0000] {dag.py:3722} INFO - Setting next_dagrun for example_task_group to 2023-10-12T00:53:57.843134+00:00, run_after=2023-10-13T00:53:57.843134+00:00
[2023-10-13T00:53:58.058+0000] {processor.py:179} INFO - Processing /home/airflow/.local/lib/python3.8/site-packages/airflow/example_dags/example_task_group.py took 0.409 seconds
[2023-10-13T00:54:28.385+0000] {processor.py:157} INFO - Started process (PID=236) to work on /home/airflow/.local/lib/python3.8/site-packages/airflow/example_dags/example_task_group.py
[2023-10-13T00:54:28.386+0000] {processor.py:829} INFO - Processing file /home/airflow/.local/lib/python3.8/site-packages/airflow/example_dags/example_task_group.py for tasks to queue
[2023-10-13T00:54:28.392+0000] {logging_mixin.py:151} INFO - [2023-10-13T00:54:28.392+0000] {dagbag.py:536} INFO - Filling up the DagBag from /home/airflow/.local/lib/python3.8/site-packages/airflow/example_dags/example_task_group.py
[2023-10-13T00:54:28.411+0000] {processor.py:839} INFO - DAG(s) dict_keys(['example_task_group']) retrieved from /home/airflow/.local/lib/python3.8/site-packages/airflow/example_dags/example_task_group.py
[2023-10-13T00:54:28.468+0000] {logging_mixin.py:151} INFO - [2023-10-13T00:54:28.467+0000] {dag.py:2941} INFO - Sync 1 DAGs
[2023-10-13T00:54:28.525+0000] {logging_mixin.py:151} INFO - [2023-10-13T00:54:28.524+0000] {dag.py:3722} INFO - Setting next_dagrun for example_task_group to 2023-10-12T00:54:28.524538+00:00, run_after=2023-10-13T00:54:28.524538+00:00
[2023-10-13T00:54:28.577+0000] {processor.py:179} INFO - Processing /home/airflow/.local/lib/python3.8/site-packages/airflow/example_dags/example_task_group.py took 0.201 seconds
[2023-10-13T00:54:59.488+0000] {processor.py:157} INFO - Started process (PID=290) to work on /home/airflow/.local/lib/python3.8/site-packages/airflow/example_dags/example_task_group.py
[2023-10-13T00:54:59.512+0000] {processor.py:829} INFO - Processing file /home/airflow/.local/lib/python3.8/site-packages/airflow/example_dags/example_task_group.py for tasks to queue
[2023-10-13T00:54:59.515+0000] {logging_mixin.py:151} INFO - [2023-10-13T00:54:59.515+0000] {dagbag.py:536} INFO - Filling up the DagBag from /home/airflow/.local/lib/python3.8/site-packages/airflow/example_dags/example_task_group.py
[2023-10-13T00:54:59.537+0000] {processor.py:839} INFO - DAG(s) dict_keys(['example_task_group']) retrieved from /home/airflow/.local/lib/python3.8/site-packages/airflow/example_dags/example_task_group.py
[2023-10-13T00:54:59.616+0000] {logging_mixin.py:151} INFO - [2023-10-13T00:54:59.615+0000] {dag.py:2941} INFO - Sync 1 DAGs
[2023-10-13T00:54:59.681+0000] {logging_mixin.py:151} INFO - [2023-10-13T00:54:59.681+0000] {dag.py:3722} INFO - Setting next_dagrun for example_task_group to 2023-10-12T00:54:59.680404+00:00, run_after=2023-10-13T00:54:59.680404+00:00
[2023-10-13T00:54:59.759+0000] {processor.py:179} INFO - Processing /home/airflow/.local/lib/python3.8/site-packages/airflow/example_dags/example_task_group.py took 0.284 seconds
[2023-10-13T00:55:30.434+0000] {processor.py:157} INFO - Started process (PID=344) to work on /home/airflow/.local/lib/python3.8/site-packages/airflow/example_dags/example_task_group.py
[2023-10-13T00:55:30.437+0000] {processor.py:829} INFO - Processing file /home/airflow/.local/lib/python3.8/site-packages/airflow/example_dags/example_task_group.py for tasks to queue
[2023-10-13T00:55:30.442+0000] {logging_mixin.py:151} INFO - [2023-10-13T00:55:30.442+0000] {dagbag.py:536} INFO - Filling up the DagBag from /home/airflow/.local/lib/python3.8/site-packages/airflow/example_dags/example_task_group.py
[2023-10-13T00:55:30.462+0000] {processor.py:839} INFO - DAG(s) dict_keys(['example_task_group']) retrieved from /home/airflow/.local/lib/python3.8/site-packages/airflow/example_dags/example_task_group.py
[2023-10-13T00:55:30.516+0000] {logging_mixin.py:151} INFO - [2023-10-13T00:55:30.515+0000] {dag.py:2941} INFO - Sync 1 DAGs
[2023-10-13T00:55:30.566+0000] {logging_mixin.py:151} INFO - [2023-10-13T00:55:30.566+0000] {dag.py:3722} INFO - Setting next_dagrun for example_task_group to 2023-10-12T00:55:30.565841+00:00, run_after=2023-10-13T00:55:30.565841+00:00
[2023-10-13T00:55:30.616+0000] {processor.py:179} INFO - Processing /home/airflow/.local/lib/python3.8/site-packages/airflow/example_dags/example_task_group.py took 0.191 seconds
[2023-10-13T01:14:48.184+0000] {processor.py:157} INFO - Started process (PID=68) to work on /home/airflow/.local/lib/python3.8/site-packages/airflow/example_dags/example_task_group.py
[2023-10-13T01:14:48.206+0000] {processor.py:829} INFO - Processing file /home/airflow/.local/lib/python3.8/site-packages/airflow/example_dags/example_task_group.py for tasks to queue
[2023-10-13T01:14:48.208+0000] {logging_mixin.py:151} INFO - [2023-10-13T01:14:48.208+0000] {dagbag.py:536} INFO - Filling up the DagBag from /home/airflow/.local/lib/python3.8/site-packages/airflow/example_dags/example_task_group.py
[2023-10-13T01:14:48.217+0000] {processor.py:839} INFO - DAG(s) dict_keys(['example_task_group']) retrieved from /home/airflow/.local/lib/python3.8/site-packages/airflow/example_dags/example_task_group.py
[2023-10-13T01:14:48.247+0000] {logging_mixin.py:151} INFO - [2023-10-13T01:14:48.247+0000] {dag.py:2941} INFO - Sync 1 DAGs
[2023-10-13T01:14:48.284+0000] {logging_mixin.py:151} INFO - [2023-10-13T01:14:48.284+0000] {dag.py:3722} INFO - Setting next_dagrun for example_task_group to 2023-10-12T01:14:48.283861+00:00, run_after=2023-10-13T01:14:48.283861+00:00
[2023-10-13T01:14:48.315+0000] {processor.py:179} INFO - Processing /home/airflow/.local/lib/python3.8/site-packages/airflow/example_dags/example_task_group.py took 0.136 seconds
[2023-10-13T01:15:18.720+0000] {processor.py:157} INFO - Started process (PID=123) to work on /home/airflow/.local/lib/python3.8/site-packages/airflow/example_dags/example_task_group.py
[2023-10-13T01:15:18.721+0000] {processor.py:829} INFO - Processing file /home/airflow/.local/lib/python3.8/site-packages/airflow/example_dags/example_task_group.py for tasks to queue
[2023-10-13T01:15:18.723+0000] {logging_mixin.py:151} INFO - [2023-10-13T01:15:18.723+0000] {dagbag.py:536} INFO - Filling up the DagBag from /home/airflow/.local/lib/python3.8/site-packages/airflow/example_dags/example_task_group.py
[2023-10-13T01:15:18.734+0000] {processor.py:839} INFO - DAG(s) dict_keys(['example_task_group']) retrieved from /home/airflow/.local/lib/python3.8/site-packages/airflow/example_dags/example_task_group.py
[2023-10-13T01:15:18.775+0000] {logging_mixin.py:151} INFO - [2023-10-13T01:15:18.775+0000] {dag.py:2941} INFO - Sync 1 DAGs
[2023-10-13T01:15:18.809+0000] {logging_mixin.py:151} INFO - [2023-10-13T01:15:18.808+0000] {dag.py:3722} INFO - Setting next_dagrun for example_task_group to 2023-10-12T01:15:18.808507+00:00, run_after=2023-10-13T01:15:18.808507+00:00
[2023-10-13T01:15:18.878+0000] {processor.py:179} INFO - Processing /home/airflow/.local/lib/python3.8/site-packages/airflow/example_dags/example_task_group.py took 0.163 seconds
[2023-10-13T01:15:50.112+0000] {processor.py:157} INFO - Started process (PID=177) to work on /home/airflow/.local/lib/python3.8/site-packages/airflow/example_dags/example_task_group.py
[2023-10-13T01:15:50.113+0000] {processor.py:829} INFO - Processing file /home/airflow/.local/lib/python3.8/site-packages/airflow/example_dags/example_task_group.py for tasks to queue
[2023-10-13T01:15:50.115+0000] {logging_mixin.py:151} INFO - [2023-10-13T01:15:50.115+0000] {dagbag.py:536} INFO - Filling up the DagBag from /home/airflow/.local/lib/python3.8/site-packages/airflow/example_dags/example_task_group.py
[2023-10-13T01:15:50.126+0000] {processor.py:839} INFO - DAG(s) dict_keys(['example_task_group']) retrieved from /home/airflow/.local/lib/python3.8/site-packages/airflow/example_dags/example_task_group.py
[2023-10-13T01:15:50.160+0000] {logging_mixin.py:151} INFO - [2023-10-13T01:15:50.159+0000] {dag.py:2941} INFO - Sync 1 DAGs
[2023-10-13T01:15:50.190+0000] {logging_mixin.py:151} INFO - [2023-10-13T01:15:50.189+0000] {dag.py:3722} INFO - Setting next_dagrun for example_task_group to 2023-10-12T01:15:50.189449+00:00, run_after=2023-10-13T01:15:50.189449+00:00
[2023-10-13T01:15:50.231+0000] {processor.py:179} INFO - Processing /home/airflow/.local/lib/python3.8/site-packages/airflow/example_dags/example_task_group.py took 0.123 seconds
[2023-10-13T01:16:21.372+0000] {processor.py:157} INFO - Started process (PID=231) to work on /home/airflow/.local/lib/python3.8/site-packages/airflow/example_dags/example_task_group.py
[2023-10-13T01:16:21.373+0000] {processor.py:829} INFO - Processing file /home/airflow/.local/lib/python3.8/site-packages/airflow/example_dags/example_task_group.py for tasks to queue
[2023-10-13T01:16:21.377+0000] {logging_mixin.py:151} INFO - [2023-10-13T01:16:21.376+0000] {dagbag.py:536} INFO - Filling up the DagBag from /home/airflow/.local/lib/python3.8/site-packages/airflow/example_dags/example_task_group.py
[2023-10-13T01:16:21.389+0000] {processor.py:839} INFO - DAG(s) dict_keys(['example_task_group']) retrieved from /home/airflow/.local/lib/python3.8/site-packages/airflow/example_dags/example_task_group.py
[2023-10-13T01:16:21.496+0000] {logging_mixin.py:151} INFO - [2023-10-13T01:16:21.496+0000] {dag.py:2941} INFO - Sync 1 DAGs
[2023-10-13T01:16:21.551+0000] {logging_mixin.py:151} INFO - [2023-10-13T01:16:21.551+0000] {dag.py:3722} INFO - Setting next_dagrun for example_task_group to 2023-10-12T01:16:21.551001+00:00, run_after=2023-10-13T01:16:21.551001+00:00
[2023-10-13T01:16:21.615+0000] {processor.py:179} INFO - Processing /home/airflow/.local/lib/python3.8/site-packages/airflow/example_dags/example_task_group.py took 0.250 seconds
[2023-10-13T01:16:52.310+0000] {processor.py:157} INFO - Started process (PID=286) to work on /home/airflow/.local/lib/python3.8/site-packages/airflow/example_dags/example_task_group.py
[2023-10-13T01:16:52.311+0000] {processor.py:829} INFO - Processing file /home/airflow/.local/lib/python3.8/site-packages/airflow/example_dags/example_task_group.py for tasks to queue
[2023-10-13T01:16:52.315+0000] {logging_mixin.py:151} INFO - [2023-10-13T01:16:52.314+0000] {dagbag.py:536} INFO - Filling up the DagBag from /home/airflow/.local/lib/python3.8/site-packages/airflow/example_dags/example_task_group.py
[2023-10-13T01:16:52.328+0000] {processor.py:839} INFO - DAG(s) dict_keys(['example_task_group']) retrieved from /home/airflow/.local/lib/python3.8/site-packages/airflow/example_dags/example_task_group.py
[2023-10-13T01:16:52.369+0000] {logging_mixin.py:151} INFO - [2023-10-13T01:16:52.368+0000] {dag.py:2941} INFO - Sync 1 DAGs
[2023-10-13T01:16:52.412+0000] {logging_mixin.py:151} INFO - [2023-10-13T01:16:52.412+0000] {dag.py:3722} INFO - Setting next_dagrun for example_task_group to 2023-10-12T01:16:52.412223+00:00, run_after=2023-10-13T01:16:52.412223+00:00
[2023-10-13T01:16:52.463+0000] {processor.py:179} INFO - Processing /home/airflow/.local/lib/python3.8/site-packages/airflow/example_dags/example_task_group.py took 0.159 seconds
[2023-10-13T01:17:22.649+0000] {processor.py:157} INFO - Started process (PID=340) to work on /home/airflow/.local/lib/python3.8/site-packages/airflow/example_dags/example_task_group.py
[2023-10-13T01:17:22.684+0000] {processor.py:829} INFO - Processing file /home/airflow/.local/lib/python3.8/site-packages/airflow/example_dags/example_task_group.py for tasks to queue
[2023-10-13T01:17:22.688+0000] {logging_mixin.py:151} INFO - [2023-10-13T01:17:22.688+0000] {dagbag.py:536} INFO - Filling up the DagBag from /home/airflow/.local/lib/python3.8/site-packages/airflow/example_dags/example_task_group.py
[2023-10-13T01:17:22.756+0000] {processor.py:839} INFO - DAG(s) dict_keys(['example_task_group']) retrieved from /home/airflow/.local/lib/python3.8/site-packages/airflow/example_dags/example_task_group.py
[2023-10-13T01:17:22.815+0000] {logging_mixin.py:151} INFO - [2023-10-13T01:17:22.815+0000] {dag.py:2941} INFO - Sync 1 DAGs
[2023-10-13T01:17:22.871+0000] {logging_mixin.py:151} INFO - [2023-10-13T01:17:22.871+0000] {dag.py:3722} INFO - Setting next_dagrun for example_task_group to 2023-10-12T01:17:22.871072+00:00, run_after=2023-10-13T01:17:22.871072+00:00
[2023-10-13T01:17:22.920+0000] {processor.py:179} INFO - Processing /home/airflow/.local/lib/python3.8/site-packages/airflow/example_dags/example_task_group.py took 0.280 seconds
[2023-10-13T01:17:53.399+0000] {processor.py:157} INFO - Started process (PID=396) to work on /home/airflow/.local/lib/python3.8/site-packages/airflow/example_dags/example_task_group.py
[2023-10-13T01:17:53.400+0000] {processor.py:829} INFO - Processing file /home/airflow/.local/lib/python3.8/site-packages/airflow/example_dags/example_task_group.py for tasks to queue
[2023-10-13T01:17:53.404+0000] {logging_mixin.py:151} INFO - [2023-10-13T01:17:53.403+0000] {dagbag.py:536} INFO - Filling up the DagBag from /home/airflow/.local/lib/python3.8/site-packages/airflow/example_dags/example_task_group.py
[2023-10-13T01:17:53.420+0000] {processor.py:839} INFO - DAG(s) dict_keys(['example_task_group']) retrieved from /home/airflow/.local/lib/python3.8/site-packages/airflow/example_dags/example_task_group.py
[2023-10-13T01:17:53.481+0000] {logging_mixin.py:151} INFO - [2023-10-13T01:17:53.480+0000] {dag.py:2941} INFO - Sync 1 DAGs
[2023-10-13T01:17:53.545+0000] {logging_mixin.py:151} INFO - [2023-10-13T01:17:53.545+0000] {dag.py:3722} INFO - Setting next_dagrun for example_task_group to 2023-10-12T01:17:53.544502+00:00, run_after=2023-10-13T01:17:53.544502+00:00
[2023-10-13T01:17:53.630+0000] {processor.py:179} INFO - Processing /home/airflow/.local/lib/python3.8/site-packages/airflow/example_dags/example_task_group.py took 0.236 seconds
[2023-10-13T01:18:23.706+0000] {processor.py:157} INFO - Started process (PID=451) to work on /home/airflow/.local/lib/python3.8/site-packages/airflow/example_dags/example_task_group.py
[2023-10-13T01:18:23.707+0000] {processor.py:829} INFO - Processing file /home/airflow/.local/lib/python3.8/site-packages/airflow/example_dags/example_task_group.py for tasks to queue
[2023-10-13T01:18:23.709+0000] {logging_mixin.py:151} INFO - [2023-10-13T01:18:23.709+0000] {dagbag.py:536} INFO - Filling up the DagBag from /home/airflow/.local/lib/python3.8/site-packages/airflow/example_dags/example_task_group.py
[2023-10-13T01:18:23.720+0000] {processor.py:839} INFO - DAG(s) dict_keys(['example_task_group']) retrieved from /home/airflow/.local/lib/python3.8/site-packages/airflow/example_dags/example_task_group.py
[2023-10-13T01:18:23.749+0000] {logging_mixin.py:151} INFO - [2023-10-13T01:18:23.749+0000] {dag.py:2941} INFO - Sync 1 DAGs
[2023-10-13T01:18:23.775+0000] {logging_mixin.py:151} INFO - [2023-10-13T01:18:23.775+0000] {dag.py:3722} INFO - Setting next_dagrun for example_task_group to 2023-10-12T01:18:23.775339+00:00, run_after=2023-10-13T01:18:23.775339+00:00
[2023-10-13T01:18:23.818+0000] {processor.py:179} INFO - Processing /home/airflow/.local/lib/python3.8/site-packages/airflow/example_dags/example_task_group.py took 0.115 seconds
[2023-10-13T01:18:54.742+0000] {processor.py:157} INFO - Started process (PID=506) to work on /home/airflow/.local/lib/python3.8/site-packages/airflow/example_dags/example_task_group.py
[2023-10-13T01:18:54.743+0000] {processor.py:829} INFO - Processing file /home/airflow/.local/lib/python3.8/site-packages/airflow/example_dags/example_task_group.py for tasks to queue
[2023-10-13T01:18:54.745+0000] {logging_mixin.py:151} INFO - [2023-10-13T01:18:54.744+0000] {dagbag.py:536} INFO - Filling up the DagBag from /home/airflow/.local/lib/python3.8/site-packages/airflow/example_dags/example_task_group.py
[2023-10-13T01:18:54.754+0000] {processor.py:839} INFO - DAG(s) dict_keys(['example_task_group']) retrieved from /home/airflow/.local/lib/python3.8/site-packages/airflow/example_dags/example_task_group.py
[2023-10-13T01:18:54.786+0000] {logging_mixin.py:151} INFO - [2023-10-13T01:18:54.786+0000] {dag.py:2941} INFO - Sync 1 DAGs
[2023-10-13T01:18:54.821+0000] {logging_mixin.py:151} INFO - [2023-10-13T01:18:54.821+0000] {dag.py:3722} INFO - Setting next_dagrun for example_task_group to 2023-10-12T01:18:54.821001+00:00, run_after=2023-10-13T01:18:54.821001+00:00
[2023-10-13T01:18:54.854+0000] {processor.py:179} INFO - Processing /home/airflow/.local/lib/python3.8/site-packages/airflow/example_dags/example_task_group.py took 0.115 seconds
[2023-10-13T01:19:26.500+0000] {processor.py:157} INFO - Started process (PID=561) to work on /home/airflow/.local/lib/python3.8/site-packages/airflow/example_dags/example_task_group.py
[2023-10-13T01:19:26.501+0000] {processor.py:829} INFO - Processing file /home/airflow/.local/lib/python3.8/site-packages/airflow/example_dags/example_task_group.py for tasks to queue
[2023-10-13T01:19:26.504+0000] {logging_mixin.py:151} INFO - [2023-10-13T01:19:26.503+0000] {dagbag.py:536} INFO - Filling up the DagBag from /home/airflow/.local/lib/python3.8/site-packages/airflow/example_dags/example_task_group.py
[2023-10-13T01:19:26.527+0000] {processor.py:839} INFO - DAG(s) dict_keys(['example_task_group']) retrieved from /home/airflow/.local/lib/python3.8/site-packages/airflow/example_dags/example_task_group.py
[2023-10-13T01:19:26.621+0000] {logging_mixin.py:151} INFO - [2023-10-13T01:19:26.621+0000] {dag.py:2941} INFO - Sync 1 DAGs
[2023-10-13T01:19:26.658+0000] {logging_mixin.py:151} INFO - [2023-10-13T01:19:26.657+0000] {dag.py:3722} INFO - Setting next_dagrun for example_task_group to 2023-10-12T01:19:26.657550+00:00, run_after=2023-10-13T01:19:26.657550+00:00
[2023-10-13T01:19:26.724+0000] {processor.py:179} INFO - Processing /home/airflow/.local/lib/python3.8/site-packages/airflow/example_dags/example_task_group.py took 0.238 seconds
[2023-10-13T01:19:57.122+0000] {processor.py:157} INFO - Started process (PID=616) to work on /home/airflow/.local/lib/python3.8/site-packages/airflow/example_dags/example_task_group.py
[2023-10-13T01:19:57.139+0000] {processor.py:829} INFO - Processing file /home/airflow/.local/lib/python3.8/site-packages/airflow/example_dags/example_task_group.py for tasks to queue
[2023-10-13T01:19:57.142+0000] {logging_mixin.py:151} INFO - [2023-10-13T01:19:57.142+0000] {dagbag.py:536} INFO - Filling up the DagBag from /home/airflow/.local/lib/python3.8/site-packages/airflow/example_dags/example_task_group.py
[2023-10-13T01:19:57.150+0000] {processor.py:839} INFO - DAG(s) dict_keys(['example_task_group']) retrieved from /home/airflow/.local/lib/python3.8/site-packages/airflow/example_dags/example_task_group.py
[2023-10-13T01:19:57.177+0000] {logging_mixin.py:151} INFO - [2023-10-13T01:19:57.176+0000] {dag.py:2941} INFO - Sync 1 DAGs
[2023-10-13T01:19:57.206+0000] {logging_mixin.py:151} INFO - [2023-10-13T01:19:57.206+0000] {dag.py:3722} INFO - Setting next_dagrun for example_task_group to 2023-10-12T01:19:57.206077+00:00, run_after=2023-10-13T01:19:57.206077+00:00
[2023-10-13T01:19:57.244+0000] {processor.py:179} INFO - Processing /home/airflow/.local/lib/python3.8/site-packages/airflow/example_dags/example_task_group.py took 0.130 seconds
[2023-10-13T01:20:28.056+0000] {processor.py:157} INFO - Started process (PID=671) to work on /home/airflow/.local/lib/python3.8/site-packages/airflow/example_dags/example_task_group.py
[2023-10-13T01:20:28.057+0000] {processor.py:829} INFO - Processing file /home/airflow/.local/lib/python3.8/site-packages/airflow/example_dags/example_task_group.py for tasks to queue
[2023-10-13T01:20:28.059+0000] {logging_mixin.py:151} INFO - [2023-10-13T01:20:28.059+0000] {dagbag.py:536} INFO - Filling up the DagBag from /home/airflow/.local/lib/python3.8/site-packages/airflow/example_dags/example_task_group.py
[2023-10-13T01:20:28.069+0000] {processor.py:839} INFO - DAG(s) dict_keys(['example_task_group']) retrieved from /home/airflow/.local/lib/python3.8/site-packages/airflow/example_dags/example_task_group.py
[2023-10-13T01:20:28.096+0000] {logging_mixin.py:151} INFO - [2023-10-13T01:20:28.095+0000] {dag.py:2941} INFO - Sync 1 DAGs
[2023-10-13T01:20:28.128+0000] {logging_mixin.py:151} INFO - [2023-10-13T01:20:28.127+0000] {dag.py:3722} INFO - Setting next_dagrun for example_task_group to 2023-10-12T01:20:28.127463+00:00, run_after=2023-10-13T01:20:28.127463+00:00
[2023-10-13T01:20:28.166+0000] {processor.py:179} INFO - Processing /home/airflow/.local/lib/python3.8/site-packages/airflow/example_dags/example_task_group.py took 0.114 seconds
[2023-10-13T01:20:59.214+0000] {processor.py:157} INFO - Started process (PID=726) to work on /home/airflow/.local/lib/python3.8/site-packages/airflow/example_dags/example_task_group.py
[2023-10-13T01:20:59.221+0000] {processor.py:829} INFO - Processing file /home/airflow/.local/lib/python3.8/site-packages/airflow/example_dags/example_task_group.py for tasks to queue
[2023-10-13T01:20:59.225+0000] {logging_mixin.py:151} INFO - [2023-10-13T01:20:59.225+0000] {dagbag.py:536} INFO - Filling up the DagBag from /home/airflow/.local/lib/python3.8/site-packages/airflow/example_dags/example_task_group.py
[2023-10-13T01:20:59.235+0000] {processor.py:839} INFO - DAG(s) dict_keys(['example_task_group']) retrieved from /home/airflow/.local/lib/python3.8/site-packages/airflow/example_dags/example_task_group.py
[2023-10-13T01:20:59.275+0000] {logging_mixin.py:151} INFO - [2023-10-13T01:20:59.274+0000] {dag.py:2941} INFO - Sync 1 DAGs
[2023-10-13T01:20:59.312+0000] {logging_mixin.py:151} INFO - [2023-10-13T01:20:59.311+0000] {dag.py:3722} INFO - Setting next_dagrun for example_task_group to 2023-10-12T01:20:59.311695+00:00, run_after=2023-10-13T01:20:59.311695+00:00
[2023-10-13T01:20:59.368+0000] {processor.py:179} INFO - Processing /home/airflow/.local/lib/python3.8/site-packages/airflow/example_dags/example_task_group.py took 0.162 seconds
[2023-10-13T01:21:30.123+0000] {processor.py:157} INFO - Started process (PID=789) to work on /home/airflow/.local/lib/python3.8/site-packages/airflow/example_dags/example_task_group.py
[2023-10-13T01:21:30.124+0000] {processor.py:829} INFO - Processing file /home/airflow/.local/lib/python3.8/site-packages/airflow/example_dags/example_task_group.py for tasks to queue
[2023-10-13T01:21:30.126+0000] {logging_mixin.py:151} INFO - [2023-10-13T01:21:30.126+0000] {dagbag.py:536} INFO - Filling up the DagBag from /home/airflow/.local/lib/python3.8/site-packages/airflow/example_dags/example_task_group.py
[2023-10-13T01:21:30.137+0000] {processor.py:839} INFO - DAG(s) dict_keys(['example_task_group']) retrieved from /home/airflow/.local/lib/python3.8/site-packages/airflow/example_dags/example_task_group.py
[2023-10-13T01:21:30.167+0000] {logging_mixin.py:151} INFO - [2023-10-13T01:21:30.167+0000] {dag.py:2941} INFO - Sync 1 DAGs
[2023-10-13T01:21:30.200+0000] {logging_mixin.py:151} INFO - [2023-10-13T01:21:30.200+0000] {dag.py:3722} INFO - Setting next_dagrun for example_task_group to 2023-10-12T01:21:30.199714+00:00, run_after=2023-10-13T01:21:30.199714+00:00
[2023-10-13T01:21:30.235+0000] {processor.py:179} INFO - Processing /home/airflow/.local/lib/python3.8/site-packages/airflow/example_dags/example_task_group.py took 0.117 seconds
[2023-10-13T01:22:01.203+0000] {processor.py:157} INFO - Started process (PID=844) to work on /home/airflow/.local/lib/python3.8/site-packages/airflow/example_dags/example_task_group.py
[2023-10-13T01:22:01.204+0000] {processor.py:829} INFO - Processing file /home/airflow/.local/lib/python3.8/site-packages/airflow/example_dags/example_task_group.py for tasks to queue
[2023-10-13T01:22:01.206+0000] {logging_mixin.py:151} INFO - [2023-10-13T01:22:01.206+0000] {dagbag.py:536} INFO - Filling up the DagBag from /home/airflow/.local/lib/python3.8/site-packages/airflow/example_dags/example_task_group.py
[2023-10-13T01:22:01.216+0000] {processor.py:839} INFO - DAG(s) dict_keys(['example_task_group']) retrieved from /home/airflow/.local/lib/python3.8/site-packages/airflow/example_dags/example_task_group.py
[2023-10-13T01:22:01.238+0000] {logging_mixin.py:151} INFO - [2023-10-13T01:22:01.237+0000] {dag.py:2941} INFO - Sync 1 DAGs
[2023-10-13T01:22:01.267+0000] {logging_mixin.py:151} INFO - [2023-10-13T01:22:01.266+0000] {dag.py:3722} INFO - Setting next_dagrun for example_task_group to 2023-10-12T01:22:01.266448+00:00, run_after=2023-10-13T01:22:01.266448+00:00
[2023-10-13T01:22:01.302+0000] {processor.py:179} INFO - Processing /home/airflow/.local/lib/python3.8/site-packages/airflow/example_dags/example_task_group.py took 0.103 seconds
[2023-10-13T01:24:43.450+0000] {processor.py:157} INFO - Started process (PID=69) to work on /home/airflow/.local/lib/python3.8/site-packages/airflow/example_dags/example_task_group.py
[2023-10-13T01:24:43.451+0000] {processor.py:829} INFO - Processing file /home/airflow/.local/lib/python3.8/site-packages/airflow/example_dags/example_task_group.py for tasks to queue
[2023-10-13T01:24:43.453+0000] {logging_mixin.py:151} INFO - [2023-10-13T01:24:43.453+0000] {dagbag.py:536} INFO - Filling up the DagBag from /home/airflow/.local/lib/python3.8/site-packages/airflow/example_dags/example_task_group.py
[2023-10-13T01:24:43.464+0000] {processor.py:839} INFO - DAG(s) dict_keys(['example_task_group']) retrieved from /home/airflow/.local/lib/python3.8/site-packages/airflow/example_dags/example_task_group.py
[2023-10-13T01:24:43.501+0000] {logging_mixin.py:151} INFO - [2023-10-13T01:24:43.501+0000] {dag.py:2941} INFO - Sync 1 DAGs
[2023-10-13T01:24:43.536+0000] {logging_mixin.py:151} INFO - [2023-10-13T01:24:43.536+0000] {dag.py:3722} INFO - Setting next_dagrun for example_task_group to 2023-10-12T01:24:43.536110+00:00, run_after=2023-10-13T01:24:43.536110+00:00
[2023-10-13T01:24:43.627+0000] {processor.py:179} INFO - Processing /home/airflow/.local/lib/python3.8/site-packages/airflow/example_dags/example_task_group.py took 0.181 seconds
[2023-10-13T01:25:14.263+0000] {processor.py:157} INFO - Started process (PID=124) to work on /home/airflow/.local/lib/python3.8/site-packages/airflow/example_dags/example_task_group.py
[2023-10-13T01:25:14.280+0000] {processor.py:829} INFO - Processing file /home/airflow/.local/lib/python3.8/site-packages/airflow/example_dags/example_task_group.py for tasks to queue
[2023-10-13T01:25:14.283+0000] {logging_mixin.py:151} INFO - [2023-10-13T01:25:14.283+0000] {dagbag.py:536} INFO - Filling up the DagBag from /home/airflow/.local/lib/python3.8/site-packages/airflow/example_dags/example_task_group.py
[2023-10-13T01:25:14.295+0000] {processor.py:839} INFO - DAG(s) dict_keys(['example_task_group']) retrieved from /home/airflow/.local/lib/python3.8/site-packages/airflow/example_dags/example_task_group.py
[2023-10-13T01:25:14.339+0000] {logging_mixin.py:151} INFO - [2023-10-13T01:25:14.338+0000] {dag.py:2941} INFO - Sync 1 DAGs
[2023-10-13T01:25:14.374+0000] {logging_mixin.py:151} INFO - [2023-10-13T01:25:14.374+0000] {dag.py:3722} INFO - Setting next_dagrun for example_task_group to 2023-10-12T01:25:14.374436+00:00, run_after=2023-10-13T01:25:14.374436+00:00
[2023-10-13T01:25:14.419+0000] {processor.py:179} INFO - Processing /home/airflow/.local/lib/python3.8/site-packages/airflow/example_dags/example_task_group.py took 0.161 seconds
[2023-10-13T01:25:44.862+0000] {processor.py:157} INFO - Started process (PID=179) to work on /home/airflow/.local/lib/python3.8/site-packages/airflow/example_dags/example_task_group.py
[2023-10-13T01:25:44.864+0000] {processor.py:829} INFO - Processing file /home/airflow/.local/lib/python3.8/site-packages/airflow/example_dags/example_task_group.py for tasks to queue
[2023-10-13T01:25:44.867+0000] {logging_mixin.py:151} INFO - [2023-10-13T01:25:44.867+0000] {dagbag.py:536} INFO - Filling up the DagBag from /home/airflow/.local/lib/python3.8/site-packages/airflow/example_dags/example_task_group.py
[2023-10-13T01:25:44.878+0000] {processor.py:839} INFO - DAG(s) dict_keys(['example_task_group']) retrieved from /home/airflow/.local/lib/python3.8/site-packages/airflow/example_dags/example_task_group.py
[2023-10-13T01:25:44.908+0000] {logging_mixin.py:151} INFO - [2023-10-13T01:25:44.908+0000] {dag.py:2941} INFO - Sync 1 DAGs
[2023-10-13T01:25:44.933+0000] {logging_mixin.py:151} INFO - [2023-10-13T01:25:44.932+0000] {dag.py:3722} INFO - Setting next_dagrun for example_task_group to 2023-10-12T01:25:44.932705+00:00, run_after=2023-10-13T01:25:44.932705+00:00
[2023-10-13T01:25:44.972+0000] {processor.py:179} INFO - Processing /home/airflow/.local/lib/python3.8/site-packages/airflow/example_dags/example_task_group.py took 0.116 seconds
[2023-10-13T01:26:15.085+0000] {processor.py:157} INFO - Started process (PID=233) to work on /home/airflow/.local/lib/python3.8/site-packages/airflow/example_dags/example_task_group.py
[2023-10-13T01:26:15.091+0000] {processor.py:829} INFO - Processing file /home/airflow/.local/lib/python3.8/site-packages/airflow/example_dags/example_task_group.py for tasks to queue
[2023-10-13T01:26:15.094+0000] {logging_mixin.py:151} INFO - [2023-10-13T01:26:15.093+0000] {dagbag.py:536} INFO - Filling up the DagBag from /home/airflow/.local/lib/python3.8/site-packages/airflow/example_dags/example_task_group.py
[2023-10-13T01:26:15.104+0000] {processor.py:839} INFO - DAG(s) dict_keys(['example_task_group']) retrieved from /home/airflow/.local/lib/python3.8/site-packages/airflow/example_dags/example_task_group.py
[2023-10-13T01:26:15.139+0000] {logging_mixin.py:151} INFO - [2023-10-13T01:26:15.138+0000] {dag.py:2941} INFO - Sync 1 DAGs
[2023-10-13T01:26:15.173+0000] {logging_mixin.py:151} INFO - [2023-10-13T01:26:15.173+0000] {dag.py:3722} INFO - Setting next_dagrun for example_task_group to 2023-10-12T01:26:15.172723+00:00, run_after=2023-10-13T01:26:15.172723+00:00
[2023-10-13T01:26:15.215+0000] {processor.py:179} INFO - Processing /home/airflow/.local/lib/python3.8/site-packages/airflow/example_dags/example_task_group.py took 0.133 seconds
[2023-10-13T01:26:45.874+0000] {processor.py:157} INFO - Started process (PID=288) to work on /home/airflow/.local/lib/python3.8/site-packages/airflow/example_dags/example_task_group.py
[2023-10-13T01:26:45.875+0000] {processor.py:829} INFO - Processing file /home/airflow/.local/lib/python3.8/site-packages/airflow/example_dags/example_task_group.py for tasks to queue
[2023-10-13T01:26:45.878+0000] {logging_mixin.py:151} INFO - [2023-10-13T01:26:45.878+0000] {dagbag.py:536} INFO - Filling up the DagBag from /home/airflow/.local/lib/python3.8/site-packages/airflow/example_dags/example_task_group.py
[2023-10-13T01:26:45.890+0000] {processor.py:839} INFO - DAG(s) dict_keys(['example_task_group']) retrieved from /home/airflow/.local/lib/python3.8/site-packages/airflow/example_dags/example_task_group.py
[2023-10-13T01:26:45.925+0000] {logging_mixin.py:151} INFO - [2023-10-13T01:26:45.925+0000] {dag.py:2941} INFO - Sync 1 DAGs
[2023-10-13T01:26:45.954+0000] {logging_mixin.py:151} INFO - [2023-10-13T01:26:45.954+0000] {dag.py:3722} INFO - Setting next_dagrun for example_task_group to 2023-10-12T01:26:45.954470+00:00, run_after=2023-10-13T01:26:45.954470+00:00
[2023-10-13T01:26:45.987+0000] {processor.py:179} INFO - Processing /home/airflow/.local/lib/python3.8/site-packages/airflow/example_dags/example_task_group.py took 0.117 seconds
[2023-10-13T01:27:16.016+0000] {processor.py:157} INFO - Started process (PID=343) to work on /home/airflow/.local/lib/python3.8/site-packages/airflow/example_dags/example_task_group.py
[2023-10-13T01:27:16.017+0000] {processor.py:829} INFO - Processing file /home/airflow/.local/lib/python3.8/site-packages/airflow/example_dags/example_task_group.py for tasks to queue
[2023-10-13T01:27:16.019+0000] {logging_mixin.py:151} INFO - [2023-10-13T01:27:16.019+0000] {dagbag.py:536} INFO - Filling up the DagBag from /home/airflow/.local/lib/python3.8/site-packages/airflow/example_dags/example_task_group.py
[2023-10-13T01:27:16.026+0000] {processor.py:839} INFO - DAG(s) dict_keys(['example_task_group']) retrieved from /home/airflow/.local/lib/python3.8/site-packages/airflow/example_dags/example_task_group.py
[2023-10-13T01:27:16.049+0000] {logging_mixin.py:151} INFO - [2023-10-13T01:27:16.049+0000] {dag.py:2941} INFO - Sync 1 DAGs
[2023-10-13T01:27:16.076+0000] {logging_mixin.py:151} INFO - [2023-10-13T01:27:16.075+0000] {dag.py:3722} INFO - Setting next_dagrun for example_task_group to 2023-10-12T01:27:16.075625+00:00, run_after=2023-10-13T01:27:16.075625+00:00
[2023-10-13T01:27:16.106+0000] {processor.py:179} INFO - Processing /home/airflow/.local/lib/python3.8/site-packages/airflow/example_dags/example_task_group.py took 0.094 seconds
[2023-10-13T01:27:47.216+0000] {processor.py:157} INFO - Started process (PID=398) to work on /home/airflow/.local/lib/python3.8/site-packages/airflow/example_dags/example_task_group.py
[2023-10-13T01:27:47.217+0000] {processor.py:829} INFO - Processing file /home/airflow/.local/lib/python3.8/site-packages/airflow/example_dags/example_task_group.py for tasks to queue
[2023-10-13T01:27:47.220+0000] {logging_mixin.py:151} INFO - [2023-10-13T01:27:47.220+0000] {dagbag.py:536} INFO - Filling up the DagBag from /home/airflow/.local/lib/python3.8/site-packages/airflow/example_dags/example_task_group.py
[2023-10-13T01:27:47.230+0000] {processor.py:839} INFO - DAG(s) dict_keys(['example_task_group']) retrieved from /home/airflow/.local/lib/python3.8/site-packages/airflow/example_dags/example_task_group.py
[2023-10-13T01:27:47.298+0000] {logging_mixin.py:151} INFO - [2023-10-13T01:27:47.298+0000] {dag.py:2941} INFO - Sync 1 DAGs
[2023-10-13T01:27:47.396+0000] {logging_mixin.py:151} INFO - [2023-10-13T01:27:47.396+0000] {dag.py:3722} INFO - Setting next_dagrun for example_task_group to 2023-10-12T01:27:47.396011+00:00, run_after=2023-10-13T01:27:47.396011+00:00
[2023-10-13T01:27:47.469+0000] {processor.py:179} INFO - Processing /home/airflow/.local/lib/python3.8/site-packages/airflow/example_dags/example_task_group.py took 0.257 seconds
