[2023-10-13T00:52:47.407+0000] {processor.py:157} INFO - Started process (PID=35) to work on /home/airflow/.local/lib/python3.8/site-packages/airflow/example_dags/example_latest_only_with_trigger.py
[2023-10-13T00:52:47.408+0000] {processor.py:829} INFO - Processing file /home/airflow/.local/lib/python3.8/site-packages/airflow/example_dags/example_latest_only_with_trigger.py for tasks to queue
[2023-10-13T00:52:47.423+0000] {logging_mixin.py:151} INFO - [2023-10-13T00:52:47.422+0000] {dagbag.py:536} INFO - Filling up the DagBag from /home/airflow/.local/lib/python3.8/site-packages/airflow/example_dags/example_latest_only_with_trigger.py
[2023-10-13T00:52:47.456+0000] {processor.py:839} INFO - DAG(s) dict_keys(['latest_only_with_trigger']) retrieved from /home/airflow/.local/lib/python3.8/site-packages/airflow/example_dags/example_latest_only_with_trigger.py
[2023-10-13T00:52:47.536+0000] {logging_mixin.py:151} INFO - [2023-10-13T00:52:47.535+0000] {dag.py:2941} INFO - Sync 1 DAGs
[2023-10-13T00:52:47.597+0000] {logging_mixin.py:151} INFO - [2023-10-13T00:52:47.597+0000] {dag.py:3722} INFO - Setting next_dagrun for latest_only_with_trigger to 2023-10-12T20:52:47.593075+00:00, run_after=2023-10-13T00:52:47.593075+00:00
[2023-10-13T00:52:47.768+0000] {processor.py:179} INFO - Processing /home/airflow/.local/lib/python3.8/site-packages/airflow/example_dags/example_latest_only_with_trigger.py took 0.365 seconds
[2023-10-13T00:53:18.625+0000] {processor.py:157} INFO - Started process (PID=88) to work on /home/airflow/.local/lib/python3.8/site-packages/airflow/example_dags/example_latest_only_with_trigger.py
[2023-10-13T00:53:18.626+0000] {processor.py:829} INFO - Processing file /home/airflow/.local/lib/python3.8/site-packages/airflow/example_dags/example_latest_only_with_trigger.py for tasks to queue
[2023-10-13T00:53:18.631+0000] {logging_mixin.py:151} INFO - [2023-10-13T00:53:18.630+0000] {dagbag.py:536} INFO - Filling up the DagBag from /home/airflow/.local/lib/python3.8/site-packages/airflow/example_dags/example_latest_only_with_trigger.py
[2023-10-13T00:53:18.638+0000] {processor.py:839} INFO - DAG(s) dict_keys(['latest_only_with_trigger']) retrieved from /home/airflow/.local/lib/python3.8/site-packages/airflow/example_dags/example_latest_only_with_trigger.py
[2023-10-13T00:53:18.666+0000] {logging_mixin.py:151} INFO - [2023-10-13T00:53:18.666+0000] {dag.py:2941} INFO - Sync 1 DAGs
[2023-10-13T00:53:18.700+0000] {logging_mixin.py:151} INFO - [2023-10-13T00:53:18.699+0000] {dag.py:3722} INFO - Setting next_dagrun for latest_only_with_trigger to 2023-10-12T20:53:18.699439+00:00, run_after=2023-10-13T00:53:18.699439+00:00
[2023-10-13T00:53:18.737+0000] {processor.py:179} INFO - Processing /home/airflow/.local/lib/python3.8/site-packages/airflow/example_dags/example_latest_only_with_trigger.py took 0.119 seconds
[2023-10-13T00:53:48.985+0000] {processor.py:157} INFO - Started process (PID=141) to work on /home/airflow/.local/lib/python3.8/site-packages/airflow/example_dags/example_latest_only_with_trigger.py
[2023-10-13T00:53:49.015+0000] {processor.py:829} INFO - Processing file /home/airflow/.local/lib/python3.8/site-packages/airflow/example_dags/example_latest_only_with_trigger.py for tasks to queue
[2023-10-13T00:53:49.020+0000] {logging_mixin.py:151} INFO - [2023-10-13T00:53:49.020+0000] {dagbag.py:536} INFO - Filling up the DagBag from /home/airflow/.local/lib/python3.8/site-packages/airflow/example_dags/example_latest_only_with_trigger.py
[2023-10-13T00:53:49.027+0000] {processor.py:839} INFO - DAG(s) dict_keys(['latest_only_with_trigger']) retrieved from /home/airflow/.local/lib/python3.8/site-packages/airflow/example_dags/example_latest_only_with_trigger.py
[2023-10-13T00:53:49.067+0000] {logging_mixin.py:151} INFO - [2023-10-13T00:53:49.067+0000] {dag.py:2941} INFO - Sync 1 DAGs
[2023-10-13T00:53:49.103+0000] {logging_mixin.py:151} INFO - [2023-10-13T00:53:49.103+0000] {dag.py:3722} INFO - Setting next_dagrun for latest_only_with_trigger to 2023-10-12T20:53:49.102679+00:00, run_after=2023-10-13T00:53:49.102679+00:00
[2023-10-13T00:53:49.139+0000] {processor.py:179} INFO - Processing /home/airflow/.local/lib/python3.8/site-packages/airflow/example_dags/example_latest_only_with_trigger.py took 0.160 seconds
[2023-10-13T00:54:19.253+0000] {processor.py:157} INFO - Started process (PID=196) to work on /home/airflow/.local/lib/python3.8/site-packages/airflow/example_dags/example_latest_only_with_trigger.py
[2023-10-13T00:54:19.256+0000] {processor.py:829} INFO - Processing file /home/airflow/.local/lib/python3.8/site-packages/airflow/example_dags/example_latest_only_with_trigger.py for tasks to queue
[2023-10-13T00:54:19.261+0000] {logging_mixin.py:151} INFO - [2023-10-13T00:54:19.260+0000] {dagbag.py:536} INFO - Filling up the DagBag from /home/airflow/.local/lib/python3.8/site-packages/airflow/example_dags/example_latest_only_with_trigger.py
[2023-10-13T00:54:19.276+0000] {processor.py:839} INFO - DAG(s) dict_keys(['latest_only_with_trigger']) retrieved from /home/airflow/.local/lib/python3.8/site-packages/airflow/example_dags/example_latest_only_with_trigger.py
[2023-10-13T00:54:19.327+0000] {logging_mixin.py:151} INFO - [2023-10-13T00:54:19.326+0000] {dag.py:2941} INFO - Sync 1 DAGs
[2023-10-13T00:54:19.393+0000] {logging_mixin.py:151} INFO - [2023-10-13T00:54:19.393+0000] {dag.py:3722} INFO - Setting next_dagrun for latest_only_with_trigger to 2023-10-12T20:54:19.392751+00:00, run_after=2023-10-13T00:54:19.392751+00:00
[2023-10-13T00:54:19.458+0000] {processor.py:179} INFO - Processing /home/airflow/.local/lib/python3.8/site-packages/airflow/example_dags/example_latest_only_with_trigger.py took 0.214 seconds
[2023-10-13T00:54:49.836+0000] {processor.py:157} INFO - Started process (PID=250) to work on /home/airflow/.local/lib/python3.8/site-packages/airflow/example_dags/example_latest_only_with_trigger.py
[2023-10-13T00:54:49.849+0000] {processor.py:829} INFO - Processing file /home/airflow/.local/lib/python3.8/site-packages/airflow/example_dags/example_latest_only_with_trigger.py for tasks to queue
[2023-10-13T00:54:49.853+0000] {logging_mixin.py:151} INFO - [2023-10-13T00:54:49.852+0000] {dagbag.py:536} INFO - Filling up the DagBag from /home/airflow/.local/lib/python3.8/site-packages/airflow/example_dags/example_latest_only_with_trigger.py
[2023-10-13T00:54:49.864+0000] {processor.py:839} INFO - DAG(s) dict_keys(['latest_only_with_trigger']) retrieved from /home/airflow/.local/lib/python3.8/site-packages/airflow/example_dags/example_latest_only_with_trigger.py
[2023-10-13T00:54:49.925+0000] {logging_mixin.py:151} INFO - [2023-10-13T00:54:49.924+0000] {dag.py:2941} INFO - Sync 1 DAGs
[2023-10-13T00:54:50.000+0000] {logging_mixin.py:151} INFO - [2023-10-13T00:54:49.993+0000] {dag.py:3722} INFO - Setting next_dagrun for latest_only_with_trigger to 2023-10-12T20:54:49.993440+00:00, run_after=2023-10-13T00:54:49.993440+00:00
[2023-10-13T00:54:50.069+0000] {processor.py:179} INFO - Processing /home/airflow/.local/lib/python3.8/site-packages/airflow/example_dags/example_latest_only_with_trigger.py took 0.245 seconds
[2023-10-13T00:55:20.791+0000] {processor.py:157} INFO - Started process (PID=304) to work on /home/airflow/.local/lib/python3.8/site-packages/airflow/example_dags/example_latest_only_with_trigger.py
[2023-10-13T00:55:20.844+0000] {processor.py:829} INFO - Processing file /home/airflow/.local/lib/python3.8/site-packages/airflow/example_dags/example_latest_only_with_trigger.py for tasks to queue
[2023-10-13T00:55:20.848+0000] {logging_mixin.py:151} INFO - [2023-10-13T00:55:20.847+0000] {dagbag.py:536} INFO - Filling up the DagBag from /home/airflow/.local/lib/python3.8/site-packages/airflow/example_dags/example_latest_only_with_trigger.py
[2023-10-13T00:55:20.856+0000] {processor.py:839} INFO - DAG(s) dict_keys(['latest_only_with_trigger']) retrieved from /home/airflow/.local/lib/python3.8/site-packages/airflow/example_dags/example_latest_only_with_trigger.py
[2023-10-13T00:55:20.902+0000] {logging_mixin.py:151} INFO - [2023-10-13T00:55:20.902+0000] {dag.py:2941} INFO - Sync 1 DAGs
[2023-10-13T00:55:20.969+0000] {logging_mixin.py:151} INFO - [2023-10-13T00:55:20.969+0000] {dag.py:3722} INFO - Setting next_dagrun for latest_only_with_trigger to 2023-10-12T20:55:20.969166+00:00, run_after=2023-10-13T00:55:20.969166+00:00
[2023-10-13T00:55:21.036+0000] {processor.py:179} INFO - Processing /home/airflow/.local/lib/python3.8/site-packages/airflow/example_dags/example_latest_only_with_trigger.py took 0.251 seconds
[2023-10-13T01:14:43.545+0000] {processor.py:157} INFO - Started process (PID=35) to work on /home/airflow/.local/lib/python3.8/site-packages/airflow/example_dags/example_latest_only_with_trigger.py
[2023-10-13T01:14:43.577+0000] {processor.py:829} INFO - Processing file /home/airflow/.local/lib/python3.8/site-packages/airflow/example_dags/example_latest_only_with_trigger.py for tasks to queue
[2023-10-13T01:14:43.580+0000] {logging_mixin.py:151} INFO - [2023-10-13T01:14:43.579+0000] {dagbag.py:536} INFO - Filling up the DagBag from /home/airflow/.local/lib/python3.8/site-packages/airflow/example_dags/example_latest_only_with_trigger.py
[2023-10-13T01:14:43.591+0000] {processor.py:839} INFO - DAG(s) dict_keys(['latest_only_with_trigger']) retrieved from /home/airflow/.local/lib/python3.8/site-packages/airflow/example_dags/example_latest_only_with_trigger.py
[2023-10-13T01:14:43.709+0000] {logging_mixin.py:151} INFO - [2023-10-13T01:14:43.709+0000] {dag.py:2941} INFO - Sync 1 DAGs
[2023-10-13T01:14:43.817+0000] {logging_mixin.py:151} INFO - [2023-10-13T01:14:43.817+0000] {dag.py:3722} INFO - Setting next_dagrun for latest_only_with_trigger to 2023-10-12T21:14:43.817195+00:00, run_after=2023-10-13T01:14:43.817195+00:00
[2023-10-13T01:14:43.894+0000] {processor.py:179} INFO - Processing /home/airflow/.local/lib/python3.8/site-packages/airflow/example_dags/example_latest_only_with_trigger.py took 0.353 seconds
[2023-10-13T01:15:14.242+0000] {processor.py:157} INFO - Started process (PID=90) to work on /home/airflow/.local/lib/python3.8/site-packages/airflow/example_dags/example_latest_only_with_trigger.py
[2023-10-13T01:15:14.262+0000] {processor.py:829} INFO - Processing file /home/airflow/.local/lib/python3.8/site-packages/airflow/example_dags/example_latest_only_with_trigger.py for tasks to queue
[2023-10-13T01:15:14.264+0000] {logging_mixin.py:151} INFO - [2023-10-13T01:15:14.263+0000] {dagbag.py:536} INFO - Filling up the DagBag from /home/airflow/.local/lib/python3.8/site-packages/airflow/example_dags/example_latest_only_with_trigger.py
[2023-10-13T01:15:14.271+0000] {processor.py:839} INFO - DAG(s) dict_keys(['latest_only_with_trigger']) retrieved from /home/airflow/.local/lib/python3.8/site-packages/airflow/example_dags/example_latest_only_with_trigger.py
[2023-10-13T01:15:14.296+0000] {logging_mixin.py:151} INFO - [2023-10-13T01:15:14.296+0000] {dag.py:2941} INFO - Sync 1 DAGs
[2023-10-13T01:15:14.321+0000] {logging_mixin.py:151} INFO - [2023-10-13T01:15:14.321+0000] {dag.py:3722} INFO - Setting next_dagrun for latest_only_with_trigger to 2023-10-12T21:15:14.321218+00:00, run_after=2023-10-13T01:15:14.321218+00:00
[2023-10-13T01:15:14.348+0000] {processor.py:179} INFO - Processing /home/airflow/.local/lib/python3.8/site-packages/airflow/example_dags/example_latest_only_with_trigger.py took 0.110 seconds
[2023-10-13T01:15:44.742+0000] {processor.py:157} INFO - Started process (PID=144) to work on /home/airflow/.local/lib/python3.8/site-packages/airflow/example_dags/example_latest_only_with_trigger.py
[2023-10-13T01:15:44.743+0000] {processor.py:829} INFO - Processing file /home/airflow/.local/lib/python3.8/site-packages/airflow/example_dags/example_latest_only_with_trigger.py for tasks to queue
[2023-10-13T01:15:44.746+0000] {logging_mixin.py:151} INFO - [2023-10-13T01:15:44.745+0000] {dagbag.py:536} INFO - Filling up the DagBag from /home/airflow/.local/lib/python3.8/site-packages/airflow/example_dags/example_latest_only_with_trigger.py
[2023-10-13T01:15:44.753+0000] {processor.py:839} INFO - DAG(s) dict_keys(['latest_only_with_trigger']) retrieved from /home/airflow/.local/lib/python3.8/site-packages/airflow/example_dags/example_latest_only_with_trigger.py
[2023-10-13T01:15:44.781+0000] {logging_mixin.py:151} INFO - [2023-10-13T01:15:44.781+0000] {dag.py:2941} INFO - Sync 1 DAGs
[2023-10-13T01:15:44.820+0000] {logging_mixin.py:151} INFO - [2023-10-13T01:15:44.820+0000] {dag.py:3722} INFO - Setting next_dagrun for latest_only_with_trigger to 2023-10-12T21:15:44.820010+00:00, run_after=2023-10-13T01:15:44.820010+00:00
[2023-10-13T01:15:44.865+0000] {processor.py:179} INFO - Processing /home/airflow/.local/lib/python3.8/site-packages/airflow/example_dags/example_latest_only_with_trigger.py took 0.127 seconds
[2023-10-13T01:16:15.102+0000] {processor.py:157} INFO - Started process (PID=198) to work on /home/airflow/.local/lib/python3.8/site-packages/airflow/example_dags/example_latest_only_with_trigger.py
[2023-10-13T01:16:15.144+0000] {processor.py:829} INFO - Processing file /home/airflow/.local/lib/python3.8/site-packages/airflow/example_dags/example_latest_only_with_trigger.py for tasks to queue
[2023-10-13T01:16:15.147+0000] {logging_mixin.py:151} INFO - [2023-10-13T01:16:15.147+0000] {dagbag.py:536} INFO - Filling up the DagBag from /home/airflow/.local/lib/python3.8/site-packages/airflow/example_dags/example_latest_only_with_trigger.py
[2023-10-13T01:16:15.155+0000] {processor.py:839} INFO - DAG(s) dict_keys(['latest_only_with_trigger']) retrieved from /home/airflow/.local/lib/python3.8/site-packages/airflow/example_dags/example_latest_only_with_trigger.py
[2023-10-13T01:16:15.179+0000] {logging_mixin.py:151} INFO - [2023-10-13T01:16:15.179+0000] {dag.py:2941} INFO - Sync 1 DAGs
[2023-10-13T01:16:15.211+0000] {logging_mixin.py:151} INFO - [2023-10-13T01:16:15.211+0000] {dag.py:3722} INFO - Setting next_dagrun for latest_only_with_trigger to 2023-10-12T21:16:15.210866+00:00, run_after=2023-10-13T01:16:15.210866+00:00
[2023-10-13T01:16:15.239+0000] {processor.py:179} INFO - Processing /home/airflow/.local/lib/python3.8/site-packages/airflow/example_dags/example_latest_only_with_trigger.py took 0.140 seconds
[2023-10-13T01:16:45.357+0000] {processor.py:157} INFO - Started process (PID=253) to work on /home/airflow/.local/lib/python3.8/site-packages/airflow/example_dags/example_latest_only_with_trigger.py
[2023-10-13T01:16:45.358+0000] {processor.py:829} INFO - Processing file /home/airflow/.local/lib/python3.8/site-packages/airflow/example_dags/example_latest_only_with_trigger.py for tasks to queue
[2023-10-13T01:16:45.360+0000] {logging_mixin.py:151} INFO - [2023-10-13T01:16:45.360+0000] {dagbag.py:536} INFO - Filling up the DagBag from /home/airflow/.local/lib/python3.8/site-packages/airflow/example_dags/example_latest_only_with_trigger.py
[2023-10-13T01:16:45.366+0000] {processor.py:839} INFO - DAG(s) dict_keys(['latest_only_with_trigger']) retrieved from /home/airflow/.local/lib/python3.8/site-packages/airflow/example_dags/example_latest_only_with_trigger.py
[2023-10-13T01:16:45.395+0000] {logging_mixin.py:151} INFO - [2023-10-13T01:16:45.395+0000] {dag.py:2941} INFO - Sync 1 DAGs
[2023-10-13T01:16:45.425+0000] {logging_mixin.py:151} INFO - [2023-10-13T01:16:45.425+0000] {dag.py:3722} INFO - Setting next_dagrun for latest_only_with_trigger to 2023-10-12T21:16:45.425124+00:00, run_after=2023-10-13T01:16:45.425124+00:00
[2023-10-13T01:16:45.450+0000] {processor.py:179} INFO - Processing /home/airflow/.local/lib/python3.8/site-packages/airflow/example_dags/example_latest_only_with_trigger.py took 0.097 seconds
[2023-10-13T01:17:15.847+0000] {processor.py:157} INFO - Started process (PID=307) to work on /home/airflow/.local/lib/python3.8/site-packages/airflow/example_dags/example_latest_only_with_trigger.py
[2023-10-13T01:17:15.874+0000] {processor.py:829} INFO - Processing file /home/airflow/.local/lib/python3.8/site-packages/airflow/example_dags/example_latest_only_with_trigger.py for tasks to queue
[2023-10-13T01:17:15.878+0000] {logging_mixin.py:151} INFO - [2023-10-13T01:17:15.877+0000] {dagbag.py:536} INFO - Filling up the DagBag from /home/airflow/.local/lib/python3.8/site-packages/airflow/example_dags/example_latest_only_with_trigger.py
[2023-10-13T01:17:15.883+0000] {processor.py:839} INFO - DAG(s) dict_keys(['latest_only_with_trigger']) retrieved from /home/airflow/.local/lib/python3.8/site-packages/airflow/example_dags/example_latest_only_with_trigger.py
[2023-10-13T01:17:15.911+0000] {logging_mixin.py:151} INFO - [2023-10-13T01:17:15.910+0000] {dag.py:2941} INFO - Sync 1 DAGs
[2023-10-13T01:17:15.940+0000] {logging_mixin.py:151} INFO - [2023-10-13T01:17:15.940+0000] {dag.py:3722} INFO - Setting next_dagrun for latest_only_with_trigger to 2023-10-12T21:17:15.940184+00:00, run_after=2023-10-13T01:17:15.940184+00:00
[2023-10-13T01:17:16.003+0000] {processor.py:179} INFO - Processing /home/airflow/.local/lib/python3.8/site-packages/airflow/example_dags/example_latest_only_with_trigger.py took 0.160 seconds
[2023-10-13T01:17:46.326+0000] {processor.py:157} INFO - Started process (PID=363) to work on /home/airflow/.local/lib/python3.8/site-packages/airflow/example_dags/example_latest_only_with_trigger.py
[2023-10-13T01:17:46.327+0000] {processor.py:829} INFO - Processing file /home/airflow/.local/lib/python3.8/site-packages/airflow/example_dags/example_latest_only_with_trigger.py for tasks to queue
[2023-10-13T01:17:46.330+0000] {logging_mixin.py:151} INFO - [2023-10-13T01:17:46.329+0000] {dagbag.py:536} INFO - Filling up the DagBag from /home/airflow/.local/lib/python3.8/site-packages/airflow/example_dags/example_latest_only_with_trigger.py
[2023-10-13T01:17:46.337+0000] {processor.py:839} INFO - DAG(s) dict_keys(['latest_only_with_trigger']) retrieved from /home/airflow/.local/lib/python3.8/site-packages/airflow/example_dags/example_latest_only_with_trigger.py
[2023-10-13T01:17:46.364+0000] {logging_mixin.py:151} INFO - [2023-10-13T01:17:46.364+0000] {dag.py:2941} INFO - Sync 1 DAGs
[2023-10-13T01:17:46.387+0000] {logging_mixin.py:151} INFO - [2023-10-13T01:17:46.387+0000] {dag.py:3722} INFO - Setting next_dagrun for latest_only_with_trigger to 2023-10-12T21:17:46.387187+00:00, run_after=2023-10-13T01:17:46.387187+00:00
[2023-10-13T01:17:46.431+0000] {processor.py:179} INFO - Processing /home/airflow/.local/lib/python3.8/site-packages/airflow/example_dags/example_latest_only_with_trigger.py took 0.109 seconds
[2023-10-13T01:18:16.942+0000] {processor.py:157} INFO - Started process (PID=418) to work on /home/airflow/.local/lib/python3.8/site-packages/airflow/example_dags/example_latest_only_with_trigger.py
[2023-10-13T01:18:16.958+0000] {processor.py:829} INFO - Processing file /home/airflow/.local/lib/python3.8/site-packages/airflow/example_dags/example_latest_only_with_trigger.py for tasks to queue
[2023-10-13T01:18:16.961+0000] {logging_mixin.py:151} INFO - [2023-10-13T01:18:16.961+0000] {dagbag.py:536} INFO - Filling up the DagBag from /home/airflow/.local/lib/python3.8/site-packages/airflow/example_dags/example_latest_only_with_trigger.py
[2023-10-13T01:18:16.991+0000] {processor.py:839} INFO - DAG(s) dict_keys(['latest_only_with_trigger']) retrieved from /home/airflow/.local/lib/python3.8/site-packages/airflow/example_dags/example_latest_only_with_trigger.py
[2023-10-13T01:18:17.111+0000] {logging_mixin.py:151} INFO - [2023-10-13T01:18:17.111+0000] {dag.py:2941} INFO - Sync 1 DAGs
[2023-10-13T01:18:17.197+0000] {logging_mixin.py:151} INFO - [2023-10-13T01:18:17.196+0000] {dag.py:3722} INFO - Setting next_dagrun for latest_only_with_trigger to 2023-10-12T21:18:17.196352+00:00, run_after=2023-10-13T01:18:17.196352+00:00
[2023-10-13T01:18:17.238+0000] {processor.py:179} INFO - Processing /home/airflow/.local/lib/python3.8/site-packages/airflow/example_dags/example_latest_only_with_trigger.py took 0.306 seconds
[2023-10-13T01:18:47.478+0000] {processor.py:157} INFO - Started process (PID=473) to work on /home/airflow/.local/lib/python3.8/site-packages/airflow/example_dags/example_latest_only_with_trigger.py
[2023-10-13T01:18:47.479+0000] {processor.py:829} INFO - Processing file /home/airflow/.local/lib/python3.8/site-packages/airflow/example_dags/example_latest_only_with_trigger.py for tasks to queue
[2023-10-13T01:18:47.483+0000] {logging_mixin.py:151} INFO - [2023-10-13T01:18:47.483+0000] {dagbag.py:536} INFO - Filling up the DagBag from /home/airflow/.local/lib/python3.8/site-packages/airflow/example_dags/example_latest_only_with_trigger.py
[2023-10-13T01:18:47.492+0000] {processor.py:839} INFO - DAG(s) dict_keys(['latest_only_with_trigger']) retrieved from /home/airflow/.local/lib/python3.8/site-packages/airflow/example_dags/example_latest_only_with_trigger.py
[2023-10-13T01:18:47.535+0000] {logging_mixin.py:151} INFO - [2023-10-13T01:18:47.534+0000] {dag.py:2941} INFO - Sync 1 DAGs
[2023-10-13T01:18:47.579+0000] {logging_mixin.py:151} INFO - [2023-10-13T01:18:47.578+0000] {dag.py:3722} INFO - Setting next_dagrun for latest_only_with_trigger to 2023-10-12T21:18:47.578381+00:00, run_after=2023-10-13T01:18:47.578381+00:00
[2023-10-13T01:18:47.618+0000] {processor.py:179} INFO - Processing /home/airflow/.local/lib/python3.8/site-packages/airflow/example_dags/example_latest_only_with_trigger.py took 0.144 seconds
[2023-10-13T01:19:17.701+0000] {processor.py:157} INFO - Started process (PID=528) to work on /home/airflow/.local/lib/python3.8/site-packages/airflow/example_dags/example_latest_only_with_trigger.py
[2023-10-13T01:19:17.702+0000] {processor.py:829} INFO - Processing file /home/airflow/.local/lib/python3.8/site-packages/airflow/example_dags/example_latest_only_with_trigger.py for tasks to queue
[2023-10-13T01:19:17.704+0000] {logging_mixin.py:151} INFO - [2023-10-13T01:19:17.704+0000] {dagbag.py:536} INFO - Filling up the DagBag from /home/airflow/.local/lib/python3.8/site-packages/airflow/example_dags/example_latest_only_with_trigger.py
[2023-10-13T01:19:17.711+0000] {processor.py:839} INFO - DAG(s) dict_keys(['latest_only_with_trigger']) retrieved from /home/airflow/.local/lib/python3.8/site-packages/airflow/example_dags/example_latest_only_with_trigger.py
[2023-10-13T01:19:17.741+0000] {logging_mixin.py:151} INFO - [2023-10-13T01:19:17.741+0000] {dag.py:2941} INFO - Sync 1 DAGs
[2023-10-13T01:19:17.779+0000] {logging_mixin.py:151} INFO - [2023-10-13T01:19:17.779+0000] {dag.py:3722} INFO - Setting next_dagrun for latest_only_with_trigger to 2023-10-12T21:19:17.779054+00:00, run_after=2023-10-13T01:19:17.779054+00:00
[2023-10-13T01:19:17.809+0000] {processor.py:179} INFO - Processing /home/airflow/.local/lib/python3.8/site-packages/airflow/example_dags/example_latest_only_with_trigger.py took 0.113 seconds
[2023-10-13T01:19:48.138+0000] {processor.py:157} INFO - Started process (PID=583) to work on /home/airflow/.local/lib/python3.8/site-packages/airflow/example_dags/example_latest_only_with_trigger.py
[2023-10-13T01:19:48.139+0000] {processor.py:829} INFO - Processing file /home/airflow/.local/lib/python3.8/site-packages/airflow/example_dags/example_latest_only_with_trigger.py for tasks to queue
[2023-10-13T01:19:48.142+0000] {logging_mixin.py:151} INFO - [2023-10-13T01:19:48.142+0000] {dagbag.py:536} INFO - Filling up the DagBag from /home/airflow/.local/lib/python3.8/site-packages/airflow/example_dags/example_latest_only_with_trigger.py
[2023-10-13T01:19:48.149+0000] {processor.py:839} INFO - DAG(s) dict_keys(['latest_only_with_trigger']) retrieved from /home/airflow/.local/lib/python3.8/site-packages/airflow/example_dags/example_latest_only_with_trigger.py
[2023-10-13T01:19:48.172+0000] {logging_mixin.py:151} INFO - [2023-10-13T01:19:48.172+0000] {dag.py:2941} INFO - Sync 1 DAGs
[2023-10-13T01:19:48.197+0000] {logging_mixin.py:151} INFO - [2023-10-13T01:19:48.197+0000] {dag.py:3722} INFO - Setting next_dagrun for latest_only_with_trigger to 2023-10-12T21:19:48.196872+00:00, run_after=2023-10-13T01:19:48.196872+00:00
[2023-10-13T01:19:48.219+0000] {processor.py:179} INFO - Processing /home/airflow/.local/lib/python3.8/site-packages/airflow/example_dags/example_latest_only_with_trigger.py took 0.085 seconds
[2023-10-13T01:20:19.866+0000] {processor.py:157} INFO - Started process (PID=638) to work on /home/airflow/.local/lib/python3.8/site-packages/airflow/example_dags/example_latest_only_with_trigger.py
[2023-10-13T01:20:19.867+0000] {processor.py:829} INFO - Processing file /home/airflow/.local/lib/python3.8/site-packages/airflow/example_dags/example_latest_only_with_trigger.py for tasks to queue
[2023-10-13T01:20:19.874+0000] {logging_mixin.py:151} INFO - [2023-10-13T01:20:19.873+0000] {dagbag.py:536} INFO - Filling up the DagBag from /home/airflow/.local/lib/python3.8/site-packages/airflow/example_dags/example_latest_only_with_trigger.py
[2023-10-13T01:20:19.882+0000] {processor.py:839} INFO - DAG(s) dict_keys(['latest_only_with_trigger']) retrieved from /home/airflow/.local/lib/python3.8/site-packages/airflow/example_dags/example_latest_only_with_trigger.py
[2023-10-13T01:20:19.965+0000] {logging_mixin.py:151} INFO - [2023-10-13T01:20:19.965+0000] {dag.py:2941} INFO - Sync 1 DAGs
[2023-10-13T01:20:20.022+0000] {logging_mixin.py:151} INFO - [2023-10-13T01:20:20.021+0000] {dag.py:3722} INFO - Setting next_dagrun for latest_only_with_trigger to 2023-10-12T21:20:20.021545+00:00, run_after=2023-10-13T01:20:20.021545+00:00
[2023-10-13T01:20:20.119+0000] {processor.py:179} INFO - Processing /home/airflow/.local/lib/python3.8/site-packages/airflow/example_dags/example_latest_only_with_trigger.py took 0.260 seconds
[2023-10-13T01:20:50.243+0000] {processor.py:157} INFO - Started process (PID=693) to work on /home/airflow/.local/lib/python3.8/site-packages/airflow/example_dags/example_latest_only_with_trigger.py
[2023-10-13T01:20:50.244+0000] {processor.py:829} INFO - Processing file /home/airflow/.local/lib/python3.8/site-packages/airflow/example_dags/example_latest_only_with_trigger.py for tasks to queue
[2023-10-13T01:20:50.247+0000] {logging_mixin.py:151} INFO - [2023-10-13T01:20:50.247+0000] {dagbag.py:536} INFO - Filling up the DagBag from /home/airflow/.local/lib/python3.8/site-packages/airflow/example_dags/example_latest_only_with_trigger.py
[2023-10-13T01:20:50.257+0000] {processor.py:839} INFO - DAG(s) dict_keys(['latest_only_with_trigger']) retrieved from /home/airflow/.local/lib/python3.8/site-packages/airflow/example_dags/example_latest_only_with_trigger.py
[2023-10-13T01:20:50.284+0000] {logging_mixin.py:151} INFO - [2023-10-13T01:20:50.283+0000] {dag.py:2941} INFO - Sync 1 DAGs
[2023-10-13T01:20:50.317+0000] {logging_mixin.py:151} INFO - [2023-10-13T01:20:50.317+0000] {dag.py:3722} INFO - Setting next_dagrun for latest_only_with_trigger to 2023-10-12T21:20:50.316890+00:00, run_after=2023-10-13T01:20:50.316890+00:00
[2023-10-13T01:20:50.368+0000] {processor.py:179} INFO - Processing /home/airflow/.local/lib/python3.8/site-packages/airflow/example_dags/example_latest_only_with_trigger.py took 0.129 seconds
[2023-10-13T01:21:21.462+0000] {processor.py:157} INFO - Started process (PID=749) to work on /home/airflow/.local/lib/python3.8/site-packages/airflow/example_dags/example_latest_only_with_trigger.py
[2023-10-13T01:21:21.463+0000] {processor.py:829} INFO - Processing file /home/airflow/.local/lib/python3.8/site-packages/airflow/example_dags/example_latest_only_with_trigger.py for tasks to queue
[2023-10-13T01:21:21.465+0000] {logging_mixin.py:151} INFO - [2023-10-13T01:21:21.464+0000] {dagbag.py:536} INFO - Filling up the DagBag from /home/airflow/.local/lib/python3.8/site-packages/airflow/example_dags/example_latest_only_with_trigger.py
[2023-10-13T01:21:21.473+0000] {processor.py:839} INFO - DAG(s) dict_keys(['latest_only_with_trigger']) retrieved from /home/airflow/.local/lib/python3.8/site-packages/airflow/example_dags/example_latest_only_with_trigger.py
[2023-10-13T01:21:21.515+0000] {logging_mixin.py:151} INFO - [2023-10-13T01:21:21.515+0000] {dag.py:2941} INFO - Sync 1 DAGs
[2023-10-13T01:21:21.555+0000] {logging_mixin.py:151} INFO - [2023-10-13T01:21:21.555+0000] {dag.py:3722} INFO - Setting next_dagrun for latest_only_with_trigger to 2023-10-12T21:21:21.554966+00:00, run_after=2023-10-13T01:21:21.554966+00:00
[2023-10-13T01:21:21.587+0000] {processor.py:179} INFO - Processing /home/airflow/.local/lib/python3.8/site-packages/airflow/example_dags/example_latest_only_with_trigger.py took 0.133 seconds
[2023-10-13T01:21:52.065+0000] {processor.py:157} INFO - Started process (PID=805) to work on /home/airflow/.local/lib/python3.8/site-packages/airflow/example_dags/example_latest_only_with_trigger.py
[2023-10-13T01:21:52.115+0000] {processor.py:829} INFO - Processing file /home/airflow/.local/lib/python3.8/site-packages/airflow/example_dags/example_latest_only_with_trigger.py for tasks to queue
[2023-10-13T01:21:52.118+0000] {logging_mixin.py:151} INFO - [2023-10-13T01:21:52.118+0000] {dagbag.py:536} INFO - Filling up the DagBag from /home/airflow/.local/lib/python3.8/site-packages/airflow/example_dags/example_latest_only_with_trigger.py
[2023-10-13T01:21:52.134+0000] {processor.py:839} INFO - DAG(s) dict_keys(['latest_only_with_trigger']) retrieved from /home/airflow/.local/lib/python3.8/site-packages/airflow/example_dags/example_latest_only_with_trigger.py
[2023-10-13T01:21:52.196+0000] {logging_mixin.py:151} INFO - [2023-10-13T01:21:52.196+0000] {dag.py:2941} INFO - Sync 1 DAGs
[2023-10-13T01:21:52.242+0000] {logging_mixin.py:151} INFO - [2023-10-13T01:21:52.242+0000] {dag.py:3722} INFO - Setting next_dagrun for latest_only_with_trigger to 2023-10-12T21:21:52.242201+00:00, run_after=2023-10-13T01:21:52.242201+00:00
[2023-10-13T01:21:52.285+0000] {processor.py:179} INFO - Processing /home/airflow/.local/lib/python3.8/site-packages/airflow/example_dags/example_latest_only_with_trigger.py took 0.224 seconds
[2023-10-13T01:24:38.372+0000] {processor.py:157} INFO - Started process (PID=36) to work on /home/airflow/.local/lib/python3.8/site-packages/airflow/example_dags/example_latest_only_with_trigger.py
[2023-10-13T01:24:38.405+0000] {processor.py:829} INFO - Processing file /home/airflow/.local/lib/python3.8/site-packages/airflow/example_dags/example_latest_only_with_trigger.py for tasks to queue
[2023-10-13T01:24:38.408+0000] {logging_mixin.py:151} INFO - [2023-10-13T01:24:38.407+0000] {dagbag.py:536} INFO - Filling up the DagBag from /home/airflow/.local/lib/python3.8/site-packages/airflow/example_dags/example_latest_only_with_trigger.py
[2023-10-13T01:24:38.419+0000] {processor.py:839} INFO - DAG(s) dict_keys(['latest_only_with_trigger']) retrieved from /home/airflow/.local/lib/python3.8/site-packages/airflow/example_dags/example_latest_only_with_trigger.py
[2023-10-13T01:24:38.464+0000] {logging_mixin.py:151} INFO - [2023-10-13T01:24:38.463+0000] {dag.py:2941} INFO - Sync 1 DAGs
[2023-10-13T01:24:38.497+0000] {logging_mixin.py:151} INFO - [2023-10-13T01:24:38.496+0000] {dag.py:3722} INFO - Setting next_dagrun for latest_only_with_trigger to 2023-10-12T21:24:38.496583+00:00, run_after=2023-10-13T01:24:38.496583+00:00
[2023-10-13T01:24:38.569+0000] {processor.py:179} INFO - Processing /home/airflow/.local/lib/python3.8/site-packages/airflow/example_dags/example_latest_only_with_trigger.py took 0.203 seconds
[2023-10-13T01:25:08.719+0000] {processor.py:157} INFO - Started process (PID=91) to work on /home/airflow/.local/lib/python3.8/site-packages/airflow/example_dags/example_latest_only_with_trigger.py
[2023-10-13T01:25:08.721+0000] {processor.py:829} INFO - Processing file /home/airflow/.local/lib/python3.8/site-packages/airflow/example_dags/example_latest_only_with_trigger.py for tasks to queue
[2023-10-13T01:25:08.724+0000] {logging_mixin.py:151} INFO - [2023-10-13T01:25:08.723+0000] {dagbag.py:536} INFO - Filling up the DagBag from /home/airflow/.local/lib/python3.8/site-packages/airflow/example_dags/example_latest_only_with_trigger.py
[2023-10-13T01:25:08.733+0000] {processor.py:839} INFO - DAG(s) dict_keys(['latest_only_with_trigger']) retrieved from /home/airflow/.local/lib/python3.8/site-packages/airflow/example_dags/example_latest_only_with_trigger.py
[2023-10-13T01:25:08.763+0000] {logging_mixin.py:151} INFO - [2023-10-13T01:25:08.762+0000] {dag.py:2941} INFO - Sync 1 DAGs
[2023-10-13T01:25:08.806+0000] {logging_mixin.py:151} INFO - [2023-10-13T01:25:08.806+0000] {dag.py:3722} INFO - Setting next_dagrun for latest_only_with_trigger to 2023-10-12T21:25:08.805745+00:00, run_after=2023-10-13T01:25:08.805745+00:00
[2023-10-13T01:25:08.874+0000] {processor.py:179} INFO - Processing /home/airflow/.local/lib/python3.8/site-packages/airflow/example_dags/example_latest_only_with_trigger.py took 0.159 seconds
[2023-10-13T01:25:38.902+0000] {processor.py:157} INFO - Started process (PID=146) to work on /home/airflow/.local/lib/python3.8/site-packages/airflow/example_dags/example_latest_only_with_trigger.py
[2023-10-13T01:25:38.903+0000] {processor.py:829} INFO - Processing file /home/airflow/.local/lib/python3.8/site-packages/airflow/example_dags/example_latest_only_with_trigger.py for tasks to queue
[2023-10-13T01:25:38.905+0000] {logging_mixin.py:151} INFO - [2023-10-13T01:25:38.904+0000] {dagbag.py:536} INFO - Filling up the DagBag from /home/airflow/.local/lib/python3.8/site-packages/airflow/example_dags/example_latest_only_with_trigger.py
[2023-10-13T01:25:38.910+0000] {processor.py:839} INFO - DAG(s) dict_keys(['latest_only_with_trigger']) retrieved from /home/airflow/.local/lib/python3.8/site-packages/airflow/example_dags/example_latest_only_with_trigger.py
[2023-10-13T01:25:38.933+0000] {logging_mixin.py:151} INFO - [2023-10-13T01:25:38.933+0000] {dag.py:2941} INFO - Sync 1 DAGs
[2023-10-13T01:25:38.957+0000] {logging_mixin.py:151} INFO - [2023-10-13T01:25:38.957+0000] {dag.py:3722} INFO - Setting next_dagrun for latest_only_with_trigger to 2023-10-12T21:25:38.957237+00:00, run_after=2023-10-13T01:25:38.957237+00:00
[2023-10-13T01:25:38.994+0000] {processor.py:179} INFO - Processing /home/airflow/.local/lib/python3.8/site-packages/airflow/example_dags/example_latest_only_with_trigger.py took 0.095 seconds
[2023-10-13T01:26:09.497+0000] {processor.py:157} INFO - Started process (PID=200) to work on /home/airflow/.local/lib/python3.8/site-packages/airflow/example_dags/example_latest_only_with_trigger.py
[2023-10-13T01:26:09.498+0000] {processor.py:829} INFO - Processing file /home/airflow/.local/lib/python3.8/site-packages/airflow/example_dags/example_latest_only_with_trigger.py for tasks to queue
[2023-10-13T01:26:09.501+0000] {logging_mixin.py:151} INFO - [2023-10-13T01:26:09.500+0000] {dagbag.py:536} INFO - Filling up the DagBag from /home/airflow/.local/lib/python3.8/site-packages/airflow/example_dags/example_latest_only_with_trigger.py
[2023-10-13T01:26:09.509+0000] {processor.py:839} INFO - DAG(s) dict_keys(['latest_only_with_trigger']) retrieved from /home/airflow/.local/lib/python3.8/site-packages/airflow/example_dags/example_latest_only_with_trigger.py
[2023-10-13T01:26:09.537+0000] {logging_mixin.py:151} INFO - [2023-10-13T01:26:09.537+0000] {dag.py:2941} INFO - Sync 1 DAGs
[2023-10-13T01:26:09.562+0000] {logging_mixin.py:151} INFO - [2023-10-13T01:26:09.561+0000] {dag.py:3722} INFO - Setting next_dagrun for latest_only_with_trigger to 2023-10-12T21:26:09.561722+00:00, run_after=2023-10-13T01:26:09.561722+00:00
[2023-10-13T01:26:09.597+0000] {processor.py:179} INFO - Processing /home/airflow/.local/lib/python3.8/site-packages/airflow/example_dags/example_latest_only_with_trigger.py took 0.105 seconds
[2023-10-13T01:26:40.094+0000] {processor.py:157} INFO - Started process (PID=255) to work on /home/airflow/.local/lib/python3.8/site-packages/airflow/example_dags/example_latest_only_with_trigger.py
[2023-10-13T01:26:40.094+0000] {processor.py:829} INFO - Processing file /home/airflow/.local/lib/python3.8/site-packages/airflow/example_dags/example_latest_only_with_trigger.py for tasks to queue
[2023-10-13T01:26:40.096+0000] {logging_mixin.py:151} INFO - [2023-10-13T01:26:40.096+0000] {dagbag.py:536} INFO - Filling up the DagBag from /home/airflow/.local/lib/python3.8/site-packages/airflow/example_dags/example_latest_only_with_trigger.py
[2023-10-13T01:26:40.102+0000] {processor.py:839} INFO - DAG(s) dict_keys(['latest_only_with_trigger']) retrieved from /home/airflow/.local/lib/python3.8/site-packages/airflow/example_dags/example_latest_only_with_trigger.py
[2023-10-13T01:26:40.124+0000] {logging_mixin.py:151} INFO - [2023-10-13T01:26:40.124+0000] {dag.py:2941} INFO - Sync 1 DAGs
[2023-10-13T01:26:40.148+0000] {logging_mixin.py:151} INFO - [2023-10-13T01:26:40.148+0000] {dag.py:3722} INFO - Setting next_dagrun for latest_only_with_trigger to 2023-10-12T21:26:40.148067+00:00, run_after=2023-10-13T01:26:40.148067+00:00
[2023-10-13T01:26:40.184+0000] {processor.py:179} INFO - Processing /home/airflow/.local/lib/python3.8/site-packages/airflow/example_dags/example_latest_only_with_trigger.py took 0.094 seconds
[2023-10-13T01:27:10.794+0000] {processor.py:157} INFO - Started process (PID=310) to work on /home/airflow/.local/lib/python3.8/site-packages/airflow/example_dags/example_latest_only_with_trigger.py
[2023-10-13T01:27:10.807+0000] {processor.py:829} INFO - Processing file /home/airflow/.local/lib/python3.8/site-packages/airflow/example_dags/example_latest_only_with_trigger.py for tasks to queue
[2023-10-13T01:27:10.809+0000] {logging_mixin.py:151} INFO - [2023-10-13T01:27:10.809+0000] {dagbag.py:536} INFO - Filling up the DagBag from /home/airflow/.local/lib/python3.8/site-packages/airflow/example_dags/example_latest_only_with_trigger.py
[2023-10-13T01:27:10.838+0000] {processor.py:839} INFO - DAG(s) dict_keys(['latest_only_with_trigger']) retrieved from /home/airflow/.local/lib/python3.8/site-packages/airflow/example_dags/example_latest_only_with_trigger.py
[2023-10-13T01:27:11.036+0000] {logging_mixin.py:151} INFO - [2023-10-13T01:27:11.035+0000] {dag.py:2941} INFO - Sync 1 DAGs
[2023-10-13T01:27:11.127+0000] {logging_mixin.py:151} INFO - [2023-10-13T01:27:11.127+0000] {dag.py:3722} INFO - Setting next_dagrun for latest_only_with_trigger to 2023-10-12T21:27:11.126755+00:00, run_after=2023-10-13T01:27:11.126755+00:00
[2023-10-13T01:27:11.189+0000] {processor.py:179} INFO - Processing /home/airflow/.local/lib/python3.8/site-packages/airflow/example_dags/example_latest_only_with_trigger.py took 0.417 seconds
[2023-10-13T01:27:41.352+0000] {processor.py:157} INFO - Started process (PID=365) to work on /home/airflow/.local/lib/python3.8/site-packages/airflow/example_dags/example_latest_only_with_trigger.py
[2023-10-13T01:27:41.354+0000] {processor.py:829} INFO - Processing file /home/airflow/.local/lib/python3.8/site-packages/airflow/example_dags/example_latest_only_with_trigger.py for tasks to queue
[2023-10-13T01:27:41.356+0000] {logging_mixin.py:151} INFO - [2023-10-13T01:27:41.356+0000] {dagbag.py:536} INFO - Filling up the DagBag from /home/airflow/.local/lib/python3.8/site-packages/airflow/example_dags/example_latest_only_with_trigger.py
[2023-10-13T01:27:41.363+0000] {processor.py:839} INFO - DAG(s) dict_keys(['latest_only_with_trigger']) retrieved from /home/airflow/.local/lib/python3.8/site-packages/airflow/example_dags/example_latest_only_with_trigger.py
[2023-10-13T01:27:41.425+0000] {logging_mixin.py:151} INFO - [2023-10-13T01:27:41.424+0000] {dag.py:2941} INFO - Sync 1 DAGs
[2023-10-13T01:27:41.460+0000] {logging_mixin.py:151} INFO - [2023-10-13T01:27:41.460+0000] {dag.py:3722} INFO - Setting next_dagrun for latest_only_with_trigger to 2023-10-12T21:27:41.459876+00:00, run_after=2023-10-13T01:27:41.459876+00:00
[2023-10-13T01:27:41.544+0000] {processor.py:179} INFO - Processing /home/airflow/.local/lib/python3.8/site-packages/airflow/example_dags/example_latest_only_with_trigger.py took 0.197 seconds
