[2023-10-13T00:52:48.981+0000] {processor.py:157} INFO - Started process (PID=43) to work on /home/airflow/.local/lib/python3.8/site-packages/airflow/example_dags/example_branch_python_dop_operator_3.py
[2023-10-13T00:52:48.982+0000] {processor.py:829} INFO - Processing file /home/airflow/.local/lib/python3.8/site-packages/airflow/example_dags/example_branch_python_dop_operator_3.py for tasks to queue
[2023-10-13T00:52:48.993+0000] {logging_mixin.py:151} INFO - [2023-10-13T00:52:48.993+0000] {dagbag.py:536} INFO - Filling up the DagBag from /home/airflow/.local/lib/python3.8/site-packages/airflow/example_dags/example_branch_python_dop_operator_3.py
[2023-10-13T00:52:49.020+0000] {processor.py:839} INFO - DAG(s) dict_keys(['example_branch_dop_operator_v3']) retrieved from /home/airflow/.local/lib/python3.8/site-packages/airflow/example_dags/example_branch_python_dop_operator_3.py
[2023-10-13T00:52:49.102+0000] {logging_mixin.py:151} INFO - [2023-10-13T00:52:49.102+0000] {dag.py:2941} INFO - Sync 1 DAGs
[2023-10-13T00:52:49.211+0000] {logging_mixin.py:151} INFO - [2023-10-13T00:52:49.210+0000] {dag.py:3722} INFO - Setting next_dagrun for example_branch_dop_operator_v3 to 2023-10-13T00:51:00+00:00, run_after=2023-10-13T00:52:00+00:00
[2023-10-13T00:52:49.988+0000] {processor.py:179} INFO - Processing /home/airflow/.local/lib/python3.8/site-packages/airflow/example_dags/example_branch_python_dop_operator_3.py took 1.031 seconds
[2023-10-13T00:53:20.207+0000] {processor.py:157} INFO - Started process (PID=96) to work on /home/airflow/.local/lib/python3.8/site-packages/airflow/example_dags/example_branch_python_dop_operator_3.py
[2023-10-13T00:53:20.209+0000] {processor.py:829} INFO - Processing file /home/airflow/.local/lib/python3.8/site-packages/airflow/example_dags/example_branch_python_dop_operator_3.py for tasks to queue
[2023-10-13T00:53:20.211+0000] {logging_mixin.py:151} INFO - [2023-10-13T00:53:20.211+0000] {dagbag.py:536} INFO - Filling up the DagBag from /home/airflow/.local/lib/python3.8/site-packages/airflow/example_dags/example_branch_python_dop_operator_3.py
[2023-10-13T00:53:20.222+0000] {processor.py:839} INFO - DAG(s) dict_keys(['example_branch_dop_operator_v3']) retrieved from /home/airflow/.local/lib/python3.8/site-packages/airflow/example_dags/example_branch_python_dop_operator_3.py
[2023-10-13T00:53:20.254+0000] {logging_mixin.py:151} INFO - [2023-10-13T00:53:20.254+0000] {dag.py:2941} INFO - Sync 1 DAGs
[2023-10-13T00:53:20.302+0000] {logging_mixin.py:151} INFO - [2023-10-13T00:53:20.302+0000] {dag.py:3722} INFO - Setting next_dagrun for example_branch_dop_operator_v3 to 2023-10-13T00:52:00+00:00, run_after=2023-10-13T00:53:00+00:00
[2023-10-13T00:53:20.386+0000] {processor.py:179} INFO - Processing /home/airflow/.local/lib/python3.8/site-packages/airflow/example_dags/example_branch_python_dop_operator_3.py took 0.186 seconds
[2023-10-13T00:53:50.800+0000] {processor.py:157} INFO - Started process (PID=157) to work on /home/airflow/.local/lib/python3.8/site-packages/airflow/example_dags/example_branch_python_dop_operator_3.py
[2023-10-13T00:53:50.848+0000] {processor.py:829} INFO - Processing file /home/airflow/.local/lib/python3.8/site-packages/airflow/example_dags/example_branch_python_dop_operator_3.py for tasks to queue
[2023-10-13T00:53:50.850+0000] {logging_mixin.py:151} INFO - [2023-10-13T00:53:50.850+0000] {dagbag.py:536} INFO - Filling up the DagBag from /home/airflow/.local/lib/python3.8/site-packages/airflow/example_dags/example_branch_python_dop_operator_3.py
[2023-10-13T00:53:50.863+0000] {processor.py:839} INFO - DAG(s) dict_keys(['example_branch_dop_operator_v3']) retrieved from /home/airflow/.local/lib/python3.8/site-packages/airflow/example_dags/example_branch_python_dop_operator_3.py
[2023-10-13T00:53:50.886+0000] {logging_mixin.py:151} INFO - [2023-10-13T00:53:50.885+0000] {dag.py:2941} INFO - Sync 1 DAGs
[2023-10-13T00:53:50.925+0000] {logging_mixin.py:151} INFO - [2023-10-13T00:53:50.925+0000] {dag.py:3722} INFO - Setting next_dagrun for example_branch_dop_operator_v3 to 2023-10-13T00:52:00+00:00, run_after=2023-10-13T00:53:00+00:00
[2023-10-13T00:53:51.010+0000] {processor.py:179} INFO - Processing /home/airflow/.local/lib/python3.8/site-packages/airflow/example_dags/example_branch_python_dop_operator_3.py took 0.215 seconds
[2023-10-13T00:54:21.596+0000] {processor.py:157} INFO - Started process (PID=211) to work on /home/airflow/.local/lib/python3.8/site-packages/airflow/example_dags/example_branch_python_dop_operator_3.py
[2023-10-13T00:54:21.599+0000] {processor.py:829} INFO - Processing file /home/airflow/.local/lib/python3.8/site-packages/airflow/example_dags/example_branch_python_dop_operator_3.py for tasks to queue
[2023-10-13T00:54:21.603+0000] {logging_mixin.py:151} INFO - [2023-10-13T00:54:21.602+0000] {dagbag.py:536} INFO - Filling up the DagBag from /home/airflow/.local/lib/python3.8/site-packages/airflow/example_dags/example_branch_python_dop_operator_3.py
[2023-10-13T00:54:21.621+0000] {processor.py:839} INFO - DAG(s) dict_keys(['example_branch_dop_operator_v3']) retrieved from /home/airflow/.local/lib/python3.8/site-packages/airflow/example_dags/example_branch_python_dop_operator_3.py
[2023-10-13T00:54:21.666+0000] {logging_mixin.py:151} INFO - [2023-10-13T00:54:21.664+0000] {dag.py:2941} INFO - Sync 1 DAGs
[2023-10-13T00:54:21.742+0000] {logging_mixin.py:151} INFO - [2023-10-13T00:54:21.742+0000] {dag.py:3722} INFO - Setting next_dagrun for example_branch_dop_operator_v3 to 2023-10-13T00:53:00+00:00, run_after=2023-10-13T00:54:00+00:00
[2023-10-13T00:54:21.816+0000] {processor.py:179} INFO - Processing /home/airflow/.local/lib/python3.8/site-packages/airflow/example_dags/example_branch_python_dop_operator_3.py took 0.229 seconds
[2023-10-13T00:54:52.159+0000] {processor.py:157} INFO - Started process (PID=265) to work on /home/airflow/.local/lib/python3.8/site-packages/airflow/example_dags/example_branch_python_dop_operator_3.py
[2023-10-13T00:54:52.169+0000] {processor.py:829} INFO - Processing file /home/airflow/.local/lib/python3.8/site-packages/airflow/example_dags/example_branch_python_dop_operator_3.py for tasks to queue
[2023-10-13T00:54:52.172+0000] {logging_mixin.py:151} INFO - [2023-10-13T00:54:52.172+0000] {dagbag.py:536} INFO - Filling up the DagBag from /home/airflow/.local/lib/python3.8/site-packages/airflow/example_dags/example_branch_python_dop_operator_3.py
[2023-10-13T00:54:52.188+0000] {processor.py:839} INFO - DAG(s) dict_keys(['example_branch_dop_operator_v3']) retrieved from /home/airflow/.local/lib/python3.8/site-packages/airflow/example_dags/example_branch_python_dop_operator_3.py
[2023-10-13T00:54:52.234+0000] {logging_mixin.py:151} INFO - [2023-10-13T00:54:52.233+0000] {dag.py:2941} INFO - Sync 1 DAGs
[2023-10-13T00:54:52.302+0000] {logging_mixin.py:151} INFO - [2023-10-13T00:54:52.301+0000] {dag.py:3722} INFO - Setting next_dagrun for example_branch_dop_operator_v3 to 2023-10-13T00:53:00+00:00, run_after=2023-10-13T00:54:00+00:00
[2023-10-13T00:54:52.370+0000] {processor.py:179} INFO - Processing /home/airflow/.local/lib/python3.8/site-packages/airflow/example_dags/example_branch_python_dop_operator_3.py took 0.218 seconds
[2023-10-13T00:55:23.107+0000] {processor.py:157} INFO - Started process (PID=319) to work on /home/airflow/.local/lib/python3.8/site-packages/airflow/example_dags/example_branch_python_dop_operator_3.py
[2023-10-13T00:55:23.109+0000] {processor.py:829} INFO - Processing file /home/airflow/.local/lib/python3.8/site-packages/airflow/example_dags/example_branch_python_dop_operator_3.py for tasks to queue
[2023-10-13T00:55:23.115+0000] {logging_mixin.py:151} INFO - [2023-10-13T00:55:23.115+0000] {dagbag.py:536} INFO - Filling up the DagBag from /home/airflow/.local/lib/python3.8/site-packages/airflow/example_dags/example_branch_python_dop_operator_3.py
[2023-10-13T00:55:23.134+0000] {processor.py:839} INFO - DAG(s) dict_keys(['example_branch_dop_operator_v3']) retrieved from /home/airflow/.local/lib/python3.8/site-packages/airflow/example_dags/example_branch_python_dop_operator_3.py
[2023-10-13T00:55:23.190+0000] {logging_mixin.py:151} INFO - [2023-10-13T00:55:23.190+0000] {dag.py:2941} INFO - Sync 1 DAGs
[2023-10-13T00:55:23.280+0000] {logging_mixin.py:151} INFO - [2023-10-13T00:55:23.279+0000] {dag.py:3722} INFO - Setting next_dagrun for example_branch_dop_operator_v3 to 2023-10-13T00:54:00+00:00, run_after=2023-10-13T00:55:00+00:00
[2023-10-13T00:55:23.371+0000] {processor.py:179} INFO - Processing /home/airflow/.local/lib/python3.8/site-packages/airflow/example_dags/example_branch_python_dop_operator_3.py took 0.271 seconds
[2023-10-13T01:14:45.242+0000] {processor.py:157} INFO - Started process (PID=43) to work on /home/airflow/.local/lib/python3.8/site-packages/airflow/example_dags/example_branch_python_dop_operator_3.py
[2023-10-13T01:14:45.262+0000] {processor.py:829} INFO - Processing file /home/airflow/.local/lib/python3.8/site-packages/airflow/example_dags/example_branch_python_dop_operator_3.py for tasks to queue
[2023-10-13T01:14:45.265+0000] {logging_mixin.py:151} INFO - [2023-10-13T01:14:45.264+0000] {dagbag.py:536} INFO - Filling up the DagBag from /home/airflow/.local/lib/python3.8/site-packages/airflow/example_dags/example_branch_python_dop_operator_3.py
[2023-10-13T01:14:45.287+0000] {processor.py:839} INFO - DAG(s) dict_keys(['example_branch_dop_operator_v3']) retrieved from /home/airflow/.local/lib/python3.8/site-packages/airflow/example_dags/example_branch_python_dop_operator_3.py
[2023-10-13T01:14:45.354+0000] {logging_mixin.py:151} INFO - [2023-10-13T01:14:45.353+0000] {dag.py:2941} INFO - Sync 1 DAGs
[2023-10-13T01:14:45.475+0000] {logging_mixin.py:151} INFO - [2023-10-13T01:14:45.475+0000] {dag.py:3722} INFO - Setting next_dagrun for example_branch_dop_operator_v3 to 2023-10-13T01:13:00+00:00, run_after=2023-10-13T01:14:00+00:00
[2023-10-13T01:14:45.529+0000] {processor.py:179} INFO - Processing /home/airflow/.local/lib/python3.8/site-packages/airflow/example_dags/example_branch_python_dop_operator_3.py took 0.301 seconds
[2023-10-13T01:15:15.856+0000] {processor.py:157} INFO - Started process (PID=98) to work on /home/airflow/.local/lib/python3.8/site-packages/airflow/example_dags/example_branch_python_dop_operator_3.py
[2023-10-13T01:15:15.873+0000] {processor.py:829} INFO - Processing file /home/airflow/.local/lib/python3.8/site-packages/airflow/example_dags/example_branch_python_dop_operator_3.py for tasks to queue
[2023-10-13T01:15:15.875+0000] {logging_mixin.py:151} INFO - [2023-10-13T01:15:15.875+0000] {dagbag.py:536} INFO - Filling up the DagBag from /home/airflow/.local/lib/python3.8/site-packages/airflow/example_dags/example_branch_python_dop_operator_3.py
[2023-10-13T01:15:15.884+0000] {processor.py:839} INFO - DAG(s) dict_keys(['example_branch_dop_operator_v3']) retrieved from /home/airflow/.local/lib/python3.8/site-packages/airflow/example_dags/example_branch_python_dop_operator_3.py
[2023-10-13T01:15:15.904+0000] {logging_mixin.py:151} INFO - [2023-10-13T01:15:15.904+0000] {dag.py:2941} INFO - Sync 1 DAGs
[2023-10-13T01:15:15.944+0000] {logging_mixin.py:151} INFO - [2023-10-13T01:15:15.944+0000] {dag.py:3722} INFO - Setting next_dagrun for example_branch_dop_operator_v3 to 2023-10-13T01:14:00+00:00, run_after=2023-10-13T01:15:00+00:00
[2023-10-13T01:15:15.973+0000] {processor.py:179} INFO - Processing /home/airflow/.local/lib/python3.8/site-packages/airflow/example_dags/example_branch_python_dop_operator_3.py took 0.122 seconds
[2023-10-13T01:15:46.546+0000] {processor.py:157} INFO - Started process (PID=152) to work on /home/airflow/.local/lib/python3.8/site-packages/airflow/example_dags/example_branch_python_dop_operator_3.py
[2023-10-13T01:15:46.547+0000] {processor.py:829} INFO - Processing file /home/airflow/.local/lib/python3.8/site-packages/airflow/example_dags/example_branch_python_dop_operator_3.py for tasks to queue
[2023-10-13T01:15:46.549+0000] {logging_mixin.py:151} INFO - [2023-10-13T01:15:46.549+0000] {dagbag.py:536} INFO - Filling up the DagBag from /home/airflow/.local/lib/python3.8/site-packages/airflow/example_dags/example_branch_python_dop_operator_3.py
[2023-10-13T01:15:46.559+0000] {processor.py:839} INFO - DAG(s) dict_keys(['example_branch_dop_operator_v3']) retrieved from /home/airflow/.local/lib/python3.8/site-packages/airflow/example_dags/example_branch_python_dop_operator_3.py
[2023-10-13T01:15:46.582+0000] {logging_mixin.py:151} INFO - [2023-10-13T01:15:46.581+0000] {dag.py:2941} INFO - Sync 1 DAGs
[2023-10-13T01:15:46.614+0000] {logging_mixin.py:151} INFO - [2023-10-13T01:15:46.614+0000] {dag.py:3722} INFO - Setting next_dagrun for example_branch_dop_operator_v3 to 2023-10-13T01:14:00+00:00, run_after=2023-10-13T01:15:00+00:00
[2023-10-13T01:15:46.640+0000] {processor.py:179} INFO - Processing /home/airflow/.local/lib/python3.8/site-packages/airflow/example_dags/example_branch_python_dop_operator_3.py took 0.097 seconds
[2023-10-13T01:16:16.831+0000] {processor.py:157} INFO - Started process (PID=206) to work on /home/airflow/.local/lib/python3.8/site-packages/airflow/example_dags/example_branch_python_dop_operator_3.py
[2023-10-13T01:16:16.832+0000] {processor.py:829} INFO - Processing file /home/airflow/.local/lib/python3.8/site-packages/airflow/example_dags/example_branch_python_dop_operator_3.py for tasks to queue
[2023-10-13T01:16:16.834+0000] {logging_mixin.py:151} INFO - [2023-10-13T01:16:16.834+0000] {dagbag.py:536} INFO - Filling up the DagBag from /home/airflow/.local/lib/python3.8/site-packages/airflow/example_dags/example_branch_python_dop_operator_3.py
[2023-10-13T01:16:16.847+0000] {processor.py:839} INFO - DAG(s) dict_keys(['example_branch_dop_operator_v3']) retrieved from /home/airflow/.local/lib/python3.8/site-packages/airflow/example_dags/example_branch_python_dop_operator_3.py
[2023-10-13T01:16:16.880+0000] {logging_mixin.py:151} INFO - [2023-10-13T01:16:16.880+0000] {dag.py:2941} INFO - Sync 1 DAGs
[2023-10-13T01:16:16.927+0000] {logging_mixin.py:151} INFO - [2023-10-13T01:16:16.927+0000] {dag.py:3722} INFO - Setting next_dagrun for example_branch_dop_operator_v3 to 2023-10-13T01:15:00+00:00, run_after=2023-10-13T01:16:00+00:00
[2023-10-13T01:16:16.981+0000] {processor.py:179} INFO - Processing /home/airflow/.local/lib/python3.8/site-packages/airflow/example_dags/example_branch_python_dop_operator_3.py took 0.153 seconds
[2023-10-13T01:16:47.125+0000] {processor.py:157} INFO - Started process (PID=261) to work on /home/airflow/.local/lib/python3.8/site-packages/airflow/example_dags/example_branch_python_dop_operator_3.py
[2023-10-13T01:16:47.129+0000] {processor.py:829} INFO - Processing file /home/airflow/.local/lib/python3.8/site-packages/airflow/example_dags/example_branch_python_dop_operator_3.py for tasks to queue
[2023-10-13T01:16:47.132+0000] {logging_mixin.py:151} INFO - [2023-10-13T01:16:47.131+0000] {dagbag.py:536} INFO - Filling up the DagBag from /home/airflow/.local/lib/python3.8/site-packages/airflow/example_dags/example_branch_python_dop_operator_3.py
[2023-10-13T01:16:47.143+0000] {processor.py:839} INFO - DAG(s) dict_keys(['example_branch_dop_operator_v3']) retrieved from /home/airflow/.local/lib/python3.8/site-packages/airflow/example_dags/example_branch_python_dop_operator_3.py
[2023-10-13T01:16:47.170+0000] {logging_mixin.py:151} INFO - [2023-10-13T01:16:47.169+0000] {dag.py:2941} INFO - Sync 1 DAGs
[2023-10-13T01:16:47.215+0000] {logging_mixin.py:151} INFO - [2023-10-13T01:16:47.215+0000] {dag.py:3722} INFO - Setting next_dagrun for example_branch_dop_operator_v3 to 2023-10-13T01:15:00+00:00, run_after=2023-10-13T01:16:00+00:00
[2023-10-13T01:16:47.238+0000] {processor.py:179} INFO - Processing /home/airflow/.local/lib/python3.8/site-packages/airflow/example_dags/example_branch_python_dop_operator_3.py took 0.116 seconds
[2023-10-13T01:17:17.487+0000] {processor.py:157} INFO - Started process (PID=315) to work on /home/airflow/.local/lib/python3.8/site-packages/airflow/example_dags/example_branch_python_dop_operator_3.py
[2023-10-13T01:17:17.488+0000] {processor.py:829} INFO - Processing file /home/airflow/.local/lib/python3.8/site-packages/airflow/example_dags/example_branch_python_dop_operator_3.py for tasks to queue
[2023-10-13T01:17:17.491+0000] {logging_mixin.py:151} INFO - [2023-10-13T01:17:17.491+0000] {dagbag.py:536} INFO - Filling up the DagBag from /home/airflow/.local/lib/python3.8/site-packages/airflow/example_dags/example_branch_python_dop_operator_3.py
[2023-10-13T01:17:17.506+0000] {processor.py:839} INFO - DAG(s) dict_keys(['example_branch_dop_operator_v3']) retrieved from /home/airflow/.local/lib/python3.8/site-packages/airflow/example_dags/example_branch_python_dop_operator_3.py
[2023-10-13T01:17:17.533+0000] {logging_mixin.py:151} INFO - [2023-10-13T01:17:17.533+0000] {dag.py:2941} INFO - Sync 1 DAGs
[2023-10-13T01:17:17.581+0000] {logging_mixin.py:151} INFO - [2023-10-13T01:17:17.581+0000] {dag.py:3722} INFO - Setting next_dagrun for example_branch_dop_operator_v3 to 2023-10-13T01:16:00+00:00, run_after=2023-10-13T01:17:00+00:00
[2023-10-13T01:17:17.629+0000] {processor.py:179} INFO - Processing /home/airflow/.local/lib/python3.8/site-packages/airflow/example_dags/example_branch_python_dop_operator_3.py took 0.147 seconds
[2023-10-13T01:17:47.967+0000] {processor.py:157} INFO - Started process (PID=371) to work on /home/airflow/.local/lib/python3.8/site-packages/airflow/example_dags/example_branch_python_dop_operator_3.py
[2023-10-13T01:17:47.968+0000] {processor.py:829} INFO - Processing file /home/airflow/.local/lib/python3.8/site-packages/airflow/example_dags/example_branch_python_dop_operator_3.py for tasks to queue
[2023-10-13T01:17:47.970+0000] {logging_mixin.py:151} INFO - [2023-10-13T01:17:47.970+0000] {dagbag.py:536} INFO - Filling up the DagBag from /home/airflow/.local/lib/python3.8/site-packages/airflow/example_dags/example_branch_python_dop_operator_3.py
[2023-10-13T01:17:47.983+0000] {processor.py:839} INFO - DAG(s) dict_keys(['example_branch_dop_operator_v3']) retrieved from /home/airflow/.local/lib/python3.8/site-packages/airflow/example_dags/example_branch_python_dop_operator_3.py
[2023-10-13T01:17:48.008+0000] {logging_mixin.py:151} INFO - [2023-10-13T01:17:48.008+0000] {dag.py:2941} INFO - Sync 1 DAGs
[2023-10-13T01:17:48.046+0000] {logging_mixin.py:151} INFO - [2023-10-13T01:17:48.046+0000] {dag.py:3722} INFO - Setting next_dagrun for example_branch_dop_operator_v3 to 2023-10-13T01:16:00+00:00, run_after=2023-10-13T01:17:00+00:00
[2023-10-13T01:17:48.085+0000] {processor.py:179} INFO - Processing /home/airflow/.local/lib/python3.8/site-packages/airflow/example_dags/example_branch_python_dop_operator_3.py took 0.123 seconds
[2023-10-13T01:18:19.216+0000] {processor.py:157} INFO - Started process (PID=426) to work on /home/airflow/.local/lib/python3.8/site-packages/airflow/example_dags/example_branch_python_dop_operator_3.py
[2023-10-13T01:18:19.219+0000] {processor.py:829} INFO - Processing file /home/airflow/.local/lib/python3.8/site-packages/airflow/example_dags/example_branch_python_dop_operator_3.py for tasks to queue
[2023-10-13T01:18:19.221+0000] {logging_mixin.py:151} INFO - [2023-10-13T01:18:19.221+0000] {dagbag.py:536} INFO - Filling up the DagBag from /home/airflow/.local/lib/python3.8/site-packages/airflow/example_dags/example_branch_python_dop_operator_3.py
[2023-10-13T01:18:19.243+0000] {processor.py:839} INFO - DAG(s) dict_keys(['example_branch_dop_operator_v3']) retrieved from /home/airflow/.local/lib/python3.8/site-packages/airflow/example_dags/example_branch_python_dop_operator_3.py
[2023-10-13T01:18:19.283+0000] {logging_mixin.py:151} INFO - [2023-10-13T01:18:19.283+0000] {dag.py:2941} INFO - Sync 1 DAGs
[2023-10-13T01:18:19.362+0000] {logging_mixin.py:151} INFO - [2023-10-13T01:18:19.361+0000] {dag.py:3722} INFO - Setting next_dagrun for example_branch_dop_operator_v3 to 2023-10-13T01:17:00+00:00, run_after=2023-10-13T01:18:00+00:00
[2023-10-13T01:18:19.443+0000] {processor.py:179} INFO - Processing /home/airflow/.local/lib/python3.8/site-packages/airflow/example_dags/example_branch_python_dop_operator_3.py took 0.230 seconds
[2023-10-13T01:18:50.741+0000] {processor.py:157} INFO - Started process (PID=481) to work on /home/airflow/.local/lib/python3.8/site-packages/airflow/example_dags/example_branch_python_dop_operator_3.py
[2023-10-13T01:18:50.745+0000] {processor.py:829} INFO - Processing file /home/airflow/.local/lib/python3.8/site-packages/airflow/example_dags/example_branch_python_dop_operator_3.py for tasks to queue
[2023-10-13T01:18:50.750+0000] {logging_mixin.py:151} INFO - [2023-10-13T01:18:50.750+0000] {dagbag.py:536} INFO - Filling up the DagBag from /home/airflow/.local/lib/python3.8/site-packages/airflow/example_dags/example_branch_python_dop_operator_3.py
[2023-10-13T01:18:50.787+0000] {processor.py:839} INFO - DAG(s) dict_keys(['example_branch_dop_operator_v3']) retrieved from /home/airflow/.local/lib/python3.8/site-packages/airflow/example_dags/example_branch_python_dop_operator_3.py
[2023-10-13T01:18:50.929+0000] {logging_mixin.py:151} INFO - [2023-10-13T01:18:50.928+0000] {dag.py:2941} INFO - Sync 1 DAGs
[2023-10-13T01:18:50.999+0000] {logging_mixin.py:151} INFO - [2023-10-13T01:18:50.999+0000] {dag.py:3722} INFO - Setting next_dagrun for example_branch_dop_operator_v3 to 2023-10-13T01:17:00+00:00, run_after=2023-10-13T01:18:00+00:00
[2023-10-13T01:18:51.056+0000] {processor.py:179} INFO - Processing /home/airflow/.local/lib/python3.8/site-packages/airflow/example_dags/example_branch_python_dop_operator_3.py took 0.329 seconds
[2023-10-13T01:19:21.349+0000] {processor.py:157} INFO - Started process (PID=536) to work on /home/airflow/.local/lib/python3.8/site-packages/airflow/example_dags/example_branch_python_dop_operator_3.py
[2023-10-13T01:19:21.350+0000] {processor.py:829} INFO - Processing file /home/airflow/.local/lib/python3.8/site-packages/airflow/example_dags/example_branch_python_dop_operator_3.py for tasks to queue
[2023-10-13T01:19:21.353+0000] {logging_mixin.py:151} INFO - [2023-10-13T01:19:21.352+0000] {dagbag.py:536} INFO - Filling up the DagBag from /home/airflow/.local/lib/python3.8/site-packages/airflow/example_dags/example_branch_python_dop_operator_3.py
[2023-10-13T01:19:21.364+0000] {processor.py:839} INFO - DAG(s) dict_keys(['example_branch_dop_operator_v3']) retrieved from /home/airflow/.local/lib/python3.8/site-packages/airflow/example_dags/example_branch_python_dop_operator_3.py
[2023-10-13T01:19:21.386+0000] {logging_mixin.py:151} INFO - [2023-10-13T01:19:21.385+0000] {dag.py:2941} INFO - Sync 1 DAGs
[2023-10-13T01:19:21.422+0000] {logging_mixin.py:151} INFO - [2023-10-13T01:19:21.421+0000] {dag.py:3722} INFO - Setting next_dagrun for example_branch_dop_operator_v3 to 2023-10-13T01:18:00+00:00, run_after=2023-10-13T01:19:00+00:00
[2023-10-13T01:19:21.532+0000] {processor.py:179} INFO - Processing /home/airflow/.local/lib/python3.8/site-packages/airflow/example_dags/example_branch_python_dop_operator_3.py took 0.187 seconds
[2023-10-13T01:19:51.694+0000] {processor.py:157} INFO - Started process (PID=591) to work on /home/airflow/.local/lib/python3.8/site-packages/airflow/example_dags/example_branch_python_dop_operator_3.py
[2023-10-13T01:19:51.715+0000] {processor.py:829} INFO - Processing file /home/airflow/.local/lib/python3.8/site-packages/airflow/example_dags/example_branch_python_dop_operator_3.py for tasks to queue
[2023-10-13T01:19:51.717+0000] {logging_mixin.py:151} INFO - [2023-10-13T01:19:51.717+0000] {dagbag.py:536} INFO - Filling up the DagBag from /home/airflow/.local/lib/python3.8/site-packages/airflow/example_dags/example_branch_python_dop_operator_3.py
[2023-10-13T01:19:51.728+0000] {processor.py:839} INFO - DAG(s) dict_keys(['example_branch_dop_operator_v3']) retrieved from /home/airflow/.local/lib/python3.8/site-packages/airflow/example_dags/example_branch_python_dop_operator_3.py
[2023-10-13T01:19:51.751+0000] {logging_mixin.py:151} INFO - [2023-10-13T01:19:51.750+0000] {dag.py:2941} INFO - Sync 1 DAGs
[2023-10-13T01:19:51.790+0000] {logging_mixin.py:151} INFO - [2023-10-13T01:19:51.789+0000] {dag.py:3722} INFO - Setting next_dagrun for example_branch_dop_operator_v3 to 2023-10-13T01:18:00+00:00, run_after=2023-10-13T01:19:00+00:00
[2023-10-13T01:19:51.820+0000] {processor.py:179} INFO - Processing /home/airflow/.local/lib/python3.8/site-packages/airflow/example_dags/example_branch_python_dop_operator_3.py took 0.129 seconds
[2023-10-13T01:20:22.573+0000] {processor.py:157} INFO - Started process (PID=646) to work on /home/airflow/.local/lib/python3.8/site-packages/airflow/example_dags/example_branch_python_dop_operator_3.py
[2023-10-13T01:20:22.574+0000] {processor.py:829} INFO - Processing file /home/airflow/.local/lib/python3.8/site-packages/airflow/example_dags/example_branch_python_dop_operator_3.py for tasks to queue
[2023-10-13T01:20:22.577+0000] {logging_mixin.py:151} INFO - [2023-10-13T01:20:22.576+0000] {dagbag.py:536} INFO - Filling up the DagBag from /home/airflow/.local/lib/python3.8/site-packages/airflow/example_dags/example_branch_python_dop_operator_3.py
[2023-10-13T01:20:22.589+0000] {processor.py:839} INFO - DAG(s) dict_keys(['example_branch_dop_operator_v3']) retrieved from /home/airflow/.local/lib/python3.8/site-packages/airflow/example_dags/example_branch_python_dop_operator_3.py
[2023-10-13T01:20:22.615+0000] {logging_mixin.py:151} INFO - [2023-10-13T01:20:22.615+0000] {dag.py:2941} INFO - Sync 1 DAGs
[2023-10-13T01:20:22.653+0000] {logging_mixin.py:151} INFO - [2023-10-13T01:20:22.653+0000] {dag.py:3722} INFO - Setting next_dagrun for example_branch_dop_operator_v3 to 2023-10-13T01:19:00+00:00, run_after=2023-10-13T01:20:00+00:00
[2023-10-13T01:20:22.688+0000] {processor.py:179} INFO - Processing /home/airflow/.local/lib/python3.8/site-packages/airflow/example_dags/example_branch_python_dop_operator_3.py took 0.119 seconds
[2023-10-13T01:20:53.492+0000] {processor.py:157} INFO - Started process (PID=701) to work on /home/airflow/.local/lib/python3.8/site-packages/airflow/example_dags/example_branch_python_dop_operator_3.py
[2023-10-13T01:20:53.494+0000] {processor.py:829} INFO - Processing file /home/airflow/.local/lib/python3.8/site-packages/airflow/example_dags/example_branch_python_dop_operator_3.py for tasks to queue
[2023-10-13T01:20:53.501+0000] {logging_mixin.py:151} INFO - [2023-10-13T01:20:53.500+0000] {dagbag.py:536} INFO - Filling up the DagBag from /home/airflow/.local/lib/python3.8/site-packages/airflow/example_dags/example_branch_python_dop_operator_3.py
[2023-10-13T01:20:53.518+0000] {processor.py:839} INFO - DAG(s) dict_keys(['example_branch_dop_operator_v3']) retrieved from /home/airflow/.local/lib/python3.8/site-packages/airflow/example_dags/example_branch_python_dop_operator_3.py
[2023-10-13T01:20:53.554+0000] {logging_mixin.py:151} INFO - [2023-10-13T01:20:53.554+0000] {dag.py:2941} INFO - Sync 1 DAGs
[2023-10-13T01:20:53.590+0000] {logging_mixin.py:151} INFO - [2023-10-13T01:20:53.590+0000] {dag.py:3722} INFO - Setting next_dagrun for example_branch_dop_operator_v3 to 2023-10-13T01:19:00+00:00, run_after=2023-10-13T01:20:00+00:00
[2023-10-13T01:20:53.622+0000] {processor.py:179} INFO - Processing /home/airflow/.local/lib/python3.8/site-packages/airflow/example_dags/example_branch_python_dop_operator_3.py took 0.138 seconds
[2023-10-13T01:21:24.680+0000] {processor.py:157} INFO - Started process (PID=757) to work on /home/airflow/.local/lib/python3.8/site-packages/airflow/example_dags/example_branch_python_dop_operator_3.py
[2023-10-13T01:21:24.770+0000] {processor.py:829} INFO - Processing file /home/airflow/.local/lib/python3.8/site-packages/airflow/example_dags/example_branch_python_dop_operator_3.py for tasks to queue
[2023-10-13T01:21:24.773+0000] {logging_mixin.py:151} INFO - [2023-10-13T01:21:24.772+0000] {dagbag.py:536} INFO - Filling up the DagBag from /home/airflow/.local/lib/python3.8/site-packages/airflow/example_dags/example_branch_python_dop_operator_3.py
[2023-10-13T01:21:24.782+0000] {processor.py:839} INFO - DAG(s) dict_keys(['example_branch_dop_operator_v3']) retrieved from /home/airflow/.local/lib/python3.8/site-packages/airflow/example_dags/example_branch_python_dop_operator_3.py
[2023-10-13T01:21:24.804+0000] {logging_mixin.py:151} INFO - [2023-10-13T01:21:24.804+0000] {dag.py:2941} INFO - Sync 1 DAGs
[2023-10-13T01:21:24.835+0000] {logging_mixin.py:151} INFO - [2023-10-13T01:21:24.835+0000] {dag.py:3722} INFO - Setting next_dagrun for example_branch_dop_operator_v3 to 2023-10-13T01:20:00+00:00, run_after=2023-10-13T01:21:00+00:00
[2023-10-13T01:21:25.047+0000] {processor.py:179} INFO - Processing /home/airflow/.local/lib/python3.8/site-packages/airflow/example_dags/example_branch_python_dop_operator_3.py took 0.371 seconds
[2023-10-13T01:21:55.922+0000] {processor.py:157} INFO - Started process (PID=813) to work on /home/airflow/.local/lib/python3.8/site-packages/airflow/example_dags/example_branch_python_dop_operator_3.py
[2023-10-13T01:21:55.924+0000] {processor.py:829} INFO - Processing file /home/airflow/.local/lib/python3.8/site-packages/airflow/example_dags/example_branch_python_dop_operator_3.py for tasks to queue
[2023-10-13T01:21:55.929+0000] {logging_mixin.py:151} INFO - [2023-10-13T01:21:55.928+0000] {dagbag.py:536} INFO - Filling up the DagBag from /home/airflow/.local/lib/python3.8/site-packages/airflow/example_dags/example_branch_python_dop_operator_3.py
[2023-10-13T01:21:55.942+0000] {processor.py:839} INFO - DAG(s) dict_keys(['example_branch_dop_operator_v3']) retrieved from /home/airflow/.local/lib/python3.8/site-packages/airflow/example_dags/example_branch_python_dop_operator_3.py
[2023-10-13T01:21:55.964+0000] {logging_mixin.py:151} INFO - [2023-10-13T01:21:55.964+0000] {dag.py:2941} INFO - Sync 1 DAGs
[2023-10-13T01:21:55.994+0000] {logging_mixin.py:151} INFO - [2023-10-13T01:21:55.994+0000] {dag.py:3722} INFO - Setting next_dagrun for example_branch_dop_operator_v3 to 2023-10-13T01:20:00+00:00, run_after=2023-10-13T01:21:00+00:00
[2023-10-13T01:21:56.032+0000] {processor.py:179} INFO - Processing /home/airflow/.local/lib/python3.8/site-packages/airflow/example_dags/example_branch_python_dop_operator_3.py took 0.116 seconds
[2023-10-13T01:24:39.643+0000] {processor.py:157} INFO - Started process (PID=44) to work on /home/airflow/.local/lib/python3.8/site-packages/airflow/example_dags/example_branch_python_dop_operator_3.py
[2023-10-13T01:24:39.661+0000] {processor.py:829} INFO - Processing file /home/airflow/.local/lib/python3.8/site-packages/airflow/example_dags/example_branch_python_dop_operator_3.py for tasks to queue
[2023-10-13T01:24:39.664+0000] {logging_mixin.py:151} INFO - [2023-10-13T01:24:39.663+0000] {dagbag.py:536} INFO - Filling up the DagBag from /home/airflow/.local/lib/python3.8/site-packages/airflow/example_dags/example_branch_python_dop_operator_3.py
[2023-10-13T01:24:39.696+0000] {processor.py:839} INFO - DAG(s) dict_keys(['example_branch_dop_operator_v3']) retrieved from /home/airflow/.local/lib/python3.8/site-packages/airflow/example_dags/example_branch_python_dop_operator_3.py
[2023-10-13T01:24:39.734+0000] {logging_mixin.py:151} INFO - [2023-10-13T01:24:39.733+0000] {dag.py:2941} INFO - Sync 1 DAGs
[2023-10-13T01:24:39.809+0000] {logging_mixin.py:151} INFO - [2023-10-13T01:24:39.809+0000] {dag.py:3722} INFO - Setting next_dagrun for example_branch_dop_operator_v3 to 2023-10-13T01:23:00+00:00, run_after=2023-10-13T01:24:00+00:00
[2023-10-13T01:24:39.870+0000] {processor.py:179} INFO - Processing /home/airflow/.local/lib/python3.8/site-packages/airflow/example_dags/example_branch_python_dop_operator_3.py took 0.239 seconds
[2023-10-13T01:25:10.392+0000] {processor.py:157} INFO - Started process (PID=99) to work on /home/airflow/.local/lib/python3.8/site-packages/airflow/example_dags/example_branch_python_dop_operator_3.py
[2023-10-13T01:25:10.416+0000] {processor.py:829} INFO - Processing file /home/airflow/.local/lib/python3.8/site-packages/airflow/example_dags/example_branch_python_dop_operator_3.py for tasks to queue
[2023-10-13T01:25:10.419+0000] {logging_mixin.py:151} INFO - [2023-10-13T01:25:10.419+0000] {dagbag.py:536} INFO - Filling up the DagBag from /home/airflow/.local/lib/python3.8/site-packages/airflow/example_dags/example_branch_python_dop_operator_3.py
[2023-10-13T01:25:10.435+0000] {processor.py:839} INFO - DAG(s) dict_keys(['example_branch_dop_operator_v3']) retrieved from /home/airflow/.local/lib/python3.8/site-packages/airflow/example_dags/example_branch_python_dop_operator_3.py
[2023-10-13T01:25:10.462+0000] {logging_mixin.py:151} INFO - [2023-10-13T01:25:10.462+0000] {dag.py:2941} INFO - Sync 1 DAGs
[2023-10-13T01:25:10.491+0000] {logging_mixin.py:151} INFO - [2023-10-13T01:25:10.491+0000] {dag.py:3722} INFO - Setting next_dagrun for example_branch_dop_operator_v3 to 2023-10-13T01:24:00+00:00, run_after=2023-10-13T01:25:00+00:00
[2023-10-13T01:25:10.527+0000] {processor.py:179} INFO - Processing /home/airflow/.local/lib/python3.8/site-packages/airflow/example_dags/example_branch_python_dop_operator_3.py took 0.138 seconds
[2023-10-13T01:25:40.660+0000] {processor.py:157} INFO - Started process (PID=154) to work on /home/airflow/.local/lib/python3.8/site-packages/airflow/example_dags/example_branch_python_dop_operator_3.py
[2023-10-13T01:25:40.661+0000] {processor.py:829} INFO - Processing file /home/airflow/.local/lib/python3.8/site-packages/airflow/example_dags/example_branch_python_dop_operator_3.py for tasks to queue
[2023-10-13T01:25:40.663+0000] {logging_mixin.py:151} INFO - [2023-10-13T01:25:40.663+0000] {dagbag.py:536} INFO - Filling up the DagBag from /home/airflow/.local/lib/python3.8/site-packages/airflow/example_dags/example_branch_python_dop_operator_3.py
[2023-10-13T01:25:40.676+0000] {processor.py:839} INFO - DAG(s) dict_keys(['example_branch_dop_operator_v3']) retrieved from /home/airflow/.local/lib/python3.8/site-packages/airflow/example_dags/example_branch_python_dop_operator_3.py
[2023-10-13T01:25:40.700+0000] {logging_mixin.py:151} INFO - [2023-10-13T01:25:40.699+0000] {dag.py:2941} INFO - Sync 1 DAGs
[2023-10-13T01:25:40.740+0000] {logging_mixin.py:151} INFO - [2023-10-13T01:25:40.740+0000] {dag.py:3722} INFO - Setting next_dagrun for example_branch_dop_operator_v3 to 2023-10-13T01:24:00+00:00, run_after=2023-10-13T01:25:00+00:00
[2023-10-13T01:25:40.784+0000] {processor.py:179} INFO - Processing /home/airflow/.local/lib/python3.8/site-packages/airflow/example_dags/example_branch_python_dop_operator_3.py took 0.128 seconds
[2023-10-13T01:26:11.131+0000] {processor.py:157} INFO - Started process (PID=208) to work on /home/airflow/.local/lib/python3.8/site-packages/airflow/example_dags/example_branch_python_dop_operator_3.py
[2023-10-13T01:26:11.132+0000] {processor.py:829} INFO - Processing file /home/airflow/.local/lib/python3.8/site-packages/airflow/example_dags/example_branch_python_dop_operator_3.py for tasks to queue
[2023-10-13T01:26:11.134+0000] {logging_mixin.py:151} INFO - [2023-10-13T01:26:11.134+0000] {dagbag.py:536} INFO - Filling up the DagBag from /home/airflow/.local/lib/python3.8/site-packages/airflow/example_dags/example_branch_python_dop_operator_3.py
[2023-10-13T01:26:11.147+0000] {processor.py:839} INFO - DAG(s) dict_keys(['example_branch_dop_operator_v3']) retrieved from /home/airflow/.local/lib/python3.8/site-packages/airflow/example_dags/example_branch_python_dop_operator_3.py
[2023-10-13T01:26:11.172+0000] {logging_mixin.py:151} INFO - [2023-10-13T01:26:11.171+0000] {dag.py:2941} INFO - Sync 1 DAGs
[2023-10-13T01:26:11.213+0000] {logging_mixin.py:151} INFO - [2023-10-13T01:26:11.212+0000] {dag.py:3722} INFO - Setting next_dagrun for example_branch_dop_operator_v3 to 2023-10-13T01:25:00+00:00, run_after=2023-10-13T01:26:00+00:00
[2023-10-13T01:26:11.237+0000] {processor.py:179} INFO - Processing /home/airflow/.local/lib/python3.8/site-packages/airflow/example_dags/example_branch_python_dop_operator_3.py took 0.111 seconds
[2023-10-13T01:26:41.691+0000] {processor.py:157} INFO - Started process (PID=263) to work on /home/airflow/.local/lib/python3.8/site-packages/airflow/example_dags/example_branch_python_dop_operator_3.py
[2023-10-13T01:26:41.692+0000] {processor.py:829} INFO - Processing file /home/airflow/.local/lib/python3.8/site-packages/airflow/example_dags/example_branch_python_dop_operator_3.py for tasks to queue
[2023-10-13T01:26:41.695+0000] {logging_mixin.py:151} INFO - [2023-10-13T01:26:41.694+0000] {dagbag.py:536} INFO - Filling up the DagBag from /home/airflow/.local/lib/python3.8/site-packages/airflow/example_dags/example_branch_python_dop_operator_3.py
[2023-10-13T01:26:41.706+0000] {processor.py:839} INFO - DAG(s) dict_keys(['example_branch_dop_operator_v3']) retrieved from /home/airflow/.local/lib/python3.8/site-packages/airflow/example_dags/example_branch_python_dop_operator_3.py
[2023-10-13T01:26:41.735+0000] {logging_mixin.py:151} INFO - [2023-10-13T01:26:41.734+0000] {dag.py:2941} INFO - Sync 1 DAGs
[2023-10-13T01:26:41.766+0000] {logging_mixin.py:151} INFO - [2023-10-13T01:26:41.766+0000] {dag.py:3722} INFO - Setting next_dagrun for example_branch_dop_operator_v3 to 2023-10-13T01:25:00+00:00, run_after=2023-10-13T01:26:00+00:00
[2023-10-13T01:26:41.796+0000] {processor.py:179} INFO - Processing /home/airflow/.local/lib/python3.8/site-packages/airflow/example_dags/example_branch_python_dop_operator_3.py took 0.109 seconds
[2023-10-13T01:27:12.908+0000] {processor.py:157} INFO - Started process (PID=318) to work on /home/airflow/.local/lib/python3.8/site-packages/airflow/example_dags/example_branch_python_dop_operator_3.py
[2023-10-13T01:27:12.909+0000] {processor.py:829} INFO - Processing file /home/airflow/.local/lib/python3.8/site-packages/airflow/example_dags/example_branch_python_dop_operator_3.py for tasks to queue
[2023-10-13T01:27:12.911+0000] {logging_mixin.py:151} INFO - [2023-10-13T01:27:12.911+0000] {dagbag.py:536} INFO - Filling up the DagBag from /home/airflow/.local/lib/python3.8/site-packages/airflow/example_dags/example_branch_python_dop_operator_3.py
[2023-10-13T01:27:12.923+0000] {processor.py:839} INFO - DAG(s) dict_keys(['example_branch_dop_operator_v3']) retrieved from /home/airflow/.local/lib/python3.8/site-packages/airflow/example_dags/example_branch_python_dop_operator_3.py
[2023-10-13T01:27:12.951+0000] {logging_mixin.py:151} INFO - [2023-10-13T01:27:12.950+0000] {dag.py:2941} INFO - Sync 1 DAGs
[2023-10-13T01:27:12.988+0000] {logging_mixin.py:151} INFO - [2023-10-13T01:27:12.988+0000] {dag.py:3722} INFO - Setting next_dagrun for example_branch_dop_operator_v3 to 2023-10-13T01:26:00+00:00, run_after=2023-10-13T01:27:00+00:00
[2023-10-13T01:27:13.030+0000] {processor.py:179} INFO - Processing /home/airflow/.local/lib/python3.8/site-packages/airflow/example_dags/example_branch_python_dop_operator_3.py took 0.126 seconds
[2023-10-13T01:27:43.244+0000] {processor.py:157} INFO - Started process (PID=373) to work on /home/airflow/.local/lib/python3.8/site-packages/airflow/example_dags/example_branch_python_dop_operator_3.py
[2023-10-13T01:27:43.245+0000] {processor.py:829} INFO - Processing file /home/airflow/.local/lib/python3.8/site-packages/airflow/example_dags/example_branch_python_dop_operator_3.py for tasks to queue
[2023-10-13T01:27:43.247+0000] {logging_mixin.py:151} INFO - [2023-10-13T01:27:43.247+0000] {dagbag.py:536} INFO - Filling up the DagBag from /home/airflow/.local/lib/python3.8/site-packages/airflow/example_dags/example_branch_python_dop_operator_3.py
[2023-10-13T01:27:43.267+0000] {processor.py:839} INFO - DAG(s) dict_keys(['example_branch_dop_operator_v3']) retrieved from /home/airflow/.local/lib/python3.8/site-packages/airflow/example_dags/example_branch_python_dop_operator_3.py
[2023-10-13T01:27:43.324+0000] {logging_mixin.py:151} INFO - [2023-10-13T01:27:43.323+0000] {dag.py:2941} INFO - Sync 1 DAGs
[2023-10-13T01:27:43.426+0000] {logging_mixin.py:151} INFO - [2023-10-13T01:27:43.426+0000] {dag.py:3722} INFO - Setting next_dagrun for example_branch_dop_operator_v3 to 2023-10-13T01:26:00+00:00, run_after=2023-10-13T01:27:00+00:00
[2023-10-13T01:27:43.517+0000] {processor.py:179} INFO - Processing /home/airflow/.local/lib/python3.8/site-packages/airflow/example_dags/example_branch_python_dop_operator_3.py took 0.277 seconds
