[2023-10-13T00:52:47.140+0000] {processor.py:157} INFO - Started process (PID=33) to work on /home/airflow/.local/lib/python3.8/site-packages/airflow/example_dags/example_setup_teardown.py
[2023-10-13T00:52:47.141+0000] {processor.py:829} INFO - Processing file /home/airflow/.local/lib/python3.8/site-packages/airflow/example_dags/example_setup_teardown.py for tasks to queue
[2023-10-13T00:52:47.143+0000] {logging_mixin.py:151} INFO - [2023-10-13T00:52:47.143+0000] {dagbag.py:536} INFO - Filling up the DagBag from /home/airflow/.local/lib/python3.8/site-packages/airflow/example_dags/example_setup_teardown.py
[2023-10-13T00:52:47.173+0000] {processor.py:839} INFO - DAG(s) dict_keys(['example_setup_teardown']) retrieved from /home/airflow/.local/lib/python3.8/site-packages/airflow/example_dags/example_setup_teardown.py
[2023-10-13T00:52:47.234+0000] {logging_mixin.py:151} INFO - [2023-10-13T00:52:47.234+0000] {dag.py:2941} INFO - Sync 1 DAGs
[2023-10-13T00:52:47.281+0000] {logging_mixin.py:151} INFO - [2023-10-13T00:52:47.281+0000] {dag.py:3722} INFO - Setting next_dagrun for example_setup_teardown to 2023-10-12T00:52:47.281207+00:00, run_after=2023-10-13T00:52:47.281207+00:00
[2023-10-13T00:52:47.369+0000] {processor.py:179} INFO - Processing /home/airflow/.local/lib/python3.8/site-packages/airflow/example_dags/example_setup_teardown.py took 0.233 seconds
[2023-10-13T00:53:17.482+0000] {processor.py:157} INFO - Started process (PID=86) to work on /home/airflow/.local/lib/python3.8/site-packages/airflow/example_dags/example_setup_teardown.py
[2023-10-13T00:53:17.482+0000] {processor.py:829} INFO - Processing file /home/airflow/.local/lib/python3.8/site-packages/airflow/example_dags/example_setup_teardown.py for tasks to queue
[2023-10-13T00:53:17.485+0000] {logging_mixin.py:151} INFO - [2023-10-13T00:53:17.484+0000] {dagbag.py:536} INFO - Filling up the DagBag from /home/airflow/.local/lib/python3.8/site-packages/airflow/example_dags/example_setup_teardown.py
[2023-10-13T00:53:17.492+0000] {processor.py:839} INFO - DAG(s) dict_keys(['example_setup_teardown']) retrieved from /home/airflow/.local/lib/python3.8/site-packages/airflow/example_dags/example_setup_teardown.py
[2023-10-13T00:53:17.518+0000] {logging_mixin.py:151} INFO - [2023-10-13T00:53:17.518+0000] {dag.py:2941} INFO - Sync 1 DAGs
[2023-10-13T00:53:17.549+0000] {logging_mixin.py:151} INFO - [2023-10-13T00:53:17.549+0000] {dag.py:3722} INFO - Setting next_dagrun for example_setup_teardown to 2023-10-12T00:53:17.549317+00:00, run_after=2023-10-13T00:53:17.549317+00:00
[2023-10-13T00:53:17.599+0000] {processor.py:179} INFO - Processing /home/airflow/.local/lib/python3.8/site-packages/airflow/example_dags/example_setup_teardown.py took 0.122 seconds
[2023-10-13T00:53:47.974+0000] {processor.py:157} INFO - Started process (PID=140) to work on /home/airflow/.local/lib/python3.8/site-packages/airflow/example_dags/example_setup_teardown.py
[2023-10-13T00:53:47.976+0000] {processor.py:829} INFO - Processing file /home/airflow/.local/lib/python3.8/site-packages/airflow/example_dags/example_setup_teardown.py for tasks to queue
[2023-10-13T00:53:47.979+0000] {logging_mixin.py:151} INFO - [2023-10-13T00:53:47.978+0000] {dagbag.py:536} INFO - Filling up the DagBag from /home/airflow/.local/lib/python3.8/site-packages/airflow/example_dags/example_setup_teardown.py
[2023-10-13T00:53:47.991+0000] {processor.py:839} INFO - DAG(s) dict_keys(['example_setup_teardown']) retrieved from /home/airflow/.local/lib/python3.8/site-packages/airflow/example_dags/example_setup_teardown.py
[2023-10-13T00:53:48.032+0000] {logging_mixin.py:151} INFO - [2023-10-13T00:53:48.031+0000] {dag.py:2941} INFO - Sync 1 DAGs
[2023-10-13T00:53:48.084+0000] {logging_mixin.py:151} INFO - [2023-10-13T00:53:48.082+0000] {dag.py:3722} INFO - Setting next_dagrun for example_setup_teardown to 2023-10-12T00:53:48.081831+00:00, run_after=2023-10-13T00:53:48.081831+00:00
[2023-10-13T00:53:48.128+0000] {processor.py:179} INFO - Processing /home/airflow/.local/lib/python3.8/site-packages/airflow/example_dags/example_setup_teardown.py took 0.158 seconds
[2023-10-13T00:54:18.204+0000] {processor.py:157} INFO - Started process (PID=195) to work on /home/airflow/.local/lib/python3.8/site-packages/airflow/example_dags/example_setup_teardown.py
[2023-10-13T00:54:18.205+0000] {processor.py:829} INFO - Processing file /home/airflow/.local/lib/python3.8/site-packages/airflow/example_dags/example_setup_teardown.py for tasks to queue
[2023-10-13T00:54:18.208+0000] {logging_mixin.py:151} INFO - [2023-10-13T00:54:18.207+0000] {dagbag.py:536} INFO - Filling up the DagBag from /home/airflow/.local/lib/python3.8/site-packages/airflow/example_dags/example_setup_teardown.py
[2023-10-13T00:54:18.223+0000] {processor.py:839} INFO - DAG(s) dict_keys(['example_setup_teardown']) retrieved from /home/airflow/.local/lib/python3.8/site-packages/airflow/example_dags/example_setup_teardown.py
[2023-10-13T00:54:18.264+0000] {logging_mixin.py:151} INFO - [2023-10-13T00:54:18.263+0000] {dag.py:2941} INFO - Sync 1 DAGs
[2023-10-13T00:54:18.307+0000] {logging_mixin.py:151} INFO - [2023-10-13T00:54:18.306+0000] {dag.py:3722} INFO - Setting next_dagrun for example_setup_teardown to 2023-10-12T00:54:18.306612+00:00, run_after=2023-10-13T00:54:18.306612+00:00
[2023-10-13T00:54:18.362+0000] {processor.py:179} INFO - Processing /home/airflow/.local/lib/python3.8/site-packages/airflow/example_dags/example_setup_teardown.py took 0.169 seconds
[2023-10-13T00:54:48.550+0000] {processor.py:157} INFO - Started process (PID=248) to work on /home/airflow/.local/lib/python3.8/site-packages/airflow/example_dags/example_setup_teardown.py
[2023-10-13T00:54:48.567+0000] {processor.py:829} INFO - Processing file /home/airflow/.local/lib/python3.8/site-packages/airflow/example_dags/example_setup_teardown.py for tasks to queue
[2023-10-13T00:54:48.571+0000] {logging_mixin.py:151} INFO - [2023-10-13T00:54:48.571+0000] {dagbag.py:536} INFO - Filling up the DagBag from /home/airflow/.local/lib/python3.8/site-packages/airflow/example_dags/example_setup_teardown.py
[2023-10-13T00:54:48.588+0000] {processor.py:839} INFO - DAG(s) dict_keys(['example_setup_teardown']) retrieved from /home/airflow/.local/lib/python3.8/site-packages/airflow/example_dags/example_setup_teardown.py
[2023-10-13T00:54:48.640+0000] {logging_mixin.py:151} INFO - [2023-10-13T00:54:48.640+0000] {dag.py:2941} INFO - Sync 1 DAGs
[2023-10-13T00:54:48.696+0000] {logging_mixin.py:151} INFO - [2023-10-13T00:54:48.695+0000] {dag.py:3722} INFO - Setting next_dagrun for example_setup_teardown to 2023-10-12T00:54:48.694148+00:00, run_after=2023-10-13T00:54:48.694148+00:00
[2023-10-13T00:54:48.760+0000] {processor.py:179} INFO - Processing /home/airflow/.local/lib/python3.8/site-packages/airflow/example_dags/example_setup_teardown.py took 0.219 seconds
[2023-10-13T00:55:19.518+0000] {processor.py:157} INFO - Started process (PID=302) to work on /home/airflow/.local/lib/python3.8/site-packages/airflow/example_dags/example_setup_teardown.py
[2023-10-13T00:55:19.520+0000] {processor.py:829} INFO - Processing file /home/airflow/.local/lib/python3.8/site-packages/airflow/example_dags/example_setup_teardown.py for tasks to queue
[2023-10-13T00:55:19.524+0000] {logging_mixin.py:151} INFO - [2023-10-13T00:55:19.523+0000] {dagbag.py:536} INFO - Filling up the DagBag from /home/airflow/.local/lib/python3.8/site-packages/airflow/example_dags/example_setup_teardown.py
[2023-10-13T00:55:19.548+0000] {processor.py:839} INFO - DAG(s) dict_keys(['example_setup_teardown']) retrieved from /home/airflow/.local/lib/python3.8/site-packages/airflow/example_dags/example_setup_teardown.py
[2023-10-13T00:55:19.613+0000] {logging_mixin.py:151} INFO - [2023-10-13T00:55:19.612+0000] {dag.py:2941} INFO - Sync 1 DAGs
[2023-10-13T00:55:19.671+0000] {logging_mixin.py:151} INFO - [2023-10-13T00:55:19.670+0000] {dag.py:3722} INFO - Setting next_dagrun for example_setup_teardown to 2023-10-12T00:55:19.670479+00:00, run_after=2023-10-13T00:55:19.670479+00:00
[2023-10-13T00:55:19.728+0000] {processor.py:179} INFO - Processing /home/airflow/.local/lib/python3.8/site-packages/airflow/example_dags/example_setup_teardown.py took 0.223 seconds
[2023-10-13T01:14:43.136+0000] {processor.py:157} INFO - Started process (PID=33) to work on /home/airflow/.local/lib/python3.8/site-packages/airflow/example_dags/example_setup_teardown.py
[2023-10-13T01:14:43.149+0000] {processor.py:829} INFO - Processing file /home/airflow/.local/lib/python3.8/site-packages/airflow/example_dags/example_setup_teardown.py for tasks to queue
[2023-10-13T01:14:43.152+0000] {logging_mixin.py:151} INFO - [2023-10-13T01:14:43.151+0000] {dagbag.py:536} INFO - Filling up the DagBag from /home/airflow/.local/lib/python3.8/site-packages/airflow/example_dags/example_setup_teardown.py
[2023-10-13T01:14:43.183+0000] {processor.py:839} INFO - DAG(s) dict_keys(['example_setup_teardown']) retrieved from /home/airflow/.local/lib/python3.8/site-packages/airflow/example_dags/example_setup_teardown.py
[2023-10-13T01:14:43.308+0000] {logging_mixin.py:151} INFO - [2023-10-13T01:14:43.308+0000] {dag.py:2941} INFO - Sync 1 DAGs
[2023-10-13T01:14:43.399+0000] {logging_mixin.py:151} INFO - [2023-10-13T01:14:43.398+0000] {dag.py:3722} INFO - Setting next_dagrun for example_setup_teardown to 2023-10-12T01:14:43.398399+00:00, run_after=2023-10-13T01:14:43.398399+00:00
[2023-10-13T01:14:43.497+0000] {processor.py:179} INFO - Processing /home/airflow/.local/lib/python3.8/site-packages/airflow/example_dags/example_setup_teardown.py took 0.378 seconds
[2023-10-13T01:15:14.105+0000] {processor.py:157} INFO - Started process (PID=88) to work on /home/airflow/.local/lib/python3.8/site-packages/airflow/example_dags/example_setup_teardown.py
[2023-10-13T01:15:14.106+0000] {processor.py:829} INFO - Processing file /home/airflow/.local/lib/python3.8/site-packages/airflow/example_dags/example_setup_teardown.py for tasks to queue
[2023-10-13T01:15:14.109+0000] {logging_mixin.py:151} INFO - [2023-10-13T01:15:14.109+0000] {dagbag.py:536} INFO - Filling up the DagBag from /home/airflow/.local/lib/python3.8/site-packages/airflow/example_dags/example_setup_teardown.py
[2023-10-13T01:15:14.118+0000] {processor.py:839} INFO - DAG(s) dict_keys(['example_setup_teardown']) retrieved from /home/airflow/.local/lib/python3.8/site-packages/airflow/example_dags/example_setup_teardown.py
[2023-10-13T01:15:14.146+0000] {logging_mixin.py:151} INFO - [2023-10-13T01:15:14.145+0000] {dag.py:2941} INFO - Sync 1 DAGs
[2023-10-13T01:15:14.177+0000] {logging_mixin.py:151} INFO - [2023-10-13T01:15:14.177+0000] {dag.py:3722} INFO - Setting next_dagrun for example_setup_teardown to 2023-10-12T01:15:14.176732+00:00, run_after=2023-10-13T01:15:14.176732+00:00
[2023-10-13T01:15:14.217+0000] {processor.py:179} INFO - Processing /home/airflow/.local/lib/python3.8/site-packages/airflow/example_dags/example_setup_teardown.py took 0.115 seconds
[2023-10-13T01:15:44.608+0000] {processor.py:157} INFO - Started process (PID=142) to work on /home/airflow/.local/lib/python3.8/site-packages/airflow/example_dags/example_setup_teardown.py
[2023-10-13T01:15:44.609+0000] {processor.py:829} INFO - Processing file /home/airflow/.local/lib/python3.8/site-packages/airflow/example_dags/example_setup_teardown.py for tasks to queue
[2023-10-13T01:15:44.611+0000] {logging_mixin.py:151} INFO - [2023-10-13T01:15:44.611+0000] {dagbag.py:536} INFO - Filling up the DagBag from /home/airflow/.local/lib/python3.8/site-packages/airflow/example_dags/example_setup_teardown.py
[2023-10-13T01:15:44.619+0000] {processor.py:839} INFO - DAG(s) dict_keys(['example_setup_teardown']) retrieved from /home/airflow/.local/lib/python3.8/site-packages/airflow/example_dags/example_setup_teardown.py
[2023-10-13T01:15:44.645+0000] {logging_mixin.py:151} INFO - [2023-10-13T01:15:44.645+0000] {dag.py:2941} INFO - Sync 1 DAGs
[2023-10-13T01:15:44.676+0000] {logging_mixin.py:151} INFO - [2023-10-13T01:15:44.675+0000] {dag.py:3722} INFO - Setting next_dagrun for example_setup_teardown to 2023-10-12T01:15:44.675687+00:00, run_after=2023-10-13T01:15:44.675687+00:00
[2023-10-13T01:15:44.715+0000] {processor.py:179} INFO - Processing /home/airflow/.local/lib/python3.8/site-packages/airflow/example_dags/example_setup_teardown.py took 0.112 seconds
[2023-10-13T01:16:14.908+0000] {processor.py:157} INFO - Started process (PID=196) to work on /home/airflow/.local/lib/python3.8/site-packages/airflow/example_dags/example_setup_teardown.py
[2023-10-13T01:16:14.930+0000] {processor.py:829} INFO - Processing file /home/airflow/.local/lib/python3.8/site-packages/airflow/example_dags/example_setup_teardown.py for tasks to queue
[2023-10-13T01:16:14.933+0000] {logging_mixin.py:151} INFO - [2023-10-13T01:16:14.932+0000] {dagbag.py:536} INFO - Filling up the DagBag from /home/airflow/.local/lib/python3.8/site-packages/airflow/example_dags/example_setup_teardown.py
[2023-10-13T01:16:14.941+0000] {processor.py:839} INFO - DAG(s) dict_keys(['example_setup_teardown']) retrieved from /home/airflow/.local/lib/python3.8/site-packages/airflow/example_dags/example_setup_teardown.py
[2023-10-13T01:16:14.969+0000] {logging_mixin.py:151} INFO - [2023-10-13T01:16:14.968+0000] {dag.py:2941} INFO - Sync 1 DAGs
[2023-10-13T01:16:14.992+0000] {logging_mixin.py:151} INFO - [2023-10-13T01:16:14.992+0000] {dag.py:3722} INFO - Setting next_dagrun for example_setup_teardown to 2023-10-12T01:16:14.991978+00:00, run_after=2023-10-13T01:16:14.991978+00:00
[2023-10-13T01:16:15.080+0000] {processor.py:179} INFO - Processing /home/airflow/.local/lib/python3.8/site-packages/airflow/example_dags/example_setup_teardown.py took 0.175 seconds
[2023-10-13T01:16:45.209+0000] {processor.py:157} INFO - Started process (PID=251) to work on /home/airflow/.local/lib/python3.8/site-packages/airflow/example_dags/example_setup_teardown.py
[2023-10-13T01:16:45.210+0000] {processor.py:829} INFO - Processing file /home/airflow/.local/lib/python3.8/site-packages/airflow/example_dags/example_setup_teardown.py for tasks to queue
[2023-10-13T01:16:45.213+0000] {logging_mixin.py:151} INFO - [2023-10-13T01:16:45.213+0000] {dagbag.py:536} INFO - Filling up the DagBag from /home/airflow/.local/lib/python3.8/site-packages/airflow/example_dags/example_setup_teardown.py
[2023-10-13T01:16:45.226+0000] {processor.py:839} INFO - DAG(s) dict_keys(['example_setup_teardown']) retrieved from /home/airflow/.local/lib/python3.8/site-packages/airflow/example_dags/example_setup_teardown.py
[2023-10-13T01:16:45.254+0000] {logging_mixin.py:151} INFO - [2023-10-13T01:16:45.253+0000] {dag.py:2941} INFO - Sync 1 DAGs
[2023-10-13T01:16:45.285+0000] {logging_mixin.py:151} INFO - [2023-10-13T01:16:45.285+0000] {dag.py:3722} INFO - Setting next_dagrun for example_setup_teardown to 2023-10-12T01:16:45.284419+00:00, run_after=2023-10-13T01:16:45.284419+00:00
[2023-10-13T01:16:45.327+0000] {processor.py:179} INFO - Processing /home/airflow/.local/lib/python3.8/site-packages/airflow/example_dags/example_setup_teardown.py took 0.121 seconds
[2023-10-13T01:17:15.697+0000] {processor.py:157} INFO - Started process (PID=305) to work on /home/airflow/.local/lib/python3.8/site-packages/airflow/example_dags/example_setup_teardown.py
[2023-10-13T01:17:15.698+0000] {processor.py:829} INFO - Processing file /home/airflow/.local/lib/python3.8/site-packages/airflow/example_dags/example_setup_teardown.py for tasks to queue
[2023-10-13T01:17:15.701+0000] {logging_mixin.py:151} INFO - [2023-10-13T01:17:15.701+0000] {dagbag.py:536} INFO - Filling up the DagBag from /home/airflow/.local/lib/python3.8/site-packages/airflow/example_dags/example_setup_teardown.py
[2023-10-13T01:17:15.709+0000] {processor.py:839} INFO - DAG(s) dict_keys(['example_setup_teardown']) retrieved from /home/airflow/.local/lib/python3.8/site-packages/airflow/example_dags/example_setup_teardown.py
[2023-10-13T01:17:15.750+0000] {logging_mixin.py:151} INFO - [2023-10-13T01:17:15.750+0000] {dag.py:2941} INFO - Sync 1 DAGs
[2023-10-13T01:17:15.785+0000] {logging_mixin.py:151} INFO - [2023-10-13T01:17:15.785+0000] {dag.py:3722} INFO - Setting next_dagrun for example_setup_teardown to 2023-10-12T01:17:15.784963+00:00, run_after=2023-10-13T01:17:15.784963+00:00
[2023-10-13T01:17:15.826+0000] {processor.py:179} INFO - Processing /home/airflow/.local/lib/python3.8/site-packages/airflow/example_dags/example_setup_teardown.py took 0.134 seconds
[2023-10-13T01:17:46.164+0000] {processor.py:157} INFO - Started process (PID=361) to work on /home/airflow/.local/lib/python3.8/site-packages/airflow/example_dags/example_setup_teardown.py
[2023-10-13T01:17:46.165+0000] {processor.py:829} INFO - Processing file /home/airflow/.local/lib/python3.8/site-packages/airflow/example_dags/example_setup_teardown.py for tasks to queue
[2023-10-13T01:17:46.168+0000] {logging_mixin.py:151} INFO - [2023-10-13T01:17:46.168+0000] {dagbag.py:536} INFO - Filling up the DagBag from /home/airflow/.local/lib/python3.8/site-packages/airflow/example_dags/example_setup_teardown.py
[2023-10-13T01:17:46.178+0000] {processor.py:839} INFO - DAG(s) dict_keys(['example_setup_teardown']) retrieved from /home/airflow/.local/lib/python3.8/site-packages/airflow/example_dags/example_setup_teardown.py
[2023-10-13T01:17:46.208+0000] {logging_mixin.py:151} INFO - [2023-10-13T01:17:46.207+0000] {dag.py:2941} INFO - Sync 1 DAGs
[2023-10-13T01:17:46.240+0000] {logging_mixin.py:151} INFO - [2023-10-13T01:17:46.240+0000] {dag.py:3722} INFO - Setting next_dagrun for example_setup_teardown to 2023-10-12T01:17:46.240186+00:00, run_after=2023-10-13T01:17:46.240186+00:00
[2023-10-13T01:17:46.286+0000] {processor.py:179} INFO - Processing /home/airflow/.local/lib/python3.8/site-packages/airflow/example_dags/example_setup_teardown.py took 0.126 seconds
[2023-10-13T01:18:16.712+0000] {processor.py:157} INFO - Started process (PID=416) to work on /home/airflow/.local/lib/python3.8/site-packages/airflow/example_dags/example_setup_teardown.py
[2023-10-13T01:18:16.734+0000] {processor.py:829} INFO - Processing file /home/airflow/.local/lib/python3.8/site-packages/airflow/example_dags/example_setup_teardown.py for tasks to queue
[2023-10-13T01:18:16.738+0000] {logging_mixin.py:151} INFO - [2023-10-13T01:18:16.738+0000] {dagbag.py:536} INFO - Filling up the DagBag from /home/airflow/.local/lib/python3.8/site-packages/airflow/example_dags/example_setup_teardown.py
[2023-10-13T01:18:16.747+0000] {processor.py:839} INFO - DAG(s) dict_keys(['example_setup_teardown']) retrieved from /home/airflow/.local/lib/python3.8/site-packages/airflow/example_dags/example_setup_teardown.py
[2023-10-13T01:18:16.783+0000] {logging_mixin.py:151} INFO - [2023-10-13T01:18:16.782+0000] {dag.py:2941} INFO - Sync 1 DAGs
[2023-10-13T01:18:16.831+0000] {logging_mixin.py:151} INFO - [2023-10-13T01:18:16.831+0000] {dag.py:3722} INFO - Setting next_dagrun for example_setup_teardown to 2023-10-12T01:18:16.831066+00:00, run_after=2023-10-13T01:18:16.831066+00:00
[2023-10-13T01:18:16.885+0000] {processor.py:179} INFO - Processing /home/airflow/.local/lib/python3.8/site-packages/airflow/example_dags/example_setup_teardown.py took 0.178 seconds
[2023-10-13T01:18:47.292+0000] {processor.py:157} INFO - Started process (PID=471) to work on /home/airflow/.local/lib/python3.8/site-packages/airflow/example_dags/example_setup_teardown.py
[2023-10-13T01:18:47.293+0000] {processor.py:829} INFO - Processing file /home/airflow/.local/lib/python3.8/site-packages/airflow/example_dags/example_setup_teardown.py for tasks to queue
[2023-10-13T01:18:47.295+0000] {logging_mixin.py:151} INFO - [2023-10-13T01:18:47.295+0000] {dagbag.py:536} INFO - Filling up the DagBag from /home/airflow/.local/lib/python3.8/site-packages/airflow/example_dags/example_setup_teardown.py
[2023-10-13T01:18:47.305+0000] {processor.py:839} INFO - DAG(s) dict_keys(['example_setup_teardown']) retrieved from /home/airflow/.local/lib/python3.8/site-packages/airflow/example_dags/example_setup_teardown.py
[2023-10-13T01:18:47.356+0000] {logging_mixin.py:151} INFO - [2023-10-13T01:18:47.356+0000] {dag.py:2941} INFO - Sync 1 DAGs
[2023-10-13T01:18:47.409+0000] {logging_mixin.py:151} INFO - [2023-10-13T01:18:47.409+0000] {dag.py:3722} INFO - Setting next_dagrun for example_setup_teardown to 2023-10-12T01:18:47.408992+00:00, run_after=2023-10-13T01:18:47.408992+00:00
[2023-10-13T01:18:47.448+0000] {processor.py:179} INFO - Processing /home/airflow/.local/lib/python3.8/site-packages/airflow/example_dags/example_setup_teardown.py took 0.161 seconds
[2023-10-13T01:19:17.575+0000] {processor.py:157} INFO - Started process (PID=526) to work on /home/airflow/.local/lib/python3.8/site-packages/airflow/example_dags/example_setup_teardown.py
[2023-10-13T01:19:17.576+0000] {processor.py:829} INFO - Processing file /home/airflow/.local/lib/python3.8/site-packages/airflow/example_dags/example_setup_teardown.py for tasks to queue
[2023-10-13T01:19:17.579+0000] {logging_mixin.py:151} INFO - [2023-10-13T01:19:17.579+0000] {dagbag.py:536} INFO - Filling up the DagBag from /home/airflow/.local/lib/python3.8/site-packages/airflow/example_dags/example_setup_teardown.py
[2023-10-13T01:19:17.587+0000] {processor.py:839} INFO - DAG(s) dict_keys(['example_setup_teardown']) retrieved from /home/airflow/.local/lib/python3.8/site-packages/airflow/example_dags/example_setup_teardown.py
[2023-10-13T01:19:17.614+0000] {logging_mixin.py:151} INFO - [2023-10-13T01:19:17.613+0000] {dag.py:2941} INFO - Sync 1 DAGs
[2023-10-13T01:19:17.644+0000] {logging_mixin.py:151} INFO - [2023-10-13T01:19:17.644+0000] {dag.py:3722} INFO - Setting next_dagrun for example_setup_teardown to 2023-10-12T01:19:17.643788+00:00, run_after=2023-10-13T01:19:17.643788+00:00
[2023-10-13T01:19:17.689+0000] {processor.py:179} INFO - Processing /home/airflow/.local/lib/python3.8/site-packages/airflow/example_dags/example_setup_teardown.py took 0.118 seconds
[2023-10-13T01:19:47.987+0000] {processor.py:157} INFO - Started process (PID=581) to work on /home/airflow/.local/lib/python3.8/site-packages/airflow/example_dags/example_setup_teardown.py
[2023-10-13T01:19:48.002+0000] {processor.py:829} INFO - Processing file /home/airflow/.local/lib/python3.8/site-packages/airflow/example_dags/example_setup_teardown.py for tasks to queue
[2023-10-13T01:19:48.004+0000] {logging_mixin.py:151} INFO - [2023-10-13T01:19:48.003+0000] {dagbag.py:536} INFO - Filling up the DagBag from /home/airflow/.local/lib/python3.8/site-packages/airflow/example_dags/example_setup_teardown.py
[2023-10-13T01:19:48.013+0000] {processor.py:839} INFO - DAG(s) dict_keys(['example_setup_teardown']) retrieved from /home/airflow/.local/lib/python3.8/site-packages/airflow/example_dags/example_setup_teardown.py
[2023-10-13T01:19:48.042+0000] {logging_mixin.py:151} INFO - [2023-10-13T01:19:48.041+0000] {dag.py:2941} INFO - Sync 1 DAGs
[2023-10-13T01:19:48.075+0000] {logging_mixin.py:151} INFO - [2023-10-13T01:19:48.075+0000] {dag.py:3722} INFO - Setting next_dagrun for example_setup_teardown to 2023-10-12T01:19:48.074885+00:00, run_after=2023-10-13T01:19:48.074885+00:00
[2023-10-13T01:19:48.123+0000] {processor.py:179} INFO - Processing /home/airflow/.local/lib/python3.8/site-packages/airflow/example_dags/example_setup_teardown.py took 0.140 seconds
[2023-10-13T01:20:19.175+0000] {processor.py:157} INFO - Started process (PID=636) to work on /home/airflow/.local/lib/python3.8/site-packages/airflow/example_dags/example_setup_teardown.py
[2023-10-13T01:20:19.176+0000] {processor.py:829} INFO - Processing file /home/airflow/.local/lib/python3.8/site-packages/airflow/example_dags/example_setup_teardown.py for tasks to queue
[2023-10-13T01:20:19.179+0000] {logging_mixin.py:151} INFO - [2023-10-13T01:20:19.179+0000] {dagbag.py:536} INFO - Filling up the DagBag from /home/airflow/.local/lib/python3.8/site-packages/airflow/example_dags/example_setup_teardown.py
[2023-10-13T01:20:19.215+0000] {processor.py:839} INFO - DAG(s) dict_keys(['example_setup_teardown']) retrieved from /home/airflow/.local/lib/python3.8/site-packages/airflow/example_dags/example_setup_teardown.py
[2023-10-13T01:20:19.306+0000] {logging_mixin.py:151} INFO - [2023-10-13T01:20:19.305+0000] {dag.py:2941} INFO - Sync 1 DAGs
[2023-10-13T01:20:19.405+0000] {logging_mixin.py:151} INFO - [2023-10-13T01:20:19.404+0000] {dag.py:3722} INFO - Setting next_dagrun for example_setup_teardown to 2023-10-12T01:20:19.398664+00:00, run_after=2023-10-13T01:20:19.398664+00:00
[2023-10-13T01:20:19.784+0000] {processor.py:179} INFO - Processing /home/airflow/.local/lib/python3.8/site-packages/airflow/example_dags/example_setup_teardown.py took 0.616 seconds
[2023-10-13T01:20:50.023+0000] {processor.py:157} INFO - Started process (PID=691) to work on /home/airflow/.local/lib/python3.8/site-packages/airflow/example_dags/example_setup_teardown.py
[2023-10-13T01:20:50.048+0000] {processor.py:829} INFO - Processing file /home/airflow/.local/lib/python3.8/site-packages/airflow/example_dags/example_setup_teardown.py for tasks to queue
[2023-10-13T01:20:50.057+0000] {logging_mixin.py:151} INFO - [2023-10-13T01:20:50.057+0000] {dagbag.py:536} INFO - Filling up the DagBag from /home/airflow/.local/lib/python3.8/site-packages/airflow/example_dags/example_setup_teardown.py
[2023-10-13T01:20:50.069+0000] {processor.py:839} INFO - DAG(s) dict_keys(['example_setup_teardown']) retrieved from /home/airflow/.local/lib/python3.8/site-packages/airflow/example_dags/example_setup_teardown.py
[2023-10-13T01:20:50.124+0000] {logging_mixin.py:151} INFO - [2023-10-13T01:20:50.124+0000] {dag.py:2941} INFO - Sync 1 DAGs
[2023-10-13T01:20:50.169+0000] {logging_mixin.py:151} INFO - [2023-10-13T01:20:50.169+0000] {dag.py:3722} INFO - Setting next_dagrun for example_setup_teardown to 2023-10-12T01:20:50.168719+00:00, run_after=2023-10-13T01:20:50.168719+00:00
[2023-10-13T01:20:50.214+0000] {processor.py:179} INFO - Processing /home/airflow/.local/lib/python3.8/site-packages/airflow/example_dags/example_setup_teardown.py took 0.198 seconds
[2023-10-13T01:21:21.046+0000] {processor.py:157} INFO - Started process (PID=747) to work on /home/airflow/.local/lib/python3.8/site-packages/airflow/example_dags/example_setup_teardown.py
[2023-10-13T01:21:21.048+0000] {processor.py:829} INFO - Processing file /home/airflow/.local/lib/python3.8/site-packages/airflow/example_dags/example_setup_teardown.py for tasks to queue
[2023-10-13T01:21:21.050+0000] {logging_mixin.py:151} INFO - [2023-10-13T01:21:21.050+0000] {dagbag.py:536} INFO - Filling up the DagBag from /home/airflow/.local/lib/python3.8/site-packages/airflow/example_dags/example_setup_teardown.py
[2023-10-13T01:21:21.062+0000] {processor.py:839} INFO - DAG(s) dict_keys(['example_setup_teardown']) retrieved from /home/airflow/.local/lib/python3.8/site-packages/airflow/example_dags/example_setup_teardown.py
[2023-10-13T01:21:21.127+0000] {logging_mixin.py:151} INFO - [2023-10-13T01:21:21.127+0000] {dag.py:2941} INFO - Sync 1 DAGs
[2023-10-13T01:21:21.198+0000] {logging_mixin.py:151} INFO - [2023-10-13T01:21:21.198+0000] {dag.py:3722} INFO - Setting next_dagrun for example_setup_teardown to 2023-10-12T01:21:21.197953+00:00, run_after=2023-10-13T01:21:21.197953+00:00
[2023-10-13T01:21:21.255+0000] {processor.py:179} INFO - Processing /home/airflow/.local/lib/python3.8/site-packages/airflow/example_dags/example_setup_teardown.py took 0.215 seconds
[2023-10-13T01:21:51.630+0000] {processor.py:157} INFO - Started process (PID=803) to work on /home/airflow/.local/lib/python3.8/site-packages/airflow/example_dags/example_setup_teardown.py
[2023-10-13T01:21:51.698+0000] {processor.py:829} INFO - Processing file /home/airflow/.local/lib/python3.8/site-packages/airflow/example_dags/example_setup_teardown.py for tasks to queue
[2023-10-13T01:21:51.701+0000] {logging_mixin.py:151} INFO - [2023-10-13T01:21:51.701+0000] {dagbag.py:536} INFO - Filling up the DagBag from /home/airflow/.local/lib/python3.8/site-packages/airflow/example_dags/example_setup_teardown.py
[2023-10-13T01:21:51.738+0000] {processor.py:839} INFO - DAG(s) dict_keys(['example_setup_teardown']) retrieved from /home/airflow/.local/lib/python3.8/site-packages/airflow/example_dags/example_setup_teardown.py
[2023-10-13T01:21:51.838+0000] {logging_mixin.py:151} INFO - [2023-10-13T01:21:51.837+0000] {dag.py:2941} INFO - Sync 1 DAGs
[2023-10-13T01:21:51.891+0000] {logging_mixin.py:151} INFO - [2023-10-13T01:21:51.891+0000] {dag.py:3722} INFO - Setting next_dagrun for example_setup_teardown to 2023-10-12T01:21:51.891080+00:00, run_after=2023-10-13T01:21:51.891080+00:00
[2023-10-13T01:21:52.023+0000] {processor.py:179} INFO - Processing /home/airflow/.local/lib/python3.8/site-packages/airflow/example_dags/example_setup_teardown.py took 0.415 seconds
[2023-10-13T01:24:38.150+0000] {processor.py:157} INFO - Started process (PID=34) to work on /home/airflow/.local/lib/python3.8/site-packages/airflow/example_dags/example_setup_teardown.py
[2023-10-13T01:24:38.162+0000] {processor.py:829} INFO - Processing file /home/airflow/.local/lib/python3.8/site-packages/airflow/example_dags/example_setup_teardown.py for tasks to queue
[2023-10-13T01:24:38.166+0000] {logging_mixin.py:151} INFO - [2023-10-13T01:24:38.165+0000] {dagbag.py:536} INFO - Filling up the DagBag from /home/airflow/.local/lib/python3.8/site-packages/airflow/example_dags/example_setup_teardown.py
[2023-10-13T01:24:38.180+0000] {processor.py:839} INFO - DAG(s) dict_keys(['example_setup_teardown']) retrieved from /home/airflow/.local/lib/python3.8/site-packages/airflow/example_dags/example_setup_teardown.py
[2023-10-13T01:24:38.223+0000] {logging_mixin.py:151} INFO - [2023-10-13T01:24:38.223+0000] {dag.py:2941} INFO - Sync 1 DAGs
[2023-10-13T01:24:38.264+0000] {logging_mixin.py:151} INFO - [2023-10-13T01:24:38.263+0000] {dag.py:3722} INFO - Setting next_dagrun for example_setup_teardown to 2023-10-12T01:24:38.263581+00:00, run_after=2023-10-13T01:24:38.263581+00:00
[2023-10-13T01:24:38.320+0000] {processor.py:179} INFO - Processing /home/airflow/.local/lib/python3.8/site-packages/airflow/example_dags/example_setup_teardown.py took 0.175 seconds
[2023-10-13T01:25:08.437+0000] {processor.py:157} INFO - Started process (PID=89) to work on /home/airflow/.local/lib/python3.8/site-packages/airflow/example_dags/example_setup_teardown.py
[2023-10-13T01:25:08.438+0000] {processor.py:829} INFO - Processing file /home/airflow/.local/lib/python3.8/site-packages/airflow/example_dags/example_setup_teardown.py for tasks to queue
[2023-10-13T01:25:08.440+0000] {logging_mixin.py:151} INFO - [2023-10-13T01:25:08.439+0000] {dagbag.py:536} INFO - Filling up the DagBag from /home/airflow/.local/lib/python3.8/site-packages/airflow/example_dags/example_setup_teardown.py
[2023-10-13T01:25:08.446+0000] {processor.py:839} INFO - DAG(s) dict_keys(['example_setup_teardown']) retrieved from /home/airflow/.local/lib/python3.8/site-packages/airflow/example_dags/example_setup_teardown.py
[2023-10-13T01:25:08.479+0000] {logging_mixin.py:151} INFO - [2023-10-13T01:25:08.478+0000] {dag.py:2941} INFO - Sync 1 DAGs
[2023-10-13T01:25:08.514+0000] {logging_mixin.py:151} INFO - [2023-10-13T01:25:08.514+0000] {dag.py:3722} INFO - Setting next_dagrun for example_setup_teardown to 2023-10-12T01:25:08.514045+00:00, run_after=2023-10-13T01:25:08.514045+00:00
[2023-10-13T01:25:08.550+0000] {processor.py:179} INFO - Processing /home/airflow/.local/lib/python3.8/site-packages/airflow/example_dags/example_setup_teardown.py took 0.117 seconds
[2023-10-13T01:25:38.729+0000] {processor.py:157} INFO - Started process (PID=144) to work on /home/airflow/.local/lib/python3.8/site-packages/airflow/example_dags/example_setup_teardown.py
[2023-10-13T01:25:38.730+0000] {processor.py:829} INFO - Processing file /home/airflow/.local/lib/python3.8/site-packages/airflow/example_dags/example_setup_teardown.py for tasks to queue
[2023-10-13T01:25:38.733+0000] {logging_mixin.py:151} INFO - [2023-10-13T01:25:38.732+0000] {dagbag.py:536} INFO - Filling up the DagBag from /home/airflow/.local/lib/python3.8/site-packages/airflow/example_dags/example_setup_teardown.py
[2023-10-13T01:25:38.742+0000] {processor.py:839} INFO - DAG(s) dict_keys(['example_setup_teardown']) retrieved from /home/airflow/.local/lib/python3.8/site-packages/airflow/example_dags/example_setup_teardown.py
[2023-10-13T01:25:38.767+0000] {logging_mixin.py:151} INFO - [2023-10-13T01:25:38.767+0000] {dag.py:2941} INFO - Sync 1 DAGs
[2023-10-13T01:25:38.800+0000] {logging_mixin.py:151} INFO - [2023-10-13T01:25:38.800+0000] {dag.py:3722} INFO - Setting next_dagrun for example_setup_teardown to 2023-10-12T01:25:38.800161+00:00, run_after=2023-10-13T01:25:38.800161+00:00
[2023-10-13T01:25:38.840+0000] {processor.py:179} INFO - Processing /home/airflow/.local/lib/python3.8/site-packages/airflow/example_dags/example_setup_teardown.py took 0.115 seconds
[2023-10-13T01:26:09.382+0000] {processor.py:157} INFO - Started process (PID=198) to work on /home/airflow/.local/lib/python3.8/site-packages/airflow/example_dags/example_setup_teardown.py
[2023-10-13T01:26:09.383+0000] {processor.py:829} INFO - Processing file /home/airflow/.local/lib/python3.8/site-packages/airflow/example_dags/example_setup_teardown.py for tasks to queue
[2023-10-13T01:26:09.385+0000] {logging_mixin.py:151} INFO - [2023-10-13T01:26:09.385+0000] {dagbag.py:536} INFO - Filling up the DagBag from /home/airflow/.local/lib/python3.8/site-packages/airflow/example_dags/example_setup_teardown.py
[2023-10-13T01:26:09.392+0000] {processor.py:839} INFO - DAG(s) dict_keys(['example_setup_teardown']) retrieved from /home/airflow/.local/lib/python3.8/site-packages/airflow/example_dags/example_setup_teardown.py
[2023-10-13T01:26:09.413+0000] {logging_mixin.py:151} INFO - [2023-10-13T01:26:09.413+0000] {dag.py:2941} INFO - Sync 1 DAGs
[2023-10-13T01:26:09.440+0000] {logging_mixin.py:151} INFO - [2023-10-13T01:26:09.440+0000] {dag.py:3722} INFO - Setting next_dagrun for example_setup_teardown to 2023-10-12T01:26:09.439915+00:00, run_after=2023-10-13T01:26:09.439915+00:00
[2023-10-13T01:26:09.472+0000] {processor.py:179} INFO - Processing /home/airflow/.local/lib/python3.8/site-packages/airflow/example_dags/example_setup_teardown.py took 0.094 seconds
[2023-10-13T01:26:39.945+0000] {processor.py:157} INFO - Started process (PID=253) to work on /home/airflow/.local/lib/python3.8/site-packages/airflow/example_dags/example_setup_teardown.py
[2023-10-13T01:26:39.945+0000] {processor.py:829} INFO - Processing file /home/airflow/.local/lib/python3.8/site-packages/airflow/example_dags/example_setup_teardown.py for tasks to queue
[2023-10-13T01:26:39.947+0000] {logging_mixin.py:151} INFO - [2023-10-13T01:26:39.947+0000] {dagbag.py:536} INFO - Filling up the DagBag from /home/airflow/.local/lib/python3.8/site-packages/airflow/example_dags/example_setup_teardown.py
[2023-10-13T01:26:39.954+0000] {processor.py:839} INFO - DAG(s) dict_keys(['example_setup_teardown']) retrieved from /home/airflow/.local/lib/python3.8/site-packages/airflow/example_dags/example_setup_teardown.py
[2023-10-13T01:26:39.973+0000] {logging_mixin.py:151} INFO - [2023-10-13T01:26:39.973+0000] {dag.py:2941} INFO - Sync 1 DAGs
[2023-10-13T01:26:40.001+0000] {logging_mixin.py:151} INFO - [2023-10-13T01:26:40.000+0000] {dag.py:3722} INFO - Setting next_dagrun for example_setup_teardown to 2023-10-12T01:26:40.000626+00:00, run_after=2023-10-13T01:26:40.000626+00:00
[2023-10-13T01:26:40.062+0000] {processor.py:179} INFO - Processing /home/airflow/.local/lib/python3.8/site-packages/airflow/example_dags/example_setup_teardown.py took 0.121 seconds
[2023-10-13T01:27:10.501+0000] {processor.py:157} INFO - Started process (PID=308) to work on /home/airflow/.local/lib/python3.8/site-packages/airflow/example_dags/example_setup_teardown.py
[2023-10-13T01:27:10.515+0000] {processor.py:829} INFO - Processing file /home/airflow/.local/lib/python3.8/site-packages/airflow/example_dags/example_setup_teardown.py for tasks to queue
[2023-10-13T01:27:10.520+0000] {logging_mixin.py:151} INFO - [2023-10-13T01:27:10.519+0000] {dagbag.py:536} INFO - Filling up the DagBag from /home/airflow/.local/lib/python3.8/site-packages/airflow/example_dags/example_setup_teardown.py
[2023-10-13T01:27:10.536+0000] {processor.py:839} INFO - DAG(s) dict_keys(['example_setup_teardown']) retrieved from /home/airflow/.local/lib/python3.8/site-packages/airflow/example_dags/example_setup_teardown.py
[2023-10-13T01:27:10.606+0000] {logging_mixin.py:151} INFO - [2023-10-13T01:27:10.606+0000] {dag.py:2941} INFO - Sync 1 DAGs
[2023-10-13T01:27:10.660+0000] {logging_mixin.py:151} INFO - [2023-10-13T01:27:10.660+0000] {dag.py:3722} INFO - Setting next_dagrun for example_setup_teardown to 2023-10-12T01:27:10.659925+00:00, run_after=2023-10-13T01:27:10.659925+00:00
[2023-10-13T01:27:10.745+0000] {processor.py:179} INFO - Processing /home/airflow/.local/lib/python3.8/site-packages/airflow/example_dags/example_setup_teardown.py took 0.248 seconds
[2023-10-13T01:27:40.895+0000] {processor.py:157} INFO - Started process (PID=363) to work on /home/airflow/.local/lib/python3.8/site-packages/airflow/example_dags/example_setup_teardown.py
[2023-10-13T01:27:40.898+0000] {processor.py:829} INFO - Processing file /home/airflow/.local/lib/python3.8/site-packages/airflow/example_dags/example_setup_teardown.py for tasks to queue
[2023-10-13T01:27:40.900+0000] {logging_mixin.py:151} INFO - [2023-10-13T01:27:40.900+0000] {dagbag.py:536} INFO - Filling up the DagBag from /home/airflow/.local/lib/python3.8/site-packages/airflow/example_dags/example_setup_teardown.py
[2023-10-13T01:27:40.908+0000] {processor.py:839} INFO - DAG(s) dict_keys(['example_setup_teardown']) retrieved from /home/airflow/.local/lib/python3.8/site-packages/airflow/example_dags/example_setup_teardown.py
[2023-10-13T01:27:40.934+0000] {logging_mixin.py:151} INFO - [2023-10-13T01:27:40.933+0000] {dag.py:2941} INFO - Sync 1 DAGs
[2023-10-13T01:27:40.970+0000] {logging_mixin.py:151} INFO - [2023-10-13T01:27:40.970+0000] {dag.py:3722} INFO - Setting next_dagrun for example_setup_teardown to 2023-10-12T01:27:40.970177+00:00, run_after=2023-10-13T01:27:40.970177+00:00
[2023-10-13T01:27:41.069+0000] {processor.py:179} INFO - Processing /home/airflow/.local/lib/python3.8/site-packages/airflow/example_dags/example_setup_teardown.py took 0.177 seconds
