[2023-10-13T00:52:50.572+0000] {processor.py:157} INFO - Started process (PID=54) to work on /home/airflow/.local/lib/python3.8/site-packages/airflow/example_dags/example_dag_decorator.py
[2023-10-13T00:52:50.573+0000] {processor.py:829} INFO - Processing file /home/airflow/.local/lib/python3.8/site-packages/airflow/example_dags/example_dag_decorator.py for tasks to queue
[2023-10-13T00:52:50.576+0000] {logging_mixin.py:151} INFO - [2023-10-13T00:52:50.575+0000] {dagbag.py:536} INFO - Filling up the DagBag from /home/airflow/.local/lib/python3.8/site-packages/airflow/example_dags/example_dag_decorator.py
[2023-10-13T00:52:50.881+0000] {processor.py:839} INFO - DAG(s) dict_keys(['example_dag_decorator']) retrieved from /home/airflow/.local/lib/python3.8/site-packages/airflow/example_dags/example_dag_decorator.py
[2023-10-13T00:52:51.131+0000] {logging_mixin.py:151} INFO - [2023-10-13T00:52:51.130+0000] {dag.py:2941} INFO - Sync 1 DAGs
[2023-10-13T00:52:51.169+0000] {logging_mixin.py:151} INFO - [2023-10-13T00:52:51.169+0000] {dag.py:3722} INFO - Setting next_dagrun for example_dag_decorator to None, run_after=None
[2023-10-13T00:52:51.607+0000] {processor.py:179} INFO - Processing /home/airflow/.local/lib/python3.8/site-packages/airflow/example_dags/example_dag_decorator.py took 1.044 seconds
[2023-10-13T00:53:21.735+0000] {processor.py:157} INFO - Started process (PID=107) to work on /home/airflow/.local/lib/python3.8/site-packages/airflow/example_dags/example_dag_decorator.py
[2023-10-13T00:53:21.736+0000] {processor.py:829} INFO - Processing file /home/airflow/.local/lib/python3.8/site-packages/airflow/example_dags/example_dag_decorator.py for tasks to queue
[2023-10-13T00:53:21.741+0000] {logging_mixin.py:151} INFO - [2023-10-13T00:53:21.740+0000] {dagbag.py:536} INFO - Filling up the DagBag from /home/airflow/.local/lib/python3.8/site-packages/airflow/example_dags/example_dag_decorator.py
[2023-10-13T00:53:21.857+0000] {processor.py:839} INFO - DAG(s) dict_keys(['example_dag_decorator']) retrieved from /home/airflow/.local/lib/python3.8/site-packages/airflow/example_dags/example_dag_decorator.py
[2023-10-13T00:53:21.973+0000] {logging_mixin.py:151} INFO - [2023-10-13T00:53:21.973+0000] {dag.py:2941} INFO - Sync 1 DAGs
[2023-10-13T00:53:21.985+0000] {logging_mixin.py:151} INFO - [2023-10-13T00:53:21.985+0000] {dag.py:3722} INFO - Setting next_dagrun for example_dag_decorator to None, run_after=None
[2023-10-13T00:53:22.341+0000] {processor.py:179} INFO - Processing /home/airflow/.local/lib/python3.8/site-packages/airflow/example_dags/example_dag_decorator.py took 0.612 seconds
[2023-10-13T00:53:53.240+0000] {processor.py:157} INFO - Started process (PID=162) to work on /home/airflow/.local/lib/python3.8/site-packages/airflow/example_dags/example_dag_decorator.py
[2023-10-13T00:53:53.241+0000] {processor.py:829} INFO - Processing file /home/airflow/.local/lib/python3.8/site-packages/airflow/example_dags/example_dag_decorator.py for tasks to queue
[2023-10-13T00:53:53.244+0000] {logging_mixin.py:151} INFO - [2023-10-13T00:53:53.244+0000] {dagbag.py:536} INFO - Filling up the DagBag from /home/airflow/.local/lib/python3.8/site-packages/airflow/example_dags/example_dag_decorator.py
[2023-10-13T00:53:53.386+0000] {processor.py:839} INFO - DAG(s) dict_keys(['example_dag_decorator']) retrieved from /home/airflow/.local/lib/python3.8/site-packages/airflow/example_dags/example_dag_decorator.py
[2023-10-13T00:53:53.825+0000] {logging_mixin.py:151} INFO - [2023-10-13T00:53:53.824+0000] {dag.py:2941} INFO - Sync 1 DAGs
[2023-10-13T00:53:53.845+0000] {logging_mixin.py:151} INFO - [2023-10-13T00:53:53.845+0000] {dag.py:3722} INFO - Setting next_dagrun for example_dag_decorator to None, run_after=None
[2023-10-13T00:53:53.909+0000] {processor.py:179} INFO - Processing /home/airflow/.local/lib/python3.8/site-packages/airflow/example_dags/example_dag_decorator.py took 0.675 seconds
[2023-10-13T00:54:24.145+0000] {processor.py:157} INFO - Started process (PID=216) to work on /home/airflow/.local/lib/python3.8/site-packages/airflow/example_dags/example_dag_decorator.py
[2023-10-13T00:54:24.148+0000] {processor.py:829} INFO - Processing file /home/airflow/.local/lib/python3.8/site-packages/airflow/example_dags/example_dag_decorator.py for tasks to queue
[2023-10-13T00:54:24.156+0000] {logging_mixin.py:151} INFO - [2023-10-13T00:54:24.155+0000] {dagbag.py:536} INFO - Filling up the DagBag from /home/airflow/.local/lib/python3.8/site-packages/airflow/example_dags/example_dag_decorator.py
[2023-10-13T00:54:24.372+0000] {processor.py:839} INFO - DAG(s) dict_keys(['example_dag_decorator']) retrieved from /home/airflow/.local/lib/python3.8/site-packages/airflow/example_dags/example_dag_decorator.py
[2023-10-13T00:54:24.659+0000] {logging_mixin.py:151} INFO - [2023-10-13T00:54:24.659+0000] {dag.py:2941} INFO - Sync 1 DAGs
[2023-10-13T00:54:24.961+0000] {logging_mixin.py:151} INFO - [2023-10-13T00:54:24.961+0000] {dag.py:3722} INFO - Setting next_dagrun for example_dag_decorator to None, run_after=None
[2023-10-13T00:54:25.025+0000] {processor.py:179} INFO - Processing /home/airflow/.local/lib/python3.8/site-packages/airflow/example_dags/example_dag_decorator.py took 0.888 seconds
[2023-10-13T00:54:55.226+0000] {processor.py:157} INFO - Started process (PID=273) to work on /home/airflow/.local/lib/python3.8/site-packages/airflow/example_dags/example_dag_decorator.py
[2023-10-13T00:54:55.241+0000] {processor.py:829} INFO - Processing file /home/airflow/.local/lib/python3.8/site-packages/airflow/example_dags/example_dag_decorator.py for tasks to queue
[2023-10-13T00:54:55.246+0000] {logging_mixin.py:151} INFO - [2023-10-13T00:54:55.244+0000] {dagbag.py:536} INFO - Filling up the DagBag from /home/airflow/.local/lib/python3.8/site-packages/airflow/example_dags/example_dag_decorator.py
[2023-10-13T00:54:55.379+0000] {processor.py:839} INFO - DAG(s) dict_keys(['example_dag_decorator']) retrieved from /home/airflow/.local/lib/python3.8/site-packages/airflow/example_dags/example_dag_decorator.py
[2023-10-13T00:54:55.591+0000] {logging_mixin.py:151} INFO - [2023-10-13T00:54:55.591+0000] {dag.py:2941} INFO - Sync 1 DAGs
[2023-10-13T00:54:55.618+0000] {logging_mixin.py:151} INFO - [2023-10-13T00:54:55.617+0000] {dag.py:3722} INFO - Setting next_dagrun for example_dag_decorator to None, run_after=None
[2023-10-13T00:54:55.936+0000] {processor.py:179} INFO - Processing /home/airflow/.local/lib/python3.8/site-packages/airflow/example_dags/example_dag_decorator.py took 0.714 seconds
[2023-10-13T00:55:26.102+0000] {processor.py:157} INFO - Started process (PID=327) to work on /home/airflow/.local/lib/python3.8/site-packages/airflow/example_dags/example_dag_decorator.py
[2023-10-13T00:55:26.103+0000] {processor.py:829} INFO - Processing file /home/airflow/.local/lib/python3.8/site-packages/airflow/example_dags/example_dag_decorator.py for tasks to queue
[2023-10-13T00:55:26.105+0000] {logging_mixin.py:151} INFO - [2023-10-13T00:55:26.105+0000] {dagbag.py:536} INFO - Filling up the DagBag from /home/airflow/.local/lib/python3.8/site-packages/airflow/example_dags/example_dag_decorator.py
[2023-10-13T00:55:26.211+0000] {processor.py:839} INFO - DAG(s) dict_keys(['example_dag_decorator']) retrieved from /home/airflow/.local/lib/python3.8/site-packages/airflow/example_dags/example_dag_decorator.py
[2023-10-13T00:55:26.442+0000] {logging_mixin.py:151} INFO - [2023-10-13T00:55:26.442+0000] {dag.py:2941} INFO - Sync 1 DAGs
[2023-10-13T00:55:26.479+0000] {logging_mixin.py:151} INFO - [2023-10-13T00:55:26.478+0000] {dag.py:3722} INFO - Setting next_dagrun for example_dag_decorator to None, run_after=None
[2023-10-13T00:55:26.607+0000] {processor.py:179} INFO - Processing /home/airflow/.local/lib/python3.8/site-packages/airflow/example_dags/example_dag_decorator.py took 0.510 seconds
[2023-10-13T01:14:46.118+0000] {processor.py:157} INFO - Started process (PID=48) to work on /home/airflow/.local/lib/python3.8/site-packages/airflow/example_dags/example_dag_decorator.py
[2023-10-13T01:14:46.119+0000] {processor.py:829} INFO - Processing file /home/airflow/.local/lib/python3.8/site-packages/airflow/example_dags/example_dag_decorator.py for tasks to queue
[2023-10-13T01:14:46.122+0000] {logging_mixin.py:151} INFO - [2023-10-13T01:14:46.121+0000] {dagbag.py:536} INFO - Filling up the DagBag from /home/airflow/.local/lib/python3.8/site-packages/airflow/example_dags/example_dag_decorator.py
[2023-10-13T01:14:46.331+0000] {processor.py:839} INFO - DAG(s) dict_keys(['example_dag_decorator']) retrieved from /home/airflow/.local/lib/python3.8/site-packages/airflow/example_dags/example_dag_decorator.py
[2023-10-13T01:14:46.559+0000] {logging_mixin.py:151} INFO - [2023-10-13T01:14:46.558+0000] {dag.py:2941} INFO - Sync 1 DAGs
[2023-10-13T01:14:46.574+0000] {logging_mixin.py:151} INFO - [2023-10-13T01:14:46.574+0000] {dag.py:3722} INFO - Setting next_dagrun for example_dag_decorator to None, run_after=None
[2023-10-13T01:14:46.605+0000] {processor.py:179} INFO - Processing /home/airflow/.local/lib/python3.8/site-packages/airflow/example_dags/example_dag_decorator.py took 0.504 seconds
[2023-10-13T01:15:17.235+0000] {processor.py:157} INFO - Started process (PID=103) to work on /home/airflow/.local/lib/python3.8/site-packages/airflow/example_dags/example_dag_decorator.py
[2023-10-13T01:15:17.251+0000] {processor.py:829} INFO - Processing file /home/airflow/.local/lib/python3.8/site-packages/airflow/example_dags/example_dag_decorator.py for tasks to queue
[2023-10-13T01:15:17.255+0000] {logging_mixin.py:151} INFO - [2023-10-13T01:15:17.254+0000] {dagbag.py:536} INFO - Filling up the DagBag from /home/airflow/.local/lib/python3.8/site-packages/airflow/example_dags/example_dag_decorator.py
[2023-10-13T01:15:17.367+0000] {processor.py:839} INFO - DAG(s) dict_keys(['example_dag_decorator']) retrieved from /home/airflow/.local/lib/python3.8/site-packages/airflow/example_dags/example_dag_decorator.py
[2023-10-13T01:15:17.504+0000] {logging_mixin.py:151} INFO - [2023-10-13T01:15:17.504+0000] {dag.py:2941} INFO - Sync 1 DAGs
[2023-10-13T01:15:17.519+0000] {logging_mixin.py:151} INFO - [2023-10-13T01:15:17.519+0000] {dag.py:3722} INFO - Setting next_dagrun for example_dag_decorator to None, run_after=None
[2023-10-13T01:15:17.567+0000] {processor.py:179} INFO - Processing /home/airflow/.local/lib/python3.8/site-packages/airflow/example_dags/example_dag_decorator.py took 0.339 seconds
[2023-10-13T01:15:48.043+0000] {processor.py:157} INFO - Started process (PID=157) to work on /home/airflow/.local/lib/python3.8/site-packages/airflow/example_dags/example_dag_decorator.py
[2023-10-13T01:15:48.044+0000] {processor.py:829} INFO - Processing file /home/airflow/.local/lib/python3.8/site-packages/airflow/example_dags/example_dag_decorator.py for tasks to queue
[2023-10-13T01:15:48.046+0000] {logging_mixin.py:151} INFO - [2023-10-13T01:15:48.046+0000] {dagbag.py:536} INFO - Filling up the DagBag from /home/airflow/.local/lib/python3.8/site-packages/airflow/example_dags/example_dag_decorator.py
[2023-10-13T01:15:48.132+0000] {processor.py:839} INFO - DAG(s) dict_keys(['example_dag_decorator']) retrieved from /home/airflow/.local/lib/python3.8/site-packages/airflow/example_dags/example_dag_decorator.py
[2023-10-13T01:15:48.323+0000] {logging_mixin.py:151} INFO - [2023-10-13T01:15:48.323+0000] {dag.py:2941} INFO - Sync 1 DAGs
[2023-10-13T01:15:48.342+0000] {logging_mixin.py:151} INFO - [2023-10-13T01:15:48.342+0000] {dag.py:3722} INFO - Setting next_dagrun for example_dag_decorator to None, run_after=None
[2023-10-13T01:15:48.437+0000] {processor.py:179} INFO - Processing /home/airflow/.local/lib/python3.8/site-packages/airflow/example_dags/example_dag_decorator.py took 0.401 seconds
[2023-10-13T01:16:18.475+0000] {processor.py:157} INFO - Started process (PID=213) to work on /home/airflow/.local/lib/python3.8/site-packages/airflow/example_dags/example_dag_decorator.py
[2023-10-13T01:16:18.480+0000] {processor.py:829} INFO - Processing file /home/airflow/.local/lib/python3.8/site-packages/airflow/example_dags/example_dag_decorator.py for tasks to queue
[2023-10-13T01:16:18.482+0000] {logging_mixin.py:151} INFO - [2023-10-13T01:16:18.482+0000] {dagbag.py:536} INFO - Filling up the DagBag from /home/airflow/.local/lib/python3.8/site-packages/airflow/example_dags/example_dag_decorator.py
[2023-10-13T01:16:18.575+0000] {processor.py:839} INFO - DAG(s) dict_keys(['example_dag_decorator']) retrieved from /home/airflow/.local/lib/python3.8/site-packages/airflow/example_dags/example_dag_decorator.py
[2023-10-13T01:16:18.828+0000] {logging_mixin.py:151} INFO - [2023-10-13T01:16:18.828+0000] {dag.py:2941} INFO - Sync 1 DAGs
[2023-10-13T01:16:18.855+0000] {logging_mixin.py:151} INFO - [2023-10-13T01:16:18.855+0000] {dag.py:3722} INFO - Setting next_dagrun for example_dag_decorator to None, run_after=None
[2023-10-13T01:16:18.989+0000] {processor.py:179} INFO - Processing /home/airflow/.local/lib/python3.8/site-packages/airflow/example_dags/example_dag_decorator.py took 0.519 seconds
[2023-10-13T01:16:49.036+0000] {processor.py:157} INFO - Started process (PID=269) to work on /home/airflow/.local/lib/python3.8/site-packages/airflow/example_dags/example_dag_decorator.py
[2023-10-13T01:16:49.037+0000] {processor.py:829} INFO - Processing file /home/airflow/.local/lib/python3.8/site-packages/airflow/example_dags/example_dag_decorator.py for tasks to queue
[2023-10-13T01:16:49.040+0000] {logging_mixin.py:151} INFO - [2023-10-13T01:16:49.039+0000] {dagbag.py:536} INFO - Filling up the DagBag from /home/airflow/.local/lib/python3.8/site-packages/airflow/example_dags/example_dag_decorator.py
[2023-10-13T01:16:49.138+0000] {processor.py:839} INFO - DAG(s) dict_keys(['example_dag_decorator']) retrieved from /home/airflow/.local/lib/python3.8/site-packages/airflow/example_dags/example_dag_decorator.py
[2023-10-13T01:16:49.319+0000] {logging_mixin.py:151} INFO - [2023-10-13T01:16:49.318+0000] {dag.py:2941} INFO - Sync 1 DAGs
[2023-10-13T01:16:49.338+0000] {logging_mixin.py:151} INFO - [2023-10-13T01:16:49.338+0000] {dag.py:3722} INFO - Setting next_dagrun for example_dag_decorator to None, run_after=None
[2023-10-13T01:16:49.441+0000] {processor.py:179} INFO - Processing /home/airflow/.local/lib/python3.8/site-packages/airflow/example_dags/example_dag_decorator.py took 0.408 seconds
[2023-10-13T01:17:20.121+0000] {processor.py:157} INFO - Started process (PID=323) to work on /home/airflow/.local/lib/python3.8/site-packages/airflow/example_dags/example_dag_decorator.py
[2023-10-13T01:17:20.139+0000] {processor.py:829} INFO - Processing file /home/airflow/.local/lib/python3.8/site-packages/airflow/example_dags/example_dag_decorator.py for tasks to queue
[2023-10-13T01:17:20.142+0000] {logging_mixin.py:151} INFO - [2023-10-13T01:17:20.142+0000] {dagbag.py:536} INFO - Filling up the DagBag from /home/airflow/.local/lib/python3.8/site-packages/airflow/example_dags/example_dag_decorator.py
[2023-10-13T01:17:20.271+0000] {processor.py:839} INFO - DAG(s) dict_keys(['example_dag_decorator']) retrieved from /home/airflow/.local/lib/python3.8/site-packages/airflow/example_dags/example_dag_decorator.py
[2023-10-13T01:17:20.445+0000] {logging_mixin.py:151} INFO - [2023-10-13T01:17:20.444+0000] {dag.py:2941} INFO - Sync 1 DAGs
[2023-10-13T01:17:20.458+0000] {logging_mixin.py:151} INFO - [2023-10-13T01:17:20.458+0000] {dag.py:3722} INFO - Setting next_dagrun for example_dag_decorator to None, run_after=None
[2023-10-13T01:17:20.487+0000] {processor.py:179} INFO - Processing /home/airflow/.local/lib/python3.8/site-packages/airflow/example_dags/example_dag_decorator.py took 0.375 seconds
[2023-10-13T01:17:50.699+0000] {processor.py:157} INFO - Started process (PID=379) to work on /home/airflow/.local/lib/python3.8/site-packages/airflow/example_dags/example_dag_decorator.py
[2023-10-13T01:17:50.700+0000] {processor.py:829} INFO - Processing file /home/airflow/.local/lib/python3.8/site-packages/airflow/example_dags/example_dag_decorator.py for tasks to queue
[2023-10-13T01:17:50.704+0000] {logging_mixin.py:151} INFO - [2023-10-13T01:17:50.704+0000] {dagbag.py:536} INFO - Filling up the DagBag from /home/airflow/.local/lib/python3.8/site-packages/airflow/example_dags/example_dag_decorator.py
[2023-10-13T01:17:50.902+0000] {processor.py:839} INFO - DAG(s) dict_keys(['example_dag_decorator']) retrieved from /home/airflow/.local/lib/python3.8/site-packages/airflow/example_dags/example_dag_decorator.py
[2023-10-13T01:17:51.102+0000] {logging_mixin.py:151} INFO - [2023-10-13T01:17:51.101+0000] {dag.py:2941} INFO - Sync 1 DAGs
[2023-10-13T01:17:51.136+0000] {logging_mixin.py:151} INFO - [2023-10-13T01:17:51.135+0000] {dag.py:3722} INFO - Setting next_dagrun for example_dag_decorator to None, run_after=None
[2023-10-13T01:17:51.186+0000] {processor.py:179} INFO - Processing /home/airflow/.local/lib/python3.8/site-packages/airflow/example_dags/example_dag_decorator.py took 0.492 seconds
[2023-10-13T01:18:21.387+0000] {processor.py:157} INFO - Started process (PID=435) to work on /home/airflow/.local/lib/python3.8/site-packages/airflow/example_dags/example_dag_decorator.py
[2023-10-13T01:18:21.388+0000] {processor.py:829} INFO - Processing file /home/airflow/.local/lib/python3.8/site-packages/airflow/example_dags/example_dag_decorator.py for tasks to queue
[2023-10-13T01:18:21.390+0000] {logging_mixin.py:151} INFO - [2023-10-13T01:18:21.390+0000] {dagbag.py:536} INFO - Filling up the DagBag from /home/airflow/.local/lib/python3.8/site-packages/airflow/example_dags/example_dag_decorator.py
[2023-10-13T01:18:21.509+0000] {processor.py:839} INFO - DAG(s) dict_keys(['example_dag_decorator']) retrieved from /home/airflow/.local/lib/python3.8/site-packages/airflow/example_dags/example_dag_decorator.py
[2023-10-13T01:18:21.653+0000] {logging_mixin.py:151} INFO - [2023-10-13T01:18:21.652+0000] {dag.py:2941} INFO - Sync 1 DAGs
[2023-10-13T01:18:21.665+0000] {logging_mixin.py:151} INFO - [2023-10-13T01:18:21.664+0000] {dag.py:3722} INFO - Setting next_dagrun for example_dag_decorator to None, run_after=None
[2023-10-13T01:18:21.693+0000] {processor.py:179} INFO - Processing /home/airflow/.local/lib/python3.8/site-packages/airflow/example_dags/example_dag_decorator.py took 0.312 seconds
[2023-10-13T01:18:51.760+0000] {processor.py:157} INFO - Started process (PID=489) to work on /home/airflow/.local/lib/python3.8/site-packages/airflow/example_dags/example_dag_decorator.py
[2023-10-13T01:18:51.761+0000] {processor.py:829} INFO - Processing file /home/airflow/.local/lib/python3.8/site-packages/airflow/example_dags/example_dag_decorator.py for tasks to queue
[2023-10-13T01:18:51.764+0000] {logging_mixin.py:151} INFO - [2023-10-13T01:18:51.764+0000] {dagbag.py:536} INFO - Filling up the DagBag from /home/airflow/.local/lib/python3.8/site-packages/airflow/example_dags/example_dag_decorator.py
[2023-10-13T01:18:51.861+0000] {processor.py:839} INFO - DAG(s) dict_keys(['example_dag_decorator']) retrieved from /home/airflow/.local/lib/python3.8/site-packages/airflow/example_dags/example_dag_decorator.py
[2023-10-13T01:18:52.006+0000] {logging_mixin.py:151} INFO - [2023-10-13T01:18:52.005+0000] {dag.py:2941} INFO - Sync 1 DAGs
[2023-10-13T01:18:52.042+0000] {logging_mixin.py:151} INFO - [2023-10-13T01:18:52.041+0000] {dag.py:3722} INFO - Setting next_dagrun for example_dag_decorator to None, run_after=None
[2023-10-13T01:18:52.178+0000] {processor.py:179} INFO - Processing /home/airflow/.local/lib/python3.8/site-packages/airflow/example_dags/example_dag_decorator.py took 0.421 seconds
[2023-10-13T01:19:22.908+0000] {processor.py:157} INFO - Started process (PID=543) to work on /home/airflow/.local/lib/python3.8/site-packages/airflow/example_dags/example_dag_decorator.py
[2023-10-13T01:19:22.927+0000] {processor.py:829} INFO - Processing file /home/airflow/.local/lib/python3.8/site-packages/airflow/example_dags/example_dag_decorator.py for tasks to queue
[2023-10-13T01:19:22.929+0000] {logging_mixin.py:151} INFO - [2023-10-13T01:19:22.929+0000] {dagbag.py:536} INFO - Filling up the DagBag from /home/airflow/.local/lib/python3.8/site-packages/airflow/example_dags/example_dag_decorator.py
[2023-10-13T01:19:23.031+0000] {processor.py:839} INFO - DAG(s) dict_keys(['example_dag_decorator']) retrieved from /home/airflow/.local/lib/python3.8/site-packages/airflow/example_dags/example_dag_decorator.py
[2023-10-13T01:19:23.269+0000] {logging_mixin.py:151} INFO - [2023-10-13T01:19:23.269+0000] {dag.py:2941} INFO - Sync 1 DAGs
[2023-10-13T01:19:23.289+0000] {logging_mixin.py:151} INFO - [2023-10-13T01:19:23.288+0000] {dag.py:3722} INFO - Setting next_dagrun for example_dag_decorator to None, run_after=None
[2023-10-13T01:19:23.319+0000] {processor.py:179} INFO - Processing /home/airflow/.local/lib/python3.8/site-packages/airflow/example_dags/example_dag_decorator.py took 0.416 seconds
[2023-10-13T01:19:53.445+0000] {processor.py:157} INFO - Started process (PID=600) to work on /home/airflow/.local/lib/python3.8/site-packages/airflow/example_dags/example_dag_decorator.py
[2023-10-13T01:19:53.446+0000] {processor.py:829} INFO - Processing file /home/airflow/.local/lib/python3.8/site-packages/airflow/example_dags/example_dag_decorator.py for tasks to queue
[2023-10-13T01:19:53.448+0000] {logging_mixin.py:151} INFO - [2023-10-13T01:19:53.448+0000] {dagbag.py:536} INFO - Filling up the DagBag from /home/airflow/.local/lib/python3.8/site-packages/airflow/example_dags/example_dag_decorator.py
[2023-10-13T01:19:53.564+0000] {processor.py:839} INFO - DAG(s) dict_keys(['example_dag_decorator']) retrieved from /home/airflow/.local/lib/python3.8/site-packages/airflow/example_dags/example_dag_decorator.py
[2023-10-13T01:19:53.708+0000] {logging_mixin.py:151} INFO - [2023-10-13T01:19:53.708+0000] {dag.py:2941} INFO - Sync 1 DAGs
[2023-10-13T01:19:53.721+0000] {logging_mixin.py:151} INFO - [2023-10-13T01:19:53.721+0000] {dag.py:3722} INFO - Setting next_dagrun for example_dag_decorator to None, run_after=None
[2023-10-13T01:19:53.751+0000] {processor.py:179} INFO - Processing /home/airflow/.local/lib/python3.8/site-packages/airflow/example_dags/example_dag_decorator.py took 0.312 seconds
[2023-10-13T01:20:24.178+0000] {processor.py:157} INFO - Started process (PID=653) to work on /home/airflow/.local/lib/python3.8/site-packages/airflow/example_dags/example_dag_decorator.py
[2023-10-13T01:20:24.181+0000] {processor.py:829} INFO - Processing file /home/airflow/.local/lib/python3.8/site-packages/airflow/example_dags/example_dag_decorator.py for tasks to queue
[2023-10-13T01:20:24.186+0000] {logging_mixin.py:151} INFO - [2023-10-13T01:20:24.185+0000] {dagbag.py:536} INFO - Filling up the DagBag from /home/airflow/.local/lib/python3.8/site-packages/airflow/example_dags/example_dag_decorator.py
[2023-10-13T01:20:24.314+0000] {processor.py:839} INFO - DAG(s) dict_keys(['example_dag_decorator']) retrieved from /home/airflow/.local/lib/python3.8/site-packages/airflow/example_dags/example_dag_decorator.py
[2023-10-13T01:20:24.440+0000] {logging_mixin.py:151} INFO - [2023-10-13T01:20:24.440+0000] {dag.py:2941} INFO - Sync 1 DAGs
[2023-10-13T01:20:24.450+0000] {logging_mixin.py:151} INFO - [2023-10-13T01:20:24.450+0000] {dag.py:3722} INFO - Setting next_dagrun for example_dag_decorator to None, run_after=None
[2023-10-13T01:20:24.477+0000] {processor.py:179} INFO - Processing /home/airflow/.local/lib/python3.8/site-packages/airflow/example_dags/example_dag_decorator.py took 0.307 seconds
[2023-10-13T01:20:55.208+0000] {processor.py:157} INFO - Started process (PID=708) to work on /home/airflow/.local/lib/python3.8/site-packages/airflow/example_dags/example_dag_decorator.py
[2023-10-13T01:20:55.239+0000] {processor.py:829} INFO - Processing file /home/airflow/.local/lib/python3.8/site-packages/airflow/example_dags/example_dag_decorator.py for tasks to queue
[2023-10-13T01:20:55.242+0000] {logging_mixin.py:151} INFO - [2023-10-13T01:20:55.242+0000] {dagbag.py:536} INFO - Filling up the DagBag from /home/airflow/.local/lib/python3.8/site-packages/airflow/example_dags/example_dag_decorator.py
[2023-10-13T01:20:55.377+0000] {processor.py:839} INFO - DAG(s) dict_keys(['example_dag_decorator']) retrieved from /home/airflow/.local/lib/python3.8/site-packages/airflow/example_dags/example_dag_decorator.py
[2023-10-13T01:20:55.539+0000] {logging_mixin.py:151} INFO - [2023-10-13T01:20:55.539+0000] {dag.py:2941} INFO - Sync 1 DAGs
[2023-10-13T01:20:55.554+0000] {logging_mixin.py:151} INFO - [2023-10-13T01:20:55.554+0000] {dag.py:3722} INFO - Setting next_dagrun for example_dag_decorator to None, run_after=None
[2023-10-13T01:20:55.588+0000] {processor.py:179} INFO - Processing /home/airflow/.local/lib/python3.8/site-packages/airflow/example_dags/example_dag_decorator.py took 0.388 seconds
[2023-10-13T01:21:26.379+0000] {processor.py:157} INFO - Started process (PID=764) to work on /home/airflow/.local/lib/python3.8/site-packages/airflow/example_dags/example_dag_decorator.py
[2023-10-13T01:21:26.380+0000] {processor.py:829} INFO - Processing file /home/airflow/.local/lib/python3.8/site-packages/airflow/example_dags/example_dag_decorator.py for tasks to queue
[2023-10-13T01:21:26.383+0000] {logging_mixin.py:151} INFO - [2023-10-13T01:21:26.383+0000] {dagbag.py:536} INFO - Filling up the DagBag from /home/airflow/.local/lib/python3.8/site-packages/airflow/example_dags/example_dag_decorator.py
[2023-10-13T01:21:26.512+0000] {processor.py:839} INFO - DAG(s) dict_keys(['example_dag_decorator']) retrieved from /home/airflow/.local/lib/python3.8/site-packages/airflow/example_dags/example_dag_decorator.py
[2023-10-13T01:21:26.698+0000] {logging_mixin.py:151} INFO - [2023-10-13T01:21:26.698+0000] {dag.py:2941} INFO - Sync 1 DAGs
[2023-10-13T01:21:26.715+0000] {logging_mixin.py:151} INFO - [2023-10-13T01:21:26.715+0000] {dag.py:3722} INFO - Setting next_dagrun for example_dag_decorator to None, run_after=None
[2023-10-13T01:21:26.741+0000] {processor.py:179} INFO - Processing /home/airflow/.local/lib/python3.8/site-packages/airflow/example_dags/example_dag_decorator.py took 0.366 seconds
[2023-10-13T01:21:57.601+0000] {processor.py:157} INFO - Started process (PID=821) to work on /home/airflow/.local/lib/python3.8/site-packages/airflow/example_dags/example_dag_decorator.py
[2023-10-13T01:21:57.633+0000] {processor.py:829} INFO - Processing file /home/airflow/.local/lib/python3.8/site-packages/airflow/example_dags/example_dag_decorator.py for tasks to queue
[2023-10-13T01:21:57.637+0000] {logging_mixin.py:151} INFO - [2023-10-13T01:21:57.636+0000] {dagbag.py:536} INFO - Filling up the DagBag from /home/airflow/.local/lib/python3.8/site-packages/airflow/example_dags/example_dag_decorator.py
[2023-10-13T01:21:57.823+0000] {processor.py:839} INFO - DAG(s) dict_keys(['example_dag_decorator']) retrieved from /home/airflow/.local/lib/python3.8/site-packages/airflow/example_dags/example_dag_decorator.py
[2023-10-13T01:21:58.048+0000] {logging_mixin.py:151} INFO - [2023-10-13T01:21:58.048+0000] {dag.py:2941} INFO - Sync 1 DAGs
[2023-10-13T01:21:58.270+0000] {logging_mixin.py:151} INFO - [2023-10-13T01:21:58.270+0000] {dag.py:3722} INFO - Setting next_dagrun for example_dag_decorator to None, run_after=None
[2023-10-13T01:21:58.551+0000] {processor.py:179} INFO - Processing /home/airflow/.local/lib/python3.8/site-packages/airflow/example_dags/example_dag_decorator.py took 0.959 seconds
[2023-10-13T01:24:40.494+0000] {processor.py:157} INFO - Started process (PID=49) to work on /home/airflow/.local/lib/python3.8/site-packages/airflow/example_dags/example_dag_decorator.py
[2023-10-13T01:24:40.496+0000] {processor.py:829} INFO - Processing file /home/airflow/.local/lib/python3.8/site-packages/airflow/example_dags/example_dag_decorator.py for tasks to queue
[2023-10-13T01:24:40.499+0000] {logging_mixin.py:151} INFO - [2023-10-13T01:24:40.499+0000] {dagbag.py:536} INFO - Filling up the DagBag from /home/airflow/.local/lib/python3.8/site-packages/airflow/example_dags/example_dag_decorator.py
[2023-10-13T01:24:40.785+0000] {processor.py:839} INFO - DAG(s) dict_keys(['example_dag_decorator']) retrieved from /home/airflow/.local/lib/python3.8/site-packages/airflow/example_dags/example_dag_decorator.py
[2023-10-13T01:24:41.107+0000] {logging_mixin.py:151} INFO - [2023-10-13T01:24:41.107+0000] {dag.py:2941} INFO - Sync 1 DAGs
[2023-10-13T01:24:41.133+0000] {logging_mixin.py:151} INFO - [2023-10-13T01:24:41.133+0000] {dag.py:3722} INFO - Setting next_dagrun for example_dag_decorator to None, run_after=None
[2023-10-13T01:24:41.239+0000] {processor.py:179} INFO - Processing /home/airflow/.local/lib/python3.8/site-packages/airflow/example_dags/example_dag_decorator.py took 0.755 seconds
[2023-10-13T01:25:11.720+0000] {processor.py:157} INFO - Started process (PID=104) to work on /home/airflow/.local/lib/python3.8/site-packages/airflow/example_dags/example_dag_decorator.py
[2023-10-13T01:25:11.748+0000] {processor.py:829} INFO - Processing file /home/airflow/.local/lib/python3.8/site-packages/airflow/example_dags/example_dag_decorator.py for tasks to queue
[2023-10-13T01:25:11.750+0000] {logging_mixin.py:151} INFO - [2023-10-13T01:25:11.750+0000] {dagbag.py:536} INFO - Filling up the DagBag from /home/airflow/.local/lib/python3.8/site-packages/airflow/example_dags/example_dag_decorator.py
[2023-10-13T01:25:11.849+0000] {processor.py:839} INFO - DAG(s) dict_keys(['example_dag_decorator']) retrieved from /home/airflow/.local/lib/python3.8/site-packages/airflow/example_dags/example_dag_decorator.py
[2023-10-13T01:25:11.985+0000] {logging_mixin.py:151} INFO - [2023-10-13T01:25:11.984+0000] {dag.py:2941} INFO - Sync 1 DAGs
[2023-10-13T01:25:11.995+0000] {logging_mixin.py:151} INFO - [2023-10-13T01:25:11.994+0000] {dag.py:3722} INFO - Setting next_dagrun for example_dag_decorator to None, run_after=None
[2023-10-13T01:25:12.029+0000] {processor.py:179} INFO - Processing /home/airflow/.local/lib/python3.8/site-packages/airflow/example_dags/example_dag_decorator.py took 0.314 seconds
[2023-10-13T01:25:42.112+0000] {processor.py:157} INFO - Started process (PID=160) to work on /home/airflow/.local/lib/python3.8/site-packages/airflow/example_dags/example_dag_decorator.py
[2023-10-13T01:25:42.113+0000] {processor.py:829} INFO - Processing file /home/airflow/.local/lib/python3.8/site-packages/airflow/example_dags/example_dag_decorator.py for tasks to queue
[2023-10-13T01:25:42.115+0000] {logging_mixin.py:151} INFO - [2023-10-13T01:25:42.115+0000] {dagbag.py:536} INFO - Filling up the DagBag from /home/airflow/.local/lib/python3.8/site-packages/airflow/example_dags/example_dag_decorator.py
[2023-10-13T01:25:42.241+0000] {processor.py:839} INFO - DAG(s) dict_keys(['example_dag_decorator']) retrieved from /home/airflow/.local/lib/python3.8/site-packages/airflow/example_dags/example_dag_decorator.py
[2023-10-13T01:25:42.425+0000] {logging_mixin.py:151} INFO - [2023-10-13T01:25:42.424+0000] {dag.py:2941} INFO - Sync 1 DAGs
[2023-10-13T01:25:42.450+0000] {logging_mixin.py:151} INFO - [2023-10-13T01:25:42.450+0000] {dag.py:3722} INFO - Setting next_dagrun for example_dag_decorator to None, run_after=None
[2023-10-13T01:25:42.521+0000] {processor.py:179} INFO - Processing /home/airflow/.local/lib/python3.8/site-packages/airflow/example_dags/example_dag_decorator.py took 0.412 seconds
[2023-10-13T01:26:12.627+0000] {processor.py:157} INFO - Started process (PID=215) to work on /home/airflow/.local/lib/python3.8/site-packages/airflow/example_dags/example_dag_decorator.py
[2023-10-13T01:26:12.630+0000] {processor.py:829} INFO - Processing file /home/airflow/.local/lib/python3.8/site-packages/airflow/example_dags/example_dag_decorator.py for tasks to queue
[2023-10-13T01:26:12.632+0000] {logging_mixin.py:151} INFO - [2023-10-13T01:26:12.632+0000] {dagbag.py:536} INFO - Filling up the DagBag from /home/airflow/.local/lib/python3.8/site-packages/airflow/example_dags/example_dag_decorator.py
[2023-10-13T01:26:12.740+0000] {processor.py:839} INFO - DAG(s) dict_keys(['example_dag_decorator']) retrieved from /home/airflow/.local/lib/python3.8/site-packages/airflow/example_dags/example_dag_decorator.py
[2023-10-13T01:26:12.909+0000] {logging_mixin.py:151} INFO - [2023-10-13T01:26:12.909+0000] {dag.py:2941} INFO - Sync 1 DAGs
[2023-10-13T01:26:12.923+0000] {logging_mixin.py:151} INFO - [2023-10-13T01:26:12.922+0000] {dag.py:3722} INFO - Setting next_dagrun for example_dag_decorator to None, run_after=None
[2023-10-13T01:26:12.951+0000] {processor.py:179} INFO - Processing /home/airflow/.local/lib/python3.8/site-packages/airflow/example_dags/example_dag_decorator.py took 0.329 seconds
[2023-10-13T01:26:43.150+0000] {processor.py:157} INFO - Started process (PID=268) to work on /home/airflow/.local/lib/python3.8/site-packages/airflow/example_dags/example_dag_decorator.py
[2023-10-13T01:26:43.151+0000] {processor.py:829} INFO - Processing file /home/airflow/.local/lib/python3.8/site-packages/airflow/example_dags/example_dag_decorator.py for tasks to queue
[2023-10-13T01:26:43.154+0000] {logging_mixin.py:151} INFO - [2023-10-13T01:26:43.154+0000] {dagbag.py:536} INFO - Filling up the DagBag from /home/airflow/.local/lib/python3.8/site-packages/airflow/example_dags/example_dag_decorator.py
[2023-10-13T01:26:43.258+0000] {processor.py:839} INFO - DAG(s) dict_keys(['example_dag_decorator']) retrieved from /home/airflow/.local/lib/python3.8/site-packages/airflow/example_dags/example_dag_decorator.py
[2023-10-13T01:26:43.394+0000] {logging_mixin.py:151} INFO - [2023-10-13T01:26:43.394+0000] {dag.py:2941} INFO - Sync 1 DAGs
[2023-10-13T01:26:43.410+0000] {logging_mixin.py:151} INFO - [2023-10-13T01:26:43.410+0000] {dag.py:3722} INFO - Setting next_dagrun for example_dag_decorator to None, run_after=None
[2023-10-13T01:26:43.441+0000] {processor.py:179} INFO - Processing /home/airflow/.local/lib/python3.8/site-packages/airflow/example_dags/example_dag_decorator.py took 0.294 seconds
[2023-10-13T01:27:14.332+0000] {processor.py:157} INFO - Started process (PID=323) to work on /home/airflow/.local/lib/python3.8/site-packages/airflow/example_dags/example_dag_decorator.py
[2023-10-13T01:27:14.340+0000] {processor.py:829} INFO - Processing file /home/airflow/.local/lib/python3.8/site-packages/airflow/example_dags/example_dag_decorator.py for tasks to queue
[2023-10-13T01:27:14.342+0000] {logging_mixin.py:151} INFO - [2023-10-13T01:27:14.342+0000] {dagbag.py:536} INFO - Filling up the DagBag from /home/airflow/.local/lib/python3.8/site-packages/airflow/example_dags/example_dag_decorator.py
[2023-10-13T01:27:14.468+0000] {processor.py:839} INFO - DAG(s) dict_keys(['example_dag_decorator']) retrieved from /home/airflow/.local/lib/python3.8/site-packages/airflow/example_dags/example_dag_decorator.py
[2023-10-13T01:27:14.501+0000] {logging_mixin.py:151} INFO - [2023-10-13T01:27:14.501+0000] {dag.py:2941} INFO - Sync 1 DAGs
[2023-10-13T01:27:14.519+0000] {logging_mixin.py:151} INFO - [2023-10-13T01:27:14.518+0000] {dag.py:3722} INFO - Setting next_dagrun for example_dag_decorator to None, run_after=None
[2023-10-13T01:27:14.561+0000] {processor.py:179} INFO - Processing /home/airflow/.local/lib/python3.8/site-packages/airflow/example_dags/example_dag_decorator.py took 0.236 seconds
[2023-10-13T01:27:44.839+0000] {processor.py:157} INFO - Started process (PID=378) to work on /home/airflow/.local/lib/python3.8/site-packages/airflow/example_dags/example_dag_decorator.py
[2023-10-13T01:27:44.840+0000] {processor.py:829} INFO - Processing file /home/airflow/.local/lib/python3.8/site-packages/airflow/example_dags/example_dag_decorator.py for tasks to queue
[2023-10-13T01:27:44.842+0000] {logging_mixin.py:151} INFO - [2023-10-13T01:27:44.842+0000] {dagbag.py:536} INFO - Filling up the DagBag from /home/airflow/.local/lib/python3.8/site-packages/airflow/example_dags/example_dag_decorator.py
[2023-10-13T01:27:44.974+0000] {processor.py:839} INFO - DAG(s) dict_keys(['example_dag_decorator']) retrieved from /home/airflow/.local/lib/python3.8/site-packages/airflow/example_dags/example_dag_decorator.py
[2023-10-13T01:27:45.230+0000] {logging_mixin.py:151} INFO - [2023-10-13T01:27:45.229+0000] {dag.py:2941} INFO - Sync 1 DAGs
[2023-10-13T01:27:45.255+0000] {logging_mixin.py:151} INFO - [2023-10-13T01:27:45.254+0000] {dag.py:3722} INFO - Setting next_dagrun for example_dag_decorator to None, run_after=None
[2023-10-13T01:27:45.324+0000] {processor.py:179} INFO - Processing /home/airflow/.local/lib/python3.8/site-packages/airflow/example_dags/example_dag_decorator.py took 0.490 seconds
