[2023-10-13T00:52:52.477+0000] {processor.py:157} INFO - Started process (PID=60) to work on /home/airflow/.local/lib/python3.8/site-packages/airflow/example_dags/example_subdag_operator.py
[2023-10-13T00:52:52.478+0000] {processor.py:829} INFO - Processing file /home/airflow/.local/lib/python3.8/site-packages/airflow/example_dags/example_subdag_operator.py for tasks to queue
[2023-10-13T00:52:52.496+0000] {logging_mixin.py:151} INFO - [2023-10-13T00:52:52.480+0000] {dagbag.py:536} INFO - Filling up the DagBag from /home/airflow/.local/lib/python3.8/site-packages/airflow/example_dags/example_subdag_operator.py
[2023-10-13T00:52:52.622+0000] {processor.py:839} INFO - DAG(s) dict_keys(['example_subdag_operator.section-1', 'example_subdag_operator.section-2', 'example_subdag_operator']) retrieved from /home/airflow/.local/lib/python3.8/site-packages/airflow/example_dags/example_subdag_operator.py
[2023-10-13T00:52:52.721+0000] {logging_mixin.py:151} INFO - [2023-10-13T00:52:52.721+0000] {dag.py:2941} INFO - Sync 3 DAGs
[2023-10-13T00:52:52.823+0000] {logging_mixin.py:151} INFO - [2023-10-13T00:52:52.823+0000] {dag.py:3722} INFO - Setting next_dagrun for example_subdag_operator to 2022-01-01T00:00:00+00:00, run_after=2022-01-01T00:00:00+00:00
[2023-10-13T00:52:52.829+0000] {logging_mixin.py:151} INFO - [2023-10-13T00:52:52.829+0000] {dag.py:3722} INFO - Setting next_dagrun for example_subdag_operator.section-1 to None, run_after=None
[2023-10-13T00:52:52.831+0000] {logging_mixin.py:151} INFO - [2023-10-13T00:52:52.831+0000] {dag.py:3722} INFO - Setting next_dagrun for example_subdag_operator.section-2 to None, run_after=None
[2023-10-13T00:52:52.844+0000] {logging_mixin.py:151} INFO - [2023-10-13T00:52:52.844+0000] {dag.py:2941} INFO - Sync 2 DAGs
[2023-10-13T00:52:52.852+0000] {logging_mixin.py:151} INFO - [2023-10-13T00:52:52.852+0000] {dag.py:3722} INFO - Setting next_dagrun for example_subdag_operator.section-1 to None, run_after=None
[2023-10-13T00:52:52.853+0000] {logging_mixin.py:151} INFO - [2023-10-13T00:52:52.853+0000] {dag.py:3722} INFO - Setting next_dagrun for example_subdag_operator.section-2 to None, run_after=None
[2023-10-13T00:52:52.918+0000] {processor.py:179} INFO - Processing /home/airflow/.local/lib/python3.8/site-packages/airflow/example_dags/example_subdag_operator.py took 0.447 seconds
[2023-10-13T00:53:23.614+0000] {processor.py:157} INFO - Started process (PID=113) to work on /home/airflow/.local/lib/python3.8/site-packages/airflow/example_dags/example_subdag_operator.py
[2023-10-13T00:53:23.618+0000] {processor.py:829} INFO - Processing file /home/airflow/.local/lib/python3.8/site-packages/airflow/example_dags/example_subdag_operator.py for tasks to queue
[2023-10-13T00:53:23.620+0000] {logging_mixin.py:151} INFO - [2023-10-13T00:53:23.620+0000] {dagbag.py:536} INFO - Filling up the DagBag from /home/airflow/.local/lib/python3.8/site-packages/airflow/example_dags/example_subdag_operator.py
[2023-10-13T00:53:23.679+0000] {processor.py:839} INFO - DAG(s) dict_keys(['example_subdag_operator.section-1', 'example_subdag_operator.section-2', 'example_subdag_operator']) retrieved from /home/airflow/.local/lib/python3.8/site-packages/airflow/example_dags/example_subdag_operator.py
[2023-10-13T00:53:23.725+0000] {logging_mixin.py:151} INFO - [2023-10-13T00:53:23.724+0000] {dag.py:2941} INFO - Sync 3 DAGs
[2023-10-13T00:53:23.763+0000] {logging_mixin.py:151} INFO - [2023-10-13T00:53:23.763+0000] {dag.py:3722} INFO - Setting next_dagrun for example_subdag_operator to 2022-01-01T00:00:00+00:00, run_after=2022-01-01T00:00:00+00:00
[2023-10-13T00:53:23.769+0000] {logging_mixin.py:151} INFO - [2023-10-13T00:53:23.769+0000] {dag.py:3722} INFO - Setting next_dagrun for example_subdag_operator.section-1 to None, run_after=None
[2023-10-13T00:53:23.771+0000] {logging_mixin.py:151} INFO - [2023-10-13T00:53:23.770+0000] {dag.py:3722} INFO - Setting next_dagrun for example_subdag_operator.section-2 to None, run_after=None
[2023-10-13T00:53:23.781+0000] {logging_mixin.py:151} INFO - [2023-10-13T00:53:23.781+0000] {dag.py:2941} INFO - Sync 2 DAGs
[2023-10-13T00:53:23.789+0000] {logging_mixin.py:151} INFO - [2023-10-13T00:53:23.789+0000] {dag.py:3722} INFO - Setting next_dagrun for example_subdag_operator.section-1 to None, run_after=None
[2023-10-13T00:53:23.790+0000] {logging_mixin.py:151} INFO - [2023-10-13T00:53:23.790+0000] {dag.py:3722} INFO - Setting next_dagrun for example_subdag_operator.section-2 to None, run_after=None
[2023-10-13T00:53:23.816+0000] {processor.py:179} INFO - Processing /home/airflow/.local/lib/python3.8/site-packages/airflow/example_dags/example_subdag_operator.py took 0.207 seconds
[2023-10-13T00:53:54.121+0000] {processor.py:157} INFO - Started process (PID=168) to work on /home/airflow/.local/lib/python3.8/site-packages/airflow/example_dags/example_subdag_operator.py
[2023-10-13T00:53:54.122+0000] {processor.py:829} INFO - Processing file /home/airflow/.local/lib/python3.8/site-packages/airflow/example_dags/example_subdag_operator.py for tasks to queue
[2023-10-13T00:53:54.134+0000] {logging_mixin.py:151} INFO - [2023-10-13T00:53:54.124+0000] {dagbag.py:536} INFO - Filling up the DagBag from /home/airflow/.local/lib/python3.8/site-packages/airflow/example_dags/example_subdag_operator.py
[2023-10-13T00:53:54.216+0000] {processor.py:839} INFO - DAG(s) dict_keys(['example_subdag_operator.section-1', 'example_subdag_operator.section-2', 'example_subdag_operator']) retrieved from /home/airflow/.local/lib/python3.8/site-packages/airflow/example_dags/example_subdag_operator.py
[2023-10-13T00:53:54.285+0000] {logging_mixin.py:151} INFO - [2023-10-13T00:53:54.285+0000] {dag.py:2941} INFO - Sync 3 DAGs
[2023-10-13T00:53:54.337+0000] {logging_mixin.py:151} INFO - [2023-10-13T00:53:54.337+0000] {dag.py:3722} INFO - Setting next_dagrun for example_subdag_operator to 2022-01-01T00:00:00+00:00, run_after=2022-01-01T00:00:00+00:00
[2023-10-13T00:53:54.343+0000] {logging_mixin.py:151} INFO - [2023-10-13T00:53:54.343+0000] {dag.py:3722} INFO - Setting next_dagrun for example_subdag_operator.section-1 to None, run_after=None
[2023-10-13T00:53:54.346+0000] {logging_mixin.py:151} INFO - [2023-10-13T00:53:54.346+0000] {dag.py:3722} INFO - Setting next_dagrun for example_subdag_operator.section-2 to None, run_after=None
[2023-10-13T00:53:54.358+0000] {logging_mixin.py:151} INFO - [2023-10-13T00:53:54.358+0000] {dag.py:2941} INFO - Sync 2 DAGs
[2023-10-13T00:53:54.372+0000] {logging_mixin.py:151} INFO - [2023-10-13T00:53:54.372+0000] {dag.py:3722} INFO - Setting next_dagrun for example_subdag_operator.section-1 to None, run_after=None
[2023-10-13T00:53:54.373+0000] {logging_mixin.py:151} INFO - [2023-10-13T00:53:54.373+0000] {dag.py:3722} INFO - Setting next_dagrun for example_subdag_operator.section-2 to None, run_after=None
[2023-10-13T00:53:54.452+0000] {processor.py:179} INFO - Processing /home/airflow/.local/lib/python3.8/site-packages/airflow/example_dags/example_subdag_operator.py took 0.342 seconds
[2023-10-13T00:54:25.409+0000] {processor.py:157} INFO - Started process (PID=222) to work on /home/airflow/.local/lib/python3.8/site-packages/airflow/example_dags/example_subdag_operator.py
[2023-10-13T00:54:25.433+0000] {processor.py:829} INFO - Processing file /home/airflow/.local/lib/python3.8/site-packages/airflow/example_dags/example_subdag_operator.py for tasks to queue
[2023-10-13T00:54:25.450+0000] {logging_mixin.py:151} INFO - [2023-10-13T00:54:25.449+0000] {dagbag.py:536} INFO - Filling up the DagBag from /home/airflow/.local/lib/python3.8/site-packages/airflow/example_dags/example_subdag_operator.py
[2023-10-13T00:54:25.564+0000] {processor.py:839} INFO - DAG(s) dict_keys(['example_subdag_operator.section-1', 'example_subdag_operator.section-2', 'example_subdag_operator']) retrieved from /home/airflow/.local/lib/python3.8/site-packages/airflow/example_dags/example_subdag_operator.py
[2023-10-13T00:54:25.625+0000] {logging_mixin.py:151} INFO - [2023-10-13T00:54:25.625+0000] {dag.py:2941} INFO - Sync 3 DAGs
[2023-10-13T00:54:25.682+0000] {logging_mixin.py:151} INFO - [2023-10-13T00:54:25.682+0000] {dag.py:3722} INFO - Setting next_dagrun for example_subdag_operator to 2022-01-01T00:00:00+00:00, run_after=2022-01-01T00:00:00+00:00
[2023-10-13T00:54:25.691+0000] {logging_mixin.py:151} INFO - [2023-10-13T00:54:25.691+0000] {dag.py:3722} INFO - Setting next_dagrun for example_subdag_operator.section-1 to None, run_after=None
[2023-10-13T00:54:25.703+0000] {logging_mixin.py:151} INFO - [2023-10-13T00:54:25.703+0000] {dag.py:3722} INFO - Setting next_dagrun for example_subdag_operator.section-2 to None, run_after=None
[2023-10-13T00:54:25.728+0000] {logging_mixin.py:151} INFO - [2023-10-13T00:54:25.727+0000] {dag.py:2941} INFO - Sync 2 DAGs
[2023-10-13T00:54:25.740+0000] {logging_mixin.py:151} INFO - [2023-10-13T00:54:25.740+0000] {dag.py:3722} INFO - Setting next_dagrun for example_subdag_operator.section-1 to None, run_after=None
[2023-10-13T00:54:25.741+0000] {logging_mixin.py:151} INFO - [2023-10-13T00:54:25.741+0000] {dag.py:3722} INFO - Setting next_dagrun for example_subdag_operator.section-2 to None, run_after=None
[2023-10-13T00:54:25.815+0000] {processor.py:179} INFO - Processing /home/airflow/.local/lib/python3.8/site-packages/airflow/example_dags/example_subdag_operator.py took 0.411 seconds
[2023-10-13T00:54:56.316+0000] {processor.py:157} INFO - Started process (PID=276) to work on /home/airflow/.local/lib/python3.8/site-packages/airflow/example_dags/example_subdag_operator.py
[2023-10-13T00:54:56.318+0000] {processor.py:829} INFO - Processing file /home/airflow/.local/lib/python3.8/site-packages/airflow/example_dags/example_subdag_operator.py for tasks to queue
[2023-10-13T00:54:56.335+0000] {logging_mixin.py:151} INFO - [2023-10-13T00:54:56.334+0000] {dagbag.py:536} INFO - Filling up the DagBag from /home/airflow/.local/lib/python3.8/site-packages/airflow/example_dags/example_subdag_operator.py
[2023-10-13T00:54:56.484+0000] {processor.py:839} INFO - DAG(s) dict_keys(['example_subdag_operator.section-1', 'example_subdag_operator.section-2', 'example_subdag_operator']) retrieved from /home/airflow/.local/lib/python3.8/site-packages/airflow/example_dags/example_subdag_operator.py
[2023-10-13T00:54:56.574+0000] {logging_mixin.py:151} INFO - [2023-10-13T00:54:56.573+0000] {dag.py:2941} INFO - Sync 3 DAGs
[2023-10-13T00:54:56.690+0000] {logging_mixin.py:151} INFO - [2023-10-13T00:54:56.690+0000] {dag.py:3722} INFO - Setting next_dagrun for example_subdag_operator to 2022-01-01T00:00:00+00:00, run_after=2022-01-01T00:00:00+00:00
[2023-10-13T00:54:56.706+0000] {logging_mixin.py:151} INFO - [2023-10-13T00:54:56.705+0000] {dag.py:3722} INFO - Setting next_dagrun for example_subdag_operator.section-1 to None, run_after=None
[2023-10-13T00:54:56.713+0000] {logging_mixin.py:151} INFO - [2023-10-13T00:54:56.713+0000] {dag.py:3722} INFO - Setting next_dagrun for example_subdag_operator.section-2 to None, run_after=None
[2023-10-13T00:54:56.755+0000] {logging_mixin.py:151} INFO - [2023-10-13T00:54:56.755+0000] {dag.py:2941} INFO - Sync 2 DAGs
[2023-10-13T00:54:56.775+0000] {logging_mixin.py:151} INFO - [2023-10-13T00:54:56.774+0000] {dag.py:3722} INFO - Setting next_dagrun for example_subdag_operator.section-1 to None, run_after=None
[2023-10-13T00:54:56.775+0000] {logging_mixin.py:151} INFO - [2023-10-13T00:54:56.775+0000] {dag.py:3722} INFO - Setting next_dagrun for example_subdag_operator.section-2 to None, run_after=None
[2023-10-13T00:54:56.855+0000] {processor.py:179} INFO - Processing /home/airflow/.local/lib/python3.8/site-packages/airflow/example_dags/example_subdag_operator.py took 0.545 seconds
[2023-10-13T00:55:26.938+0000] {processor.py:157} INFO - Started process (PID=330) to work on /home/airflow/.local/lib/python3.8/site-packages/airflow/example_dags/example_subdag_operator.py
[2023-10-13T00:55:26.939+0000] {processor.py:829} INFO - Processing file /home/airflow/.local/lib/python3.8/site-packages/airflow/example_dags/example_subdag_operator.py for tasks to queue
[2023-10-13T00:55:26.942+0000] {logging_mixin.py:151} INFO - [2023-10-13T00:55:26.942+0000] {dagbag.py:536} INFO - Filling up the DagBag from /home/airflow/.local/lib/python3.8/site-packages/airflow/example_dags/example_subdag_operator.py
[2023-10-13T00:55:27.002+0000] {processor.py:839} INFO - DAG(s) dict_keys(['example_subdag_operator.section-1', 'example_subdag_operator.section-2', 'example_subdag_operator']) retrieved from /home/airflow/.local/lib/python3.8/site-packages/airflow/example_dags/example_subdag_operator.py
[2023-10-13T00:55:27.040+0000] {logging_mixin.py:151} INFO - [2023-10-13T00:55:27.039+0000] {dag.py:2941} INFO - Sync 3 DAGs
[2023-10-13T00:55:27.165+0000] {logging_mixin.py:151} INFO - [2023-10-13T00:55:27.164+0000] {dag.py:3722} INFO - Setting next_dagrun for example_subdag_operator to 2022-01-01T00:00:00+00:00, run_after=2022-01-01T00:00:00+00:00
[2023-10-13T00:55:27.173+0000] {logging_mixin.py:151} INFO - [2023-10-13T00:55:27.173+0000] {dag.py:3722} INFO - Setting next_dagrun for example_subdag_operator.section-1 to None, run_after=None
[2023-10-13T00:55:27.175+0000] {logging_mixin.py:151} INFO - [2023-10-13T00:55:27.175+0000] {dag.py:3722} INFO - Setting next_dagrun for example_subdag_operator.section-2 to None, run_after=None
[2023-10-13T00:55:27.187+0000] {logging_mixin.py:151} INFO - [2023-10-13T00:55:27.187+0000] {dag.py:2941} INFO - Sync 2 DAGs
[2023-10-13T00:55:27.199+0000] {logging_mixin.py:151} INFO - [2023-10-13T00:55:27.199+0000] {dag.py:3722} INFO - Setting next_dagrun for example_subdag_operator.section-1 to None, run_after=None
[2023-10-13T00:55:27.200+0000] {logging_mixin.py:151} INFO - [2023-10-13T00:55:27.200+0000] {dag.py:3722} INFO - Setting next_dagrun for example_subdag_operator.section-2 to None, run_after=None
[2023-10-13T00:55:27.263+0000] {processor.py:179} INFO - Processing /home/airflow/.local/lib/python3.8/site-packages/airflow/example_dags/example_subdag_operator.py took 0.330 seconds
[2023-10-13T01:14:46.817+0000] {processor.py:157} INFO - Started process (PID=54) to work on /home/airflow/.local/lib/python3.8/site-packages/airflow/example_dags/example_subdag_operator.py
[2023-10-13T01:14:46.826+0000] {processor.py:829} INFO - Processing file /home/airflow/.local/lib/python3.8/site-packages/airflow/example_dags/example_subdag_operator.py for tasks to queue
[2023-10-13T01:14:46.829+0000] {logging_mixin.py:151} INFO - [2023-10-13T01:14:46.828+0000] {dagbag.py:536} INFO - Filling up the DagBag from /home/airflow/.local/lib/python3.8/site-packages/airflow/example_dags/example_subdag_operator.py
[2023-10-13T01:14:46.860+0000] {processor.py:839} INFO - DAG(s) dict_keys(['example_subdag_operator.section-1', 'example_subdag_operator.section-2', 'example_subdag_operator']) retrieved from /home/airflow/.local/lib/python3.8/site-packages/airflow/example_dags/example_subdag_operator.py
[2023-10-13T01:14:46.893+0000] {logging_mixin.py:151} INFO - [2023-10-13T01:14:46.893+0000] {dag.py:2941} INFO - Sync 3 DAGs
[2023-10-13T01:14:46.923+0000] {logging_mixin.py:151} INFO - [2023-10-13T01:14:46.923+0000] {dag.py:3722} INFO - Setting next_dagrun for example_subdag_operator to 2022-01-01T00:00:00+00:00, run_after=2022-01-01T00:00:00+00:00
[2023-10-13T01:14:46.928+0000] {logging_mixin.py:151} INFO - [2023-10-13T01:14:46.927+0000] {dag.py:3722} INFO - Setting next_dagrun for example_subdag_operator.section-1 to None, run_after=None
[2023-10-13T01:14:46.930+0000] {logging_mixin.py:151} INFO - [2023-10-13T01:14:46.930+0000] {dag.py:3722} INFO - Setting next_dagrun for example_subdag_operator.section-2 to None, run_after=None
[2023-10-13T01:14:46.943+0000] {logging_mixin.py:151} INFO - [2023-10-13T01:14:46.942+0000] {dag.py:2941} INFO - Sync 2 DAGs
[2023-10-13T01:14:46.958+0000] {logging_mixin.py:151} INFO - [2023-10-13T01:14:46.957+0000] {dag.py:3722} INFO - Setting next_dagrun for example_subdag_operator.section-1 to None, run_after=None
[2023-10-13T01:14:46.958+0000] {logging_mixin.py:151} INFO - [2023-10-13T01:14:46.958+0000] {dag.py:3722} INFO - Setting next_dagrun for example_subdag_operator.section-2 to None, run_after=None
[2023-10-13T01:14:46.991+0000] {processor.py:179} INFO - Processing /home/airflow/.local/lib/python3.8/site-packages/airflow/example_dags/example_subdag_operator.py took 0.178 seconds
[2023-10-13T01:15:17.739+0000] {processor.py:157} INFO - Started process (PID=109) to work on /home/airflow/.local/lib/python3.8/site-packages/airflow/example_dags/example_subdag_operator.py
[2023-10-13T01:15:17.740+0000] {processor.py:829} INFO - Processing file /home/airflow/.local/lib/python3.8/site-packages/airflow/example_dags/example_subdag_operator.py for tasks to queue
[2023-10-13T01:15:17.743+0000] {logging_mixin.py:151} INFO - [2023-10-13T01:15:17.742+0000] {dagbag.py:536} INFO - Filling up the DagBag from /home/airflow/.local/lib/python3.8/site-packages/airflow/example_dags/example_subdag_operator.py
[2023-10-13T01:15:17.774+0000] {processor.py:839} INFO - DAG(s) dict_keys(['example_subdag_operator.section-1', 'example_subdag_operator.section-2', 'example_subdag_operator']) retrieved from /home/airflow/.local/lib/python3.8/site-packages/airflow/example_dags/example_subdag_operator.py
[2023-10-13T01:15:17.796+0000] {logging_mixin.py:151} INFO - [2023-10-13T01:15:17.795+0000] {dag.py:2941} INFO - Sync 3 DAGs
[2023-10-13T01:15:17.825+0000] {logging_mixin.py:151} INFO - [2023-10-13T01:15:17.825+0000] {dag.py:3722} INFO - Setting next_dagrun for example_subdag_operator to 2022-01-01T00:00:00+00:00, run_after=2022-01-01T00:00:00+00:00
[2023-10-13T01:15:17.830+0000] {logging_mixin.py:151} INFO - [2023-10-13T01:15:17.830+0000] {dag.py:3722} INFO - Setting next_dagrun for example_subdag_operator.section-1 to None, run_after=None
[2023-10-13T01:15:17.833+0000] {logging_mixin.py:151} INFO - [2023-10-13T01:15:17.832+0000] {dag.py:3722} INFO - Setting next_dagrun for example_subdag_operator.section-2 to None, run_after=None
[2023-10-13T01:15:17.843+0000] {logging_mixin.py:151} INFO - [2023-10-13T01:15:17.843+0000] {dag.py:2941} INFO - Sync 2 DAGs
[2023-10-13T01:15:17.850+0000] {logging_mixin.py:151} INFO - [2023-10-13T01:15:17.850+0000] {dag.py:3722} INFO - Setting next_dagrun for example_subdag_operator.section-1 to None, run_after=None
[2023-10-13T01:15:17.851+0000] {logging_mixin.py:151} INFO - [2023-10-13T01:15:17.851+0000] {dag.py:3722} INFO - Setting next_dagrun for example_subdag_operator.section-2 to None, run_after=None
[2023-10-13T01:15:17.883+0000] {processor.py:179} INFO - Processing /home/airflow/.local/lib/python3.8/site-packages/airflow/example_dags/example_subdag_operator.py took 0.148 seconds
[2023-10-13T01:15:48.648+0000] {processor.py:157} INFO - Started process (PID=163) to work on /home/airflow/.local/lib/python3.8/site-packages/airflow/example_dags/example_subdag_operator.py
[2023-10-13T01:15:48.649+0000] {processor.py:829} INFO - Processing file /home/airflow/.local/lib/python3.8/site-packages/airflow/example_dags/example_subdag_operator.py for tasks to queue
[2023-10-13T01:15:48.651+0000] {logging_mixin.py:151} INFO - [2023-10-13T01:15:48.651+0000] {dagbag.py:536} INFO - Filling up the DagBag from /home/airflow/.local/lib/python3.8/site-packages/airflow/example_dags/example_subdag_operator.py
[2023-10-13T01:15:48.702+0000] {processor.py:839} INFO - DAG(s) dict_keys(['example_subdag_operator.section-1', 'example_subdag_operator.section-2', 'example_subdag_operator']) retrieved from /home/airflow/.local/lib/python3.8/site-packages/airflow/example_dags/example_subdag_operator.py
[2023-10-13T01:15:48.734+0000] {logging_mixin.py:151} INFO - [2023-10-13T01:15:48.733+0000] {dag.py:2941} INFO - Sync 3 DAGs
[2023-10-13T01:15:48.773+0000] {logging_mixin.py:151} INFO - [2023-10-13T01:15:48.773+0000] {dag.py:3722} INFO - Setting next_dagrun for example_subdag_operator to 2022-01-01T00:00:00+00:00, run_after=2022-01-01T00:00:00+00:00
[2023-10-13T01:15:48.780+0000] {logging_mixin.py:151} INFO - [2023-10-13T01:15:48.779+0000] {dag.py:3722} INFO - Setting next_dagrun for example_subdag_operator.section-1 to None, run_after=None
[2023-10-13T01:15:48.782+0000] {logging_mixin.py:151} INFO - [2023-10-13T01:15:48.782+0000] {dag.py:3722} INFO - Setting next_dagrun for example_subdag_operator.section-2 to None, run_after=None
[2023-10-13T01:15:48.795+0000] {logging_mixin.py:151} INFO - [2023-10-13T01:15:48.795+0000] {dag.py:2941} INFO - Sync 2 DAGs
[2023-10-13T01:15:48.808+0000] {logging_mixin.py:151} INFO - [2023-10-13T01:15:48.807+0000] {dag.py:3722} INFO - Setting next_dagrun for example_subdag_operator.section-1 to None, run_after=None
[2023-10-13T01:15:48.809+0000] {logging_mixin.py:151} INFO - [2023-10-13T01:15:48.809+0000] {dag.py:3722} INFO - Setting next_dagrun for example_subdag_operator.section-2 to None, run_after=None
[2023-10-13T01:15:48.844+0000] {processor.py:179} INFO - Processing /home/airflow/.local/lib/python3.8/site-packages/airflow/example_dags/example_subdag_operator.py took 0.201 seconds
[2023-10-13T01:16:19.202+0000] {processor.py:157} INFO - Started process (PID=217) to work on /home/airflow/.local/lib/python3.8/site-packages/airflow/example_dags/example_subdag_operator.py
[2023-10-13T01:16:19.209+0000] {processor.py:829} INFO - Processing file /home/airflow/.local/lib/python3.8/site-packages/airflow/example_dags/example_subdag_operator.py for tasks to queue
[2023-10-13T01:16:19.212+0000] {logging_mixin.py:151} INFO - [2023-10-13T01:16:19.211+0000] {dagbag.py:536} INFO - Filling up the DagBag from /home/airflow/.local/lib/python3.8/site-packages/airflow/example_dags/example_subdag_operator.py
[2023-10-13T01:16:19.271+0000] {processor.py:839} INFO - DAG(s) dict_keys(['example_subdag_operator.section-1', 'example_subdag_operator.section-2', 'example_subdag_operator']) retrieved from /home/airflow/.local/lib/python3.8/site-packages/airflow/example_dags/example_subdag_operator.py
[2023-10-13T01:16:19.312+0000] {logging_mixin.py:151} INFO - [2023-10-13T01:16:19.312+0000] {dag.py:2941} INFO - Sync 3 DAGs
[2023-10-13T01:16:19.372+0000] {logging_mixin.py:151} INFO - [2023-10-13T01:16:19.372+0000] {dag.py:3722} INFO - Setting next_dagrun for example_subdag_operator to 2022-01-01T00:00:00+00:00, run_after=2022-01-01T00:00:00+00:00
[2023-10-13T01:16:19.392+0000] {logging_mixin.py:151} INFO - [2023-10-13T01:16:19.392+0000] {dag.py:3722} INFO - Setting next_dagrun for example_subdag_operator.section-1 to None, run_after=None
[2023-10-13T01:16:19.395+0000] {logging_mixin.py:151} INFO - [2023-10-13T01:16:19.394+0000] {dag.py:3722} INFO - Setting next_dagrun for example_subdag_operator.section-2 to None, run_after=None
[2023-10-13T01:16:19.430+0000] {logging_mixin.py:151} INFO - [2023-10-13T01:16:19.429+0000] {dag.py:2941} INFO - Sync 2 DAGs
[2023-10-13T01:16:19.458+0000] {logging_mixin.py:151} INFO - [2023-10-13T01:16:19.458+0000] {dag.py:3722} INFO - Setting next_dagrun for example_subdag_operator.section-1 to None, run_after=None
[2023-10-13T01:16:19.459+0000] {logging_mixin.py:151} INFO - [2023-10-13T01:16:19.458+0000] {dag.py:3722} INFO - Setting next_dagrun for example_subdag_operator.section-2 to None, run_after=None
[2023-10-13T01:16:19.741+0000] {processor.py:179} INFO - Processing /home/airflow/.local/lib/python3.8/site-packages/airflow/example_dags/example_subdag_operator.py took 0.545 seconds
[2023-10-13T01:16:50.638+0000] {processor.py:157} INFO - Started process (PID=273) to work on /home/airflow/.local/lib/python3.8/site-packages/airflow/example_dags/example_subdag_operator.py
[2023-10-13T01:16:50.640+0000] {processor.py:829} INFO - Processing file /home/airflow/.local/lib/python3.8/site-packages/airflow/example_dags/example_subdag_operator.py for tasks to queue
[2023-10-13T01:16:50.643+0000] {logging_mixin.py:151} INFO - [2023-10-13T01:16:50.643+0000] {dagbag.py:536} INFO - Filling up the DagBag from /home/airflow/.local/lib/python3.8/site-packages/airflow/example_dags/example_subdag_operator.py
[2023-10-13T01:16:50.707+0000] {processor.py:839} INFO - DAG(s) dict_keys(['example_subdag_operator.section-1', 'example_subdag_operator.section-2', 'example_subdag_operator']) retrieved from /home/airflow/.local/lib/python3.8/site-packages/airflow/example_dags/example_subdag_operator.py
[2023-10-13T01:16:50.743+0000] {logging_mixin.py:151} INFO - [2023-10-13T01:16:50.743+0000] {dag.py:2941} INFO - Sync 3 DAGs
[2023-10-13T01:16:50.793+0000] {logging_mixin.py:151} INFO - [2023-10-13T01:16:50.793+0000] {dag.py:3722} INFO - Setting next_dagrun for example_subdag_operator to 2022-01-01T00:00:00+00:00, run_after=2022-01-01T00:00:00+00:00
[2023-10-13T01:16:50.799+0000] {logging_mixin.py:151} INFO - [2023-10-13T01:16:50.799+0000] {dag.py:3722} INFO - Setting next_dagrun for example_subdag_operator.section-1 to None, run_after=None
[2023-10-13T01:16:50.801+0000] {logging_mixin.py:151} INFO - [2023-10-13T01:16:50.801+0000] {dag.py:3722} INFO - Setting next_dagrun for example_subdag_operator.section-2 to None, run_after=None
[2023-10-13T01:16:50.812+0000] {logging_mixin.py:151} INFO - [2023-10-13T01:16:50.811+0000] {dag.py:2941} INFO - Sync 2 DAGs
[2023-10-13T01:16:50.828+0000] {logging_mixin.py:151} INFO - [2023-10-13T01:16:50.822+0000] {dag.py:3722} INFO - Setting next_dagrun for example_subdag_operator.section-1 to None, run_after=None
[2023-10-13T01:16:50.829+0000] {logging_mixin.py:151} INFO - [2023-10-13T01:16:50.829+0000] {dag.py:3722} INFO - Setting next_dagrun for example_subdag_operator.section-2 to None, run_after=None
[2023-10-13T01:16:50.866+0000] {processor.py:179} INFO - Processing /home/airflow/.local/lib/python3.8/site-packages/airflow/example_dags/example_subdag_operator.py took 0.233 seconds
[2023-10-13T01:17:21.505+0000] {processor.py:157} INFO - Started process (PID=327) to work on /home/airflow/.local/lib/python3.8/site-packages/airflow/example_dags/example_subdag_operator.py
[2023-10-13T01:17:21.516+0000] {processor.py:829} INFO - Processing file /home/airflow/.local/lib/python3.8/site-packages/airflow/example_dags/example_subdag_operator.py for tasks to queue
[2023-10-13T01:17:21.519+0000] {logging_mixin.py:151} INFO - [2023-10-13T01:17:21.519+0000] {dagbag.py:536} INFO - Filling up the DagBag from /home/airflow/.local/lib/python3.8/site-packages/airflow/example_dags/example_subdag_operator.py
[2023-10-13T01:17:21.557+0000] {processor.py:839} INFO - DAG(s) dict_keys(['example_subdag_operator.section-1', 'example_subdag_operator.section-2', 'example_subdag_operator']) retrieved from /home/airflow/.local/lib/python3.8/site-packages/airflow/example_dags/example_subdag_operator.py
[2023-10-13T01:17:21.584+0000] {logging_mixin.py:151} INFO - [2023-10-13T01:17:21.584+0000] {dag.py:2941} INFO - Sync 3 DAGs
[2023-10-13T01:17:21.622+0000] {logging_mixin.py:151} INFO - [2023-10-13T01:17:21.622+0000] {dag.py:3722} INFO - Setting next_dagrun for example_subdag_operator to 2022-01-01T00:00:00+00:00, run_after=2022-01-01T00:00:00+00:00
[2023-10-13T01:17:21.631+0000] {logging_mixin.py:151} INFO - [2023-10-13T01:17:21.630+0000] {dag.py:3722} INFO - Setting next_dagrun for example_subdag_operator.section-1 to None, run_after=None
[2023-10-13T01:17:21.634+0000] {logging_mixin.py:151} INFO - [2023-10-13T01:17:21.633+0000] {dag.py:3722} INFO - Setting next_dagrun for example_subdag_operator.section-2 to None, run_after=None
[2023-10-13T01:17:21.645+0000] {logging_mixin.py:151} INFO - [2023-10-13T01:17:21.645+0000] {dag.py:2941} INFO - Sync 2 DAGs
[2023-10-13T01:17:21.652+0000] {logging_mixin.py:151} INFO - [2023-10-13T01:17:21.652+0000] {dag.py:3722} INFO - Setting next_dagrun for example_subdag_operator.section-1 to None, run_after=None
[2023-10-13T01:17:21.652+0000] {logging_mixin.py:151} INFO - [2023-10-13T01:17:21.652+0000] {dag.py:3722} INFO - Setting next_dagrun for example_subdag_operator.section-2 to None, run_after=None
[2023-10-13T01:17:21.671+0000] {processor.py:179} INFO - Processing /home/airflow/.local/lib/python3.8/site-packages/airflow/example_dags/example_subdag_operator.py took 0.171 seconds
[2023-10-13T01:17:52.298+0000] {processor.py:157} INFO - Started process (PID=383) to work on /home/airflow/.local/lib/python3.8/site-packages/airflow/example_dags/example_subdag_operator.py
[2023-10-13T01:17:52.299+0000] {processor.py:829} INFO - Processing file /home/airflow/.local/lib/python3.8/site-packages/airflow/example_dags/example_subdag_operator.py for tasks to queue
[2023-10-13T01:17:52.304+0000] {logging_mixin.py:151} INFO - [2023-10-13T01:17:52.304+0000] {dagbag.py:536} INFO - Filling up the DagBag from /home/airflow/.local/lib/python3.8/site-packages/airflow/example_dags/example_subdag_operator.py
[2023-10-13T01:17:52.340+0000] {processor.py:839} INFO - DAG(s) dict_keys(['example_subdag_operator.section-1', 'example_subdag_operator.section-2', 'example_subdag_operator']) retrieved from /home/airflow/.local/lib/python3.8/site-packages/airflow/example_dags/example_subdag_operator.py
[2023-10-13T01:17:52.361+0000] {logging_mixin.py:151} INFO - [2023-10-13T01:17:52.361+0000] {dag.py:2941} INFO - Sync 3 DAGs
[2023-10-13T01:17:52.388+0000] {logging_mixin.py:151} INFO - [2023-10-13T01:17:52.388+0000] {dag.py:3722} INFO - Setting next_dagrun for example_subdag_operator to 2022-01-01T00:00:00+00:00, run_after=2022-01-01T00:00:00+00:00
[2023-10-13T01:17:52.393+0000] {logging_mixin.py:151} INFO - [2023-10-13T01:17:52.393+0000] {dag.py:3722} INFO - Setting next_dagrun for example_subdag_operator.section-1 to None, run_after=None
[2023-10-13T01:17:52.395+0000] {logging_mixin.py:151} INFO - [2023-10-13T01:17:52.395+0000] {dag.py:3722} INFO - Setting next_dagrun for example_subdag_operator.section-2 to None, run_after=None
[2023-10-13T01:17:52.405+0000] {logging_mixin.py:151} INFO - [2023-10-13T01:17:52.405+0000] {dag.py:2941} INFO - Sync 2 DAGs
[2023-10-13T01:17:52.414+0000] {logging_mixin.py:151} INFO - [2023-10-13T01:17:52.414+0000] {dag.py:3722} INFO - Setting next_dagrun for example_subdag_operator.section-1 to None, run_after=None
[2023-10-13T01:17:52.415+0000] {logging_mixin.py:151} INFO - [2023-10-13T01:17:52.415+0000] {dag.py:3722} INFO - Setting next_dagrun for example_subdag_operator.section-2 to None, run_after=None
[2023-10-13T01:17:52.442+0000] {processor.py:179} INFO - Processing /home/airflow/.local/lib/python3.8/site-packages/airflow/example_dags/example_subdag_operator.py took 0.150 seconds
[2023-10-13T01:18:22.605+0000] {processor.py:157} INFO - Started process (PID=438) to work on /home/airflow/.local/lib/python3.8/site-packages/airflow/example_dags/example_subdag_operator.py
[2023-10-13T01:18:22.616+0000] {processor.py:829} INFO - Processing file /home/airflow/.local/lib/python3.8/site-packages/airflow/example_dags/example_subdag_operator.py for tasks to queue
[2023-10-13T01:18:22.618+0000] {logging_mixin.py:151} INFO - [2023-10-13T01:18:22.618+0000] {dagbag.py:536} INFO - Filling up the DagBag from /home/airflow/.local/lib/python3.8/site-packages/airflow/example_dags/example_subdag_operator.py
[2023-10-13T01:18:22.654+0000] {processor.py:839} INFO - DAG(s) dict_keys(['example_subdag_operator.section-1', 'example_subdag_operator.section-2', 'example_subdag_operator']) retrieved from /home/airflow/.local/lib/python3.8/site-packages/airflow/example_dags/example_subdag_operator.py
[2023-10-13T01:18:22.671+0000] {logging_mixin.py:151} INFO - [2023-10-13T01:18:22.671+0000] {dag.py:2941} INFO - Sync 3 DAGs
[2023-10-13T01:18:22.697+0000] {logging_mixin.py:151} INFO - [2023-10-13T01:18:22.696+0000] {dag.py:3722} INFO - Setting next_dagrun for example_subdag_operator to 2022-01-01T00:00:00+00:00, run_after=2022-01-01T00:00:00+00:00
[2023-10-13T01:18:22.701+0000] {logging_mixin.py:151} INFO - [2023-10-13T01:18:22.701+0000] {dag.py:3722} INFO - Setting next_dagrun for example_subdag_operator.section-1 to None, run_after=None
[2023-10-13T01:18:22.703+0000] {logging_mixin.py:151} INFO - [2023-10-13T01:18:22.703+0000] {dag.py:3722} INFO - Setting next_dagrun for example_subdag_operator.section-2 to None, run_after=None
[2023-10-13T01:18:22.716+0000] {logging_mixin.py:151} INFO - [2023-10-13T01:18:22.715+0000] {dag.py:2941} INFO - Sync 2 DAGs
[2023-10-13T01:18:22.730+0000] {logging_mixin.py:151} INFO - [2023-10-13T01:18:22.730+0000] {dag.py:3722} INFO - Setting next_dagrun for example_subdag_operator.section-1 to None, run_after=None
[2023-10-13T01:18:22.731+0000] {logging_mixin.py:151} INFO - [2023-10-13T01:18:22.731+0000] {dag.py:3722} INFO - Setting next_dagrun for example_subdag_operator.section-2 to None, run_after=None
[2023-10-13T01:18:22.755+0000] {processor.py:179} INFO - Processing /home/airflow/.local/lib/python3.8/site-packages/airflow/example_dags/example_subdag_operator.py took 0.158 seconds
[2023-10-13T01:18:53.471+0000] {processor.py:157} INFO - Started process (PID=493) to work on /home/airflow/.local/lib/python3.8/site-packages/airflow/example_dags/example_subdag_operator.py
[2023-10-13T01:18:53.484+0000] {processor.py:829} INFO - Processing file /home/airflow/.local/lib/python3.8/site-packages/airflow/example_dags/example_subdag_operator.py for tasks to queue
[2023-10-13T01:18:53.486+0000] {logging_mixin.py:151} INFO - [2023-10-13T01:18:53.486+0000] {dagbag.py:536} INFO - Filling up the DagBag from /home/airflow/.local/lib/python3.8/site-packages/airflow/example_dags/example_subdag_operator.py
[2023-10-13T01:18:53.519+0000] {processor.py:839} INFO - DAG(s) dict_keys(['example_subdag_operator.section-1', 'example_subdag_operator.section-2', 'example_subdag_operator']) retrieved from /home/airflow/.local/lib/python3.8/site-packages/airflow/example_dags/example_subdag_operator.py
[2023-10-13T01:18:53.542+0000] {logging_mixin.py:151} INFO - [2023-10-13T01:18:53.542+0000] {dag.py:2941} INFO - Sync 3 DAGs
[2023-10-13T01:18:53.583+0000] {logging_mixin.py:151} INFO - [2023-10-13T01:18:53.582+0000] {dag.py:3722} INFO - Setting next_dagrun for example_subdag_operator to 2022-01-01T00:00:00+00:00, run_after=2022-01-01T00:00:00+00:00
[2023-10-13T01:18:53.595+0000] {logging_mixin.py:151} INFO - [2023-10-13T01:18:53.594+0000] {dag.py:3722} INFO - Setting next_dagrun for example_subdag_operator.section-1 to None, run_after=None
[2023-10-13T01:18:53.597+0000] {logging_mixin.py:151} INFO - [2023-10-13T01:18:53.597+0000] {dag.py:3722} INFO - Setting next_dagrun for example_subdag_operator.section-2 to None, run_after=None
[2023-10-13T01:18:53.612+0000] {logging_mixin.py:151} INFO - [2023-10-13T01:18:53.611+0000] {dag.py:2941} INFO - Sync 2 DAGs
[2023-10-13T01:18:53.624+0000] {logging_mixin.py:151} INFO - [2023-10-13T01:18:53.623+0000] {dag.py:3722} INFO - Setting next_dagrun for example_subdag_operator.section-1 to None, run_after=None
[2023-10-13T01:18:53.624+0000] {logging_mixin.py:151} INFO - [2023-10-13T01:18:53.624+0000] {dag.py:3722} INFO - Setting next_dagrun for example_subdag_operator.section-2 to None, run_after=None
[2023-10-13T01:18:53.643+0000] {processor.py:179} INFO - Processing /home/airflow/.local/lib/python3.8/site-packages/airflow/example_dags/example_subdag_operator.py took 0.175 seconds
[2023-10-13T01:19:24.408+0000] {processor.py:157} INFO - Started process (PID=548) to work on /home/airflow/.local/lib/python3.8/site-packages/airflow/example_dags/example_subdag_operator.py
[2023-10-13T01:19:24.418+0000] {processor.py:829} INFO - Processing file /home/airflow/.local/lib/python3.8/site-packages/airflow/example_dags/example_subdag_operator.py for tasks to queue
[2023-10-13T01:19:24.423+0000] {logging_mixin.py:151} INFO - [2023-10-13T01:19:24.422+0000] {dagbag.py:536} INFO - Filling up the DagBag from /home/airflow/.local/lib/python3.8/site-packages/airflow/example_dags/example_subdag_operator.py
[2023-10-13T01:19:24.488+0000] {processor.py:839} INFO - DAG(s) dict_keys(['example_subdag_operator.section-1', 'example_subdag_operator.section-2', 'example_subdag_operator']) retrieved from /home/airflow/.local/lib/python3.8/site-packages/airflow/example_dags/example_subdag_operator.py
[2023-10-13T01:19:24.549+0000] {logging_mixin.py:151} INFO - [2023-10-13T01:19:24.548+0000] {dag.py:2941} INFO - Sync 3 DAGs
[2023-10-13T01:19:24.604+0000] {logging_mixin.py:151} INFO - [2023-10-13T01:19:24.604+0000] {dag.py:3722} INFO - Setting next_dagrun for example_subdag_operator to 2022-01-01T00:00:00+00:00, run_after=2022-01-01T00:00:00+00:00
[2023-10-13T01:19:24.609+0000] {logging_mixin.py:151} INFO - [2023-10-13T01:19:24.608+0000] {dag.py:3722} INFO - Setting next_dagrun for example_subdag_operator.section-1 to None, run_after=None
[2023-10-13T01:19:24.611+0000] {logging_mixin.py:151} INFO - [2023-10-13T01:19:24.610+0000] {dag.py:3722} INFO - Setting next_dagrun for example_subdag_operator.section-2 to None, run_after=None
[2023-10-13T01:19:24.621+0000] {logging_mixin.py:151} INFO - [2023-10-13T01:19:24.620+0000] {dag.py:2941} INFO - Sync 2 DAGs
[2023-10-13T01:19:24.628+0000] {logging_mixin.py:151} INFO - [2023-10-13T01:19:24.628+0000] {dag.py:3722} INFO - Setting next_dagrun for example_subdag_operator.section-1 to None, run_after=None
[2023-10-13T01:19:24.629+0000] {logging_mixin.py:151} INFO - [2023-10-13T01:19:24.629+0000] {dag.py:3722} INFO - Setting next_dagrun for example_subdag_operator.section-2 to None, run_after=None
[2023-10-13T01:19:24.661+0000] {processor.py:179} INFO - Processing /home/airflow/.local/lib/python3.8/site-packages/airflow/example_dags/example_subdag_operator.py took 0.257 seconds
[2023-10-13T01:19:54.780+0000] {processor.py:157} INFO - Started process (PID=604) to work on /home/airflow/.local/lib/python3.8/site-packages/airflow/example_dags/example_subdag_operator.py
[2023-10-13T01:19:54.799+0000] {processor.py:829} INFO - Processing file /home/airflow/.local/lib/python3.8/site-packages/airflow/example_dags/example_subdag_operator.py for tasks to queue
[2023-10-13T01:19:54.801+0000] {logging_mixin.py:151} INFO - [2023-10-13T01:19:54.801+0000] {dagbag.py:536} INFO - Filling up the DagBag from /home/airflow/.local/lib/python3.8/site-packages/airflow/example_dags/example_subdag_operator.py
[2023-10-13T01:19:54.835+0000] {processor.py:839} INFO - DAG(s) dict_keys(['example_subdag_operator.section-1', 'example_subdag_operator.section-2', 'example_subdag_operator']) retrieved from /home/airflow/.local/lib/python3.8/site-packages/airflow/example_dags/example_subdag_operator.py
[2023-10-13T01:19:54.852+0000] {logging_mixin.py:151} INFO - [2023-10-13T01:19:54.852+0000] {dag.py:2941} INFO - Sync 3 DAGs
[2023-10-13T01:19:54.877+0000] {logging_mixin.py:151} INFO - [2023-10-13T01:19:54.877+0000] {dag.py:3722} INFO - Setting next_dagrun for example_subdag_operator to 2022-01-01T00:00:00+00:00, run_after=2022-01-01T00:00:00+00:00
[2023-10-13T01:19:54.882+0000] {logging_mixin.py:151} INFO - [2023-10-13T01:19:54.882+0000] {dag.py:3722} INFO - Setting next_dagrun for example_subdag_operator.section-1 to None, run_after=None
[2023-10-13T01:19:54.883+0000] {logging_mixin.py:151} INFO - [2023-10-13T01:19:54.883+0000] {dag.py:3722} INFO - Setting next_dagrun for example_subdag_operator.section-2 to None, run_after=None
[2023-10-13T01:19:54.891+0000] {logging_mixin.py:151} INFO - [2023-10-13T01:19:54.891+0000] {dag.py:2941} INFO - Sync 2 DAGs
[2023-10-13T01:19:54.897+0000] {logging_mixin.py:151} INFO - [2023-10-13T01:19:54.897+0000] {dag.py:3722} INFO - Setting next_dagrun for example_subdag_operator.section-1 to None, run_after=None
[2023-10-13T01:19:54.897+0000] {logging_mixin.py:151} INFO - [2023-10-13T01:19:54.897+0000] {dag.py:3722} INFO - Setting next_dagrun for example_subdag_operator.section-2 to None, run_after=None
[2023-10-13T01:19:54.917+0000] {processor.py:179} INFO - Processing /home/airflow/.local/lib/python3.8/site-packages/airflow/example_dags/example_subdag_operator.py took 0.140 seconds
[2023-10-13T01:20:25.642+0000] {processor.py:157} INFO - Started process (PID=658) to work on /home/airflow/.local/lib/python3.8/site-packages/airflow/example_dags/example_subdag_operator.py
[2023-10-13T01:20:25.716+0000] {processor.py:829} INFO - Processing file /home/airflow/.local/lib/python3.8/site-packages/airflow/example_dags/example_subdag_operator.py for tasks to queue
[2023-10-13T01:20:25.725+0000] {logging_mixin.py:151} INFO - [2023-10-13T01:20:25.722+0000] {dagbag.py:536} INFO - Filling up the DagBag from /home/airflow/.local/lib/python3.8/site-packages/airflow/example_dags/example_subdag_operator.py
[2023-10-13T01:20:25.783+0000] {processor.py:839} INFO - DAG(s) dict_keys(['example_subdag_operator.section-1', 'example_subdag_operator.section-2', 'example_subdag_operator']) retrieved from /home/airflow/.local/lib/python3.8/site-packages/airflow/example_dags/example_subdag_operator.py
[2023-10-13T01:20:25.817+0000] {logging_mixin.py:151} INFO - [2023-10-13T01:20:25.817+0000] {dag.py:2941} INFO - Sync 3 DAGs
[2023-10-13T01:20:25.871+0000] {logging_mixin.py:151} INFO - [2023-10-13T01:20:25.871+0000] {dag.py:3722} INFO - Setting next_dagrun for example_subdag_operator to 2022-01-01T00:00:00+00:00, run_after=2022-01-01T00:00:00+00:00
[2023-10-13T01:20:25.881+0000] {logging_mixin.py:151} INFO - [2023-10-13T01:20:25.881+0000] {dag.py:3722} INFO - Setting next_dagrun for example_subdag_operator.section-1 to None, run_after=None
[2023-10-13T01:20:25.888+0000] {logging_mixin.py:151} INFO - [2023-10-13T01:20:25.888+0000] {dag.py:3722} INFO - Setting next_dagrun for example_subdag_operator.section-2 to None, run_after=None
[2023-10-13T01:20:25.904+0000] {logging_mixin.py:151} INFO - [2023-10-13T01:20:25.903+0000] {dag.py:2941} INFO - Sync 2 DAGs
[2023-10-13T01:20:25.917+0000] {logging_mixin.py:151} INFO - [2023-10-13T01:20:25.917+0000] {dag.py:3722} INFO - Setting next_dagrun for example_subdag_operator.section-1 to None, run_after=None
[2023-10-13T01:20:25.918+0000] {logging_mixin.py:151} INFO - [2023-10-13T01:20:25.918+0000] {dag.py:3722} INFO - Setting next_dagrun for example_subdag_operator.section-2 to None, run_after=None
[2023-10-13T01:20:25.951+0000] {processor.py:179} INFO - Processing /home/airflow/.local/lib/python3.8/site-packages/airflow/example_dags/example_subdag_operator.py took 0.318 seconds
[2023-10-13T01:20:56.742+0000] {processor.py:157} INFO - Started process (PID=713) to work on /home/airflow/.local/lib/python3.8/site-packages/airflow/example_dags/example_subdag_operator.py
[2023-10-13T01:20:56.743+0000] {processor.py:829} INFO - Processing file /home/airflow/.local/lib/python3.8/site-packages/airflow/example_dags/example_subdag_operator.py for tasks to queue
[2023-10-13T01:20:56.746+0000] {logging_mixin.py:151} INFO - [2023-10-13T01:20:56.745+0000] {dagbag.py:536} INFO - Filling up the DagBag from /home/airflow/.local/lib/python3.8/site-packages/airflow/example_dags/example_subdag_operator.py
[2023-10-13T01:20:56.785+0000] {processor.py:839} INFO - DAG(s) dict_keys(['example_subdag_operator.section-1', 'example_subdag_operator.section-2', 'example_subdag_operator']) retrieved from /home/airflow/.local/lib/python3.8/site-packages/airflow/example_dags/example_subdag_operator.py
[2023-10-13T01:20:56.807+0000] {logging_mixin.py:151} INFO - [2023-10-13T01:20:56.807+0000] {dag.py:2941} INFO - Sync 3 DAGs
[2023-10-13T01:20:56.832+0000] {logging_mixin.py:151} INFO - [2023-10-13T01:20:56.831+0000] {dag.py:3722} INFO - Setting next_dagrun for example_subdag_operator to 2022-01-01T00:00:00+00:00, run_after=2022-01-01T00:00:00+00:00
[2023-10-13T01:20:56.836+0000] {logging_mixin.py:151} INFO - [2023-10-13T01:20:56.836+0000] {dag.py:3722} INFO - Setting next_dagrun for example_subdag_operator.section-1 to None, run_after=None
[2023-10-13T01:20:56.838+0000] {logging_mixin.py:151} INFO - [2023-10-13T01:20:56.837+0000] {dag.py:3722} INFO - Setting next_dagrun for example_subdag_operator.section-2 to None, run_after=None
[2023-10-13T01:20:56.847+0000] {logging_mixin.py:151} INFO - [2023-10-13T01:20:56.847+0000] {dag.py:2941} INFO - Sync 2 DAGs
[2023-10-13T01:20:56.855+0000] {logging_mixin.py:151} INFO - [2023-10-13T01:20:56.855+0000] {dag.py:3722} INFO - Setting next_dagrun for example_subdag_operator.section-1 to None, run_after=None
[2023-10-13T01:20:56.856+0000] {logging_mixin.py:151} INFO - [2023-10-13T01:20:56.855+0000] {dag.py:3722} INFO - Setting next_dagrun for example_subdag_operator.section-2 to None, run_after=None
[2023-10-13T01:20:56.877+0000] {processor.py:179} INFO - Processing /home/airflow/.local/lib/python3.8/site-packages/airflow/example_dags/example_subdag_operator.py took 0.141 seconds
[2023-10-13T01:21:27.821+0000] {processor.py:157} INFO - Started process (PID=769) to work on /home/airflow/.local/lib/python3.8/site-packages/airflow/example_dags/example_subdag_operator.py
[2023-10-13T01:21:27.899+0000] {processor.py:829} INFO - Processing file /home/airflow/.local/lib/python3.8/site-packages/airflow/example_dags/example_subdag_operator.py for tasks to queue
[2023-10-13T01:21:27.902+0000] {logging_mixin.py:151} INFO - [2023-10-13T01:21:27.901+0000] {dagbag.py:536} INFO - Filling up the DagBag from /home/airflow/.local/lib/python3.8/site-packages/airflow/example_dags/example_subdag_operator.py
[2023-10-13T01:21:27.942+0000] {processor.py:839} INFO - DAG(s) dict_keys(['example_subdag_operator.section-1', 'example_subdag_operator.section-2', 'example_subdag_operator']) retrieved from /home/airflow/.local/lib/python3.8/site-packages/airflow/example_dags/example_subdag_operator.py
[2023-10-13T01:21:27.985+0000] {logging_mixin.py:151} INFO - [2023-10-13T01:21:27.985+0000] {dag.py:2941} INFO - Sync 3 DAGs
[2023-10-13T01:21:28.042+0000] {logging_mixin.py:151} INFO - [2023-10-13T01:21:28.041+0000] {dag.py:3722} INFO - Setting next_dagrun for example_subdag_operator to 2022-01-01T00:00:00+00:00, run_after=2022-01-01T00:00:00+00:00
[2023-10-13T01:21:28.052+0000] {logging_mixin.py:151} INFO - [2023-10-13T01:21:28.051+0000] {dag.py:3722} INFO - Setting next_dagrun for example_subdag_operator.section-1 to None, run_after=None
[2023-10-13T01:21:28.057+0000] {logging_mixin.py:151} INFO - [2023-10-13T01:21:28.057+0000] {dag.py:3722} INFO - Setting next_dagrun for example_subdag_operator.section-2 to None, run_after=None
[2023-10-13T01:21:28.080+0000] {logging_mixin.py:151} INFO - [2023-10-13T01:21:28.080+0000] {dag.py:2941} INFO - Sync 2 DAGs
[2023-10-13T01:21:28.094+0000] {logging_mixin.py:151} INFO - [2023-10-13T01:21:28.094+0000] {dag.py:3722} INFO - Setting next_dagrun for example_subdag_operator.section-1 to None, run_after=None
[2023-10-13T01:21:28.095+0000] {logging_mixin.py:151} INFO - [2023-10-13T01:21:28.095+0000] {dag.py:3722} INFO - Setting next_dagrun for example_subdag_operator.section-2 to None, run_after=None
[2023-10-13T01:21:28.165+0000] {processor.py:179} INFO - Processing /home/airflow/.local/lib/python3.8/site-packages/airflow/example_dags/example_subdag_operator.py took 0.350 seconds
[2023-10-13T01:21:58.692+0000] {processor.py:157} INFO - Started process (PID=825) to work on /home/airflow/.local/lib/python3.8/site-packages/airflow/example_dags/example_subdag_operator.py
[2023-10-13T01:21:58.694+0000] {processor.py:829} INFO - Processing file /home/airflow/.local/lib/python3.8/site-packages/airflow/example_dags/example_subdag_operator.py for tasks to queue
[2023-10-13T01:21:58.698+0000] {logging_mixin.py:151} INFO - [2023-10-13T01:21:58.697+0000] {dagbag.py:536} INFO - Filling up the DagBag from /home/airflow/.local/lib/python3.8/site-packages/airflow/example_dags/example_subdag_operator.py
[2023-10-13T01:21:58.754+0000] {processor.py:839} INFO - DAG(s) dict_keys(['example_subdag_operator.section-1', 'example_subdag_operator.section-2', 'example_subdag_operator']) retrieved from /home/airflow/.local/lib/python3.8/site-packages/airflow/example_dags/example_subdag_operator.py
[2023-10-13T01:21:58.799+0000] {logging_mixin.py:151} INFO - [2023-10-13T01:21:58.799+0000] {dag.py:2941} INFO - Sync 3 DAGs
[2023-10-13T01:21:58.837+0000] {logging_mixin.py:151} INFO - [2023-10-13T01:21:58.836+0000] {dag.py:3722} INFO - Setting next_dagrun for example_subdag_operator to 2022-01-01T00:00:00+00:00, run_after=2022-01-01T00:00:00+00:00
[2023-10-13T01:21:58.844+0000] {logging_mixin.py:151} INFO - [2023-10-13T01:21:58.844+0000] {dag.py:3722} INFO - Setting next_dagrun for example_subdag_operator.section-1 to None, run_after=None
[2023-10-13T01:21:58.847+0000] {logging_mixin.py:151} INFO - [2023-10-13T01:21:58.847+0000] {dag.py:3722} INFO - Setting next_dagrun for example_subdag_operator.section-2 to None, run_after=None
[2023-10-13T01:21:58.857+0000] {logging_mixin.py:151} INFO - [2023-10-13T01:21:58.857+0000] {dag.py:2941} INFO - Sync 2 DAGs
[2023-10-13T01:21:58.866+0000] {logging_mixin.py:151} INFO - [2023-10-13T01:21:58.866+0000] {dag.py:3722} INFO - Setting next_dagrun for example_subdag_operator.section-1 to None, run_after=None
[2023-10-13T01:21:58.867+0000] {logging_mixin.py:151} INFO - [2023-10-13T01:21:58.867+0000] {dag.py:3722} INFO - Setting next_dagrun for example_subdag_operator.section-2 to None, run_after=None
[2023-10-13T01:21:59.260+0000] {processor.py:179} INFO - Processing /home/airflow/.local/lib/python3.8/site-packages/airflow/example_dags/example_subdag_operator.py took 0.575 seconds
[2023-10-13T01:24:41.844+0000] {processor.py:157} INFO - Started process (PID=55) to work on /home/airflow/.local/lib/python3.8/site-packages/airflow/example_dags/example_subdag_operator.py
[2023-10-13T01:24:41.861+0000] {processor.py:829} INFO - Processing file /home/airflow/.local/lib/python3.8/site-packages/airflow/example_dags/example_subdag_operator.py for tasks to queue
[2023-10-13T01:24:41.864+0000] {logging_mixin.py:151} INFO - [2023-10-13T01:24:41.864+0000] {dagbag.py:536} INFO - Filling up the DagBag from /home/airflow/.local/lib/python3.8/site-packages/airflow/example_dags/example_subdag_operator.py
[2023-10-13T01:24:41.942+0000] {processor.py:839} INFO - DAG(s) dict_keys(['example_subdag_operator.section-1', 'example_subdag_operator.section-2', 'example_subdag_operator']) retrieved from /home/airflow/.local/lib/python3.8/site-packages/airflow/example_dags/example_subdag_operator.py
[2023-10-13T01:24:41.981+0000] {logging_mixin.py:151} INFO - [2023-10-13T01:24:41.981+0000] {dag.py:2941} INFO - Sync 3 DAGs
[2023-10-13T01:24:42.051+0000] {logging_mixin.py:151} INFO - [2023-10-13T01:24:42.051+0000] {dag.py:3722} INFO - Setting next_dagrun for example_subdag_operator to 2022-01-01T00:00:00+00:00, run_after=2022-01-01T00:00:00+00:00
[2023-10-13T01:24:42.066+0000] {logging_mixin.py:151} INFO - [2023-10-13T01:24:42.065+0000] {dag.py:3722} INFO - Setting next_dagrun for example_subdag_operator.section-1 to None, run_after=None
[2023-10-13T01:24:42.072+0000] {logging_mixin.py:151} INFO - [2023-10-13T01:24:42.071+0000] {dag.py:3722} INFO - Setting next_dagrun for example_subdag_operator.section-2 to None, run_after=None
[2023-10-13T01:24:42.100+0000] {logging_mixin.py:151} INFO - [2023-10-13T01:24:42.099+0000] {dag.py:2941} INFO - Sync 2 DAGs
[2023-10-13T01:24:42.116+0000] {logging_mixin.py:151} INFO - [2023-10-13T01:24:42.115+0000] {dag.py:3722} INFO - Setting next_dagrun for example_subdag_operator.section-1 to None, run_after=None
[2023-10-13T01:24:42.117+0000] {logging_mixin.py:151} INFO - [2023-10-13T01:24:42.116+0000] {dag.py:3722} INFO - Setting next_dagrun for example_subdag_operator.section-2 to None, run_after=None
[2023-10-13T01:24:42.181+0000] {processor.py:179} INFO - Processing /home/airflow/.local/lib/python3.8/site-packages/airflow/example_dags/example_subdag_operator.py took 0.341 seconds
[2023-10-13T01:25:12.248+0000] {processor.py:157} INFO - Started process (PID=110) to work on /home/airflow/.local/lib/python3.8/site-packages/airflow/example_dags/example_subdag_operator.py
[2023-10-13T01:25:12.265+0000] {processor.py:829} INFO - Processing file /home/airflow/.local/lib/python3.8/site-packages/airflow/example_dags/example_subdag_operator.py for tasks to queue
[2023-10-13T01:25:12.268+0000] {logging_mixin.py:151} INFO - [2023-10-13T01:25:12.268+0000] {dagbag.py:536} INFO - Filling up the DagBag from /home/airflow/.local/lib/python3.8/site-packages/airflow/example_dags/example_subdag_operator.py
[2023-10-13T01:25:12.303+0000] {processor.py:839} INFO - DAG(s) dict_keys(['example_subdag_operator.section-1', 'example_subdag_operator.section-2', 'example_subdag_operator']) retrieved from /home/airflow/.local/lib/python3.8/site-packages/airflow/example_dags/example_subdag_operator.py
[2023-10-13T01:25:12.327+0000] {logging_mixin.py:151} INFO - [2023-10-13T01:25:12.326+0000] {dag.py:2941} INFO - Sync 3 DAGs
[2023-10-13T01:25:12.363+0000] {logging_mixin.py:151} INFO - [2023-10-13T01:25:12.362+0000] {dag.py:3722} INFO - Setting next_dagrun for example_subdag_operator to 2022-01-01T00:00:00+00:00, run_after=2022-01-01T00:00:00+00:00
[2023-10-13T01:25:12.368+0000] {logging_mixin.py:151} INFO - [2023-10-13T01:25:12.368+0000] {dag.py:3722} INFO - Setting next_dagrun for example_subdag_operator.section-1 to None, run_after=None
[2023-10-13T01:25:12.371+0000] {logging_mixin.py:151} INFO - [2023-10-13T01:25:12.371+0000] {dag.py:3722} INFO - Setting next_dagrun for example_subdag_operator.section-2 to None, run_after=None
[2023-10-13T01:25:12.381+0000] {logging_mixin.py:151} INFO - [2023-10-13T01:25:12.381+0000] {dag.py:2941} INFO - Sync 2 DAGs
[2023-10-13T01:25:12.389+0000] {logging_mixin.py:151} INFO - [2023-10-13T01:25:12.389+0000] {dag.py:3722} INFO - Setting next_dagrun for example_subdag_operator.section-1 to None, run_after=None
[2023-10-13T01:25:12.390+0000] {logging_mixin.py:151} INFO - [2023-10-13T01:25:12.390+0000] {dag.py:3722} INFO - Setting next_dagrun for example_subdag_operator.section-2 to None, run_after=None
[2023-10-13T01:25:12.415+0000] {processor.py:179} INFO - Processing /home/airflow/.local/lib/python3.8/site-packages/airflow/example_dags/example_subdag_operator.py took 0.173 seconds
[2023-10-13T01:25:42.653+0000] {processor.py:157} INFO - Started process (PID=165) to work on /home/airflow/.local/lib/python3.8/site-packages/airflow/example_dags/example_subdag_operator.py
[2023-10-13T01:25:42.654+0000] {processor.py:829} INFO - Processing file /home/airflow/.local/lib/python3.8/site-packages/airflow/example_dags/example_subdag_operator.py for tasks to queue
[2023-10-13T01:25:42.656+0000] {logging_mixin.py:151} INFO - [2023-10-13T01:25:42.656+0000] {dagbag.py:536} INFO - Filling up the DagBag from /home/airflow/.local/lib/python3.8/site-packages/airflow/example_dags/example_subdag_operator.py
[2023-10-13T01:25:42.681+0000] {processor.py:839} INFO - DAG(s) dict_keys(['example_subdag_operator.section-1', 'example_subdag_operator.section-2', 'example_subdag_operator']) retrieved from /home/airflow/.local/lib/python3.8/site-packages/airflow/example_dags/example_subdag_operator.py
[2023-10-13T01:25:42.702+0000] {logging_mixin.py:151} INFO - [2023-10-13T01:25:42.701+0000] {dag.py:2941} INFO - Sync 3 DAGs
[2023-10-13T01:25:42.737+0000] {logging_mixin.py:151} INFO - [2023-10-13T01:25:42.737+0000] {dag.py:3722} INFO - Setting next_dagrun for example_subdag_operator to 2022-01-01T00:00:00+00:00, run_after=2022-01-01T00:00:00+00:00
[2023-10-13T01:25:42.742+0000] {logging_mixin.py:151} INFO - [2023-10-13T01:25:42.741+0000] {dag.py:3722} INFO - Setting next_dagrun for example_subdag_operator.section-1 to None, run_after=None
[2023-10-13T01:25:42.744+0000] {logging_mixin.py:151} INFO - [2023-10-13T01:25:42.743+0000] {dag.py:3722} INFO - Setting next_dagrun for example_subdag_operator.section-2 to None, run_after=None
[2023-10-13T01:25:42.760+0000] {logging_mixin.py:151} INFO - [2023-10-13T01:25:42.759+0000] {dag.py:2941} INFO - Sync 2 DAGs
[2023-10-13T01:25:42.769+0000] {logging_mixin.py:151} INFO - [2023-10-13T01:25:42.769+0000] {dag.py:3722} INFO - Setting next_dagrun for example_subdag_operator.section-1 to None, run_after=None
[2023-10-13T01:25:42.770+0000] {logging_mixin.py:151} INFO - [2023-10-13T01:25:42.770+0000] {dag.py:3722} INFO - Setting next_dagrun for example_subdag_operator.section-2 to None, run_after=None
[2023-10-13T01:25:42.812+0000] {processor.py:179} INFO - Processing /home/airflow/.local/lib/python3.8/site-packages/airflow/example_dags/example_subdag_operator.py took 0.166 seconds
[2023-10-13T01:26:12.981+0000] {processor.py:157} INFO - Started process (PID=219) to work on /home/airflow/.local/lib/python3.8/site-packages/airflow/example_dags/example_subdag_operator.py
[2023-10-13T01:26:13.003+0000] {processor.py:829} INFO - Processing file /home/airflow/.local/lib/python3.8/site-packages/airflow/example_dags/example_subdag_operator.py for tasks to queue
[2023-10-13T01:26:13.006+0000] {logging_mixin.py:151} INFO - [2023-10-13T01:26:13.005+0000] {dagbag.py:536} INFO - Filling up the DagBag from /home/airflow/.local/lib/python3.8/site-packages/airflow/example_dags/example_subdag_operator.py
[2023-10-13T01:26:13.034+0000] {processor.py:839} INFO - DAG(s) dict_keys(['example_subdag_operator.section-1', 'example_subdag_operator.section-2', 'example_subdag_operator']) retrieved from /home/airflow/.local/lib/python3.8/site-packages/airflow/example_dags/example_subdag_operator.py
[2023-10-13T01:26:13.058+0000] {logging_mixin.py:151} INFO - [2023-10-13T01:26:13.058+0000] {dag.py:2941} INFO - Sync 3 DAGs
[2023-10-13T01:26:13.085+0000] {logging_mixin.py:151} INFO - [2023-10-13T01:26:13.084+0000] {dag.py:3722} INFO - Setting next_dagrun for example_subdag_operator to 2022-01-01T00:00:00+00:00, run_after=2022-01-01T00:00:00+00:00
[2023-10-13T01:26:13.091+0000] {logging_mixin.py:151} INFO - [2023-10-13T01:26:13.091+0000] {dag.py:3722} INFO - Setting next_dagrun for example_subdag_operator.section-1 to None, run_after=None
[2023-10-13T01:26:13.093+0000] {logging_mixin.py:151} INFO - [2023-10-13T01:26:13.093+0000] {dag.py:3722} INFO - Setting next_dagrun for example_subdag_operator.section-2 to None, run_after=None
[2023-10-13T01:26:13.101+0000] {logging_mixin.py:151} INFO - [2023-10-13T01:26:13.101+0000] {dag.py:2941} INFO - Sync 2 DAGs
[2023-10-13T01:26:13.106+0000] {logging_mixin.py:151} INFO - [2023-10-13T01:26:13.106+0000] {dag.py:3722} INFO - Setting next_dagrun for example_subdag_operator.section-1 to None, run_after=None
[2023-10-13T01:26:13.107+0000] {logging_mixin.py:151} INFO - [2023-10-13T01:26:13.107+0000] {dag.py:3722} INFO - Setting next_dagrun for example_subdag_operator.section-2 to None, run_after=None
[2023-10-13T01:26:13.130+0000] {processor.py:179} INFO - Processing /home/airflow/.local/lib/python3.8/site-packages/airflow/example_dags/example_subdag_operator.py took 0.153 seconds
[2023-10-13T01:26:43.669+0000] {processor.py:157} INFO - Started process (PID=274) to work on /home/airflow/.local/lib/python3.8/site-packages/airflow/example_dags/example_subdag_operator.py
[2023-10-13T01:26:43.670+0000] {processor.py:829} INFO - Processing file /home/airflow/.local/lib/python3.8/site-packages/airflow/example_dags/example_subdag_operator.py for tasks to queue
[2023-10-13T01:26:43.672+0000] {logging_mixin.py:151} INFO - [2023-10-13T01:26:43.672+0000] {dagbag.py:536} INFO - Filling up the DagBag from /home/airflow/.local/lib/python3.8/site-packages/airflow/example_dags/example_subdag_operator.py
[2023-10-13T01:26:43.714+0000] {processor.py:839} INFO - DAG(s) dict_keys(['example_subdag_operator.section-1', 'example_subdag_operator.section-2', 'example_subdag_operator']) retrieved from /home/airflow/.local/lib/python3.8/site-packages/airflow/example_dags/example_subdag_operator.py
[2023-10-13T01:26:43.741+0000] {logging_mixin.py:151} INFO - [2023-10-13T01:26:43.741+0000] {dag.py:2941} INFO - Sync 3 DAGs
[2023-10-13T01:26:43.774+0000] {logging_mixin.py:151} INFO - [2023-10-13T01:26:43.774+0000] {dag.py:3722} INFO - Setting next_dagrun for example_subdag_operator to 2022-01-01T00:00:00+00:00, run_after=2022-01-01T00:00:00+00:00
[2023-10-13T01:26:43.780+0000] {logging_mixin.py:151} INFO - [2023-10-13T01:26:43.779+0000] {dag.py:3722} INFO - Setting next_dagrun for example_subdag_operator.section-1 to None, run_after=None
[2023-10-13T01:26:43.781+0000] {logging_mixin.py:151} INFO - [2023-10-13T01:26:43.781+0000] {dag.py:3722} INFO - Setting next_dagrun for example_subdag_operator.section-2 to None, run_after=None
[2023-10-13T01:26:43.791+0000] {logging_mixin.py:151} INFO - [2023-10-13T01:26:43.791+0000] {dag.py:2941} INFO - Sync 2 DAGs
[2023-10-13T01:26:43.800+0000] {logging_mixin.py:151} INFO - [2023-10-13T01:26:43.800+0000] {dag.py:3722} INFO - Setting next_dagrun for example_subdag_operator.section-1 to None, run_after=None
[2023-10-13T01:26:43.800+0000] {logging_mixin.py:151} INFO - [2023-10-13T01:26:43.800+0000] {dag.py:3722} INFO - Setting next_dagrun for example_subdag_operator.section-2 to None, run_after=None
[2023-10-13T01:26:43.827+0000] {processor.py:179} INFO - Processing /home/airflow/.local/lib/python3.8/site-packages/airflow/example_dags/example_subdag_operator.py took 0.163 seconds
[2023-10-13T01:27:14.751+0000] {processor.py:157} INFO - Started process (PID=329) to work on /home/airflow/.local/lib/python3.8/site-packages/airflow/example_dags/example_subdag_operator.py
[2023-10-13T01:27:14.760+0000] {processor.py:829} INFO - Processing file /home/airflow/.local/lib/python3.8/site-packages/airflow/example_dags/example_subdag_operator.py for tasks to queue
[2023-10-13T01:27:14.763+0000] {logging_mixin.py:151} INFO - [2023-10-13T01:27:14.762+0000] {dagbag.py:536} INFO - Filling up the DagBag from /home/airflow/.local/lib/python3.8/site-packages/airflow/example_dags/example_subdag_operator.py
[2023-10-13T01:27:14.800+0000] {processor.py:839} INFO - DAG(s) dict_keys(['example_subdag_operator.section-1', 'example_subdag_operator.section-2', 'example_subdag_operator']) retrieved from /home/airflow/.local/lib/python3.8/site-packages/airflow/example_dags/example_subdag_operator.py
[2023-10-13T01:27:14.822+0000] {logging_mixin.py:151} INFO - [2023-10-13T01:27:14.821+0000] {dag.py:2941} INFO - Sync 3 DAGs
[2023-10-13T01:27:14.858+0000] {logging_mixin.py:151} INFO - [2023-10-13T01:27:14.858+0000] {dag.py:3722} INFO - Setting next_dagrun for example_subdag_operator to 2022-01-01T00:00:00+00:00, run_after=2022-01-01T00:00:00+00:00
[2023-10-13T01:27:14.862+0000] {logging_mixin.py:151} INFO - [2023-10-13T01:27:14.862+0000] {dag.py:3722} INFO - Setting next_dagrun for example_subdag_operator.section-1 to None, run_after=None
[2023-10-13T01:27:14.864+0000] {logging_mixin.py:151} INFO - [2023-10-13T01:27:14.864+0000] {dag.py:3722} INFO - Setting next_dagrun for example_subdag_operator.section-2 to None, run_after=None
[2023-10-13T01:27:14.873+0000] {logging_mixin.py:151} INFO - [2023-10-13T01:27:14.873+0000] {dag.py:2941} INFO - Sync 2 DAGs
[2023-10-13T01:27:14.884+0000] {logging_mixin.py:151} INFO - [2023-10-13T01:27:14.884+0000] {dag.py:3722} INFO - Setting next_dagrun for example_subdag_operator.section-1 to None, run_after=None
[2023-10-13T01:27:14.884+0000] {logging_mixin.py:151} INFO - [2023-10-13T01:27:14.884+0000] {dag.py:3722} INFO - Setting next_dagrun for example_subdag_operator.section-2 to None, run_after=None
[2023-10-13T01:27:14.923+0000] {processor.py:179} INFO - Processing /home/airflow/.local/lib/python3.8/site-packages/airflow/example_dags/example_subdag_operator.py took 0.176 seconds
[2023-10-13T01:27:45.719+0000] {processor.py:157} INFO - Started process (PID=384) to work on /home/airflow/.local/lib/python3.8/site-packages/airflow/example_dags/example_subdag_operator.py
[2023-10-13T01:27:45.720+0000] {processor.py:829} INFO - Processing file /home/airflow/.local/lib/python3.8/site-packages/airflow/example_dags/example_subdag_operator.py for tasks to queue
[2023-10-13T01:27:45.723+0000] {logging_mixin.py:151} INFO - [2023-10-13T01:27:45.722+0000] {dagbag.py:536} INFO - Filling up the DagBag from /home/airflow/.local/lib/python3.8/site-packages/airflow/example_dags/example_subdag_operator.py
[2023-10-13T01:27:45.756+0000] {processor.py:839} INFO - DAG(s) dict_keys(['example_subdag_operator.section-1', 'example_subdag_operator.section-2', 'example_subdag_operator']) retrieved from /home/airflow/.local/lib/python3.8/site-packages/airflow/example_dags/example_subdag_operator.py
[2023-10-13T01:27:45.782+0000] {logging_mixin.py:151} INFO - [2023-10-13T01:27:45.782+0000] {dag.py:2941} INFO - Sync 3 DAGs
[2023-10-13T01:27:45.870+0000] {logging_mixin.py:151} INFO - [2023-10-13T01:27:45.869+0000] {dag.py:3722} INFO - Setting next_dagrun for example_subdag_operator to 2022-01-01T00:00:00+00:00, run_after=2022-01-01T00:00:00+00:00
[2023-10-13T01:27:45.874+0000] {logging_mixin.py:151} INFO - [2023-10-13T01:27:45.874+0000] {dag.py:3722} INFO - Setting next_dagrun for example_subdag_operator.section-1 to None, run_after=None
[2023-10-13T01:27:45.875+0000] {logging_mixin.py:151} INFO - [2023-10-13T01:27:45.875+0000] {dag.py:3722} INFO - Setting next_dagrun for example_subdag_operator.section-2 to None, run_after=None
[2023-10-13T01:27:45.892+0000] {logging_mixin.py:151} INFO - [2023-10-13T01:27:45.892+0000] {dag.py:2941} INFO - Sync 2 DAGs
[2023-10-13T01:27:45.907+0000] {logging_mixin.py:151} INFO - [2023-10-13T01:27:45.906+0000] {dag.py:3722} INFO - Setting next_dagrun for example_subdag_operator.section-1 to None, run_after=None
[2023-10-13T01:27:45.907+0000] {logging_mixin.py:151} INFO - [2023-10-13T01:27:45.907+0000] {dag.py:3722} INFO - Setting next_dagrun for example_subdag_operator.section-2 to None, run_after=None
[2023-10-13T01:27:45.944+0000] {processor.py:179} INFO - Processing /home/airflow/.local/lib/python3.8/site-packages/airflow/example_dags/example_subdag_operator.py took 0.229 seconds
