[2023-10-13T00:52:47.800+0000] {processor.py:157} INFO - Started process (PID=38) to work on /home/airflow/.local/lib/python3.8/site-packages/airflow/example_dags/example_datasets.py
[2023-10-13T00:52:47.801+0000] {processor.py:829} INFO - Processing file /home/airflow/.local/lib/python3.8/site-packages/airflow/example_dags/example_datasets.py for tasks to queue
[2023-10-13T00:52:47.803+0000] {logging_mixin.py:151} INFO - [2023-10-13T00:52:47.803+0000] {dagbag.py:536} INFO - Filling up the DagBag from /home/airflow/.local/lib/python3.8/site-packages/airflow/example_dags/example_datasets.py
[2023-10-13T00:52:47.820+0000] {processor.py:839} INFO - DAG(s) dict_keys(['dataset_produces_1', 'dataset_consumes_1', 'dataset_consumes_1_never_scheduled', 'dataset_consumes_1_and_2', 'dataset_consumes_unknown_never_scheduled', 'dataset_produces_2']) retrieved from /home/airflow/.local/lib/python3.8/site-packages/airflow/example_dags/example_datasets.py
[2023-10-13T00:52:47.876+0000] {logging_mixin.py:151} INFO - [2023-10-13T00:52:47.876+0000] {dag.py:2941} INFO - Sync 6 DAGs
[2023-10-13T00:52:47.911+0000] {logging_mixin.py:151} INFO - [2023-10-13T00:52:47.911+0000] {dag.py:3722} INFO - Setting next_dagrun for dataset_consumes_1 to None, run_after=None
[2023-10-13T00:52:47.915+0000] {logging_mixin.py:151} INFO - [2023-10-13T00:52:47.915+0000] {dag.py:3722} INFO - Setting next_dagrun for dataset_consumes_1_and_2 to None, run_after=None
[2023-10-13T00:52:47.917+0000] {logging_mixin.py:151} INFO - [2023-10-13T00:52:47.917+0000] {dag.py:3722} INFO - Setting next_dagrun for dataset_consumes_1_never_scheduled to None, run_after=None
[2023-10-13T00:52:47.919+0000] {logging_mixin.py:151} INFO - [2023-10-13T00:52:47.919+0000] {dag.py:3722} INFO - Setting next_dagrun for dataset_consumes_unknown_never_scheduled to None, run_after=None
[2023-10-13T00:52:47.923+0000] {logging_mixin.py:151} INFO - [2023-10-13T00:52:47.923+0000] {dag.py:3722} INFO - Setting next_dagrun for dataset_produces_1 to 2023-10-12T00:00:00+00:00, run_after=2023-10-13T00:00:00+00:00
[2023-10-13T00:52:47.925+0000] {logging_mixin.py:151} INFO - [2023-10-13T00:52:47.925+0000] {dag.py:3722} INFO - Setting next_dagrun for dataset_produces_2 to None, run_after=None
[2023-10-13T00:52:48.125+0000] {processor.py:179} INFO - Processing /home/airflow/.local/lib/python3.8/site-packages/airflow/example_dags/example_datasets.py took 0.330 seconds
[2023-10-13T00:53:18.782+0000] {processor.py:157} INFO - Started process (PID=91) to work on /home/airflow/.local/lib/python3.8/site-packages/airflow/example_dags/example_datasets.py
[2023-10-13T00:53:18.783+0000] {processor.py:829} INFO - Processing file /home/airflow/.local/lib/python3.8/site-packages/airflow/example_dags/example_datasets.py for tasks to queue
[2023-10-13T00:53:18.786+0000] {logging_mixin.py:151} INFO - [2023-10-13T00:53:18.786+0000] {dagbag.py:536} INFO - Filling up the DagBag from /home/airflow/.local/lib/python3.8/site-packages/airflow/example_dags/example_datasets.py
[2023-10-13T00:53:18.797+0000] {processor.py:839} INFO - DAG(s) dict_keys(['dataset_consumes_unknown_never_scheduled', 'dataset_consumes_1_and_2', 'dataset_produces_1', 'dataset_produces_2', 'dataset_consumes_1', 'dataset_consumes_1_never_scheduled']) retrieved from /home/airflow/.local/lib/python3.8/site-packages/airflow/example_dags/example_datasets.py
[2023-10-13T00:53:18.837+0000] {logging_mixin.py:151} INFO - [2023-10-13T00:53:18.837+0000] {dag.py:2941} INFO - Sync 6 DAGs
[2023-10-13T00:53:18.861+0000] {logging_mixin.py:151} INFO - [2023-10-13T00:53:18.860+0000] {dag.py:3722} INFO - Setting next_dagrun for dataset_consumes_1 to None, run_after=None
[2023-10-13T00:53:18.864+0000] {logging_mixin.py:151} INFO - [2023-10-13T00:53:18.864+0000] {dag.py:3722} INFO - Setting next_dagrun for dataset_consumes_1_and_2 to None, run_after=None
[2023-10-13T00:53:18.866+0000] {logging_mixin.py:151} INFO - [2023-10-13T00:53:18.866+0000] {dag.py:3722} INFO - Setting next_dagrun for dataset_consumes_1_never_scheduled to None, run_after=None
[2023-10-13T00:53:18.867+0000] {logging_mixin.py:151} INFO - [2023-10-13T00:53:18.867+0000] {dag.py:3722} INFO - Setting next_dagrun for dataset_consumes_unknown_never_scheduled to None, run_after=None
[2023-10-13T00:53:18.872+0000] {logging_mixin.py:151} INFO - [2023-10-13T00:53:18.871+0000] {dag.py:3722} INFO - Setting next_dagrun for dataset_produces_1 to 2023-10-12T00:00:00+00:00, run_after=2023-10-13T00:00:00+00:00
[2023-10-13T00:53:18.873+0000] {logging_mixin.py:151} INFO - [2023-10-13T00:53:18.873+0000] {dag.py:3722} INFO - Setting next_dagrun for dataset_produces_2 to None, run_after=None
[2023-10-13T00:53:18.949+0000] {processor.py:179} INFO - Processing /home/airflow/.local/lib/python3.8/site-packages/airflow/example_dags/example_datasets.py took 0.171 seconds
[2023-10-13T00:53:49.190+0000] {processor.py:157} INFO - Started process (PID=144) to work on /home/airflow/.local/lib/python3.8/site-packages/airflow/example_dags/example_datasets.py
[2023-10-13T00:53:49.215+0000] {processor.py:829} INFO - Processing file /home/airflow/.local/lib/python3.8/site-packages/airflow/example_dags/example_datasets.py for tasks to queue
[2023-10-13T00:53:49.218+0000] {logging_mixin.py:151} INFO - [2023-10-13T00:53:49.218+0000] {dagbag.py:536} INFO - Filling up the DagBag from /home/airflow/.local/lib/python3.8/site-packages/airflow/example_dags/example_datasets.py
[2023-10-13T00:53:49.251+0000] {processor.py:839} INFO - DAG(s) dict_keys(['dataset_consumes_1_never_scheduled', 'dataset_produces_1', 'dataset_consumes_1', 'dataset_consumes_unknown_never_scheduled', 'dataset_consumes_1_and_2', 'dataset_produces_2']) retrieved from /home/airflow/.local/lib/python3.8/site-packages/airflow/example_dags/example_datasets.py
[2023-10-13T00:53:49.308+0000] {logging_mixin.py:151} INFO - [2023-10-13T00:53:49.307+0000] {dag.py:2941} INFO - Sync 6 DAGs
[2023-10-13T00:53:49.342+0000] {logging_mixin.py:151} INFO - [2023-10-13T00:53:49.342+0000] {dag.py:3722} INFO - Setting next_dagrun for dataset_consumes_1 to None, run_after=None
[2023-10-13T00:53:49.350+0000] {logging_mixin.py:151} INFO - [2023-10-13T00:53:49.350+0000] {dag.py:3722} INFO - Setting next_dagrun for dataset_consumes_1_and_2 to None, run_after=None
[2023-10-13T00:53:49.354+0000] {logging_mixin.py:151} INFO - [2023-10-13T00:53:49.353+0000] {dag.py:3722} INFO - Setting next_dagrun for dataset_consumes_1_never_scheduled to None, run_after=None
[2023-10-13T00:53:49.356+0000] {logging_mixin.py:151} INFO - [2023-10-13T00:53:49.355+0000] {dag.py:3722} INFO - Setting next_dagrun for dataset_consumes_unknown_never_scheduled to None, run_after=None
[2023-10-13T00:53:49.370+0000] {logging_mixin.py:151} INFO - [2023-10-13T00:53:49.370+0000] {dag.py:3722} INFO - Setting next_dagrun for dataset_produces_1 to 2023-10-12T00:00:00+00:00, run_after=2023-10-13T00:00:00+00:00
[2023-10-13T00:53:49.378+0000] {logging_mixin.py:151} INFO - [2023-10-13T00:53:49.378+0000] {dag.py:3722} INFO - Setting next_dagrun for dataset_produces_2 to None, run_after=None
[2023-10-13T00:53:49.482+0000] {processor.py:179} INFO - Processing /home/airflow/.local/lib/python3.8/site-packages/airflow/example_dags/example_datasets.py took 0.297 seconds
[2023-10-13T00:54:19.757+0000] {processor.py:157} INFO - Started process (PID=199) to work on /home/airflow/.local/lib/python3.8/site-packages/airflow/example_dags/example_datasets.py
[2023-10-13T00:54:19.759+0000] {processor.py:829} INFO - Processing file /home/airflow/.local/lib/python3.8/site-packages/airflow/example_dags/example_datasets.py for tasks to queue
[2023-10-13T00:54:19.764+0000] {logging_mixin.py:151} INFO - [2023-10-13T00:54:19.763+0000] {dagbag.py:536} INFO - Filling up the DagBag from /home/airflow/.local/lib/python3.8/site-packages/airflow/example_dags/example_datasets.py
[2023-10-13T00:54:19.791+0000] {processor.py:839} INFO - DAG(s) dict_keys(['dataset_consumes_1_never_scheduled', 'dataset_produces_1', 'dataset_consumes_1', 'dataset_produces_2', 'dataset_consumes_1_and_2', 'dataset_consumes_unknown_never_scheduled']) retrieved from /home/airflow/.local/lib/python3.8/site-packages/airflow/example_dags/example_datasets.py
[2023-10-13T00:54:19.890+0000] {logging_mixin.py:151} INFO - [2023-10-13T00:54:19.890+0000] {dag.py:2941} INFO - Sync 6 DAGs
[2023-10-13T00:54:19.954+0000] {logging_mixin.py:151} INFO - [2023-10-13T00:54:19.954+0000] {dag.py:3722} INFO - Setting next_dagrun for dataset_consumes_1 to None, run_after=None
[2023-10-13T00:54:19.973+0000] {logging_mixin.py:151} INFO - [2023-10-13T00:54:19.973+0000] {dag.py:3722} INFO - Setting next_dagrun for dataset_consumes_1_and_2 to None, run_after=None
[2023-10-13T00:54:19.975+0000] {logging_mixin.py:151} INFO - [2023-10-13T00:54:19.975+0000] {dag.py:3722} INFO - Setting next_dagrun for dataset_consumes_1_never_scheduled to None, run_after=None
[2023-10-13T00:54:19.982+0000] {logging_mixin.py:151} INFO - [2023-10-13T00:54:19.981+0000] {dag.py:3722} INFO - Setting next_dagrun for dataset_consumes_unknown_never_scheduled to None, run_after=None
[2023-10-13T00:54:19.991+0000] {logging_mixin.py:151} INFO - [2023-10-13T00:54:19.991+0000] {dag.py:3722} INFO - Setting next_dagrun for dataset_produces_1 to 2023-10-12T00:00:00+00:00, run_after=2023-10-13T00:00:00+00:00
[2023-10-13T00:54:19.993+0000] {logging_mixin.py:151} INFO - [2023-10-13T00:54:19.993+0000] {dag.py:3722} INFO - Setting next_dagrun for dataset_produces_2 to None, run_after=None
[2023-10-13T00:54:20.139+0000] {processor.py:179} INFO - Processing /home/airflow/.local/lib/python3.8/site-packages/airflow/example_dags/example_datasets.py took 0.389 seconds
[2023-10-13T00:54:50.307+0000] {processor.py:157} INFO - Started process (PID=253) to work on /home/airflow/.local/lib/python3.8/site-packages/airflow/example_dags/example_datasets.py
[2023-10-13T00:54:50.308+0000] {processor.py:829} INFO - Processing file /home/airflow/.local/lib/python3.8/site-packages/airflow/example_dags/example_datasets.py for tasks to queue
[2023-10-13T00:54:50.313+0000] {logging_mixin.py:151} INFO - [2023-10-13T00:54:50.311+0000] {dagbag.py:536} INFO - Filling up the DagBag from /home/airflow/.local/lib/python3.8/site-packages/airflow/example_dags/example_datasets.py
[2023-10-13T00:54:50.330+0000] {processor.py:839} INFO - DAG(s) dict_keys(['dataset_produces_2', 'dataset_consumes_1_never_scheduled', 'dataset_consumes_1_and_2', 'dataset_produces_1', 'dataset_consumes_unknown_never_scheduled', 'dataset_consumes_1']) retrieved from /home/airflow/.local/lib/python3.8/site-packages/airflow/example_dags/example_datasets.py
[2023-10-13T00:54:50.426+0000] {logging_mixin.py:151} INFO - [2023-10-13T00:54:50.426+0000] {dag.py:2941} INFO - Sync 6 DAGs
[2023-10-13T00:54:50.492+0000] {logging_mixin.py:151} INFO - [2023-10-13T00:54:50.492+0000] {dag.py:3722} INFO - Setting next_dagrun for dataset_consumes_1 to None, run_after=None
[2023-10-13T00:54:50.504+0000] {logging_mixin.py:151} INFO - [2023-10-13T00:54:50.503+0000] {dag.py:3722} INFO - Setting next_dagrun for dataset_consumes_1_and_2 to None, run_after=None
[2023-10-13T00:54:50.507+0000] {logging_mixin.py:151} INFO - [2023-10-13T00:54:50.507+0000] {dag.py:3722} INFO - Setting next_dagrun for dataset_consumes_1_never_scheduled to None, run_after=None
[2023-10-13T00:54:50.510+0000] {logging_mixin.py:151} INFO - [2023-10-13T00:54:50.509+0000] {dag.py:3722} INFO - Setting next_dagrun for dataset_consumes_unknown_never_scheduled to None, run_after=None
[2023-10-13T00:54:50.522+0000] {logging_mixin.py:151} INFO - [2023-10-13T00:54:50.521+0000] {dag.py:3722} INFO - Setting next_dagrun for dataset_produces_1 to 2023-10-12T00:00:00+00:00, run_after=2023-10-13T00:00:00+00:00
[2023-10-13T00:54:50.525+0000] {logging_mixin.py:151} INFO - [2023-10-13T00:54:50.525+0000] {dag.py:3722} INFO - Setting next_dagrun for dataset_produces_2 to None, run_after=None
[2023-10-13T00:54:50.649+0000] {processor.py:179} INFO - Processing /home/airflow/.local/lib/python3.8/site-packages/airflow/example_dags/example_datasets.py took 0.350 seconds
[2023-10-13T00:55:21.132+0000] {processor.py:157} INFO - Started process (PID=307) to work on /home/airflow/.local/lib/python3.8/site-packages/airflow/example_dags/example_datasets.py
[2023-10-13T00:55:21.141+0000] {processor.py:829} INFO - Processing file /home/airflow/.local/lib/python3.8/site-packages/airflow/example_dags/example_datasets.py for tasks to queue
[2023-10-13T00:55:21.157+0000] {logging_mixin.py:151} INFO - [2023-10-13T00:55:21.156+0000] {dagbag.py:536} INFO - Filling up the DagBag from /home/airflow/.local/lib/python3.8/site-packages/airflow/example_dags/example_datasets.py
[2023-10-13T00:55:21.181+0000] {processor.py:839} INFO - DAG(s) dict_keys(['dataset_consumes_1_and_2', 'dataset_consumes_unknown_never_scheduled', 'dataset_consumes_1_never_scheduled', 'dataset_consumes_1', 'dataset_produces_1', 'dataset_produces_2']) retrieved from /home/airflow/.local/lib/python3.8/site-packages/airflow/example_dags/example_datasets.py
[2023-10-13T00:55:21.302+0000] {logging_mixin.py:151} INFO - [2023-10-13T00:55:21.302+0000] {dag.py:2941} INFO - Sync 6 DAGs
[2023-10-13T00:55:21.348+0000] {logging_mixin.py:151} INFO - [2023-10-13T00:55:21.348+0000] {dag.py:3722} INFO - Setting next_dagrun for dataset_consumes_1 to None, run_after=None
[2023-10-13T00:55:21.353+0000] {logging_mixin.py:151} INFO - [2023-10-13T00:55:21.352+0000] {dag.py:3722} INFO - Setting next_dagrun for dataset_consumes_1_and_2 to None, run_after=None
[2023-10-13T00:55:21.354+0000] {logging_mixin.py:151} INFO - [2023-10-13T00:55:21.354+0000] {dag.py:3722} INFO - Setting next_dagrun for dataset_consumes_1_never_scheduled to None, run_after=None
[2023-10-13T00:55:21.357+0000] {logging_mixin.py:151} INFO - [2023-10-13T00:55:21.357+0000] {dag.py:3722} INFO - Setting next_dagrun for dataset_consumes_unknown_never_scheduled to None, run_after=None
[2023-10-13T00:55:21.367+0000] {logging_mixin.py:151} INFO - [2023-10-13T00:55:21.367+0000] {dag.py:3722} INFO - Setting next_dagrun for dataset_produces_1 to 2023-10-12T00:00:00+00:00, run_after=2023-10-13T00:00:00+00:00
[2023-10-13T00:55:21.370+0000] {logging_mixin.py:151} INFO - [2023-10-13T00:55:21.369+0000] {dag.py:3722} INFO - Setting next_dagrun for dataset_produces_2 to None, run_after=None
[2023-10-13T00:55:21.536+0000] {processor.py:179} INFO - Processing /home/airflow/.local/lib/python3.8/site-packages/airflow/example_dags/example_datasets.py took 0.409 seconds
[2023-10-13T01:14:44.037+0000] {processor.py:157} INFO - Started process (PID=38) to work on /home/airflow/.local/lib/python3.8/site-packages/airflow/example_dags/example_datasets.py
[2023-10-13T01:14:44.060+0000] {processor.py:829} INFO - Processing file /home/airflow/.local/lib/python3.8/site-packages/airflow/example_dags/example_datasets.py for tasks to queue
[2023-10-13T01:14:44.071+0000] {logging_mixin.py:151} INFO - [2023-10-13T01:14:44.070+0000] {dagbag.py:536} INFO - Filling up the DagBag from /home/airflow/.local/lib/python3.8/site-packages/airflow/example_dags/example_datasets.py
[2023-10-13T01:14:44.166+0000] {processor.py:839} INFO - DAG(s) dict_keys(['dataset_consumes_1_and_2', 'dataset_produces_1', 'dataset_consumes_1', 'dataset_produces_2', 'dataset_consumes_unknown_never_scheduled', 'dataset_consumes_1_never_scheduled']) retrieved from /home/airflow/.local/lib/python3.8/site-packages/airflow/example_dags/example_datasets.py
[2023-10-13T01:14:44.237+0000] {logging_mixin.py:151} INFO - [2023-10-13T01:14:44.237+0000] {dag.py:2941} INFO - Sync 6 DAGs
[2023-10-13T01:14:44.282+0000] {logging_mixin.py:151} INFO - [2023-10-13T01:14:44.281+0000] {dag.py:3722} INFO - Setting next_dagrun for dataset_consumes_1 to None, run_after=None
[2023-10-13T01:14:44.296+0000] {logging_mixin.py:151} INFO - [2023-10-13T01:14:44.296+0000] {dag.py:3722} INFO - Setting next_dagrun for dataset_consumes_1_and_2 to None, run_after=None
[2023-10-13T01:14:44.298+0000] {logging_mixin.py:151} INFO - [2023-10-13T01:14:44.298+0000] {dag.py:3722} INFO - Setting next_dagrun for dataset_consumes_1_never_scheduled to None, run_after=None
[2023-10-13T01:14:44.301+0000] {logging_mixin.py:151} INFO - [2023-10-13T01:14:44.301+0000] {dag.py:3722} INFO - Setting next_dagrun for dataset_consumes_unknown_never_scheduled to None, run_after=None
[2023-10-13T01:14:44.339+0000] {logging_mixin.py:151} INFO - [2023-10-13T01:14:44.339+0000] {dag.py:3722} INFO - Setting next_dagrun for dataset_produces_1 to 2023-10-12T00:00:00+00:00, run_after=2023-10-13T00:00:00+00:00
[2023-10-13T01:14:44.354+0000] {logging_mixin.py:151} INFO - [2023-10-13T01:14:44.354+0000] {dag.py:3722} INFO - Setting next_dagrun for dataset_produces_2 to None, run_after=None
[2023-10-13T01:14:44.616+0000] {processor.py:179} INFO - Processing /home/airflow/.local/lib/python3.8/site-packages/airflow/example_dags/example_datasets.py took 0.594 seconds
[2023-10-13T01:15:15.422+0000] {processor.py:157} INFO - Started process (PID=93) to work on /home/airflow/.local/lib/python3.8/site-packages/airflow/example_dags/example_datasets.py
[2023-10-13T01:15:15.441+0000] {processor.py:829} INFO - Processing file /home/airflow/.local/lib/python3.8/site-packages/airflow/example_dags/example_datasets.py for tasks to queue
[2023-10-13T01:15:15.443+0000] {logging_mixin.py:151} INFO - [2023-10-13T01:15:15.442+0000] {dagbag.py:536} INFO - Filling up the DagBag from /home/airflow/.local/lib/python3.8/site-packages/airflow/example_dags/example_datasets.py
[2023-10-13T01:15:15.452+0000] {processor.py:839} INFO - DAG(s) dict_keys(['dataset_consumes_1_and_2', 'dataset_consumes_1_never_scheduled', 'dataset_consumes_1', 'dataset_produces_1', 'dataset_produces_2', 'dataset_consumes_unknown_never_scheduled']) retrieved from /home/airflow/.local/lib/python3.8/site-packages/airflow/example_dags/example_datasets.py
[2023-10-13T01:15:15.505+0000] {logging_mixin.py:151} INFO - [2023-10-13T01:15:15.504+0000] {dag.py:2941} INFO - Sync 6 DAGs
[2023-10-13T01:15:15.543+0000] {logging_mixin.py:151} INFO - [2023-10-13T01:15:15.543+0000] {dag.py:3722} INFO - Setting next_dagrun for dataset_consumes_1 to None, run_after=None
[2023-10-13T01:15:15.547+0000] {logging_mixin.py:151} INFO - [2023-10-13T01:15:15.547+0000] {dag.py:3722} INFO - Setting next_dagrun for dataset_consumes_1_and_2 to None, run_after=None
[2023-10-13T01:15:15.549+0000] {logging_mixin.py:151} INFO - [2023-10-13T01:15:15.548+0000] {dag.py:3722} INFO - Setting next_dagrun for dataset_consumes_1_never_scheduled to None, run_after=None
[2023-10-13T01:15:15.550+0000] {logging_mixin.py:151} INFO - [2023-10-13T01:15:15.550+0000] {dag.py:3722} INFO - Setting next_dagrun for dataset_consumes_unknown_never_scheduled to None, run_after=None
[2023-10-13T01:15:15.553+0000] {logging_mixin.py:151} INFO - [2023-10-13T01:15:15.553+0000] {dag.py:3722} INFO - Setting next_dagrun for dataset_produces_1 to 2023-10-12T00:00:00+00:00, run_after=2023-10-13T00:00:00+00:00
[2023-10-13T01:15:15.555+0000] {logging_mixin.py:151} INFO - [2023-10-13T01:15:15.554+0000] {dag.py:3722} INFO - Setting next_dagrun for dataset_produces_2 to None, run_after=None
[2023-10-13T01:15:15.608+0000] {processor.py:179} INFO - Processing /home/airflow/.local/lib/python3.8/site-packages/airflow/example_dags/example_datasets.py took 0.197 seconds
[2023-10-13T01:15:45.915+0000] {processor.py:157} INFO - Started process (PID=147) to work on /home/airflow/.local/lib/python3.8/site-packages/airflow/example_dags/example_datasets.py
[2023-10-13T01:15:45.919+0000] {processor.py:829} INFO - Processing file /home/airflow/.local/lib/python3.8/site-packages/airflow/example_dags/example_datasets.py for tasks to queue
[2023-10-13T01:15:45.929+0000] {logging_mixin.py:151} INFO - [2023-10-13T01:15:45.929+0000] {dagbag.py:536} INFO - Filling up the DagBag from /home/airflow/.local/lib/python3.8/site-packages/airflow/example_dags/example_datasets.py
[2023-10-13T01:15:45.961+0000] {processor.py:839} INFO - DAG(s) dict_keys(['dataset_consumes_1_and_2', 'dataset_consumes_unknown_never_scheduled', 'dataset_produces_2', 'dataset_consumes_1', 'dataset_produces_1', 'dataset_consumes_1_never_scheduled']) retrieved from /home/airflow/.local/lib/python3.8/site-packages/airflow/example_dags/example_datasets.py
[2023-10-13T01:15:46.070+0000] {logging_mixin.py:151} INFO - [2023-10-13T01:15:46.070+0000] {dag.py:2941} INFO - Sync 6 DAGs
[2023-10-13T01:15:46.127+0000] {logging_mixin.py:151} INFO - [2023-10-13T01:15:46.127+0000] {dag.py:3722} INFO - Setting next_dagrun for dataset_consumes_1 to None, run_after=None
[2023-10-13T01:15:46.132+0000] {logging_mixin.py:151} INFO - [2023-10-13T01:15:46.131+0000] {dag.py:3722} INFO - Setting next_dagrun for dataset_consumes_1_and_2 to None, run_after=None
[2023-10-13T01:15:46.133+0000] {logging_mixin.py:151} INFO - [2023-10-13T01:15:46.133+0000] {dag.py:3722} INFO - Setting next_dagrun for dataset_consumes_1_never_scheduled to None, run_after=None
[2023-10-13T01:15:46.135+0000] {logging_mixin.py:151} INFO - [2023-10-13T01:15:46.135+0000] {dag.py:3722} INFO - Setting next_dagrun for dataset_consumes_unknown_never_scheduled to None, run_after=None
[2023-10-13T01:15:46.138+0000] {logging_mixin.py:151} INFO - [2023-10-13T01:15:46.138+0000] {dag.py:3722} INFO - Setting next_dagrun for dataset_produces_1 to 2023-10-12T00:00:00+00:00, run_after=2023-10-13T00:00:00+00:00
[2023-10-13T01:15:46.140+0000] {logging_mixin.py:151} INFO - [2023-10-13T01:15:46.140+0000] {dag.py:3722} INFO - Setting next_dagrun for dataset_produces_2 to None, run_after=None
[2023-10-13T01:15:46.247+0000] {processor.py:179} INFO - Processing /home/airflow/.local/lib/python3.8/site-packages/airflow/example_dags/example_datasets.py took 0.338 seconds
[2023-10-13T01:16:16.322+0000] {processor.py:157} INFO - Started process (PID=201) to work on /home/airflow/.local/lib/python3.8/site-packages/airflow/example_dags/example_datasets.py
[2023-10-13T01:16:16.350+0000] {processor.py:829} INFO - Processing file /home/airflow/.local/lib/python3.8/site-packages/airflow/example_dags/example_datasets.py for tasks to queue
[2023-10-13T01:16:16.353+0000] {logging_mixin.py:151} INFO - [2023-10-13T01:16:16.352+0000] {dagbag.py:536} INFO - Filling up the DagBag from /home/airflow/.local/lib/python3.8/site-packages/airflow/example_dags/example_datasets.py
[2023-10-13T01:16:16.364+0000] {processor.py:839} INFO - DAG(s) dict_keys(['dataset_consumes_1', 'dataset_produces_1', 'dataset_consumes_unknown_never_scheduled', 'dataset_consumes_1_and_2', 'dataset_consumes_1_never_scheduled', 'dataset_produces_2']) retrieved from /home/airflow/.local/lib/python3.8/site-packages/airflow/example_dags/example_datasets.py
[2023-10-13T01:16:16.419+0000] {logging_mixin.py:151} INFO - [2023-10-13T01:16:16.419+0000] {dag.py:2941} INFO - Sync 6 DAGs
[2023-10-13T01:16:16.454+0000] {logging_mixin.py:151} INFO - [2023-10-13T01:16:16.454+0000] {dag.py:3722} INFO - Setting next_dagrun for dataset_consumes_1 to None, run_after=None
[2023-10-13T01:16:16.459+0000] {logging_mixin.py:151} INFO - [2023-10-13T01:16:16.459+0000] {dag.py:3722} INFO - Setting next_dagrun for dataset_consumes_1_and_2 to None, run_after=None
[2023-10-13T01:16:16.462+0000] {logging_mixin.py:151} INFO - [2023-10-13T01:16:16.461+0000] {dag.py:3722} INFO - Setting next_dagrun for dataset_consumes_1_never_scheduled to None, run_after=None
[2023-10-13T01:16:16.464+0000] {logging_mixin.py:151} INFO - [2023-10-13T01:16:16.463+0000] {dag.py:3722} INFO - Setting next_dagrun for dataset_consumes_unknown_never_scheduled to None, run_after=None
[2023-10-13T01:16:16.469+0000] {logging_mixin.py:151} INFO - [2023-10-13T01:16:16.469+0000] {dag.py:3722} INFO - Setting next_dagrun for dataset_produces_1 to 2023-10-12T00:00:00+00:00, run_after=2023-10-13T00:00:00+00:00
[2023-10-13T01:16:16.470+0000] {logging_mixin.py:151} INFO - [2023-10-13T01:16:16.470+0000] {dag.py:3722} INFO - Setting next_dagrun for dataset_produces_2 to None, run_after=None
[2023-10-13T01:16:16.528+0000] {processor.py:179} INFO - Processing /home/airflow/.local/lib/python3.8/site-packages/airflow/example_dags/example_datasets.py took 0.210 seconds
[2023-10-13T01:16:46.612+0000] {processor.py:157} INFO - Started process (PID=257) to work on /home/airflow/.local/lib/python3.8/site-packages/airflow/example_dags/example_datasets.py
[2023-10-13T01:16:46.613+0000] {processor.py:829} INFO - Processing file /home/airflow/.local/lib/python3.8/site-packages/airflow/example_dags/example_datasets.py for tasks to queue
[2023-10-13T01:16:46.616+0000] {logging_mixin.py:151} INFO - [2023-10-13T01:16:46.615+0000] {dagbag.py:536} INFO - Filling up the DagBag from /home/airflow/.local/lib/python3.8/site-packages/airflow/example_dags/example_datasets.py
[2023-10-13T01:16:46.632+0000] {processor.py:839} INFO - DAG(s) dict_keys(['dataset_produces_2', 'dataset_consumes_1', 'dataset_produces_1', 'dataset_consumes_1_never_scheduled', 'dataset_consumes_1_and_2', 'dataset_consumes_unknown_never_scheduled']) retrieved from /home/airflow/.local/lib/python3.8/site-packages/airflow/example_dags/example_datasets.py
[2023-10-13T01:16:46.695+0000] {logging_mixin.py:151} INFO - [2023-10-13T01:16:46.695+0000] {dag.py:2941} INFO - Sync 6 DAGs
[2023-10-13T01:16:46.726+0000] {logging_mixin.py:151} INFO - [2023-10-13T01:16:46.726+0000] {dag.py:3722} INFO - Setting next_dagrun for dataset_consumes_1 to None, run_after=None
[2023-10-13T01:16:46.730+0000] {logging_mixin.py:151} INFO - [2023-10-13T01:16:46.729+0000] {dag.py:3722} INFO - Setting next_dagrun for dataset_consumes_1_and_2 to None, run_after=None
[2023-10-13T01:16:46.731+0000] {logging_mixin.py:151} INFO - [2023-10-13T01:16:46.731+0000] {dag.py:3722} INFO - Setting next_dagrun for dataset_consumes_1_never_scheduled to None, run_after=None
[2023-10-13T01:16:46.733+0000] {logging_mixin.py:151} INFO - [2023-10-13T01:16:46.733+0000] {dag.py:3722} INFO - Setting next_dagrun for dataset_consumes_unknown_never_scheduled to None, run_after=None
[2023-10-13T01:16:46.737+0000] {logging_mixin.py:151} INFO - [2023-10-13T01:16:46.737+0000] {dag.py:3722} INFO - Setting next_dagrun for dataset_produces_1 to 2023-10-12T00:00:00+00:00, run_after=2023-10-13T00:00:00+00:00
[2023-10-13T01:16:46.739+0000] {logging_mixin.py:151} INFO - [2023-10-13T01:16:46.738+0000] {dag.py:3722} INFO - Setting next_dagrun for dataset_produces_2 to None, run_after=None
[2023-10-13T01:16:46.795+0000] {processor.py:179} INFO - Processing /home/airflow/.local/lib/python3.8/site-packages/airflow/example_dags/example_datasets.py took 0.188 seconds
[2023-10-13T01:17:17.042+0000] {processor.py:157} INFO - Started process (PID=310) to work on /home/airflow/.local/lib/python3.8/site-packages/airflow/example_dags/example_datasets.py
[2023-10-13T01:17:17.052+0000] {processor.py:829} INFO - Processing file /home/airflow/.local/lib/python3.8/site-packages/airflow/example_dags/example_datasets.py for tasks to queue
[2023-10-13T01:17:17.055+0000] {logging_mixin.py:151} INFO - [2023-10-13T01:17:17.055+0000] {dagbag.py:536} INFO - Filling up the DagBag from /home/airflow/.local/lib/python3.8/site-packages/airflow/example_dags/example_datasets.py
[2023-10-13T01:17:17.071+0000] {processor.py:839} INFO - DAG(s) dict_keys(['dataset_consumes_1_and_2', 'dataset_consumes_unknown_never_scheduled', 'dataset_produces_1', 'dataset_consumes_1_never_scheduled', 'dataset_produces_2', 'dataset_consumes_1']) retrieved from /home/airflow/.local/lib/python3.8/site-packages/airflow/example_dags/example_datasets.py
[2023-10-13T01:17:17.130+0000] {logging_mixin.py:151} INFO - [2023-10-13T01:17:17.130+0000] {dag.py:2941} INFO - Sync 6 DAGs
[2023-10-13T01:17:17.162+0000] {logging_mixin.py:151} INFO - [2023-10-13T01:17:17.162+0000] {dag.py:3722} INFO - Setting next_dagrun for dataset_consumes_1 to None, run_after=None
[2023-10-13T01:17:17.168+0000] {logging_mixin.py:151} INFO - [2023-10-13T01:17:17.168+0000] {dag.py:3722} INFO - Setting next_dagrun for dataset_consumes_1_and_2 to None, run_after=None
[2023-10-13T01:17:17.170+0000] {logging_mixin.py:151} INFO - [2023-10-13T01:17:17.170+0000] {dag.py:3722} INFO - Setting next_dagrun for dataset_consumes_1_never_scheduled to None, run_after=None
[2023-10-13T01:17:17.172+0000] {logging_mixin.py:151} INFO - [2023-10-13T01:17:17.172+0000] {dag.py:3722} INFO - Setting next_dagrun for dataset_consumes_unknown_never_scheduled to None, run_after=None
[2023-10-13T01:17:17.178+0000] {logging_mixin.py:151} INFO - [2023-10-13T01:17:17.178+0000] {dag.py:3722} INFO - Setting next_dagrun for dataset_produces_1 to 2023-10-12T00:00:00+00:00, run_after=2023-10-13T00:00:00+00:00
[2023-10-13T01:17:17.181+0000] {logging_mixin.py:151} INFO - [2023-10-13T01:17:17.180+0000] {dag.py:3722} INFO - Setting next_dagrun for dataset_produces_2 to None, run_after=None
[2023-10-13T01:17:17.238+0000] {processor.py:179} INFO - Processing /home/airflow/.local/lib/python3.8/site-packages/airflow/example_dags/example_datasets.py took 0.200 seconds
[2023-10-13T01:17:47.581+0000] {processor.py:157} INFO - Started process (PID=366) to work on /home/airflow/.local/lib/python3.8/site-packages/airflow/example_dags/example_datasets.py
[2023-10-13T01:17:47.582+0000] {processor.py:829} INFO - Processing file /home/airflow/.local/lib/python3.8/site-packages/airflow/example_dags/example_datasets.py for tasks to queue
[2023-10-13T01:17:47.586+0000] {logging_mixin.py:151} INFO - [2023-10-13T01:17:47.586+0000] {dagbag.py:536} INFO - Filling up the DagBag from /home/airflow/.local/lib/python3.8/site-packages/airflow/example_dags/example_datasets.py
[2023-10-13T01:17:47.603+0000] {processor.py:839} INFO - DAG(s) dict_keys(['dataset_consumes_1_and_2', 'dataset_produces_2', 'dataset_consumes_1', 'dataset_consumes_1_never_scheduled', 'dataset_produces_1', 'dataset_consumes_unknown_never_scheduled']) retrieved from /home/airflow/.local/lib/python3.8/site-packages/airflow/example_dags/example_datasets.py
[2023-10-13T01:17:47.659+0000] {logging_mixin.py:151} INFO - [2023-10-13T01:17:47.659+0000] {dag.py:2941} INFO - Sync 6 DAGs
[2023-10-13T01:17:47.688+0000] {logging_mixin.py:151} INFO - [2023-10-13T01:17:47.688+0000] {dag.py:3722} INFO - Setting next_dagrun for dataset_consumes_1 to None, run_after=None
[2023-10-13T01:17:47.692+0000] {logging_mixin.py:151} INFO - [2023-10-13T01:17:47.691+0000] {dag.py:3722} INFO - Setting next_dagrun for dataset_consumes_1_and_2 to None, run_after=None
[2023-10-13T01:17:47.693+0000] {logging_mixin.py:151} INFO - [2023-10-13T01:17:47.693+0000] {dag.py:3722} INFO - Setting next_dagrun for dataset_consumes_1_never_scheduled to None, run_after=None
[2023-10-13T01:17:47.695+0000] {logging_mixin.py:151} INFO - [2023-10-13T01:17:47.694+0000] {dag.py:3722} INFO - Setting next_dagrun for dataset_consumes_unknown_never_scheduled to None, run_after=None
[2023-10-13T01:17:47.699+0000] {logging_mixin.py:151} INFO - [2023-10-13T01:17:47.699+0000] {dag.py:3722} INFO - Setting next_dagrun for dataset_produces_1 to 2023-10-12T00:00:00+00:00, run_after=2023-10-13T00:00:00+00:00
[2023-10-13T01:17:47.702+0000] {logging_mixin.py:151} INFO - [2023-10-13T01:17:47.701+0000] {dag.py:3722} INFO - Setting next_dagrun for dataset_produces_2 to None, run_after=None
[2023-10-13T01:17:47.785+0000] {processor.py:179} INFO - Processing /home/airflow/.local/lib/python3.8/site-packages/airflow/example_dags/example_datasets.py took 0.208 seconds
[2023-10-13T01:18:18.556+0000] {processor.py:157} INFO - Started process (PID=421) to work on /home/airflow/.local/lib/python3.8/site-packages/airflow/example_dags/example_datasets.py
[2023-10-13T01:18:18.589+0000] {processor.py:829} INFO - Processing file /home/airflow/.local/lib/python3.8/site-packages/airflow/example_dags/example_datasets.py for tasks to queue
[2023-10-13T01:18:18.596+0000] {logging_mixin.py:151} INFO - [2023-10-13T01:18:18.591+0000] {dagbag.py:536} INFO - Filling up the DagBag from /home/airflow/.local/lib/python3.8/site-packages/airflow/example_dags/example_datasets.py
[2023-10-13T01:18:18.631+0000] {processor.py:839} INFO - DAG(s) dict_keys(['dataset_produces_2', 'dataset_consumes_1', 'dataset_consumes_1_never_scheduled', 'dataset_consumes_1_and_2', 'dataset_consumes_unknown_never_scheduled', 'dataset_produces_1']) retrieved from /home/airflow/.local/lib/python3.8/site-packages/airflow/example_dags/example_datasets.py
[2023-10-13T01:18:18.744+0000] {logging_mixin.py:151} INFO - [2023-10-13T01:18:18.744+0000] {dag.py:2941} INFO - Sync 6 DAGs
[2023-10-13T01:18:18.809+0000] {logging_mixin.py:151} INFO - [2023-10-13T01:18:18.808+0000] {dag.py:3722} INFO - Setting next_dagrun for dataset_consumes_1 to None, run_after=None
[2023-10-13T01:18:18.816+0000] {logging_mixin.py:151} INFO - [2023-10-13T01:18:18.815+0000] {dag.py:3722} INFO - Setting next_dagrun for dataset_consumes_1_and_2 to None, run_after=None
[2023-10-13T01:18:18.823+0000] {logging_mixin.py:151} INFO - [2023-10-13T01:18:18.821+0000] {dag.py:3722} INFO - Setting next_dagrun for dataset_consumes_1_never_scheduled to None, run_after=None
[2023-10-13T01:18:18.826+0000] {logging_mixin.py:151} INFO - [2023-10-13T01:18:18.825+0000] {dag.py:3722} INFO - Setting next_dagrun for dataset_consumes_unknown_never_scheduled to None, run_after=None
[2023-10-13T01:18:18.832+0000] {logging_mixin.py:151} INFO - [2023-10-13T01:18:18.832+0000] {dag.py:3722} INFO - Setting next_dagrun for dataset_produces_1 to 2023-10-12T00:00:00+00:00, run_after=2023-10-13T00:00:00+00:00
[2023-10-13T01:18:18.836+0000] {logging_mixin.py:151} INFO - [2023-10-13T01:18:18.835+0000] {dag.py:3722} INFO - Setting next_dagrun for dataset_produces_2 to None, run_after=None
[2023-10-13T01:18:18.904+0000] {processor.py:179} INFO - Processing /home/airflow/.local/lib/python3.8/site-packages/airflow/example_dags/example_datasets.py took 0.369 seconds
[2023-10-13T01:18:49.702+0000] {processor.py:157} INFO - Started process (PID=476) to work on /home/airflow/.local/lib/python3.8/site-packages/airflow/example_dags/example_datasets.py
[2023-10-13T01:18:49.703+0000] {processor.py:829} INFO - Processing file /home/airflow/.local/lib/python3.8/site-packages/airflow/example_dags/example_datasets.py for tasks to queue
[2023-10-13T01:18:49.717+0000] {logging_mixin.py:151} INFO - [2023-10-13T01:18:49.717+0000] {dagbag.py:536} INFO - Filling up the DagBag from /home/airflow/.local/lib/python3.8/site-packages/airflow/example_dags/example_datasets.py
[2023-10-13T01:18:49.745+0000] {processor.py:839} INFO - DAG(s) dict_keys(['dataset_consumes_1_never_scheduled', 'dataset_consumes_1_and_2', 'dataset_produces_2', 'dataset_produces_1', 'dataset_consumes_1', 'dataset_consumes_unknown_never_scheduled']) retrieved from /home/airflow/.local/lib/python3.8/site-packages/airflow/example_dags/example_datasets.py
[2023-10-13T01:18:49.840+0000] {logging_mixin.py:151} INFO - [2023-10-13T01:18:49.840+0000] {dag.py:2941} INFO - Sync 6 DAGs
[2023-10-13T01:18:49.873+0000] {logging_mixin.py:151} INFO - [2023-10-13T01:18:49.873+0000] {dag.py:3722} INFO - Setting next_dagrun for dataset_consumes_1 to None, run_after=None
[2023-10-13T01:18:49.878+0000] {logging_mixin.py:151} INFO - [2023-10-13T01:18:49.877+0000] {dag.py:3722} INFO - Setting next_dagrun for dataset_consumes_1_and_2 to None, run_after=None
[2023-10-13T01:18:49.880+0000] {logging_mixin.py:151} INFO - [2023-10-13T01:18:49.879+0000] {dag.py:3722} INFO - Setting next_dagrun for dataset_consumes_1_never_scheduled to None, run_after=None
[2023-10-13T01:18:49.881+0000] {logging_mixin.py:151} INFO - [2023-10-13T01:18:49.881+0000] {dag.py:3722} INFO - Setting next_dagrun for dataset_consumes_unknown_never_scheduled to None, run_after=None
[2023-10-13T01:18:49.886+0000] {logging_mixin.py:151} INFO - [2023-10-13T01:18:49.885+0000] {dag.py:3722} INFO - Setting next_dagrun for dataset_produces_1 to 2023-10-12T00:00:00+00:00, run_after=2023-10-13T00:00:00+00:00
[2023-10-13T01:18:49.888+0000] {logging_mixin.py:151} INFO - [2023-10-13T01:18:49.888+0000] {dag.py:3722} INFO - Setting next_dagrun for dataset_produces_2 to None, run_after=None
[2023-10-13T01:18:50.083+0000] {processor.py:179} INFO - Processing /home/airflow/.local/lib/python3.8/site-packages/airflow/example_dags/example_datasets.py took 0.385 seconds
[2023-10-13T01:19:20.913+0000] {processor.py:157} INFO - Started process (PID=531) to work on /home/airflow/.local/lib/python3.8/site-packages/airflow/example_dags/example_datasets.py
[2023-10-13T01:19:20.949+0000] {processor.py:829} INFO - Processing file /home/airflow/.local/lib/python3.8/site-packages/airflow/example_dags/example_datasets.py for tasks to queue
[2023-10-13T01:19:20.952+0000] {logging_mixin.py:151} INFO - [2023-10-13T01:19:20.951+0000] {dagbag.py:536} INFO - Filling up the DagBag from /home/airflow/.local/lib/python3.8/site-packages/airflow/example_dags/example_datasets.py
[2023-10-13T01:19:20.962+0000] {processor.py:839} INFO - DAG(s) dict_keys(['dataset_consumes_1', 'dataset_produces_2', 'dataset_produces_1', 'dataset_consumes_unknown_never_scheduled', 'dataset_consumes_1_and_2', 'dataset_consumes_1_never_scheduled']) retrieved from /home/airflow/.local/lib/python3.8/site-packages/airflow/example_dags/example_datasets.py
[2023-10-13T01:19:21.013+0000] {logging_mixin.py:151} INFO - [2023-10-13T01:19:21.013+0000] {dag.py:2941} INFO - Sync 6 DAGs
[2023-10-13T01:19:21.068+0000] {logging_mixin.py:151} INFO - [2023-10-13T01:19:21.068+0000] {dag.py:3722} INFO - Setting next_dagrun for dataset_consumes_1 to None, run_after=None
[2023-10-13T01:19:21.082+0000] {logging_mixin.py:151} INFO - [2023-10-13T01:19:21.081+0000] {dag.py:3722} INFO - Setting next_dagrun for dataset_consumes_1_and_2 to None, run_after=None
[2023-10-13T01:19:21.089+0000] {logging_mixin.py:151} INFO - [2023-10-13T01:19:21.089+0000] {dag.py:3722} INFO - Setting next_dagrun for dataset_consumes_1_never_scheduled to None, run_after=None
[2023-10-13T01:19:21.091+0000] {logging_mixin.py:151} INFO - [2023-10-13T01:19:21.091+0000] {dag.py:3722} INFO - Setting next_dagrun for dataset_consumes_unknown_never_scheduled to None, run_after=None
[2023-10-13T01:19:21.095+0000] {logging_mixin.py:151} INFO - [2023-10-13T01:19:21.095+0000] {dag.py:3722} INFO - Setting next_dagrun for dataset_produces_1 to 2023-10-12T00:00:00+00:00, run_after=2023-10-13T00:00:00+00:00
[2023-10-13T01:19:21.096+0000] {logging_mixin.py:151} INFO - [2023-10-13T01:19:21.096+0000] {dag.py:3722} INFO - Setting next_dagrun for dataset_produces_2 to None, run_after=None
[2023-10-13T01:19:21.143+0000] {processor.py:179} INFO - Processing /home/airflow/.local/lib/python3.8/site-packages/airflow/example_dags/example_datasets.py took 0.237 seconds
[2023-10-13T01:19:51.313+0000] {processor.py:157} INFO - Started process (PID=586) to work on /home/airflow/.local/lib/python3.8/site-packages/airflow/example_dags/example_datasets.py
[2023-10-13T01:19:51.328+0000] {processor.py:829} INFO - Processing file /home/airflow/.local/lib/python3.8/site-packages/airflow/example_dags/example_datasets.py for tasks to queue
[2023-10-13T01:19:51.330+0000] {logging_mixin.py:151} INFO - [2023-10-13T01:19:51.330+0000] {dagbag.py:536} INFO - Filling up the DagBag from /home/airflow/.local/lib/python3.8/site-packages/airflow/example_dags/example_datasets.py
[2023-10-13T01:19:51.340+0000] {processor.py:839} INFO - DAG(s) dict_keys(['dataset_consumes_1', 'dataset_consumes_1_never_scheduled', 'dataset_produces_1', 'dataset_consumes_unknown_never_scheduled', 'dataset_produces_2', 'dataset_consumes_1_and_2']) retrieved from /home/airflow/.local/lib/python3.8/site-packages/airflow/example_dags/example_datasets.py
[2023-10-13T01:19:51.395+0000] {logging_mixin.py:151} INFO - [2023-10-13T01:19:51.394+0000] {dag.py:2941} INFO - Sync 6 DAGs
[2023-10-13T01:19:51.420+0000] {logging_mixin.py:151} INFO - [2023-10-13T01:19:51.420+0000] {dag.py:3722} INFO - Setting next_dagrun for dataset_consumes_1 to None, run_after=None
[2023-10-13T01:19:51.424+0000] {logging_mixin.py:151} INFO - [2023-10-13T01:19:51.424+0000] {dag.py:3722} INFO - Setting next_dagrun for dataset_consumes_1_and_2 to None, run_after=None
[2023-10-13T01:19:51.426+0000] {logging_mixin.py:151} INFO - [2023-10-13T01:19:51.425+0000] {dag.py:3722} INFO - Setting next_dagrun for dataset_consumes_1_never_scheduled to None, run_after=None
[2023-10-13T01:19:51.427+0000] {logging_mixin.py:151} INFO - [2023-10-13T01:19:51.427+0000] {dag.py:3722} INFO - Setting next_dagrun for dataset_consumes_unknown_never_scheduled to None, run_after=None
[2023-10-13T01:19:51.431+0000] {logging_mixin.py:151} INFO - [2023-10-13T01:19:51.430+0000] {dag.py:3722} INFO - Setting next_dagrun for dataset_produces_1 to 2023-10-12T00:00:00+00:00, run_after=2023-10-13T00:00:00+00:00
[2023-10-13T01:19:51.432+0000] {logging_mixin.py:151} INFO - [2023-10-13T01:19:51.432+0000] {dag.py:3722} INFO - Setting next_dagrun for dataset_produces_2 to None, run_after=None
[2023-10-13T01:19:51.484+0000] {processor.py:179} INFO - Processing /home/airflow/.local/lib/python3.8/site-packages/airflow/example_dags/example_datasets.py took 0.179 seconds
[2023-10-13T01:20:22.183+0000] {processor.py:157} INFO - Started process (PID=641) to work on /home/airflow/.local/lib/python3.8/site-packages/airflow/example_dags/example_datasets.py
[2023-10-13T01:20:22.184+0000] {processor.py:829} INFO - Processing file /home/airflow/.local/lib/python3.8/site-packages/airflow/example_dags/example_datasets.py for tasks to queue
[2023-10-13T01:20:22.188+0000] {logging_mixin.py:151} INFO - [2023-10-13T01:20:22.187+0000] {dagbag.py:536} INFO - Filling up the DagBag from /home/airflow/.local/lib/python3.8/site-packages/airflow/example_dags/example_datasets.py
[2023-10-13T01:20:22.208+0000] {processor.py:839} INFO - DAG(s) dict_keys(['dataset_consumes_1', 'dataset_consumes_1_never_scheduled', 'dataset_consumes_1_and_2', 'dataset_consumes_unknown_never_scheduled', 'dataset_produces_2', 'dataset_produces_1']) retrieved from /home/airflow/.local/lib/python3.8/site-packages/airflow/example_dags/example_datasets.py
[2023-10-13T01:20:22.263+0000] {logging_mixin.py:151} INFO - [2023-10-13T01:20:22.263+0000] {dag.py:2941} INFO - Sync 6 DAGs
[2023-10-13T01:20:22.295+0000] {logging_mixin.py:151} INFO - [2023-10-13T01:20:22.295+0000] {dag.py:3722} INFO - Setting next_dagrun for dataset_consumes_1 to None, run_after=None
[2023-10-13T01:20:22.300+0000] {logging_mixin.py:151} INFO - [2023-10-13T01:20:22.300+0000] {dag.py:3722} INFO - Setting next_dagrun for dataset_consumes_1_and_2 to None, run_after=None
[2023-10-13T01:20:22.302+0000] {logging_mixin.py:151} INFO - [2023-10-13T01:20:22.302+0000] {dag.py:3722} INFO - Setting next_dagrun for dataset_consumes_1_never_scheduled to None, run_after=None
[2023-10-13T01:20:22.304+0000] {logging_mixin.py:151} INFO - [2023-10-13T01:20:22.303+0000] {dag.py:3722} INFO - Setting next_dagrun for dataset_consumes_unknown_never_scheduled to None, run_after=None
[2023-10-13T01:20:22.308+0000] {logging_mixin.py:151} INFO - [2023-10-13T01:20:22.308+0000] {dag.py:3722} INFO - Setting next_dagrun for dataset_produces_1 to 2023-10-12T00:00:00+00:00, run_after=2023-10-13T00:00:00+00:00
[2023-10-13T01:20:22.310+0000] {logging_mixin.py:151} INFO - [2023-10-13T01:20:22.310+0000] {dag.py:3722} INFO - Setting next_dagrun for dataset_produces_2 to None, run_after=None
[2023-10-13T01:20:22.389+0000] {processor.py:179} INFO - Processing /home/airflow/.local/lib/python3.8/site-packages/airflow/example_dags/example_datasets.py took 0.211 seconds
[2023-10-13T01:20:52.757+0000] {processor.py:157} INFO - Started process (PID=696) to work on /home/airflow/.local/lib/python3.8/site-packages/airflow/example_dags/example_datasets.py
[2023-10-13T01:20:52.998+0000] {processor.py:829} INFO - Processing file /home/airflow/.local/lib/python3.8/site-packages/airflow/example_dags/example_datasets.py for tasks to queue
[2023-10-13T01:20:53.001+0000] {logging_mixin.py:151} INFO - [2023-10-13T01:20:53.001+0000] {dagbag.py:536} INFO - Filling up the DagBag from /home/airflow/.local/lib/python3.8/site-packages/airflow/example_dags/example_datasets.py
[2023-10-13T01:20:53.016+0000] {processor.py:839} INFO - DAG(s) dict_keys(['dataset_consumes_unknown_never_scheduled', 'dataset_consumes_1_never_scheduled', 'dataset_consumes_1', 'dataset_produces_2', 'dataset_produces_1', 'dataset_consumes_1_and_2']) retrieved from /home/airflow/.local/lib/python3.8/site-packages/airflow/example_dags/example_datasets.py
[2023-10-13T01:20:53.081+0000] {logging_mixin.py:151} INFO - [2023-10-13T01:20:53.081+0000] {dag.py:2941} INFO - Sync 6 DAGs
[2023-10-13T01:20:53.115+0000] {logging_mixin.py:151} INFO - [2023-10-13T01:20:53.115+0000] {dag.py:3722} INFO - Setting next_dagrun for dataset_consumes_1 to None, run_after=None
[2023-10-13T01:20:53.125+0000] {logging_mixin.py:151} INFO - [2023-10-13T01:20:53.125+0000] {dag.py:3722} INFO - Setting next_dagrun for dataset_consumes_1_and_2 to None, run_after=None
[2023-10-13T01:20:53.127+0000] {logging_mixin.py:151} INFO - [2023-10-13T01:20:53.127+0000] {dag.py:3722} INFO - Setting next_dagrun for dataset_consumes_1_never_scheduled to None, run_after=None
[2023-10-13T01:20:53.129+0000] {logging_mixin.py:151} INFO - [2023-10-13T01:20:53.129+0000] {dag.py:3722} INFO - Setting next_dagrun for dataset_consumes_unknown_never_scheduled to None, run_after=None
[2023-10-13T01:20:53.135+0000] {logging_mixin.py:151} INFO - [2023-10-13T01:20:53.134+0000] {dag.py:3722} INFO - Setting next_dagrun for dataset_produces_1 to 2023-10-12T00:00:00+00:00, run_after=2023-10-13T00:00:00+00:00
[2023-10-13T01:20:53.141+0000] {logging_mixin.py:151} INFO - [2023-10-13T01:20:53.140+0000] {dag.py:3722} INFO - Setting next_dagrun for dataset_produces_2 to None, run_after=None
[2023-10-13T01:20:53.219+0000] {processor.py:179} INFO - Processing /home/airflow/.local/lib/python3.8/site-packages/airflow/example_dags/example_datasets.py took 0.469 seconds
[2023-10-13T01:21:23.687+0000] {processor.py:157} INFO - Started process (PID=752) to work on /home/airflow/.local/lib/python3.8/site-packages/airflow/example_dags/example_datasets.py
[2023-10-13T01:21:23.721+0000] {processor.py:829} INFO - Processing file /home/airflow/.local/lib/python3.8/site-packages/airflow/example_dags/example_datasets.py for tasks to queue
[2023-10-13T01:21:23.724+0000] {logging_mixin.py:151} INFO - [2023-10-13T01:21:23.723+0000] {dagbag.py:536} INFO - Filling up the DagBag from /home/airflow/.local/lib/python3.8/site-packages/airflow/example_dags/example_datasets.py
[2023-10-13T01:21:23.735+0000] {processor.py:839} INFO - DAG(s) dict_keys(['dataset_consumes_1_and_2', 'dataset_produces_1', 'dataset_produces_2', 'dataset_consumes_1', 'dataset_consumes_unknown_never_scheduled', 'dataset_consumes_1_never_scheduled']) retrieved from /home/airflow/.local/lib/python3.8/site-packages/airflow/example_dags/example_datasets.py
[2023-10-13T01:21:23.791+0000] {logging_mixin.py:151} INFO - [2023-10-13T01:21:23.790+0000] {dag.py:2941} INFO - Sync 6 DAGs
[2023-10-13T01:21:23.849+0000] {logging_mixin.py:151} INFO - [2023-10-13T01:21:23.849+0000] {dag.py:3722} INFO - Setting next_dagrun for dataset_consumes_1 to None, run_after=None
[2023-10-13T01:21:23.854+0000] {logging_mixin.py:151} INFO - [2023-10-13T01:21:23.854+0000] {dag.py:3722} INFO - Setting next_dagrun for dataset_consumes_1_and_2 to None, run_after=None
[2023-10-13T01:21:23.857+0000] {logging_mixin.py:151} INFO - [2023-10-13T01:21:23.857+0000] {dag.py:3722} INFO - Setting next_dagrun for dataset_consumes_1_never_scheduled to None, run_after=None
[2023-10-13T01:21:23.860+0000] {logging_mixin.py:151} INFO - [2023-10-13T01:21:23.859+0000] {dag.py:3722} INFO - Setting next_dagrun for dataset_consumes_unknown_never_scheduled to None, run_after=None
[2023-10-13T01:21:23.869+0000] {logging_mixin.py:151} INFO - [2023-10-13T01:21:23.868+0000] {dag.py:3722} INFO - Setting next_dagrun for dataset_produces_1 to 2023-10-12T00:00:00+00:00, run_after=2023-10-13T00:00:00+00:00
[2023-10-13T01:21:23.874+0000] {logging_mixin.py:151} INFO - [2023-10-13T01:21:23.873+0000] {dag.py:3722} INFO - Setting next_dagrun for dataset_produces_2 to None, run_after=None
[2023-10-13T01:21:24.180+0000] {processor.py:179} INFO - Processing /home/airflow/.local/lib/python3.8/site-packages/airflow/example_dags/example_datasets.py took 0.498 seconds
[2023-10-13T01:21:54.552+0000] {processor.py:157} INFO - Started process (PID=808) to work on /home/airflow/.local/lib/python3.8/site-packages/airflow/example_dags/example_datasets.py
[2023-10-13T01:21:54.554+0000] {processor.py:829} INFO - Processing file /home/airflow/.local/lib/python3.8/site-packages/airflow/example_dags/example_datasets.py for tasks to queue
[2023-10-13T01:21:54.558+0000] {logging_mixin.py:151} INFO - [2023-10-13T01:21:54.557+0000] {dagbag.py:536} INFO - Filling up the DagBag from /home/airflow/.local/lib/python3.8/site-packages/airflow/example_dags/example_datasets.py
[2023-10-13T01:21:54.570+0000] {processor.py:839} INFO - DAG(s) dict_keys(['dataset_produces_2', 'dataset_consumes_1', 'dataset_consumes_1_and_2', 'dataset_produces_1', 'dataset_consumes_unknown_never_scheduled', 'dataset_consumes_1_never_scheduled']) retrieved from /home/airflow/.local/lib/python3.8/site-packages/airflow/example_dags/example_datasets.py
[2023-10-13T01:21:54.621+0000] {logging_mixin.py:151} INFO - [2023-10-13T01:21:54.620+0000] {dag.py:2941} INFO - Sync 6 DAGs
[2023-10-13T01:21:54.651+0000] {logging_mixin.py:151} INFO - [2023-10-13T01:21:54.651+0000] {dag.py:3722} INFO - Setting next_dagrun for dataset_consumes_1 to None, run_after=None
[2023-10-13T01:21:54.655+0000] {logging_mixin.py:151} INFO - [2023-10-13T01:21:54.655+0000] {dag.py:3722} INFO - Setting next_dagrun for dataset_consumes_1_and_2 to None, run_after=None
[2023-10-13T01:21:54.657+0000] {logging_mixin.py:151} INFO - [2023-10-13T01:21:54.657+0000] {dag.py:3722} INFO - Setting next_dagrun for dataset_consumes_1_never_scheduled to None, run_after=None
[2023-10-13T01:21:54.659+0000] {logging_mixin.py:151} INFO - [2023-10-13T01:21:54.658+0000] {dag.py:3722} INFO - Setting next_dagrun for dataset_consumes_unknown_never_scheduled to None, run_after=None
[2023-10-13T01:21:54.662+0000] {logging_mixin.py:151} INFO - [2023-10-13T01:21:54.662+0000] {dag.py:3722} INFO - Setting next_dagrun for dataset_produces_1 to 2023-10-12T00:00:00+00:00, run_after=2023-10-13T00:00:00+00:00
[2023-10-13T01:21:54.664+0000] {logging_mixin.py:151} INFO - [2023-10-13T01:21:54.664+0000] {dag.py:3722} INFO - Setting next_dagrun for dataset_produces_2 to None, run_after=None
[2023-10-13T01:21:54.760+0000] {processor.py:179} INFO - Processing /home/airflow/.local/lib/python3.8/site-packages/airflow/example_dags/example_datasets.py took 0.216 seconds
[2023-10-13T01:24:38.717+0000] {processor.py:157} INFO - Started process (PID=39) to work on /home/airflow/.local/lib/python3.8/site-packages/airflow/example_dags/example_datasets.py
[2023-10-13T01:24:38.733+0000] {processor.py:829} INFO - Processing file /home/airflow/.local/lib/python3.8/site-packages/airflow/example_dags/example_datasets.py for tasks to queue
[2023-10-13T01:24:38.736+0000] {logging_mixin.py:151} INFO - [2023-10-13T01:24:38.736+0000] {dagbag.py:536} INFO - Filling up the DagBag from /home/airflow/.local/lib/python3.8/site-packages/airflow/example_dags/example_datasets.py
[2023-10-13T01:24:38.791+0000] {processor.py:839} INFO - DAG(s) dict_keys(['dataset_produces_2', 'dataset_produces_1', 'dataset_consumes_unknown_never_scheduled', 'dataset_consumes_1_never_scheduled', 'dataset_consumes_1', 'dataset_consumes_1_and_2']) retrieved from /home/airflow/.local/lib/python3.8/site-packages/airflow/example_dags/example_datasets.py
[2023-10-13T01:24:38.898+0000] {logging_mixin.py:151} INFO - [2023-10-13T01:24:38.897+0000] {dag.py:2941} INFO - Sync 6 DAGs
[2023-10-13T01:24:38.981+0000] {logging_mixin.py:151} INFO - [2023-10-13T01:24:38.981+0000] {dag.py:3722} INFO - Setting next_dagrun for dataset_consumes_1 to None, run_after=None
[2023-10-13T01:24:38.992+0000] {logging_mixin.py:151} INFO - [2023-10-13T01:24:38.989+0000] {dag.py:3722} INFO - Setting next_dagrun for dataset_consumes_1_and_2 to None, run_after=None
[2023-10-13T01:24:38.997+0000] {logging_mixin.py:151} INFO - [2023-10-13T01:24:38.997+0000] {dag.py:3722} INFO - Setting next_dagrun for dataset_consumes_1_never_scheduled to None, run_after=None
[2023-10-13T01:24:39.001+0000] {logging_mixin.py:151} INFO - [2023-10-13T01:24:39.001+0000] {dag.py:3722} INFO - Setting next_dagrun for dataset_consumes_unknown_never_scheduled to None, run_after=None
[2023-10-13T01:24:39.012+0000] {logging_mixin.py:151} INFO - [2023-10-13T01:24:39.012+0000] {dag.py:3722} INFO - Setting next_dagrun for dataset_produces_1 to 2023-10-12T00:00:00+00:00, run_after=2023-10-13T00:00:00+00:00
[2023-10-13T01:24:39.014+0000] {logging_mixin.py:151} INFO - [2023-10-13T01:24:39.014+0000] {dag.py:3722} INFO - Setting next_dagrun for dataset_produces_2 to None, run_after=None
[2023-10-13T01:24:39.124+0000] {processor.py:179} INFO - Processing /home/airflow/.local/lib/python3.8/site-packages/airflow/example_dags/example_datasets.py took 0.413 seconds
[2023-10-13T01:25:09.979+0000] {processor.py:157} INFO - Started process (PID=94) to work on /home/airflow/.local/lib/python3.8/site-packages/airflow/example_dags/example_datasets.py
[2023-10-13T01:25:09.981+0000] {processor.py:829} INFO - Processing file /home/airflow/.local/lib/python3.8/site-packages/airflow/example_dags/example_datasets.py for tasks to queue
[2023-10-13T01:25:09.985+0000] {logging_mixin.py:151} INFO - [2023-10-13T01:25:09.984+0000] {dagbag.py:536} INFO - Filling up the DagBag from /home/airflow/.local/lib/python3.8/site-packages/airflow/example_dags/example_datasets.py
[2023-10-13T01:25:09.997+0000] {processor.py:839} INFO - DAG(s) dict_keys(['dataset_produces_2', 'dataset_produces_1', 'dataset_consumes_1', 'dataset_consumes_unknown_never_scheduled', 'dataset_consumes_1_and_2', 'dataset_consumes_1_never_scheduled']) retrieved from /home/airflow/.local/lib/python3.8/site-packages/airflow/example_dags/example_datasets.py
[2023-10-13T01:25:10.054+0000] {logging_mixin.py:151} INFO - [2023-10-13T01:25:10.054+0000] {dag.py:2941} INFO - Sync 6 DAGs
[2023-10-13T01:25:10.081+0000] {logging_mixin.py:151} INFO - [2023-10-13T01:25:10.081+0000] {dag.py:3722} INFO - Setting next_dagrun for dataset_consumes_1 to None, run_after=None
[2023-10-13T01:25:10.086+0000] {logging_mixin.py:151} INFO - [2023-10-13T01:25:10.086+0000] {dag.py:3722} INFO - Setting next_dagrun for dataset_consumes_1_and_2 to None, run_after=None
[2023-10-13T01:25:10.088+0000] {logging_mixin.py:151} INFO - [2023-10-13T01:25:10.088+0000] {dag.py:3722} INFO - Setting next_dagrun for dataset_consumes_1_never_scheduled to None, run_after=None
[2023-10-13T01:25:10.089+0000] {logging_mixin.py:151} INFO - [2023-10-13T01:25:10.089+0000] {dag.py:3722} INFO - Setting next_dagrun for dataset_consumes_unknown_never_scheduled to None, run_after=None
[2023-10-13T01:25:10.095+0000] {logging_mixin.py:151} INFO - [2023-10-13T01:25:10.094+0000] {dag.py:3722} INFO - Setting next_dagrun for dataset_produces_1 to 2023-10-12T00:00:00+00:00, run_after=2023-10-13T00:00:00+00:00
[2023-10-13T01:25:10.097+0000] {logging_mixin.py:151} INFO - [2023-10-13T01:25:10.096+0000] {dag.py:3722} INFO - Setting next_dagrun for dataset_produces_2 to None, run_after=None
[2023-10-13T01:25:10.152+0000] {processor.py:179} INFO - Processing /home/airflow/.local/lib/python3.8/site-packages/airflow/example_dags/example_datasets.py took 0.179 seconds
[2023-10-13T01:25:40.293+0000] {processor.py:157} INFO - Started process (PID=150) to work on /home/airflow/.local/lib/python3.8/site-packages/airflow/example_dags/example_datasets.py
[2023-10-13T01:25:40.294+0000] {processor.py:829} INFO - Processing file /home/airflow/.local/lib/python3.8/site-packages/airflow/example_dags/example_datasets.py for tasks to queue
[2023-10-13T01:25:40.296+0000] {logging_mixin.py:151} INFO - [2023-10-13T01:25:40.296+0000] {dagbag.py:536} INFO - Filling up the DagBag from /home/airflow/.local/lib/python3.8/site-packages/airflow/example_dags/example_datasets.py
[2023-10-13T01:25:40.305+0000] {processor.py:839} INFO - DAG(s) dict_keys(['dataset_consumes_1_never_scheduled', 'dataset_produces_2', 'dataset_consumes_unknown_never_scheduled', 'dataset_consumes_1_and_2', 'dataset_produces_1', 'dataset_consumes_1']) retrieved from /home/airflow/.local/lib/python3.8/site-packages/airflow/example_dags/example_datasets.py
[2023-10-13T01:25:40.346+0000] {logging_mixin.py:151} INFO - [2023-10-13T01:25:40.346+0000] {dag.py:2941} INFO - Sync 6 DAGs
[2023-10-13T01:25:40.372+0000] {logging_mixin.py:151} INFO - [2023-10-13T01:25:40.372+0000] {dag.py:3722} INFO - Setting next_dagrun for dataset_consumes_1 to None, run_after=None
[2023-10-13T01:25:40.376+0000] {logging_mixin.py:151} INFO - [2023-10-13T01:25:40.376+0000] {dag.py:3722} INFO - Setting next_dagrun for dataset_consumes_1_and_2 to None, run_after=None
[2023-10-13T01:25:40.377+0000] {logging_mixin.py:151} INFO - [2023-10-13T01:25:40.377+0000] {dag.py:3722} INFO - Setting next_dagrun for dataset_consumes_1_never_scheduled to None, run_after=None
[2023-10-13T01:25:40.379+0000] {logging_mixin.py:151} INFO - [2023-10-13T01:25:40.378+0000] {dag.py:3722} INFO - Setting next_dagrun for dataset_consumes_unknown_never_scheduled to None, run_after=None
[2023-10-13T01:25:40.382+0000] {logging_mixin.py:151} INFO - [2023-10-13T01:25:40.382+0000] {dag.py:3722} INFO - Setting next_dagrun for dataset_produces_1 to 2023-10-12T00:00:00+00:00, run_after=2023-10-13T00:00:00+00:00
[2023-10-13T01:25:40.383+0000] {logging_mixin.py:151} INFO - [2023-10-13T01:25:40.383+0000] {dag.py:3722} INFO - Setting next_dagrun for dataset_produces_2 to None, run_after=None
[2023-10-13T01:25:40.440+0000] {processor.py:179} INFO - Processing /home/airflow/.local/lib/python3.8/site-packages/airflow/example_dags/example_datasets.py took 0.150 seconds
[2023-10-13T01:26:10.642+0000] {processor.py:157} INFO - Started process (PID=203) to work on /home/airflow/.local/lib/python3.8/site-packages/airflow/example_dags/example_datasets.py
[2023-10-13T01:26:10.650+0000] {processor.py:829} INFO - Processing file /home/airflow/.local/lib/python3.8/site-packages/airflow/example_dags/example_datasets.py for tasks to queue
[2023-10-13T01:26:10.653+0000] {logging_mixin.py:151} INFO - [2023-10-13T01:26:10.652+0000] {dagbag.py:536} INFO - Filling up the DagBag from /home/airflow/.local/lib/python3.8/site-packages/airflow/example_dags/example_datasets.py
[2023-10-13T01:26:10.669+0000] {processor.py:839} INFO - DAG(s) dict_keys(['dataset_produces_1', 'dataset_consumes_1_and_2', 'dataset_consumes_1', 'dataset_consumes_unknown_never_scheduled', 'dataset_consumes_1_never_scheduled', 'dataset_produces_2']) retrieved from /home/airflow/.local/lib/python3.8/site-packages/airflow/example_dags/example_datasets.py
[2023-10-13T01:26:10.740+0000] {logging_mixin.py:151} INFO - [2023-10-13T01:26:10.739+0000] {dag.py:2941} INFO - Sync 6 DAGs
[2023-10-13T01:26:10.763+0000] {logging_mixin.py:151} INFO - [2023-10-13T01:26:10.762+0000] {dag.py:3722} INFO - Setting next_dagrun for dataset_consumes_1 to None, run_after=None
[2023-10-13T01:26:10.767+0000] {logging_mixin.py:151} INFO - [2023-10-13T01:26:10.766+0000] {dag.py:3722} INFO - Setting next_dagrun for dataset_consumes_1_and_2 to None, run_after=None
[2023-10-13T01:26:10.768+0000] {logging_mixin.py:151} INFO - [2023-10-13T01:26:10.768+0000] {dag.py:3722} INFO - Setting next_dagrun for dataset_consumes_1_never_scheduled to None, run_after=None
[2023-10-13T01:26:10.769+0000] {logging_mixin.py:151} INFO - [2023-10-13T01:26:10.769+0000] {dag.py:3722} INFO - Setting next_dagrun for dataset_consumes_unknown_never_scheduled to None, run_after=None
[2023-10-13T01:26:10.773+0000] {logging_mixin.py:151} INFO - [2023-10-13T01:26:10.773+0000] {dag.py:3722} INFO - Setting next_dagrun for dataset_produces_1 to 2023-10-12T00:00:00+00:00, run_after=2023-10-13T00:00:00+00:00
[2023-10-13T01:26:10.775+0000] {logging_mixin.py:151} INFO - [2023-10-13T01:26:10.775+0000] {dag.py:3722} INFO - Setting next_dagrun for dataset_produces_2 to None, run_after=None
[2023-10-13T01:26:10.832+0000] {processor.py:179} INFO - Processing /home/airflow/.local/lib/python3.8/site-packages/airflow/example_dags/example_datasets.py took 0.194 seconds
[2023-10-13T01:26:41.230+0000] {processor.py:157} INFO - Started process (PID=258) to work on /home/airflow/.local/lib/python3.8/site-packages/airflow/example_dags/example_datasets.py
[2023-10-13T01:26:41.232+0000] {processor.py:829} INFO - Processing file /home/airflow/.local/lib/python3.8/site-packages/airflow/example_dags/example_datasets.py for tasks to queue
[2023-10-13T01:26:41.234+0000] {logging_mixin.py:151} INFO - [2023-10-13T01:26:41.234+0000] {dagbag.py:536} INFO - Filling up the DagBag from /home/airflow/.local/lib/python3.8/site-packages/airflow/example_dags/example_datasets.py
[2023-10-13T01:26:41.250+0000] {processor.py:839} INFO - DAG(s) dict_keys(['dataset_produces_1', 'dataset_produces_2', 'dataset_consumes_unknown_never_scheduled', 'dataset_consumes_1', 'dataset_consumes_1_and_2', 'dataset_consumes_1_never_scheduled']) retrieved from /home/airflow/.local/lib/python3.8/site-packages/airflow/example_dags/example_datasets.py
[2023-10-13T01:26:41.295+0000] {logging_mixin.py:151} INFO - [2023-10-13T01:26:41.295+0000] {dag.py:2941} INFO - Sync 6 DAGs
[2023-10-13T01:26:41.324+0000] {logging_mixin.py:151} INFO - [2023-10-13T01:26:41.324+0000] {dag.py:3722} INFO - Setting next_dagrun for dataset_consumes_1 to None, run_after=None
[2023-10-13T01:26:41.329+0000] {logging_mixin.py:151} INFO - [2023-10-13T01:26:41.329+0000] {dag.py:3722} INFO - Setting next_dagrun for dataset_consumes_1_and_2 to None, run_after=None
[2023-10-13T01:26:41.330+0000] {logging_mixin.py:151} INFO - [2023-10-13T01:26:41.330+0000] {dag.py:3722} INFO - Setting next_dagrun for dataset_consumes_1_never_scheduled to None, run_after=None
[2023-10-13T01:26:41.332+0000] {logging_mixin.py:151} INFO - [2023-10-13T01:26:41.332+0000] {dag.py:3722} INFO - Setting next_dagrun for dataset_consumes_unknown_never_scheduled to None, run_after=None
[2023-10-13T01:26:41.336+0000] {logging_mixin.py:151} INFO - [2023-10-13T01:26:41.335+0000] {dag.py:3722} INFO - Setting next_dagrun for dataset_produces_1 to 2023-10-12T00:00:00+00:00, run_after=2023-10-13T00:00:00+00:00
[2023-10-13T01:26:41.337+0000] {logging_mixin.py:151} INFO - [2023-10-13T01:26:41.337+0000] {dag.py:3722} INFO - Setting next_dagrun for dataset_produces_2 to None, run_after=None
[2023-10-13T01:26:41.418+0000] {processor.py:179} INFO - Processing /home/airflow/.local/lib/python3.8/site-packages/airflow/example_dags/example_datasets.py took 0.193 seconds
[2023-10-13T01:27:12.240+0000] {processor.py:157} INFO - Started process (PID=313) to work on /home/airflow/.local/lib/python3.8/site-packages/airflow/example_dags/example_datasets.py
[2023-10-13T01:27:12.270+0000] {processor.py:829} INFO - Processing file /home/airflow/.local/lib/python3.8/site-packages/airflow/example_dags/example_datasets.py for tasks to queue
[2023-10-13T01:27:12.274+0000] {logging_mixin.py:151} INFO - [2023-10-13T01:27:12.273+0000] {dagbag.py:536} INFO - Filling up the DagBag from /home/airflow/.local/lib/python3.8/site-packages/airflow/example_dags/example_datasets.py
[2023-10-13T01:27:12.288+0000] {processor.py:839} INFO - DAG(s) dict_keys(['dataset_consumes_1_and_2', 'dataset_consumes_1', 'dataset_consumes_1_never_scheduled', 'dataset_produces_1', 'dataset_produces_2', 'dataset_consumes_unknown_never_scheduled']) retrieved from /home/airflow/.local/lib/python3.8/site-packages/airflow/example_dags/example_datasets.py
[2023-10-13T01:27:12.361+0000] {logging_mixin.py:151} INFO - [2023-10-13T01:27:12.361+0000] {dag.py:2941} INFO - Sync 6 DAGs
[2023-10-13T01:27:12.458+0000] {logging_mixin.py:151} INFO - [2023-10-13T01:27:12.458+0000] {dag.py:3722} INFO - Setting next_dagrun for dataset_consumes_1 to None, run_after=None
[2023-10-13T01:27:12.474+0000] {logging_mixin.py:151} INFO - [2023-10-13T01:27:12.473+0000] {dag.py:3722} INFO - Setting next_dagrun for dataset_consumes_1_and_2 to None, run_after=None
[2023-10-13T01:27:12.484+0000] {logging_mixin.py:151} INFO - [2023-10-13T01:27:12.484+0000] {dag.py:3722} INFO - Setting next_dagrun for dataset_consumes_1_never_scheduled to None, run_after=None
[2023-10-13T01:27:12.492+0000] {logging_mixin.py:151} INFO - [2023-10-13T01:27:12.491+0000] {dag.py:3722} INFO - Setting next_dagrun for dataset_consumes_unknown_never_scheduled to None, run_after=None
[2023-10-13T01:27:12.503+0000] {logging_mixin.py:151} INFO - [2023-10-13T01:27:12.503+0000] {dag.py:3722} INFO - Setting next_dagrun for dataset_produces_1 to 2023-10-12T00:00:00+00:00, run_after=2023-10-13T00:00:00+00:00
[2023-10-13T01:27:12.509+0000] {logging_mixin.py:151} INFO - [2023-10-13T01:27:12.508+0000] {dag.py:3722} INFO - Setting next_dagrun for dataset_produces_2 to None, run_after=None
[2023-10-13T01:27:12.587+0000] {processor.py:179} INFO - Processing /home/airflow/.local/lib/python3.8/site-packages/airflow/example_dags/example_datasets.py took 0.350 seconds
[2023-10-13T01:27:42.693+0000] {processor.py:157} INFO - Started process (PID=368) to work on /home/airflow/.local/lib/python3.8/site-packages/airflow/example_dags/example_datasets.py
[2023-10-13T01:27:42.693+0000] {processor.py:829} INFO - Processing file /home/airflow/.local/lib/python3.8/site-packages/airflow/example_dags/example_datasets.py for tasks to queue
[2023-10-13T01:27:42.696+0000] {logging_mixin.py:151} INFO - [2023-10-13T01:27:42.695+0000] {dagbag.py:536} INFO - Filling up the DagBag from /home/airflow/.local/lib/python3.8/site-packages/airflow/example_dags/example_datasets.py
[2023-10-13T01:27:42.704+0000] {processor.py:839} INFO - DAG(s) dict_keys(['dataset_produces_1', 'dataset_consumes_unknown_never_scheduled', 'dataset_consumes_1', 'dataset_consumes_1_and_2', 'dataset_consumes_1_never_scheduled', 'dataset_produces_2']) retrieved from /home/airflow/.local/lib/python3.8/site-packages/airflow/example_dags/example_datasets.py
[2023-10-13T01:27:42.739+0000] {logging_mixin.py:151} INFO - [2023-10-13T01:27:42.739+0000] {dag.py:2941} INFO - Sync 6 DAGs
[2023-10-13T01:27:42.767+0000] {logging_mixin.py:151} INFO - [2023-10-13T01:27:42.767+0000] {dag.py:3722} INFO - Setting next_dagrun for dataset_consumes_1 to None, run_after=None
[2023-10-13T01:27:42.774+0000] {logging_mixin.py:151} INFO - [2023-10-13T01:27:42.773+0000] {dag.py:3722} INFO - Setting next_dagrun for dataset_consumes_1_and_2 to None, run_after=None
[2023-10-13T01:27:42.776+0000] {logging_mixin.py:151} INFO - [2023-10-13T01:27:42.776+0000] {dag.py:3722} INFO - Setting next_dagrun for dataset_consumes_1_never_scheduled to None, run_after=None
[2023-10-13T01:27:42.778+0000] {logging_mixin.py:151} INFO - [2023-10-13T01:27:42.778+0000] {dag.py:3722} INFO - Setting next_dagrun for dataset_consumes_unknown_never_scheduled to None, run_after=None
[2023-10-13T01:27:42.785+0000] {logging_mixin.py:151} INFO - [2023-10-13T01:27:42.785+0000] {dag.py:3722} INFO - Setting next_dagrun for dataset_produces_1 to 2023-10-12T00:00:00+00:00, run_after=2023-10-13T00:00:00+00:00
[2023-10-13T01:27:42.787+0000] {logging_mixin.py:151} INFO - [2023-10-13T01:27:42.787+0000] {dag.py:3722} INFO - Setting next_dagrun for dataset_produces_2 to None, run_after=None
[2023-10-13T01:27:42.838+0000] {processor.py:179} INFO - Processing /home/airflow/.local/lib/python3.8/site-packages/airflow/example_dags/example_datasets.py took 0.150 seconds
