[2023-10-13T00:52:56.210+0000] {processor.py:157} INFO - Started process (PID=76) to work on /home/airflow/.local/lib/python3.8/site-packages/airflow/example_dags/example_trigger_target_dag.py
[2023-10-13T00:52:56.211+0000] {processor.py:829} INFO - Processing file /home/airflow/.local/lib/python3.8/site-packages/airflow/example_dags/example_trigger_target_dag.py for tasks to queue
[2023-10-13T00:52:56.214+0000] {logging_mixin.py:151} INFO - [2023-10-13T00:52:56.213+0000] {dagbag.py:536} INFO - Filling up the DagBag from /home/airflow/.local/lib/python3.8/site-packages/airflow/example_dags/example_trigger_target_dag.py
[2023-10-13T00:52:56.223+0000] {processor.py:839} INFO - DAG(s) dict_keys(['example_trigger_target_dag']) retrieved from /home/airflow/.local/lib/python3.8/site-packages/airflow/example_dags/example_trigger_target_dag.py
[2023-10-13T00:52:56.254+0000] {logging_mixin.py:151} INFO - [2023-10-13T00:52:56.254+0000] {dag.py:2941} INFO - Sync 1 DAGs
[2023-10-13T00:52:56.272+0000] {logging_mixin.py:151} INFO - [2023-10-13T00:52:56.272+0000] {dag.py:3722} INFO - Setting next_dagrun for example_trigger_target_dag to None, run_after=None
[2023-10-13T00:52:56.738+0000] {processor.py:179} INFO - Processing /home/airflow/.local/lib/python3.8/site-packages/airflow/example_dags/example_trigger_target_dag.py took 0.533 seconds
[2023-10-13T00:53:27.590+0000] {processor.py:157} INFO - Started process (PID=129) to work on /home/airflow/.local/lib/python3.8/site-packages/airflow/example_dags/example_trigger_target_dag.py
[2023-10-13T00:53:27.592+0000] {processor.py:829} INFO - Processing file /home/airflow/.local/lib/python3.8/site-packages/airflow/example_dags/example_trigger_target_dag.py for tasks to queue
[2023-10-13T00:53:27.595+0000] {logging_mixin.py:151} INFO - [2023-10-13T00:53:27.594+0000] {dagbag.py:536} INFO - Filling up the DagBag from /home/airflow/.local/lib/python3.8/site-packages/airflow/example_dags/example_trigger_target_dag.py
[2023-10-13T00:53:27.607+0000] {processor.py:839} INFO - DAG(s) dict_keys(['example_trigger_target_dag']) retrieved from /home/airflow/.local/lib/python3.8/site-packages/airflow/example_dags/example_trigger_target_dag.py
[2023-10-13T00:53:27.664+0000] {logging_mixin.py:151} INFO - [2023-10-13T00:53:27.664+0000] {dag.py:2941} INFO - Sync 1 DAGs
[2023-10-13T00:53:27.684+0000] {logging_mixin.py:151} INFO - [2023-10-13T00:53:27.684+0000] {dag.py:3722} INFO - Setting next_dagrun for example_trigger_target_dag to None, run_after=None
[2023-10-13T00:53:27.739+0000] {processor.py:179} INFO - Processing /home/airflow/.local/lib/python3.8/site-packages/airflow/example_dags/example_trigger_target_dag.py took 0.166 seconds
[2023-10-13T00:53:58.096+0000] {processor.py:157} INFO - Started process (PID=184) to work on /home/airflow/.local/lib/python3.8/site-packages/airflow/example_dags/example_trigger_target_dag.py
[2023-10-13T00:53:58.130+0000] {processor.py:829} INFO - Processing file /home/airflow/.local/lib/python3.8/site-packages/airflow/example_dags/example_trigger_target_dag.py for tasks to queue
[2023-10-13T00:53:58.135+0000] {logging_mixin.py:151} INFO - [2023-10-13T00:53:58.135+0000] {dagbag.py:536} INFO - Filling up the DagBag from /home/airflow/.local/lib/python3.8/site-packages/airflow/example_dags/example_trigger_target_dag.py
[2023-10-13T00:53:58.143+0000] {processor.py:839} INFO - DAG(s) dict_keys(['example_trigger_target_dag']) retrieved from /home/airflow/.local/lib/python3.8/site-packages/airflow/example_dags/example_trigger_target_dag.py
[2023-10-13T00:53:58.181+0000] {logging_mixin.py:151} INFO - [2023-10-13T00:53:58.180+0000] {dag.py:2941} INFO - Sync 1 DAGs
[2023-10-13T00:53:58.207+0000] {logging_mixin.py:151} INFO - [2023-10-13T00:53:58.207+0000] {dag.py:3722} INFO - Setting next_dagrun for example_trigger_target_dag to None, run_after=None
[2023-10-13T00:53:58.340+0000] {processor.py:179} INFO - Processing /home/airflow/.local/lib/python3.8/site-packages/airflow/example_dags/example_trigger_target_dag.py took 0.249 seconds
[2023-10-13T00:54:28.630+0000] {processor.py:157} INFO - Started process (PID=238) to work on /home/airflow/.local/lib/python3.8/site-packages/airflow/example_dags/example_trigger_target_dag.py
[2023-10-13T00:54:28.632+0000] {processor.py:829} INFO - Processing file /home/airflow/.local/lib/python3.8/site-packages/airflow/example_dags/example_trigger_target_dag.py for tasks to queue
[2023-10-13T00:54:28.638+0000] {logging_mixin.py:151} INFO - [2023-10-13T00:54:28.638+0000] {dagbag.py:536} INFO - Filling up the DagBag from /home/airflow/.local/lib/python3.8/site-packages/airflow/example_dags/example_trigger_target_dag.py
[2023-10-13T00:54:28.652+0000] {processor.py:839} INFO - DAG(s) dict_keys(['example_trigger_target_dag']) retrieved from /home/airflow/.local/lib/python3.8/site-packages/airflow/example_dags/example_trigger_target_dag.py
[2023-10-13T00:54:28.697+0000] {logging_mixin.py:151} INFO - [2023-10-13T00:54:28.695+0000] {dag.py:2941} INFO - Sync 1 DAGs
[2023-10-13T00:54:28.728+0000] {logging_mixin.py:151} INFO - [2023-10-13T00:54:28.728+0000] {dag.py:3722} INFO - Setting next_dagrun for example_trigger_target_dag to None, run_after=None
[2023-10-13T00:54:28.779+0000] {processor.py:179} INFO - Processing /home/airflow/.local/lib/python3.8/site-packages/airflow/example_dags/example_trigger_target_dag.py took 0.155 seconds
[2023-10-13T00:54:59.805+0000] {processor.py:157} INFO - Started process (PID=292) to work on /home/airflow/.local/lib/python3.8/site-packages/airflow/example_dags/example_trigger_target_dag.py
[2023-10-13T00:54:59.807+0000] {processor.py:829} INFO - Processing file /home/airflow/.local/lib/python3.8/site-packages/airflow/example_dags/example_trigger_target_dag.py for tasks to queue
[2023-10-13T00:54:59.810+0000] {logging_mixin.py:151} INFO - [2023-10-13T00:54:59.809+0000] {dagbag.py:536} INFO - Filling up the DagBag from /home/airflow/.local/lib/python3.8/site-packages/airflow/example_dags/example_trigger_target_dag.py
[2023-10-13T00:54:59.824+0000] {processor.py:839} INFO - DAG(s) dict_keys(['example_trigger_target_dag']) retrieved from /home/airflow/.local/lib/python3.8/site-packages/airflow/example_dags/example_trigger_target_dag.py
[2023-10-13T00:54:59.875+0000] {logging_mixin.py:151} INFO - [2023-10-13T00:54:59.875+0000] {dag.py:2941} INFO - Sync 1 DAGs
[2023-10-13T00:54:59.909+0000] {logging_mixin.py:151} INFO - [2023-10-13T00:54:59.909+0000] {dag.py:3722} INFO - Setting next_dagrun for example_trigger_target_dag to None, run_after=None
[2023-10-13T00:54:59.974+0000] {processor.py:179} INFO - Processing /home/airflow/.local/lib/python3.8/site-packages/airflow/example_dags/example_trigger_target_dag.py took 0.175 seconds
[2023-10-13T00:55:30.659+0000] {processor.py:157} INFO - Started process (PID=346) to work on /home/airflow/.local/lib/python3.8/site-packages/airflow/example_dags/example_trigger_target_dag.py
[2023-10-13T00:55:30.662+0000] {processor.py:829} INFO - Processing file /home/airflow/.local/lib/python3.8/site-packages/airflow/example_dags/example_trigger_target_dag.py for tasks to queue
[2023-10-13T00:55:30.665+0000] {logging_mixin.py:151} INFO - [2023-10-13T00:55:30.664+0000] {dagbag.py:536} INFO - Filling up the DagBag from /home/airflow/.local/lib/python3.8/site-packages/airflow/example_dags/example_trigger_target_dag.py
[2023-10-13T00:55:30.692+0000] {processor.py:839} INFO - DAG(s) dict_keys(['example_trigger_target_dag']) retrieved from /home/airflow/.local/lib/python3.8/site-packages/airflow/example_dags/example_trigger_target_dag.py
[2023-10-13T00:55:30.748+0000] {logging_mixin.py:151} INFO - [2023-10-13T00:55:30.748+0000] {dag.py:2941} INFO - Sync 1 DAGs
[2023-10-13T00:55:30.779+0000] {logging_mixin.py:151} INFO - [2023-10-13T00:55:30.778+0000] {dag.py:3722} INFO - Setting next_dagrun for example_trigger_target_dag to None, run_after=None
[2023-10-13T00:55:30.827+0000] {processor.py:179} INFO - Processing /home/airflow/.local/lib/python3.8/site-packages/airflow/example_dags/example_trigger_target_dag.py took 0.172 seconds
[2023-10-13T01:14:48.347+0000] {processor.py:157} INFO - Started process (PID=70) to work on /home/airflow/.local/lib/python3.8/site-packages/airflow/example_dags/example_trigger_target_dag.py
[2023-10-13T01:14:48.348+0000] {processor.py:829} INFO - Processing file /home/airflow/.local/lib/python3.8/site-packages/airflow/example_dags/example_trigger_target_dag.py for tasks to queue
[2023-10-13T01:14:48.352+0000] {logging_mixin.py:151} INFO - [2023-10-13T01:14:48.351+0000] {dagbag.py:536} INFO - Filling up the DagBag from /home/airflow/.local/lib/python3.8/site-packages/airflow/example_dags/example_trigger_target_dag.py
[2023-10-13T01:14:48.364+0000] {processor.py:839} INFO - DAG(s) dict_keys(['example_trigger_target_dag']) retrieved from /home/airflow/.local/lib/python3.8/site-packages/airflow/example_dags/example_trigger_target_dag.py
[2023-10-13T01:14:48.397+0000] {logging_mixin.py:151} INFO - [2023-10-13T01:14:48.397+0000] {dag.py:2941} INFO - Sync 1 DAGs
[2023-10-13T01:14:48.416+0000] {logging_mixin.py:151} INFO - [2023-10-13T01:14:48.416+0000] {dag.py:3722} INFO - Setting next_dagrun for example_trigger_target_dag to None, run_after=None
[2023-10-13T01:14:48.453+0000] {processor.py:179} INFO - Processing /home/airflow/.local/lib/python3.8/site-packages/airflow/example_dags/example_trigger_target_dag.py took 0.111 seconds
[2023-10-13T01:15:18.924+0000] {processor.py:157} INFO - Started process (PID=125) to work on /home/airflow/.local/lib/python3.8/site-packages/airflow/example_dags/example_trigger_target_dag.py
[2023-10-13T01:15:18.925+0000] {processor.py:829} INFO - Processing file /home/airflow/.local/lib/python3.8/site-packages/airflow/example_dags/example_trigger_target_dag.py for tasks to queue
[2023-10-13T01:15:18.928+0000] {logging_mixin.py:151} INFO - [2023-10-13T01:15:18.927+0000] {dagbag.py:536} INFO - Filling up the DagBag from /home/airflow/.local/lib/python3.8/site-packages/airflow/example_dags/example_trigger_target_dag.py
[2023-10-13T01:15:18.934+0000] {processor.py:839} INFO - DAG(s) dict_keys(['example_trigger_target_dag']) retrieved from /home/airflow/.local/lib/python3.8/site-packages/airflow/example_dags/example_trigger_target_dag.py
[2023-10-13T01:15:18.963+0000] {logging_mixin.py:151} INFO - [2023-10-13T01:15:18.963+0000] {dag.py:2941} INFO - Sync 1 DAGs
[2023-10-13T01:15:18.987+0000] {logging_mixin.py:151} INFO - [2023-10-13T01:15:18.987+0000] {dag.py:3722} INFO - Setting next_dagrun for example_trigger_target_dag to None, run_after=None
[2023-10-13T01:15:19.017+0000] {processor.py:179} INFO - Processing /home/airflow/.local/lib/python3.8/site-packages/airflow/example_dags/example_trigger_target_dag.py took 0.102 seconds
[2023-10-13T01:15:50.261+0000] {processor.py:157} INFO - Started process (PID=180) to work on /home/airflow/.local/lib/python3.8/site-packages/airflow/example_dags/example_trigger_target_dag.py
[2023-10-13T01:15:50.262+0000] {processor.py:829} INFO - Processing file /home/airflow/.local/lib/python3.8/site-packages/airflow/example_dags/example_trigger_target_dag.py for tasks to queue
[2023-10-13T01:15:50.265+0000] {logging_mixin.py:151} INFO - [2023-10-13T01:15:50.265+0000] {dagbag.py:536} INFO - Filling up the DagBag from /home/airflow/.local/lib/python3.8/site-packages/airflow/example_dags/example_trigger_target_dag.py
[2023-10-13T01:15:50.273+0000] {processor.py:839} INFO - DAG(s) dict_keys(['example_trigger_target_dag']) retrieved from /home/airflow/.local/lib/python3.8/site-packages/airflow/example_dags/example_trigger_target_dag.py
[2023-10-13T01:15:50.300+0000] {logging_mixin.py:151} INFO - [2023-10-13T01:15:50.300+0000] {dag.py:2941} INFO - Sync 1 DAGs
[2023-10-13T01:15:50.322+0000] {logging_mixin.py:151} INFO - [2023-10-13T01:15:50.322+0000] {dag.py:3722} INFO - Setting next_dagrun for example_trigger_target_dag to None, run_after=None
[2023-10-13T01:15:50.379+0000] {processor.py:179} INFO - Processing /home/airflow/.local/lib/python3.8/site-packages/airflow/example_dags/example_trigger_target_dag.py took 0.122 seconds
[2023-10-13T01:16:21.663+0000] {processor.py:157} INFO - Started process (PID=233) to work on /home/airflow/.local/lib/python3.8/site-packages/airflow/example_dags/example_trigger_target_dag.py
[2023-10-13T01:16:21.667+0000] {processor.py:829} INFO - Processing file /home/airflow/.local/lib/python3.8/site-packages/airflow/example_dags/example_trigger_target_dag.py for tasks to queue
[2023-10-13T01:16:21.673+0000] {logging_mixin.py:151} INFO - [2023-10-13T01:16:21.672+0000] {dagbag.py:536} INFO - Filling up the DagBag from /home/airflow/.local/lib/python3.8/site-packages/airflow/example_dags/example_trigger_target_dag.py
[2023-10-13T01:16:21.687+0000] {processor.py:839} INFO - DAG(s) dict_keys(['example_trigger_target_dag']) retrieved from /home/airflow/.local/lib/python3.8/site-packages/airflow/example_dags/example_trigger_target_dag.py
[2023-10-13T01:16:21.739+0000] {logging_mixin.py:151} INFO - [2023-10-13T01:16:21.738+0000] {dag.py:2941} INFO - Sync 1 DAGs
[2023-10-13T01:16:21.796+0000] {logging_mixin.py:151} INFO - [2023-10-13T01:16:21.795+0000] {dag.py:3722} INFO - Setting next_dagrun for example_trigger_target_dag to None, run_after=None
[2023-10-13T01:16:21.901+0000] {processor.py:179} INFO - Processing /home/airflow/.local/lib/python3.8/site-packages/airflow/example_dags/example_trigger_target_dag.py took 0.243 seconds
[2023-10-13T01:16:52.488+0000] {processor.py:157} INFO - Started process (PID=288) to work on /home/airflow/.local/lib/python3.8/site-packages/airflow/example_dags/example_trigger_target_dag.py
[2023-10-13T01:16:52.489+0000] {processor.py:829} INFO - Processing file /home/airflow/.local/lib/python3.8/site-packages/airflow/example_dags/example_trigger_target_dag.py for tasks to queue
[2023-10-13T01:16:52.491+0000] {logging_mixin.py:151} INFO - [2023-10-13T01:16:52.491+0000] {dagbag.py:536} INFO - Filling up the DagBag from /home/airflow/.local/lib/python3.8/site-packages/airflow/example_dags/example_trigger_target_dag.py
[2023-10-13T01:16:52.497+0000] {processor.py:839} INFO - DAG(s) dict_keys(['example_trigger_target_dag']) retrieved from /home/airflow/.local/lib/python3.8/site-packages/airflow/example_dags/example_trigger_target_dag.py
[2023-10-13T01:16:52.529+0000] {logging_mixin.py:151} INFO - [2023-10-13T01:16:52.529+0000] {dag.py:2941} INFO - Sync 1 DAGs
[2023-10-13T01:16:52.545+0000] {logging_mixin.py:151} INFO - [2023-10-13T01:16:52.545+0000] {dag.py:3722} INFO - Setting next_dagrun for example_trigger_target_dag to None, run_after=None
[2023-10-13T01:16:52.582+0000] {processor.py:179} INFO - Processing /home/airflow/.local/lib/python3.8/site-packages/airflow/example_dags/example_trigger_target_dag.py took 0.098 seconds
[2023-10-13T01:17:22.945+0000] {processor.py:157} INFO - Started process (PID=342) to work on /home/airflow/.local/lib/python3.8/site-packages/airflow/example_dags/example_trigger_target_dag.py
[2023-10-13T01:17:22.963+0000] {processor.py:829} INFO - Processing file /home/airflow/.local/lib/python3.8/site-packages/airflow/example_dags/example_trigger_target_dag.py for tasks to queue
[2023-10-13T01:17:22.966+0000] {logging_mixin.py:151} INFO - [2023-10-13T01:17:22.966+0000] {dagbag.py:536} INFO - Filling up the DagBag from /home/airflow/.local/lib/python3.8/site-packages/airflow/example_dags/example_trigger_target_dag.py
[2023-10-13T01:17:22.974+0000] {processor.py:839} INFO - DAG(s) dict_keys(['example_trigger_target_dag']) retrieved from /home/airflow/.local/lib/python3.8/site-packages/airflow/example_dags/example_trigger_target_dag.py
[2023-10-13T01:17:23.004+0000] {logging_mixin.py:151} INFO - [2023-10-13T01:17:23.004+0000] {dag.py:2941} INFO - Sync 1 DAGs
[2023-10-13T01:17:23.026+0000] {logging_mixin.py:151} INFO - [2023-10-13T01:17:23.026+0000] {dag.py:3722} INFO - Setting next_dagrun for example_trigger_target_dag to None, run_after=None
[2023-10-13T01:17:23.064+0000] {processor.py:179} INFO - Processing /home/airflow/.local/lib/python3.8/site-packages/airflow/example_dags/example_trigger_target_dag.py took 0.124 seconds
[2023-10-13T01:17:53.669+0000] {processor.py:157} INFO - Started process (PID=398) to work on /home/airflow/.local/lib/python3.8/site-packages/airflow/example_dags/example_trigger_target_dag.py
[2023-10-13T01:17:53.689+0000] {processor.py:829} INFO - Processing file /home/airflow/.local/lib/python3.8/site-packages/airflow/example_dags/example_trigger_target_dag.py for tasks to queue
[2023-10-13T01:17:53.699+0000] {logging_mixin.py:151} INFO - [2023-10-13T01:17:53.697+0000] {dagbag.py:536} INFO - Filling up the DagBag from /home/airflow/.local/lib/python3.8/site-packages/airflow/example_dags/example_trigger_target_dag.py
[2023-10-13T01:17:53.718+0000] {processor.py:839} INFO - DAG(s) dict_keys(['example_trigger_target_dag']) retrieved from /home/airflow/.local/lib/python3.8/site-packages/airflow/example_dags/example_trigger_target_dag.py
[2023-10-13T01:17:53.795+0000] {logging_mixin.py:151} INFO - [2023-10-13T01:17:53.795+0000] {dag.py:2941} INFO - Sync 1 DAGs
[2023-10-13T01:17:53.858+0000] {logging_mixin.py:151} INFO - [2023-10-13T01:17:53.857+0000] {dag.py:3722} INFO - Setting next_dagrun for example_trigger_target_dag to None, run_after=None
[2023-10-13T01:17:53.983+0000] {processor.py:179} INFO - Processing /home/airflow/.local/lib/python3.8/site-packages/airflow/example_dags/example_trigger_target_dag.py took 0.318 seconds
[2023-10-13T01:18:24.864+0000] {processor.py:157} INFO - Started process (PID=453) to work on /home/airflow/.local/lib/python3.8/site-packages/airflow/example_dags/example_trigger_target_dag.py
[2023-10-13T01:18:24.866+0000] {processor.py:829} INFO - Processing file /home/airflow/.local/lib/python3.8/site-packages/airflow/example_dags/example_trigger_target_dag.py for tasks to queue
[2023-10-13T01:18:24.870+0000] {logging_mixin.py:151} INFO - [2023-10-13T01:18:24.870+0000] {dagbag.py:536} INFO - Filling up the DagBag from /home/airflow/.local/lib/python3.8/site-packages/airflow/example_dags/example_trigger_target_dag.py
[2023-10-13T01:18:24.882+0000] {processor.py:839} INFO - DAG(s) dict_keys(['example_trigger_target_dag']) retrieved from /home/airflow/.local/lib/python3.8/site-packages/airflow/example_dags/example_trigger_target_dag.py
[2023-10-13T01:18:24.928+0000] {logging_mixin.py:151} INFO - [2023-10-13T01:18:24.927+0000] {dag.py:2941} INFO - Sync 1 DAGs
[2023-10-13T01:18:24.959+0000] {logging_mixin.py:151} INFO - [2023-10-13T01:18:24.959+0000] {dag.py:3722} INFO - Setting next_dagrun for example_trigger_target_dag to None, run_after=None
[2023-10-13T01:18:25.046+0000] {processor.py:179} INFO - Processing /home/airflow/.local/lib/python3.8/site-packages/airflow/example_dags/example_trigger_target_dag.py took 0.192 seconds
[2023-10-13T01:18:55.884+0000] {processor.py:157} INFO - Started process (PID=508) to work on /home/airflow/.local/lib/python3.8/site-packages/airflow/example_dags/example_trigger_target_dag.py
[2023-10-13T01:18:55.901+0000] {processor.py:829} INFO - Processing file /home/airflow/.local/lib/python3.8/site-packages/airflow/example_dags/example_trigger_target_dag.py for tasks to queue
[2023-10-13T01:18:55.903+0000] {logging_mixin.py:151} INFO - [2023-10-13T01:18:55.902+0000] {dagbag.py:536} INFO - Filling up the DagBag from /home/airflow/.local/lib/python3.8/site-packages/airflow/example_dags/example_trigger_target_dag.py
[2023-10-13T01:18:55.909+0000] {processor.py:839} INFO - DAG(s) dict_keys(['example_trigger_target_dag']) retrieved from /home/airflow/.local/lib/python3.8/site-packages/airflow/example_dags/example_trigger_target_dag.py
[2023-10-13T01:18:55.936+0000] {logging_mixin.py:151} INFO - [2023-10-13T01:18:55.936+0000] {dag.py:2941} INFO - Sync 1 DAGs
[2023-10-13T01:18:55.954+0000] {logging_mixin.py:151} INFO - [2023-10-13T01:18:55.954+0000] {dag.py:3722} INFO - Setting next_dagrun for example_trigger_target_dag to None, run_after=None
[2023-10-13T01:18:55.996+0000] {processor.py:179} INFO - Processing /home/airflow/.local/lib/python3.8/site-packages/airflow/example_dags/example_trigger_target_dag.py took 0.116 seconds
[2023-10-13T01:19:26.791+0000] {processor.py:157} INFO - Started process (PID=563) to work on /home/airflow/.local/lib/python3.8/site-packages/airflow/example_dags/example_trigger_target_dag.py
[2023-10-13T01:19:26.792+0000] {processor.py:829} INFO - Processing file /home/airflow/.local/lib/python3.8/site-packages/airflow/example_dags/example_trigger_target_dag.py for tasks to queue
[2023-10-13T01:19:26.794+0000] {logging_mixin.py:151} INFO - [2023-10-13T01:19:26.794+0000] {dagbag.py:536} INFO - Filling up the DagBag from /home/airflow/.local/lib/python3.8/site-packages/airflow/example_dags/example_trigger_target_dag.py
[2023-10-13T01:19:26.802+0000] {processor.py:839} INFO - DAG(s) dict_keys(['example_trigger_target_dag']) retrieved from /home/airflow/.local/lib/python3.8/site-packages/airflow/example_dags/example_trigger_target_dag.py
[2023-10-13T01:19:26.829+0000] {logging_mixin.py:151} INFO - [2023-10-13T01:19:26.829+0000] {dag.py:2941} INFO - Sync 1 DAGs
[2023-10-13T01:19:26.848+0000] {logging_mixin.py:151} INFO - [2023-10-13T01:19:26.848+0000] {dag.py:3722} INFO - Setting next_dagrun for example_trigger_target_dag to None, run_after=None
[2023-10-13T01:19:26.876+0000] {processor.py:179} INFO - Processing /home/airflow/.local/lib/python3.8/site-packages/airflow/example_dags/example_trigger_target_dag.py took 0.089 seconds
[2023-10-13T01:19:57.274+0000] {processor.py:157} INFO - Started process (PID=618) to work on /home/airflow/.local/lib/python3.8/site-packages/airflow/example_dags/example_trigger_target_dag.py
[2023-10-13T01:19:57.276+0000] {processor.py:829} INFO - Processing file /home/airflow/.local/lib/python3.8/site-packages/airflow/example_dags/example_trigger_target_dag.py for tasks to queue
[2023-10-13T01:19:57.279+0000] {logging_mixin.py:151} INFO - [2023-10-13T01:19:57.279+0000] {dagbag.py:536} INFO - Filling up the DagBag from /home/airflow/.local/lib/python3.8/site-packages/airflow/example_dags/example_trigger_target_dag.py
[2023-10-13T01:19:57.286+0000] {processor.py:839} INFO - DAG(s) dict_keys(['example_trigger_target_dag']) retrieved from /home/airflow/.local/lib/python3.8/site-packages/airflow/example_dags/example_trigger_target_dag.py
[2023-10-13T01:19:57.313+0000] {logging_mixin.py:151} INFO - [2023-10-13T01:19:57.313+0000] {dag.py:2941} INFO - Sync 1 DAGs
[2023-10-13T01:19:57.329+0000] {logging_mixin.py:151} INFO - [2023-10-13T01:19:57.328+0000] {dag.py:3722} INFO - Setting next_dagrun for example_trigger_target_dag to None, run_after=None
[2023-10-13T01:19:57.356+0000] {processor.py:179} INFO - Processing /home/airflow/.local/lib/python3.8/site-packages/airflow/example_dags/example_trigger_target_dag.py took 0.087 seconds
[2023-10-13T01:20:28.204+0000] {processor.py:157} INFO - Started process (PID=673) to work on /home/airflow/.local/lib/python3.8/site-packages/airflow/example_dags/example_trigger_target_dag.py
[2023-10-13T01:20:28.205+0000] {processor.py:829} INFO - Processing file /home/airflow/.local/lib/python3.8/site-packages/airflow/example_dags/example_trigger_target_dag.py for tasks to queue
[2023-10-13T01:20:28.208+0000] {logging_mixin.py:151} INFO - [2023-10-13T01:20:28.208+0000] {dagbag.py:536} INFO - Filling up the DagBag from /home/airflow/.local/lib/python3.8/site-packages/airflow/example_dags/example_trigger_target_dag.py
[2023-10-13T01:20:28.218+0000] {processor.py:839} INFO - DAG(s) dict_keys(['example_trigger_target_dag']) retrieved from /home/airflow/.local/lib/python3.8/site-packages/airflow/example_dags/example_trigger_target_dag.py
[2023-10-13T01:20:28.258+0000] {logging_mixin.py:151} INFO - [2023-10-13T01:20:28.258+0000] {dag.py:2941} INFO - Sync 1 DAGs
[2023-10-13T01:20:28.284+0000] {logging_mixin.py:151} INFO - [2023-10-13T01:20:28.283+0000] {dag.py:3722} INFO - Setting next_dagrun for example_trigger_target_dag to None, run_after=None
[2023-10-13T01:20:28.335+0000] {processor.py:179} INFO - Processing /home/airflow/.local/lib/python3.8/site-packages/airflow/example_dags/example_trigger_target_dag.py took 0.135 seconds
[2023-10-13T01:20:59.401+0000] {processor.py:157} INFO - Started process (PID=736) to work on /home/airflow/.local/lib/python3.8/site-packages/airflow/example_dags/example_trigger_target_dag.py
[2023-10-13T01:20:59.405+0000] {processor.py:829} INFO - Processing file /home/airflow/.local/lib/python3.8/site-packages/airflow/example_dags/example_trigger_target_dag.py for tasks to queue
[2023-10-13T01:20:59.409+0000] {logging_mixin.py:151} INFO - [2023-10-13T01:20:59.409+0000] {dagbag.py:536} INFO - Filling up the DagBag from /home/airflow/.local/lib/python3.8/site-packages/airflow/example_dags/example_trigger_target_dag.py
[2023-10-13T01:20:59.415+0000] {processor.py:839} INFO - DAG(s) dict_keys(['example_trigger_target_dag']) retrieved from /home/airflow/.local/lib/python3.8/site-packages/airflow/example_dags/example_trigger_target_dag.py
[2023-10-13T01:20:59.446+0000] {logging_mixin.py:151} INFO - [2023-10-13T01:20:59.446+0000] {dag.py:2941} INFO - Sync 1 DAGs
[2023-10-13T01:20:59.477+0000] {logging_mixin.py:151} INFO - [2023-10-13T01:20:59.477+0000] {dag.py:3722} INFO - Setting next_dagrun for example_trigger_target_dag to None, run_after=None
[2023-10-13T01:20:59.529+0000] {processor.py:179} INFO - Processing /home/airflow/.local/lib/python3.8/site-packages/airflow/example_dags/example_trigger_target_dag.py took 0.135 seconds
[2023-10-13T01:21:30.263+0000] {processor.py:157} INFO - Started process (PID=791) to work on /home/airflow/.local/lib/python3.8/site-packages/airflow/example_dags/example_trigger_target_dag.py
[2023-10-13T01:21:30.264+0000] {processor.py:829} INFO - Processing file /home/airflow/.local/lib/python3.8/site-packages/airflow/example_dags/example_trigger_target_dag.py for tasks to queue
[2023-10-13T01:21:30.267+0000] {logging_mixin.py:151} INFO - [2023-10-13T01:21:30.266+0000] {dagbag.py:536} INFO - Filling up the DagBag from /home/airflow/.local/lib/python3.8/site-packages/airflow/example_dags/example_trigger_target_dag.py
[2023-10-13T01:21:30.275+0000] {processor.py:839} INFO - DAG(s) dict_keys(['example_trigger_target_dag']) retrieved from /home/airflow/.local/lib/python3.8/site-packages/airflow/example_dags/example_trigger_target_dag.py
[2023-10-13T01:21:30.302+0000] {logging_mixin.py:151} INFO - [2023-10-13T01:21:30.301+0000] {dag.py:2941} INFO - Sync 1 DAGs
[2023-10-13T01:21:30.320+0000] {logging_mixin.py:151} INFO - [2023-10-13T01:21:30.320+0000] {dag.py:3722} INFO - Setting next_dagrun for example_trigger_target_dag to None, run_after=None
[2023-10-13T01:21:30.357+0000] {processor.py:179} INFO - Processing /home/airflow/.local/lib/python3.8/site-packages/airflow/example_dags/example_trigger_target_dag.py took 0.099 seconds
[2023-10-13T01:22:01.327+0000] {processor.py:157} INFO - Started process (PID=846) to work on /home/airflow/.local/lib/python3.8/site-packages/airflow/example_dags/example_trigger_target_dag.py
[2023-10-13T01:22:01.328+0000] {processor.py:829} INFO - Processing file /home/airflow/.local/lib/python3.8/site-packages/airflow/example_dags/example_trigger_target_dag.py for tasks to queue
[2023-10-13T01:22:01.330+0000] {logging_mixin.py:151} INFO - [2023-10-13T01:22:01.329+0000] {dagbag.py:536} INFO - Filling up the DagBag from /home/airflow/.local/lib/python3.8/site-packages/airflow/example_dags/example_trigger_target_dag.py
[2023-10-13T01:22:01.336+0000] {processor.py:839} INFO - DAG(s) dict_keys(['example_trigger_target_dag']) retrieved from /home/airflow/.local/lib/python3.8/site-packages/airflow/example_dags/example_trigger_target_dag.py
[2023-10-13T01:22:01.365+0000] {logging_mixin.py:151} INFO - [2023-10-13T01:22:01.364+0000] {dag.py:2941} INFO - Sync 1 DAGs
[2023-10-13T01:22:01.390+0000] {logging_mixin.py:151} INFO - [2023-10-13T01:22:01.390+0000] {dag.py:3722} INFO - Setting next_dagrun for example_trigger_target_dag to None, run_after=None
[2023-10-13T01:22:01.432+0000] {processor.py:179} INFO - Processing /home/airflow/.local/lib/python3.8/site-packages/airflow/example_dags/example_trigger_target_dag.py took 0.108 seconds
[2023-10-13T01:24:43.659+0000] {processor.py:157} INFO - Started process (PID=71) to work on /home/airflow/.local/lib/python3.8/site-packages/airflow/example_dags/example_trigger_target_dag.py
[2023-10-13T01:24:43.661+0000] {processor.py:829} INFO - Processing file /home/airflow/.local/lib/python3.8/site-packages/airflow/example_dags/example_trigger_target_dag.py for tasks to queue
[2023-10-13T01:24:43.666+0000] {logging_mixin.py:151} INFO - [2023-10-13T01:24:43.665+0000] {dagbag.py:536} INFO - Filling up the DagBag from /home/airflow/.local/lib/python3.8/site-packages/airflow/example_dags/example_trigger_target_dag.py
[2023-10-13T01:24:43.677+0000] {processor.py:839} INFO - DAG(s) dict_keys(['example_trigger_target_dag']) retrieved from /home/airflow/.local/lib/python3.8/site-packages/airflow/example_dags/example_trigger_target_dag.py
[2023-10-13T01:24:43.711+0000] {logging_mixin.py:151} INFO - [2023-10-13T01:24:43.711+0000] {dag.py:2941} INFO - Sync 1 DAGs
[2023-10-13T01:24:43.739+0000] {logging_mixin.py:151} INFO - [2023-10-13T01:24:43.739+0000] {dag.py:3722} INFO - Setting next_dagrun for example_trigger_target_dag to None, run_after=None
[2023-10-13T01:24:43.776+0000] {processor.py:179} INFO - Processing /home/airflow/.local/lib/python3.8/site-packages/airflow/example_dags/example_trigger_target_dag.py took 0.122 seconds
[2023-10-13T01:25:14.450+0000] {processor.py:157} INFO - Started process (PID=126) to work on /home/airflow/.local/lib/python3.8/site-packages/airflow/example_dags/example_trigger_target_dag.py
[2023-10-13T01:25:14.452+0000] {processor.py:829} INFO - Processing file /home/airflow/.local/lib/python3.8/site-packages/airflow/example_dags/example_trigger_target_dag.py for tasks to queue
[2023-10-13T01:25:14.454+0000] {logging_mixin.py:151} INFO - [2023-10-13T01:25:14.454+0000] {dagbag.py:536} INFO - Filling up the DagBag from /home/airflow/.local/lib/python3.8/site-packages/airflow/example_dags/example_trigger_target_dag.py
[2023-10-13T01:25:14.461+0000] {processor.py:839} INFO - DAG(s) dict_keys(['example_trigger_target_dag']) retrieved from /home/airflow/.local/lib/python3.8/site-packages/airflow/example_dags/example_trigger_target_dag.py
[2023-10-13T01:25:14.484+0000] {logging_mixin.py:151} INFO - [2023-10-13T01:25:14.484+0000] {dag.py:2941} INFO - Sync 1 DAGs
[2023-10-13T01:25:14.501+0000] {logging_mixin.py:151} INFO - [2023-10-13T01:25:14.500+0000] {dag.py:3722} INFO - Setting next_dagrun for example_trigger_target_dag to None, run_after=None
[2023-10-13T01:25:14.527+0000] {processor.py:179} INFO - Processing /home/airflow/.local/lib/python3.8/site-packages/airflow/example_dags/example_trigger_target_dag.py took 0.081 seconds
[2023-10-13T01:25:45.016+0000] {processor.py:157} INFO - Started process (PID=181) to work on /home/airflow/.local/lib/python3.8/site-packages/airflow/example_dags/example_trigger_target_dag.py
[2023-10-13T01:25:45.017+0000] {processor.py:829} INFO - Processing file /home/airflow/.local/lib/python3.8/site-packages/airflow/example_dags/example_trigger_target_dag.py for tasks to queue
[2023-10-13T01:25:45.021+0000] {logging_mixin.py:151} INFO - [2023-10-13T01:25:45.020+0000] {dagbag.py:536} INFO - Filling up the DagBag from /home/airflow/.local/lib/python3.8/site-packages/airflow/example_dags/example_trigger_target_dag.py
[2023-10-13T01:25:45.031+0000] {processor.py:839} INFO - DAG(s) dict_keys(['example_trigger_target_dag']) retrieved from /home/airflow/.local/lib/python3.8/site-packages/airflow/example_dags/example_trigger_target_dag.py
[2023-10-13T01:25:45.056+0000] {logging_mixin.py:151} INFO - [2023-10-13T01:25:45.056+0000] {dag.py:2941} INFO - Sync 1 DAGs
[2023-10-13T01:25:45.077+0000] {logging_mixin.py:151} INFO - [2023-10-13T01:25:45.077+0000] {dag.py:3722} INFO - Setting next_dagrun for example_trigger_target_dag to None, run_after=None
[2023-10-13T01:25:45.123+0000] {processor.py:179} INFO - Processing /home/airflow/.local/lib/python3.8/site-packages/airflow/example_dags/example_trigger_target_dag.py took 0.112 seconds
[2023-10-13T01:26:15.260+0000] {processor.py:157} INFO - Started process (PID=235) to work on /home/airflow/.local/lib/python3.8/site-packages/airflow/example_dags/example_trigger_target_dag.py
[2023-10-13T01:26:15.261+0000] {processor.py:829} INFO - Processing file /home/airflow/.local/lib/python3.8/site-packages/airflow/example_dags/example_trigger_target_dag.py for tasks to queue
[2023-10-13T01:26:15.264+0000] {logging_mixin.py:151} INFO - [2023-10-13T01:26:15.264+0000] {dagbag.py:536} INFO - Filling up the DagBag from /home/airflow/.local/lib/python3.8/site-packages/airflow/example_dags/example_trigger_target_dag.py
[2023-10-13T01:26:15.271+0000] {processor.py:839} INFO - DAG(s) dict_keys(['example_trigger_target_dag']) retrieved from /home/airflow/.local/lib/python3.8/site-packages/airflow/example_dags/example_trigger_target_dag.py
[2023-10-13T01:26:15.296+0000] {logging_mixin.py:151} INFO - [2023-10-13T01:26:15.296+0000] {dag.py:2941} INFO - Sync 1 DAGs
[2023-10-13T01:26:15.314+0000] {logging_mixin.py:151} INFO - [2023-10-13T01:26:15.314+0000] {dag.py:3722} INFO - Setting next_dagrun for example_trigger_target_dag to None, run_after=None
[2023-10-13T01:26:15.342+0000] {processor.py:179} INFO - Processing /home/airflow/.local/lib/python3.8/site-packages/airflow/example_dags/example_trigger_target_dag.py took 0.087 seconds
[2023-10-13T01:26:45.996+0000] {processor.py:157} INFO - Started process (PID=290) to work on /home/airflow/.local/lib/python3.8/site-packages/airflow/example_dags/example_trigger_target_dag.py
[2023-10-13T01:26:45.997+0000] {processor.py:829} INFO - Processing file /home/airflow/.local/lib/python3.8/site-packages/airflow/example_dags/example_trigger_target_dag.py for tasks to queue
[2023-10-13T01:26:46.000+0000] {logging_mixin.py:151} INFO - [2023-10-13T01:26:46.000+0000] {dagbag.py:536} INFO - Filling up the DagBag from /home/airflow/.local/lib/python3.8/site-packages/airflow/example_dags/example_trigger_target_dag.py
[2023-10-13T01:26:46.008+0000] {processor.py:839} INFO - DAG(s) dict_keys(['example_trigger_target_dag']) retrieved from /home/airflow/.local/lib/python3.8/site-packages/airflow/example_dags/example_trigger_target_dag.py
[2023-10-13T01:26:46.039+0000] {logging_mixin.py:151} INFO - [2023-10-13T01:26:46.039+0000] {dag.py:2941} INFO - Sync 1 DAGs
[2023-10-13T01:26:46.063+0000] {logging_mixin.py:151} INFO - [2023-10-13T01:26:46.063+0000] {dag.py:3722} INFO - Setting next_dagrun for example_trigger_target_dag to None, run_after=None
[2023-10-13T01:26:46.111+0000] {processor.py:179} INFO - Processing /home/airflow/.local/lib/python3.8/site-packages/airflow/example_dags/example_trigger_target_dag.py took 0.119 seconds
[2023-10-13T01:27:16.257+0000] {processor.py:157} INFO - Started process (PID=345) to work on /home/airflow/.local/lib/python3.8/site-packages/airflow/example_dags/example_trigger_target_dag.py
[2023-10-13T01:27:16.258+0000] {processor.py:829} INFO - Processing file /home/airflow/.local/lib/python3.8/site-packages/airflow/example_dags/example_trigger_target_dag.py for tasks to queue
[2023-10-13T01:27:16.261+0000] {logging_mixin.py:151} INFO - [2023-10-13T01:27:16.261+0000] {dagbag.py:536} INFO - Filling up the DagBag from /home/airflow/.local/lib/python3.8/site-packages/airflow/example_dags/example_trigger_target_dag.py
[2023-10-13T01:27:16.273+0000] {processor.py:839} INFO - DAG(s) dict_keys(['example_trigger_target_dag']) retrieved from /home/airflow/.local/lib/python3.8/site-packages/airflow/example_dags/example_trigger_target_dag.py
[2023-10-13T01:27:16.313+0000] {logging_mixin.py:151} INFO - [2023-10-13T01:27:16.313+0000] {dag.py:2941} INFO - Sync 1 DAGs
[2023-10-13T01:27:16.330+0000] {logging_mixin.py:151} INFO - [2023-10-13T01:27:16.330+0000] {dag.py:3722} INFO - Setting next_dagrun for example_trigger_target_dag to None, run_after=None
[2023-10-13T01:27:16.362+0000] {processor.py:179} INFO - Processing /home/airflow/.local/lib/python3.8/site-packages/airflow/example_dags/example_trigger_target_dag.py took 0.111 seconds
[2023-10-13T01:27:47.494+0000] {processor.py:157} INFO - Started process (PID=400) to work on /home/airflow/.local/lib/python3.8/site-packages/airflow/example_dags/example_trigger_target_dag.py
[2023-10-13T01:27:47.495+0000] {processor.py:829} INFO - Processing file /home/airflow/.local/lib/python3.8/site-packages/airflow/example_dags/example_trigger_target_dag.py for tasks to queue
[2023-10-13T01:27:47.498+0000] {logging_mixin.py:151} INFO - [2023-10-13T01:27:47.497+0000] {dagbag.py:536} INFO - Filling up the DagBag from /home/airflow/.local/lib/python3.8/site-packages/airflow/example_dags/example_trigger_target_dag.py
[2023-10-13T01:27:47.506+0000] {processor.py:839} INFO - DAG(s) dict_keys(['example_trigger_target_dag']) retrieved from /home/airflow/.local/lib/python3.8/site-packages/airflow/example_dags/example_trigger_target_dag.py
[2023-10-13T01:27:47.538+0000] {logging_mixin.py:151} INFO - [2023-10-13T01:27:47.538+0000] {dag.py:2941} INFO - Sync 1 DAGs
[2023-10-13T01:27:47.557+0000] {logging_mixin.py:151} INFO - [2023-10-13T01:27:47.557+0000] {dag.py:3722} INFO - Setting next_dagrun for example_trigger_target_dag to None, run_after=None
[2023-10-13T01:27:47.599+0000] {processor.py:179} INFO - Processing /home/airflow/.local/lib/python3.8/site-packages/airflow/example_dags/example_trigger_target_dag.py took 0.110 seconds
