[2023-10-13T00:52:46.447+0000] {processor.py:157} INFO - Started process (PID=30) to work on /home/airflow/.local/lib/python3.8/site-packages/airflow/example_dags/example_short_circuit_decorator.py
[2023-10-13T00:52:46.461+0000] {processor.py:829} INFO - Processing file /home/airflow/.local/lib/python3.8/site-packages/airflow/example_dags/example_short_circuit_decorator.py for tasks to queue
[2023-10-13T00:52:46.467+0000] {logging_mixin.py:151} INFO - [2023-10-13T00:52:46.467+0000] {dagbag.py:536} INFO - Filling up the DagBag from /home/airflow/.local/lib/python3.8/site-packages/airflow/example_dags/example_short_circuit_decorator.py
[2023-10-13T00:52:46.534+0000] {processor.py:839} INFO - DAG(s) dict_keys(['example_short_circuit_decorator']) retrieved from /home/airflow/.local/lib/python3.8/site-packages/airflow/example_dags/example_short_circuit_decorator.py
[2023-10-13T00:52:46.699+0000] {logging_mixin.py:151} INFO - [2023-10-13T00:52:46.699+0000] {dag.py:2941} INFO - Sync 1 DAGs
[2023-10-13T00:52:46.763+0000] {logging_mixin.py:151} INFO - [2023-10-13T00:52:46.763+0000] {dag.py:3722} INFO - Setting next_dagrun for example_short_circuit_decorator to 2023-10-12T00:52:46.763325+00:00, run_after=2023-10-13T00:52:46.763325+00:00
[2023-10-13T00:52:46.821+0000] {processor.py:179} INFO - Processing /home/airflow/.local/lib/python3.8/site-packages/airflow/example_dags/example_short_circuit_decorator.py took 0.378 seconds
[2023-10-13T00:53:17.214+0000] {processor.py:157} INFO - Started process (PID=83) to work on /home/airflow/.local/lib/python3.8/site-packages/airflow/example_dags/example_short_circuit_decorator.py
[2023-10-13T00:53:17.215+0000] {processor.py:829} INFO - Processing file /home/airflow/.local/lib/python3.8/site-packages/airflow/example_dags/example_short_circuit_decorator.py for tasks to queue
[2023-10-13T00:53:17.219+0000] {logging_mixin.py:151} INFO - [2023-10-13T00:53:17.219+0000] {dagbag.py:536} INFO - Filling up the DagBag from /home/airflow/.local/lib/python3.8/site-packages/airflow/example_dags/example_short_circuit_decorator.py
[2023-10-13T00:53:17.235+0000] {processor.py:839} INFO - DAG(s) dict_keys(['example_short_circuit_decorator']) retrieved from /home/airflow/.local/lib/python3.8/site-packages/airflow/example_dags/example_short_circuit_decorator.py
[2023-10-13T00:53:17.272+0000] {logging_mixin.py:151} INFO - [2023-10-13T00:53:17.272+0000] {dag.py:2941} INFO - Sync 1 DAGs
[2023-10-13T00:53:17.306+0000] {logging_mixin.py:151} INFO - [2023-10-13T00:53:17.306+0000] {dag.py:3722} INFO - Setting next_dagrun for example_short_circuit_decorator to 2023-10-12T00:53:17.305975+00:00, run_after=2023-10-13T00:53:17.305975+00:00
[2023-10-13T00:53:17.352+0000] {processor.py:179} INFO - Processing /home/airflow/.local/lib/python3.8/site-packages/airflow/example_dags/example_short_circuit_decorator.py took 0.142 seconds
[2023-10-13T00:53:47.388+0000] {processor.py:157} INFO - Started process (PID=136) to work on /home/airflow/.local/lib/python3.8/site-packages/airflow/example_dags/example_short_circuit_decorator.py
[2023-10-13T00:53:47.453+0000] {processor.py:829} INFO - Processing file /home/airflow/.local/lib/python3.8/site-packages/airflow/example_dags/example_short_circuit_decorator.py for tasks to queue
[2023-10-13T00:53:47.456+0000] {logging_mixin.py:151} INFO - [2023-10-13T00:53:47.456+0000] {dagbag.py:536} INFO - Filling up the DagBag from /home/airflow/.local/lib/python3.8/site-packages/airflow/example_dags/example_short_circuit_decorator.py
[2023-10-13T00:53:47.469+0000] {processor.py:839} INFO - DAG(s) dict_keys(['example_short_circuit_decorator']) retrieved from /home/airflow/.local/lib/python3.8/site-packages/airflow/example_dags/example_short_circuit_decorator.py
[2023-10-13T00:53:47.504+0000] {logging_mixin.py:151} INFO - [2023-10-13T00:53:47.504+0000] {dag.py:2941} INFO - Sync 1 DAGs
[2023-10-13T00:53:47.543+0000] {logging_mixin.py:151} INFO - [2023-10-13T00:53:47.543+0000] {dag.py:3722} INFO - Setting next_dagrun for example_short_circuit_decorator to 2023-10-12T00:53:47.542688+00:00, run_after=2023-10-13T00:53:47.542688+00:00
[2023-10-13T00:53:47.602+0000] {processor.py:179} INFO - Processing /home/airflow/.local/lib/python3.8/site-packages/airflow/example_dags/example_short_circuit_decorator.py took 0.220 seconds
[2023-10-13T00:54:17.675+0000] {processor.py:157} INFO - Started process (PID=191) to work on /home/airflow/.local/lib/python3.8/site-packages/airflow/example_dags/example_short_circuit_decorator.py
[2023-10-13T00:54:17.676+0000] {processor.py:829} INFO - Processing file /home/airflow/.local/lib/python3.8/site-packages/airflow/example_dags/example_short_circuit_decorator.py for tasks to queue
[2023-10-13T00:54:17.681+0000] {logging_mixin.py:151} INFO - [2023-10-13T00:54:17.681+0000] {dagbag.py:536} INFO - Filling up the DagBag from /home/airflow/.local/lib/python3.8/site-packages/airflow/example_dags/example_short_circuit_decorator.py
[2023-10-13T00:54:17.706+0000] {processor.py:839} INFO - DAG(s) dict_keys(['example_short_circuit_decorator']) retrieved from /home/airflow/.local/lib/python3.8/site-packages/airflow/example_dags/example_short_circuit_decorator.py
[2023-10-13T00:54:17.772+0000] {logging_mixin.py:151} INFO - [2023-10-13T00:54:17.772+0000] {dag.py:2941} INFO - Sync 1 DAGs
[2023-10-13T00:54:17.842+0000] {logging_mixin.py:151} INFO - [2023-10-13T00:54:17.842+0000] {dag.py:3722} INFO - Setting next_dagrun for example_short_circuit_decorator to 2023-10-12T00:54:17.842322+00:00, run_after=2023-10-13T00:54:17.842322+00:00
[2023-10-13T00:54:17.925+0000] {processor.py:179} INFO - Processing /home/airflow/.local/lib/python3.8/site-packages/airflow/example_dags/example_short_circuit_decorator.py took 0.262 seconds
[2023-10-13T00:54:48.212+0000] {processor.py:157} INFO - Started process (PID=245) to work on /home/airflow/.local/lib/python3.8/site-packages/airflow/example_dags/example_short_circuit_decorator.py
[2023-10-13T00:54:48.275+0000] {processor.py:829} INFO - Processing file /home/airflow/.local/lib/python3.8/site-packages/airflow/example_dags/example_short_circuit_decorator.py for tasks to queue
[2023-10-13T00:54:48.280+0000] {logging_mixin.py:151} INFO - [2023-10-13T00:54:48.279+0000] {dagbag.py:536} INFO - Filling up the DagBag from /home/airflow/.local/lib/python3.8/site-packages/airflow/example_dags/example_short_circuit_decorator.py
[2023-10-13T00:54:48.302+0000] {processor.py:839} INFO - DAG(s) dict_keys(['example_short_circuit_decorator']) retrieved from /home/airflow/.local/lib/python3.8/site-packages/airflow/example_dags/example_short_circuit_decorator.py
[2023-10-13T00:54:48.363+0000] {logging_mixin.py:151} INFO - [2023-10-13T00:54:48.363+0000] {dag.py:2941} INFO - Sync 1 DAGs
[2023-10-13T00:54:48.415+0000] {logging_mixin.py:151} INFO - [2023-10-13T00:54:48.414+0000] {dag.py:3722} INFO - Setting next_dagrun for example_short_circuit_decorator to 2023-10-12T00:54:48.414454+00:00, run_after=2023-10-13T00:54:48.414454+00:00
[2023-10-13T00:54:48.492+0000] {processor.py:179} INFO - Processing /home/airflow/.local/lib/python3.8/site-packages/airflow/example_dags/example_short_circuit_decorator.py took 0.296 seconds
[2023-10-13T00:55:19.130+0000] {processor.py:157} INFO - Started process (PID=299) to work on /home/airflow/.local/lib/python3.8/site-packages/airflow/example_dags/example_short_circuit_decorator.py
[2023-10-13T00:55:19.137+0000] {processor.py:829} INFO - Processing file /home/airflow/.local/lib/python3.8/site-packages/airflow/example_dags/example_short_circuit_decorator.py for tasks to queue
[2023-10-13T00:55:19.142+0000] {logging_mixin.py:151} INFO - [2023-10-13T00:55:19.141+0000] {dagbag.py:536} INFO - Filling up the DagBag from /home/airflow/.local/lib/python3.8/site-packages/airflow/example_dags/example_short_circuit_decorator.py
[2023-10-13T00:55:19.167+0000] {processor.py:839} INFO - DAG(s) dict_keys(['example_short_circuit_decorator']) retrieved from /home/airflow/.local/lib/python3.8/site-packages/airflow/example_dags/example_short_circuit_decorator.py
[2023-10-13T00:55:19.236+0000] {logging_mixin.py:151} INFO - [2023-10-13T00:55:19.236+0000] {dag.py:2941} INFO - Sync 1 DAGs
[2023-10-13T00:55:19.300+0000] {logging_mixin.py:151} INFO - [2023-10-13T00:55:19.299+0000] {dag.py:3722} INFO - Setting next_dagrun for example_short_circuit_decorator to 2023-10-12T00:55:19.298651+00:00, run_after=2023-10-13T00:55:19.298651+00:00
[2023-10-13T00:55:19.390+0000] {processor.py:179} INFO - Processing /home/airflow/.local/lib/python3.8/site-packages/airflow/example_dags/example_short_circuit_decorator.py took 0.269 seconds
[2023-10-13T01:14:42.486+0000] {processor.py:157} INFO - Started process (PID=30) to work on /home/airflow/.local/lib/python3.8/site-packages/airflow/example_dags/example_short_circuit_decorator.py
[2023-10-13T01:14:42.504+0000] {processor.py:829} INFO - Processing file /home/airflow/.local/lib/python3.8/site-packages/airflow/example_dags/example_short_circuit_decorator.py for tasks to queue
[2023-10-13T01:14:42.511+0000] {logging_mixin.py:151} INFO - [2023-10-13T01:14:42.510+0000] {dagbag.py:536} INFO - Filling up the DagBag from /home/airflow/.local/lib/python3.8/site-packages/airflow/example_dags/example_short_circuit_decorator.py
[2023-10-13T01:14:42.554+0000] {processor.py:839} INFO - DAG(s) dict_keys(['example_short_circuit_decorator']) retrieved from /home/airflow/.local/lib/python3.8/site-packages/airflow/example_dags/example_short_circuit_decorator.py
[2023-10-13T01:14:42.649+0000] {logging_mixin.py:151} INFO - [2023-10-13T01:14:42.649+0000] {dag.py:2941} INFO - Sync 1 DAGs
[2023-10-13T01:14:42.679+0000] {logging_mixin.py:151} INFO - [2023-10-13T01:14:42.679+0000] {dag.py:3722} INFO - Setting next_dagrun for example_short_circuit_decorator to 2023-10-12T01:14:42.678801+00:00, run_after=2023-10-13T01:14:42.678801+00:00
[2023-10-13T01:14:42.809+0000] {processor.py:179} INFO - Processing /home/airflow/.local/lib/python3.8/site-packages/airflow/example_dags/example_short_circuit_decorator.py took 0.339 seconds
[2023-10-13T01:15:12.908+0000] {processor.py:157} INFO - Started process (PID=85) to work on /home/airflow/.local/lib/python3.8/site-packages/airflow/example_dags/example_short_circuit_decorator.py
[2023-10-13T01:15:12.925+0000] {processor.py:829} INFO - Processing file /home/airflow/.local/lib/python3.8/site-packages/airflow/example_dags/example_short_circuit_decorator.py for tasks to queue
[2023-10-13T01:15:12.929+0000] {logging_mixin.py:151} INFO - [2023-10-13T01:15:12.928+0000] {dagbag.py:536} INFO - Filling up the DagBag from /home/airflow/.local/lib/python3.8/site-packages/airflow/example_dags/example_short_circuit_decorator.py
[2023-10-13T01:15:12.940+0000] {processor.py:839} INFO - DAG(s) dict_keys(['example_short_circuit_decorator']) retrieved from /home/airflow/.local/lib/python3.8/site-packages/airflow/example_dags/example_short_circuit_decorator.py
[2023-10-13T01:15:12.970+0000] {logging_mixin.py:151} INFO - [2023-10-13T01:15:12.970+0000] {dag.py:2941} INFO - Sync 1 DAGs
[2023-10-13T01:15:13.000+0000] {logging_mixin.py:151} INFO - [2023-10-13T01:15:13.000+0000] {dag.py:3722} INFO - Setting next_dagrun for example_short_circuit_decorator to 2023-10-12T01:15:12.999894+00:00, run_after=2023-10-13T01:15:12.999894+00:00
[2023-10-13T01:15:13.039+0000] {processor.py:179} INFO - Processing /home/airflow/.local/lib/python3.8/site-packages/airflow/example_dags/example_short_circuit_decorator.py took 0.134 seconds
[2023-10-13T01:15:43.341+0000] {processor.py:157} INFO - Started process (PID=139) to work on /home/airflow/.local/lib/python3.8/site-packages/airflow/example_dags/example_short_circuit_decorator.py
[2023-10-13T01:15:43.341+0000] {processor.py:829} INFO - Processing file /home/airflow/.local/lib/python3.8/site-packages/airflow/example_dags/example_short_circuit_decorator.py for tasks to queue
[2023-10-13T01:15:43.346+0000] {logging_mixin.py:151} INFO - [2023-10-13T01:15:43.346+0000] {dagbag.py:536} INFO - Filling up the DagBag from /home/airflow/.local/lib/python3.8/site-packages/airflow/example_dags/example_short_circuit_decorator.py
[2023-10-13T01:15:43.359+0000] {processor.py:839} INFO - DAG(s) dict_keys(['example_short_circuit_decorator']) retrieved from /home/airflow/.local/lib/python3.8/site-packages/airflow/example_dags/example_short_circuit_decorator.py
[2023-10-13T01:15:43.391+0000] {logging_mixin.py:151} INFO - [2023-10-13T01:15:43.391+0000] {dag.py:2941} INFO - Sync 1 DAGs
[2023-10-13T01:15:43.421+0000] {logging_mixin.py:151} INFO - [2023-10-13T01:15:43.420+0000] {dag.py:3722} INFO - Setting next_dagrun for example_short_circuit_decorator to 2023-10-12T01:15:43.420747+00:00, run_after=2023-10-13T01:15:43.420747+00:00
[2023-10-13T01:15:43.448+0000] {processor.py:179} INFO - Processing /home/airflow/.local/lib/python3.8/site-packages/airflow/example_dags/example_short_circuit_decorator.py took 0.112 seconds
[2023-10-13T01:16:13.602+0000] {processor.py:157} INFO - Started process (PID=193) to work on /home/airflow/.local/lib/python3.8/site-packages/airflow/example_dags/example_short_circuit_decorator.py
[2023-10-13T01:16:13.611+0000] {processor.py:829} INFO - Processing file /home/airflow/.local/lib/python3.8/site-packages/airflow/example_dags/example_short_circuit_decorator.py for tasks to queue
[2023-10-13T01:16:13.614+0000] {logging_mixin.py:151} INFO - [2023-10-13T01:16:13.613+0000] {dagbag.py:536} INFO - Filling up the DagBag from /home/airflow/.local/lib/python3.8/site-packages/airflow/example_dags/example_short_circuit_decorator.py
[2023-10-13T01:16:13.630+0000] {processor.py:839} INFO - DAG(s) dict_keys(['example_short_circuit_decorator']) retrieved from /home/airflow/.local/lib/python3.8/site-packages/airflow/example_dags/example_short_circuit_decorator.py
[2023-10-13T01:16:13.657+0000] {logging_mixin.py:151} INFO - [2023-10-13T01:16:13.657+0000] {dag.py:2941} INFO - Sync 1 DAGs
[2023-10-13T01:16:13.688+0000] {logging_mixin.py:151} INFO - [2023-10-13T01:16:13.688+0000] {dag.py:3722} INFO - Setting next_dagrun for example_short_circuit_decorator to 2023-10-12T01:16:13.688070+00:00, run_after=2023-10-13T01:16:13.688070+00:00
[2023-10-13T01:16:13.717+0000] {processor.py:179} INFO - Processing /home/airflow/.local/lib/python3.8/site-packages/airflow/example_dags/example_short_circuit_decorator.py took 0.122 seconds
[2023-10-13T01:16:43.938+0000] {processor.py:157} INFO - Started process (PID=248) to work on /home/airflow/.local/lib/python3.8/site-packages/airflow/example_dags/example_short_circuit_decorator.py
[2023-10-13T01:16:43.939+0000] {processor.py:829} INFO - Processing file /home/airflow/.local/lib/python3.8/site-packages/airflow/example_dags/example_short_circuit_decorator.py for tasks to queue
[2023-10-13T01:16:43.941+0000] {logging_mixin.py:151} INFO - [2023-10-13T01:16:43.941+0000] {dagbag.py:536} INFO - Filling up the DagBag from /home/airflow/.local/lib/python3.8/site-packages/airflow/example_dags/example_short_circuit_decorator.py
[2023-10-13T01:16:43.954+0000] {processor.py:839} INFO - DAG(s) dict_keys(['example_short_circuit_decorator']) retrieved from /home/airflow/.local/lib/python3.8/site-packages/airflow/example_dags/example_short_circuit_decorator.py
[2023-10-13T01:16:43.986+0000] {logging_mixin.py:151} INFO - [2023-10-13T01:16:43.986+0000] {dag.py:2941} INFO - Sync 1 DAGs
[2023-10-13T01:16:44.016+0000] {logging_mixin.py:151} INFO - [2023-10-13T01:16:44.016+0000] {dag.py:3722} INFO - Setting next_dagrun for example_short_circuit_decorator to 2023-10-12T01:16:44.015847+00:00, run_after=2023-10-13T01:16:44.015847+00:00
[2023-10-13T01:16:44.050+0000] {processor.py:179} INFO - Processing /home/airflow/.local/lib/python3.8/site-packages/airflow/example_dags/example_short_circuit_decorator.py took 0.117 seconds
[2023-10-13T01:17:14.410+0000] {processor.py:157} INFO - Started process (PID=302) to work on /home/airflow/.local/lib/python3.8/site-packages/airflow/example_dags/example_short_circuit_decorator.py
[2023-10-13T01:17:14.422+0000] {processor.py:829} INFO - Processing file /home/airflow/.local/lib/python3.8/site-packages/airflow/example_dags/example_short_circuit_decorator.py for tasks to queue
[2023-10-13T01:17:14.429+0000] {logging_mixin.py:151} INFO - [2023-10-13T01:17:14.427+0000] {dagbag.py:536} INFO - Filling up the DagBag from /home/airflow/.local/lib/python3.8/site-packages/airflow/example_dags/example_short_circuit_decorator.py
[2023-10-13T01:17:14.458+0000] {processor.py:839} INFO - DAG(s) dict_keys(['example_short_circuit_decorator']) retrieved from /home/airflow/.local/lib/python3.8/site-packages/airflow/example_dags/example_short_circuit_decorator.py
[2023-10-13T01:17:14.516+0000] {logging_mixin.py:151} INFO - [2023-10-13T01:17:14.516+0000] {dag.py:2941} INFO - Sync 1 DAGs
[2023-10-13T01:17:14.549+0000] {logging_mixin.py:151} INFO - [2023-10-13T01:17:14.549+0000] {dag.py:3722} INFO - Setting next_dagrun for example_short_circuit_decorator to 2023-10-12T01:17:14.548948+00:00, run_after=2023-10-13T01:17:14.548948+00:00
[2023-10-13T01:17:14.618+0000] {processor.py:179} INFO - Processing /home/airflow/.local/lib/python3.8/site-packages/airflow/example_dags/example_short_circuit_decorator.py took 0.229 seconds
[2023-10-13T01:17:44.870+0000] {processor.py:157} INFO - Started process (PID=358) to work on /home/airflow/.local/lib/python3.8/site-packages/airflow/example_dags/example_short_circuit_decorator.py
[2023-10-13T01:17:44.871+0000] {processor.py:829} INFO - Processing file /home/airflow/.local/lib/python3.8/site-packages/airflow/example_dags/example_short_circuit_decorator.py for tasks to queue
[2023-10-13T01:17:44.874+0000] {logging_mixin.py:151} INFO - [2023-10-13T01:17:44.873+0000] {dagbag.py:536} INFO - Filling up the DagBag from /home/airflow/.local/lib/python3.8/site-packages/airflow/example_dags/example_short_circuit_decorator.py
[2023-10-13T01:17:44.893+0000] {processor.py:839} INFO - DAG(s) dict_keys(['example_short_circuit_decorator']) retrieved from /home/airflow/.local/lib/python3.8/site-packages/airflow/example_dags/example_short_circuit_decorator.py
[2023-10-13T01:17:44.925+0000] {logging_mixin.py:151} INFO - [2023-10-13T01:17:44.925+0000] {dag.py:2941} INFO - Sync 1 DAGs
[2023-10-13T01:17:44.952+0000] {logging_mixin.py:151} INFO - [2023-10-13T01:17:44.952+0000] {dag.py:3722} INFO - Setting next_dagrun for example_short_circuit_decorator to 2023-10-12T01:17:44.951792+00:00, run_after=2023-10-13T01:17:44.951792+00:00
[2023-10-13T01:17:44.985+0000] {processor.py:179} INFO - Processing /home/airflow/.local/lib/python3.8/site-packages/airflow/example_dags/example_short_circuit_decorator.py took 0.119 seconds
[2023-10-13T01:18:15.392+0000] {processor.py:157} INFO - Started process (PID=413) to work on /home/airflow/.local/lib/python3.8/site-packages/airflow/example_dags/example_short_circuit_decorator.py
[2023-10-13T01:18:15.416+0000] {processor.py:829} INFO - Processing file /home/airflow/.local/lib/python3.8/site-packages/airflow/example_dags/example_short_circuit_decorator.py for tasks to queue
[2023-10-13T01:18:15.419+0000] {logging_mixin.py:151} INFO - [2023-10-13T01:18:15.418+0000] {dagbag.py:536} INFO - Filling up the DagBag from /home/airflow/.local/lib/python3.8/site-packages/airflow/example_dags/example_short_circuit_decorator.py
[2023-10-13T01:18:15.434+0000] {processor.py:839} INFO - DAG(s) dict_keys(['example_short_circuit_decorator']) retrieved from /home/airflow/.local/lib/python3.8/site-packages/airflow/example_dags/example_short_circuit_decorator.py
[2023-10-13T01:18:15.474+0000] {logging_mixin.py:151} INFO - [2023-10-13T01:18:15.474+0000] {dag.py:2941} INFO - Sync 1 DAGs
[2023-10-13T01:18:15.503+0000] {logging_mixin.py:151} INFO - [2023-10-13T01:18:15.502+0000] {dag.py:3722} INFO - Setting next_dagrun for example_short_circuit_decorator to 2023-10-12T01:18:15.502688+00:00, run_after=2023-10-13T01:18:15.502688+00:00
[2023-10-13T01:18:15.534+0000] {processor.py:179} INFO - Processing /home/airflow/.local/lib/python3.8/site-packages/airflow/example_dags/example_short_circuit_decorator.py took 0.146 seconds
[2023-10-13T01:18:46.004+0000] {processor.py:157} INFO - Started process (PID=468) to work on /home/airflow/.local/lib/python3.8/site-packages/airflow/example_dags/example_short_circuit_decorator.py
[2023-10-13T01:18:46.005+0000] {processor.py:829} INFO - Processing file /home/airflow/.local/lib/python3.8/site-packages/airflow/example_dags/example_short_circuit_decorator.py for tasks to queue
[2023-10-13T01:18:46.008+0000] {logging_mixin.py:151} INFO - [2023-10-13T01:18:46.008+0000] {dagbag.py:536} INFO - Filling up the DagBag from /home/airflow/.local/lib/python3.8/site-packages/airflow/example_dags/example_short_circuit_decorator.py
[2023-10-13T01:18:46.021+0000] {processor.py:839} INFO - DAG(s) dict_keys(['example_short_circuit_decorator']) retrieved from /home/airflow/.local/lib/python3.8/site-packages/airflow/example_dags/example_short_circuit_decorator.py
[2023-10-13T01:18:46.059+0000] {logging_mixin.py:151} INFO - [2023-10-13T01:18:46.059+0000] {dag.py:2941} INFO - Sync 1 DAGs
[2023-10-13T01:18:46.095+0000] {logging_mixin.py:151} INFO - [2023-10-13T01:18:46.095+0000] {dag.py:3722} INFO - Setting next_dagrun for example_short_circuit_decorator to 2023-10-12T01:18:46.095170+00:00, run_after=2023-10-13T01:18:46.095170+00:00
[2023-10-13T01:18:46.130+0000] {processor.py:179} INFO - Processing /home/airflow/.local/lib/python3.8/site-packages/airflow/example_dags/example_short_circuit_decorator.py took 0.131 seconds
[2023-10-13T01:19:16.298+0000] {processor.py:157} INFO - Started process (PID=523) to work on /home/airflow/.local/lib/python3.8/site-packages/airflow/example_dags/example_short_circuit_decorator.py
[2023-10-13T01:19:16.312+0000] {processor.py:829} INFO - Processing file /home/airflow/.local/lib/python3.8/site-packages/airflow/example_dags/example_short_circuit_decorator.py for tasks to queue
[2023-10-13T01:19:16.315+0000] {logging_mixin.py:151} INFO - [2023-10-13T01:19:16.314+0000] {dagbag.py:536} INFO - Filling up the DagBag from /home/airflow/.local/lib/python3.8/site-packages/airflow/example_dags/example_short_circuit_decorator.py
[2023-10-13T01:19:16.329+0000] {processor.py:839} INFO - DAG(s) dict_keys(['example_short_circuit_decorator']) retrieved from /home/airflow/.local/lib/python3.8/site-packages/airflow/example_dags/example_short_circuit_decorator.py
[2023-10-13T01:19:16.359+0000] {logging_mixin.py:151} INFO - [2023-10-13T01:19:16.359+0000] {dag.py:2941} INFO - Sync 1 DAGs
[2023-10-13T01:19:16.397+0000] {logging_mixin.py:151} INFO - [2023-10-13T01:19:16.397+0000] {dag.py:3722} INFO - Setting next_dagrun for example_short_circuit_decorator to 2023-10-12T01:19:16.397257+00:00, run_after=2023-10-13T01:19:16.397257+00:00
[2023-10-13T01:19:16.456+0000] {processor.py:179} INFO - Processing /home/airflow/.local/lib/python3.8/site-packages/airflow/example_dags/example_short_circuit_decorator.py took 0.163 seconds
[2023-10-13T01:19:46.754+0000] {processor.py:157} INFO - Started process (PID=578) to work on /home/airflow/.local/lib/python3.8/site-packages/airflow/example_dags/example_short_circuit_decorator.py
[2023-10-13T01:19:46.768+0000] {processor.py:829} INFO - Processing file /home/airflow/.local/lib/python3.8/site-packages/airflow/example_dags/example_short_circuit_decorator.py for tasks to queue
[2023-10-13T01:19:46.771+0000] {logging_mixin.py:151} INFO - [2023-10-13T01:19:46.771+0000] {dagbag.py:536} INFO - Filling up the DagBag from /home/airflow/.local/lib/python3.8/site-packages/airflow/example_dags/example_short_circuit_decorator.py
[2023-10-13T01:19:46.784+0000] {processor.py:839} INFO - DAG(s) dict_keys(['example_short_circuit_decorator']) retrieved from /home/airflow/.local/lib/python3.8/site-packages/airflow/example_dags/example_short_circuit_decorator.py
[2023-10-13T01:19:46.811+0000] {logging_mixin.py:151} INFO - [2023-10-13T01:19:46.811+0000] {dag.py:2941} INFO - Sync 1 DAGs
[2023-10-13T01:19:46.843+0000] {logging_mixin.py:151} INFO - [2023-10-13T01:19:46.843+0000] {dag.py:3722} INFO - Setting next_dagrun for example_short_circuit_decorator to 2023-10-12T01:19:46.843031+00:00, run_after=2023-10-13T01:19:46.843031+00:00
[2023-10-13T01:19:46.876+0000] {processor.py:179} INFO - Processing /home/airflow/.local/lib/python3.8/site-packages/airflow/example_dags/example_short_circuit_decorator.py took 0.126 seconds
[2023-10-13T01:20:16.938+0000] {processor.py:157} INFO - Started process (PID=633) to work on /home/airflow/.local/lib/python3.8/site-packages/airflow/example_dags/example_short_circuit_decorator.py
[2023-10-13T01:20:16.939+0000] {processor.py:829} INFO - Processing file /home/airflow/.local/lib/python3.8/site-packages/airflow/example_dags/example_short_circuit_decorator.py for tasks to queue
[2023-10-13T01:20:16.942+0000] {logging_mixin.py:151} INFO - [2023-10-13T01:20:16.942+0000] {dagbag.py:536} INFO - Filling up the DagBag from /home/airflow/.local/lib/python3.8/site-packages/airflow/example_dags/example_short_circuit_decorator.py
[2023-10-13T01:20:16.960+0000] {processor.py:839} INFO - DAG(s) dict_keys(['example_short_circuit_decorator']) retrieved from /home/airflow/.local/lib/python3.8/site-packages/airflow/example_dags/example_short_circuit_decorator.py
[2023-10-13T01:20:17.026+0000] {logging_mixin.py:151} INFO - [2023-10-13T01:20:17.026+0000] {dag.py:2941} INFO - Sync 1 DAGs
[2023-10-13T01:20:17.088+0000] {logging_mixin.py:151} INFO - [2023-10-13T01:20:17.088+0000] {dag.py:3722} INFO - Setting next_dagrun for example_short_circuit_decorator to 2023-10-12T01:20:17.087720+00:00, run_after=2023-10-13T01:20:17.087720+00:00
[2023-10-13T01:20:17.396+0000] {processor.py:179} INFO - Processing /home/airflow/.local/lib/python3.8/site-packages/airflow/example_dags/example_short_circuit_decorator.py took 0.464 seconds
[2023-10-13T01:20:47.681+0000] {processor.py:157} INFO - Started process (PID=688) to work on /home/airflow/.local/lib/python3.8/site-packages/airflow/example_dags/example_short_circuit_decorator.py
[2023-10-13T01:20:47.693+0000] {processor.py:829} INFO - Processing file /home/airflow/.local/lib/python3.8/site-packages/airflow/example_dags/example_short_circuit_decorator.py for tasks to queue
[2023-10-13T01:20:47.697+0000] {logging_mixin.py:151} INFO - [2023-10-13T01:20:47.697+0000] {dagbag.py:536} INFO - Filling up the DagBag from /home/airflow/.local/lib/python3.8/site-packages/airflow/example_dags/example_short_circuit_decorator.py
[2023-10-13T01:20:47.721+0000] {processor.py:839} INFO - DAG(s) dict_keys(['example_short_circuit_decorator']) retrieved from /home/airflow/.local/lib/python3.8/site-packages/airflow/example_dags/example_short_circuit_decorator.py
[2023-10-13T01:20:47.774+0000] {logging_mixin.py:151} INFO - [2023-10-13T01:20:47.773+0000] {dag.py:2941} INFO - Sync 1 DAGs
[2023-10-13T01:20:47.826+0000] {logging_mixin.py:151} INFO - [2023-10-13T01:20:47.826+0000] {dag.py:3722} INFO - Setting next_dagrun for example_short_circuit_decorator to 2023-10-12T01:20:47.826029+00:00, run_after=2023-10-13T01:20:47.826029+00:00
[2023-10-13T01:20:47.874+0000] {processor.py:179} INFO - Processing /home/airflow/.local/lib/python3.8/site-packages/airflow/example_dags/example_short_circuit_decorator.py took 0.198 seconds
[2023-10-13T01:21:18.831+0000] {processor.py:157} INFO - Started process (PID=744) to work on /home/airflow/.local/lib/python3.8/site-packages/airflow/example_dags/example_short_circuit_decorator.py
[2023-10-13T01:21:18.871+0000] {processor.py:829} INFO - Processing file /home/airflow/.local/lib/python3.8/site-packages/airflow/example_dags/example_short_circuit_decorator.py for tasks to queue
[2023-10-13T01:21:18.874+0000] {logging_mixin.py:151} INFO - [2023-10-13T01:21:18.874+0000] {dagbag.py:536} INFO - Filling up the DagBag from /home/airflow/.local/lib/python3.8/site-packages/airflow/example_dags/example_short_circuit_decorator.py
[2023-10-13T01:21:18.890+0000] {processor.py:839} INFO - DAG(s) dict_keys(['example_short_circuit_decorator']) retrieved from /home/airflow/.local/lib/python3.8/site-packages/airflow/example_dags/example_short_circuit_decorator.py
[2023-10-13T01:21:18.922+0000] {logging_mixin.py:151} INFO - [2023-10-13T01:21:18.922+0000] {dag.py:2941} INFO - Sync 1 DAGs
[2023-10-13T01:21:18.951+0000] {logging_mixin.py:151} INFO - [2023-10-13T01:21:18.951+0000] {dag.py:3722} INFO - Setting next_dagrun for example_short_circuit_decorator to 2023-10-12T01:21:18.951381+00:00, run_after=2023-10-13T01:21:18.951381+00:00
[2023-10-13T01:21:18.987+0000] {processor.py:179} INFO - Processing /home/airflow/.local/lib/python3.8/site-packages/airflow/example_dags/example_short_circuit_decorator.py took 0.160 seconds
[2023-10-13T01:21:49.287+0000] {processor.py:157} INFO - Started process (PID=800) to work on /home/airflow/.local/lib/python3.8/site-packages/airflow/example_dags/example_short_circuit_decorator.py
[2023-10-13T01:21:49.289+0000] {processor.py:829} INFO - Processing file /home/airflow/.local/lib/python3.8/site-packages/airflow/example_dags/example_short_circuit_decorator.py for tasks to queue
[2023-10-13T01:21:49.295+0000] {logging_mixin.py:151} INFO - [2023-10-13T01:21:49.295+0000] {dagbag.py:536} INFO - Filling up the DagBag from /home/airflow/.local/lib/python3.8/site-packages/airflow/example_dags/example_short_circuit_decorator.py
[2023-10-13T01:21:49.316+0000] {processor.py:839} INFO - DAG(s) dict_keys(['example_short_circuit_decorator']) retrieved from /home/airflow/.local/lib/python3.8/site-packages/airflow/example_dags/example_short_circuit_decorator.py
[2023-10-13T01:21:49.392+0000] {logging_mixin.py:151} INFO - [2023-10-13T01:21:49.391+0000] {dag.py:2941} INFO - Sync 1 DAGs
[2023-10-13T01:21:49.457+0000] {logging_mixin.py:151} INFO - [2023-10-13T01:21:49.456+0000] {dag.py:3722} INFO - Setting next_dagrun for example_short_circuit_decorator to 2023-10-12T01:21:49.456248+00:00, run_after=2023-10-13T01:21:49.456248+00:00
[2023-10-13T01:21:49.522+0000] {processor.py:179} INFO - Processing /home/airflow/.local/lib/python3.8/site-packages/airflow/example_dags/example_short_circuit_decorator.py took 0.243 seconds
[2023-10-13T01:24:37.620+0000] {processor.py:157} INFO - Started process (PID=31) to work on /home/airflow/.local/lib/python3.8/site-packages/airflow/example_dags/example_short_circuit_decorator.py
[2023-10-13T01:24:37.662+0000] {processor.py:829} INFO - Processing file /home/airflow/.local/lib/python3.8/site-packages/airflow/example_dags/example_short_circuit_decorator.py for tasks to queue
[2023-10-13T01:24:37.664+0000] {logging_mixin.py:151} INFO - [2023-10-13T01:24:37.663+0000] {dagbag.py:536} INFO - Filling up the DagBag from /home/airflow/.local/lib/python3.8/site-packages/airflow/example_dags/example_short_circuit_decorator.py
[2023-10-13T01:24:37.715+0000] {processor.py:839} INFO - DAG(s) dict_keys(['example_short_circuit_decorator']) retrieved from /home/airflow/.local/lib/python3.8/site-packages/airflow/example_dags/example_short_circuit_decorator.py
[2023-10-13T01:24:37.791+0000] {logging_mixin.py:151} INFO - [2023-10-13T01:24:37.791+0000] {dag.py:2941} INFO - Sync 1 DAGs
[2023-10-13T01:24:37.820+0000] {logging_mixin.py:151} INFO - [2023-10-13T01:24:37.820+0000] {dag.py:3722} INFO - Setting next_dagrun for example_short_circuit_decorator to 2023-10-12T01:24:37.820197+00:00, run_after=2023-10-13T01:24:37.820197+00:00
[2023-10-13T01:24:37.896+0000] {processor.py:179} INFO - Processing /home/airflow/.local/lib/python3.8/site-packages/airflow/example_dags/example_short_circuit_decorator.py took 0.286 seconds
[2023-10-13T01:25:08.024+0000] {processor.py:157} INFO - Started process (PID=86) to work on /home/airflow/.local/lib/python3.8/site-packages/airflow/example_dags/example_short_circuit_decorator.py
[2023-10-13T01:25:08.039+0000] {processor.py:829} INFO - Processing file /home/airflow/.local/lib/python3.8/site-packages/airflow/example_dags/example_short_circuit_decorator.py for tasks to queue
[2023-10-13T01:25:08.041+0000] {logging_mixin.py:151} INFO - [2023-10-13T01:25:08.041+0000] {dagbag.py:536} INFO - Filling up the DagBag from /home/airflow/.local/lib/python3.8/site-packages/airflow/example_dags/example_short_circuit_decorator.py
[2023-10-13T01:25:08.056+0000] {processor.py:839} INFO - DAG(s) dict_keys(['example_short_circuit_decorator']) retrieved from /home/airflow/.local/lib/python3.8/site-packages/airflow/example_dags/example_short_circuit_decorator.py
[2023-10-13T01:25:08.082+0000] {logging_mixin.py:151} INFO - [2023-10-13T01:25:08.082+0000] {dag.py:2941} INFO - Sync 1 DAGs
[2023-10-13T01:25:08.113+0000] {logging_mixin.py:151} INFO - [2023-10-13T01:25:08.113+0000] {dag.py:3722} INFO - Setting next_dagrun for example_short_circuit_decorator to 2023-10-12T01:25:08.112808+00:00, run_after=2023-10-13T01:25:08.112808+00:00
[2023-10-13T01:25:08.138+0000] {processor.py:179} INFO - Processing /home/airflow/.local/lib/python3.8/site-packages/airflow/example_dags/example_short_circuit_decorator.py took 0.118 seconds
[2023-10-13T01:25:38.497+0000] {processor.py:157} INFO - Started process (PID=141) to work on /home/airflow/.local/lib/python3.8/site-packages/airflow/example_dags/example_short_circuit_decorator.py
[2023-10-13T01:25:38.498+0000] {processor.py:829} INFO - Processing file /home/airflow/.local/lib/python3.8/site-packages/airflow/example_dags/example_short_circuit_decorator.py for tasks to queue
[2023-10-13T01:25:38.500+0000] {logging_mixin.py:151} INFO - [2023-10-13T01:25:38.499+0000] {dagbag.py:536} INFO - Filling up the DagBag from /home/airflow/.local/lib/python3.8/site-packages/airflow/example_dags/example_short_circuit_decorator.py
[2023-10-13T01:25:38.513+0000] {processor.py:839} INFO - DAG(s) dict_keys(['example_short_circuit_decorator']) retrieved from /home/airflow/.local/lib/python3.8/site-packages/airflow/example_dags/example_short_circuit_decorator.py
[2023-10-13T01:25:38.541+0000] {logging_mixin.py:151} INFO - [2023-10-13T01:25:38.541+0000] {dag.py:2941} INFO - Sync 1 DAGs
[2023-10-13T01:25:38.573+0000] {logging_mixin.py:151} INFO - [2023-10-13T01:25:38.573+0000] {dag.py:3722} INFO - Setting next_dagrun for example_short_circuit_decorator to 2023-10-12T01:25:38.572692+00:00, run_after=2023-10-13T01:25:38.572692+00:00
[2023-10-13T01:25:38.615+0000] {processor.py:179} INFO - Processing /home/airflow/.local/lib/python3.8/site-packages/airflow/example_dags/example_short_circuit_decorator.py took 0.122 seconds
[2023-10-13T01:26:09.072+0000] {processor.py:157} INFO - Started process (PID=195) to work on /home/airflow/.local/lib/python3.8/site-packages/airflow/example_dags/example_short_circuit_decorator.py
[2023-10-13T01:26:09.148+0000] {processor.py:829} INFO - Processing file /home/airflow/.local/lib/python3.8/site-packages/airflow/example_dags/example_short_circuit_decorator.py for tasks to queue
[2023-10-13T01:26:09.151+0000] {logging_mixin.py:151} INFO - [2023-10-13T01:26:09.151+0000] {dagbag.py:536} INFO - Filling up the DagBag from /home/airflow/.local/lib/python3.8/site-packages/airflow/example_dags/example_short_circuit_decorator.py
[2023-10-13T01:26:09.169+0000] {processor.py:839} INFO - DAG(s) dict_keys(['example_short_circuit_decorator']) retrieved from /home/airflow/.local/lib/python3.8/site-packages/airflow/example_dags/example_short_circuit_decorator.py
[2023-10-13T01:26:09.201+0000] {logging_mixin.py:151} INFO - [2023-10-13T01:26:09.201+0000] {dag.py:2941} INFO - Sync 1 DAGs
[2023-10-13T01:26:09.235+0000] {logging_mixin.py:151} INFO - [2023-10-13T01:26:09.234+0000] {dag.py:3722} INFO - Setting next_dagrun for example_short_circuit_decorator to 2023-10-12T01:26:09.234707+00:00, run_after=2023-10-13T01:26:09.234707+00:00
[2023-10-13T01:26:09.280+0000] {processor.py:179} INFO - Processing /home/airflow/.local/lib/python3.8/site-packages/airflow/example_dags/example_short_circuit_decorator.py took 0.212 seconds
[2023-10-13T01:26:39.712+0000] {processor.py:157} INFO - Started process (PID=250) to work on /home/airflow/.local/lib/python3.8/site-packages/airflow/example_dags/example_short_circuit_decorator.py
[2023-10-13T01:26:39.713+0000] {processor.py:829} INFO - Processing file /home/airflow/.local/lib/python3.8/site-packages/airflow/example_dags/example_short_circuit_decorator.py for tasks to queue
[2023-10-13T01:26:39.729+0000] {logging_mixin.py:151} INFO - [2023-10-13T01:26:39.724+0000] {dagbag.py:536} INFO - Filling up the DagBag from /home/airflow/.local/lib/python3.8/site-packages/airflow/example_dags/example_short_circuit_decorator.py
[2023-10-13T01:26:39.749+0000] {processor.py:839} INFO - DAG(s) dict_keys(['example_short_circuit_decorator']) retrieved from /home/airflow/.local/lib/python3.8/site-packages/airflow/example_dags/example_short_circuit_decorator.py
[2023-10-13T01:26:39.775+0000] {logging_mixin.py:151} INFO - [2023-10-13T01:26:39.774+0000] {dag.py:2941} INFO - Sync 1 DAGs
[2023-10-13T01:26:39.803+0000] {logging_mixin.py:151} INFO - [2023-10-13T01:26:39.802+0000] {dag.py:3722} INFO - Setting next_dagrun for example_short_circuit_decorator to 2023-10-12T01:26:39.802540+00:00, run_after=2023-10-13T01:26:39.802540+00:00
[2023-10-13T01:26:39.891+0000] {processor.py:179} INFO - Processing /home/airflow/.local/lib/python3.8/site-packages/airflow/example_dags/example_short_circuit_decorator.py took 0.185 seconds
[2023-10-13T01:27:09.918+0000] {processor.py:157} INFO - Started process (PID=305) to work on /home/airflow/.local/lib/python3.8/site-packages/airflow/example_dags/example_short_circuit_decorator.py
[2023-10-13T01:27:09.956+0000] {processor.py:829} INFO - Processing file /home/airflow/.local/lib/python3.8/site-packages/airflow/example_dags/example_short_circuit_decorator.py for tasks to queue
[2023-10-13T01:27:09.977+0000] {logging_mixin.py:151} INFO - [2023-10-13T01:27:09.974+0000] {dagbag.py:536} INFO - Filling up the DagBag from /home/airflow/.local/lib/python3.8/site-packages/airflow/example_dags/example_short_circuit_decorator.py
[2023-10-13T01:27:09.991+0000] {processor.py:839} INFO - DAG(s) dict_keys(['example_short_circuit_decorator']) retrieved from /home/airflow/.local/lib/python3.8/site-packages/airflow/example_dags/example_short_circuit_decorator.py
[2023-10-13T01:27:10.038+0000] {logging_mixin.py:151} INFO - [2023-10-13T01:27:10.038+0000] {dag.py:2941} INFO - Sync 1 DAGs
[2023-10-13T01:27:10.175+0000] {logging_mixin.py:151} INFO - [2023-10-13T01:27:10.174+0000] {dag.py:3722} INFO - Setting next_dagrun for example_short_circuit_decorator to 2023-10-12T01:27:10.174475+00:00, run_after=2023-10-13T01:27:10.174475+00:00
[2023-10-13T01:27:10.439+0000] {processor.py:179} INFO - Processing /home/airflow/.local/lib/python3.8/site-packages/airflow/example_dags/example_short_circuit_decorator.py took 0.525 seconds
[2023-10-13T01:27:40.547+0000] {processor.py:157} INFO - Started process (PID=360) to work on /home/airflow/.local/lib/python3.8/site-packages/airflow/example_dags/example_short_circuit_decorator.py
[2023-10-13T01:27:40.548+0000] {processor.py:829} INFO - Processing file /home/airflow/.local/lib/python3.8/site-packages/airflow/example_dags/example_short_circuit_decorator.py for tasks to queue
[2023-10-13T01:27:40.551+0000] {logging_mixin.py:151} INFO - [2023-10-13T01:27:40.550+0000] {dagbag.py:536} INFO - Filling up the DagBag from /home/airflow/.local/lib/python3.8/site-packages/airflow/example_dags/example_short_circuit_decorator.py
[2023-10-13T01:27:40.570+0000] {processor.py:839} INFO - DAG(s) dict_keys(['example_short_circuit_decorator']) retrieved from /home/airflow/.local/lib/python3.8/site-packages/airflow/example_dags/example_short_circuit_decorator.py
[2023-10-13T01:27:40.623+0000] {logging_mixin.py:151} INFO - [2023-10-13T01:27:40.622+0000] {dag.py:2941} INFO - Sync 1 DAGs
[2023-10-13T01:27:40.659+0000] {logging_mixin.py:151} INFO - [2023-10-13T01:27:40.659+0000] {dag.py:3722} INFO - Setting next_dagrun for example_short_circuit_decorator to 2023-10-12T01:27:40.658864+00:00, run_after=2023-10-13T01:27:40.658864+00:00
[2023-10-13T01:27:40.868+0000] {processor.py:179} INFO - Processing /home/airflow/.local/lib/python3.8/site-packages/airflow/example_dags/example_short_circuit_decorator.py took 0.326 seconds
