[2023-10-13T00:52:50.209+0000] {processor.py:157} INFO - Started process (PID=52) to work on /home/airflow/.local/lib/python3.8/site-packages/airflow/example_dags/example_sla_dag.py
[2023-10-13T00:52:50.213+0000] {processor.py:829} INFO - Processing file /home/airflow/.local/lib/python3.8/site-packages/airflow/example_dags/example_sla_dag.py for tasks to queue
[2023-10-13T00:52:50.225+0000] {logging_mixin.py:151} INFO - [2023-10-13T00:52:50.225+0000] {dagbag.py:536} INFO - Filling up the DagBag from /home/airflow/.local/lib/python3.8/site-packages/airflow/example_dags/example_sla_dag.py
[2023-10-13T00:52:50.255+0000] {processor.py:839} INFO - DAG(s) dict_keys(['example_sla_dag']) retrieved from /home/airflow/.local/lib/python3.8/site-packages/airflow/example_dags/example_sla_dag.py
[2023-10-13T00:52:50.328+0000] {logging_mixin.py:151} INFO - [2023-10-13T00:52:50.327+0000] {dag.py:2941} INFO - Sync 1 DAGs
[2023-10-13T00:52:50.452+0000] {logging_mixin.py:151} INFO - [2023-10-13T00:52:50.452+0000] {dag.py:3722} INFO - Setting next_dagrun for example_sla_dag to 2023-10-13T00:50:00+00:00, run_after=2023-10-13T00:52:00+00:00
[2023-10-13T00:52:50.512+0000] {processor.py:179} INFO - Processing /home/airflow/.local/lib/python3.8/site-packages/airflow/example_dags/example_sla_dag.py took 0.308 seconds
[2023-10-13T00:53:20.752+0000] {processor.py:157} INFO - Started process (PID=106) to work on /home/airflow/.local/lib/python3.8/site-packages/airflow/example_dags/example_sla_dag.py
[2023-10-13T00:53:20.753+0000] {processor.py:829} INFO - Processing file /home/airflow/.local/lib/python3.8/site-packages/airflow/example_dags/example_sla_dag.py for tasks to queue
[2023-10-13T00:53:20.757+0000] {logging_mixin.py:151} INFO - [2023-10-13T00:53:20.756+0000] {dagbag.py:536} INFO - Filling up the DagBag from /home/airflow/.local/lib/python3.8/site-packages/airflow/example_dags/example_sla_dag.py
[2023-10-13T00:53:20.772+0000] {processor.py:839} INFO - DAG(s) dict_keys(['example_sla_dag']) retrieved from /home/airflow/.local/lib/python3.8/site-packages/airflow/example_dags/example_sla_dag.py
[2023-10-13T00:53:20.810+0000] {logging_mixin.py:151} INFO - [2023-10-13T00:53:20.809+0000] {dag.py:2941} INFO - Sync 1 DAGs
[2023-10-13T00:53:20.855+0000] {logging_mixin.py:151} INFO - [2023-10-13T00:53:20.855+0000] {dag.py:3722} INFO - Setting next_dagrun for example_sla_dag to 2023-10-13T00:50:00+00:00, run_after=2023-10-13T00:52:00+00:00
[2023-10-13T00:53:21.213+0000] {processor.py:179} INFO - Processing /home/airflow/.local/lib/python3.8/site-packages/airflow/example_dags/example_sla_dag.py took 0.466 seconds
[2023-10-13T00:53:52.190+0000] {processor.py:157} INFO - Started process (PID=161) to work on /home/airflow/.local/lib/python3.8/site-packages/airflow/example_dags/example_sla_dag.py
[2023-10-13T00:53:52.204+0000] {processor.py:829} INFO - Processing file /home/airflow/.local/lib/python3.8/site-packages/airflow/example_dags/example_sla_dag.py for tasks to queue
[2023-10-13T00:53:52.207+0000] {logging_mixin.py:151} INFO - [2023-10-13T00:53:52.206+0000] {dagbag.py:536} INFO - Filling up the DagBag from /home/airflow/.local/lib/python3.8/site-packages/airflow/example_dags/example_sla_dag.py
[2023-10-13T00:53:52.220+0000] {processor.py:839} INFO - DAG(s) dict_keys(['example_sla_dag']) retrieved from /home/airflow/.local/lib/python3.8/site-packages/airflow/example_dags/example_sla_dag.py
[2023-10-13T00:53:52.240+0000] {logging_mixin.py:151} INFO - [2023-10-13T00:53:52.240+0000] {dag.py:2941} INFO - Sync 1 DAGs
[2023-10-13T00:53:52.268+0000] {logging_mixin.py:151} INFO - [2023-10-13T00:53:52.267+0000] {dag.py:3722} INFO - Setting next_dagrun for example_sla_dag to 2023-10-13T00:50:00+00:00, run_after=2023-10-13T00:52:00+00:00
[2023-10-13T00:53:52.307+0000] {processor.py:179} INFO - Processing /home/airflow/.local/lib/python3.8/site-packages/airflow/example_dags/example_sla_dag.py took 0.121 seconds
[2023-10-13T00:54:23.108+0000] {processor.py:157} INFO - Started process (PID=215) to work on /home/airflow/.local/lib/python3.8/site-packages/airflow/example_dags/example_sla_dag.py
[2023-10-13T00:54:23.109+0000] {processor.py:829} INFO - Processing file /home/airflow/.local/lib/python3.8/site-packages/airflow/example_dags/example_sla_dag.py for tasks to queue
[2023-10-13T00:54:23.112+0000] {logging_mixin.py:151} INFO - [2023-10-13T00:54:23.112+0000] {dagbag.py:536} INFO - Filling up the DagBag from /home/airflow/.local/lib/python3.8/site-packages/airflow/example_dags/example_sla_dag.py
[2023-10-13T00:54:23.126+0000] {processor.py:839} INFO - DAG(s) dict_keys(['example_sla_dag']) retrieved from /home/airflow/.local/lib/python3.8/site-packages/airflow/example_dags/example_sla_dag.py
[2023-10-13T00:54:23.160+0000] {logging_mixin.py:151} INFO - [2023-10-13T00:54:23.160+0000] {dag.py:2941} INFO - Sync 1 DAGs
[2023-10-13T00:54:23.211+0000] {logging_mixin.py:151} INFO - [2023-10-13T00:54:23.211+0000] {dag.py:3722} INFO - Setting next_dagrun for example_sla_dag to 2023-10-13T00:52:00+00:00, run_after=2023-10-13T00:54:00+00:00
[2023-10-13T00:54:23.259+0000] {processor.py:179} INFO - Processing /home/airflow/.local/lib/python3.8/site-packages/airflow/example_dags/example_sla_dag.py took 0.159 seconds
[2023-10-13T00:54:53.686+0000] {processor.py:157} INFO - Started process (PID=269) to work on /home/airflow/.local/lib/python3.8/site-packages/airflow/example_dags/example_sla_dag.py
[2023-10-13T00:54:53.733+0000] {processor.py:829} INFO - Processing file /home/airflow/.local/lib/python3.8/site-packages/airflow/example_dags/example_sla_dag.py for tasks to queue
[2023-10-13T00:54:53.738+0000] {logging_mixin.py:151} INFO - [2023-10-13T00:54:53.737+0000] {dagbag.py:536} INFO - Filling up the DagBag from /home/airflow/.local/lib/python3.8/site-packages/airflow/example_dags/example_sla_dag.py
[2023-10-13T00:54:53.755+0000] {processor.py:839} INFO - DAG(s) dict_keys(['example_sla_dag']) retrieved from /home/airflow/.local/lib/python3.8/site-packages/airflow/example_dags/example_sla_dag.py
[2023-10-13T00:54:53.792+0000] {logging_mixin.py:151} INFO - [2023-10-13T00:54:53.792+0000] {dag.py:2941} INFO - Sync 1 DAGs
[2023-10-13T00:54:53.846+0000] {logging_mixin.py:151} INFO - [2023-10-13T00:54:53.846+0000] {dag.py:3722} INFO - Setting next_dagrun for example_sla_dag to 2023-10-13T00:52:00+00:00, run_after=2023-10-13T00:54:00+00:00
[2023-10-13T00:54:53.903+0000] {processor.py:179} INFO - Processing /home/airflow/.local/lib/python3.8/site-packages/airflow/example_dags/example_sla_dag.py took 0.224 seconds
[2023-10-13T00:55:24.652+0000] {processor.py:157} INFO - Started process (PID=323) to work on /home/airflow/.local/lib/python3.8/site-packages/airflow/example_dags/example_sla_dag.py
[2023-10-13T00:55:24.653+0000] {processor.py:829} INFO - Processing file /home/airflow/.local/lib/python3.8/site-packages/airflow/example_dags/example_sla_dag.py for tasks to queue
[2023-10-13T00:55:24.656+0000] {logging_mixin.py:151} INFO - [2023-10-13T00:55:24.655+0000] {dagbag.py:536} INFO - Filling up the DagBag from /home/airflow/.local/lib/python3.8/site-packages/airflow/example_dags/example_sla_dag.py
[2023-10-13T00:55:24.666+0000] {processor.py:839} INFO - DAG(s) dict_keys(['example_sla_dag']) retrieved from /home/airflow/.local/lib/python3.8/site-packages/airflow/example_dags/example_sla_dag.py
[2023-10-13T00:55:24.688+0000] {logging_mixin.py:151} INFO - [2023-10-13T00:55:24.688+0000] {dag.py:2941} INFO - Sync 1 DAGs
[2023-10-13T00:55:24.716+0000] {logging_mixin.py:151} INFO - [2023-10-13T00:55:24.715+0000] {dag.py:3722} INFO - Setting next_dagrun for example_sla_dag to 2023-10-13T00:52:00+00:00, run_after=2023-10-13T00:54:00+00:00
[2023-10-13T00:55:24.758+0000] {processor.py:179} INFO - Processing /home/airflow/.local/lib/python3.8/site-packages/airflow/example_dags/example_sla_dag.py took 0.110 seconds
[2023-10-13T01:14:45.676+0000] {processor.py:157} INFO - Started process (PID=46) to work on /home/airflow/.local/lib/python3.8/site-packages/airflow/example_dags/example_sla_dag.py
[2023-10-13T01:14:45.697+0000] {processor.py:829} INFO - Processing file /home/airflow/.local/lib/python3.8/site-packages/airflow/example_dags/example_sla_dag.py for tasks to queue
[2023-10-13T01:14:45.700+0000] {logging_mixin.py:151} INFO - [2023-10-13T01:14:45.699+0000] {dagbag.py:536} INFO - Filling up the DagBag from /home/airflow/.local/lib/python3.8/site-packages/airflow/example_dags/example_sla_dag.py
[2023-10-13T01:14:45.736+0000] {processor.py:839} INFO - DAG(s) dict_keys(['example_sla_dag']) retrieved from /home/airflow/.local/lib/python3.8/site-packages/airflow/example_dags/example_sla_dag.py
[2023-10-13T01:14:45.833+0000] {logging_mixin.py:151} INFO - [2023-10-13T01:14:45.833+0000] {dag.py:2941} INFO - Sync 1 DAGs
[2023-10-13T01:14:45.919+0000] {logging_mixin.py:151} INFO - [2023-10-13T01:14:45.919+0000] {dag.py:3722} INFO - Setting next_dagrun for example_sla_dag to 2023-10-13T01:12:00+00:00, run_after=2023-10-13T01:14:00+00:00
[2023-10-13T01:14:46.049+0000] {processor.py:179} INFO - Processing /home/airflow/.local/lib/python3.8/site-packages/airflow/example_dags/example_sla_dag.py took 0.387 seconds
[2023-10-13T01:15:16.087+0000] {processor.py:157} INFO - Started process (PID=101) to work on /home/airflow/.local/lib/python3.8/site-packages/airflow/example_dags/example_sla_dag.py
[2023-10-13T01:15:16.102+0000] {processor.py:829} INFO - Processing file /home/airflow/.local/lib/python3.8/site-packages/airflow/example_dags/example_sla_dag.py for tasks to queue
[2023-10-13T01:15:16.105+0000] {logging_mixin.py:151} INFO - [2023-10-13T01:15:16.104+0000] {dagbag.py:536} INFO - Filling up the DagBag from /home/airflow/.local/lib/python3.8/site-packages/airflow/example_dags/example_sla_dag.py
[2023-10-13T01:15:16.113+0000] {processor.py:839} INFO - DAG(s) dict_keys(['example_sla_dag']) retrieved from /home/airflow/.local/lib/python3.8/site-packages/airflow/example_dags/example_sla_dag.py
[2023-10-13T01:15:16.134+0000] {logging_mixin.py:151} INFO - [2023-10-13T01:15:16.134+0000] {dag.py:2941} INFO - Sync 1 DAGs
[2023-10-13T01:15:16.168+0000] {logging_mixin.py:151} INFO - [2023-10-13T01:15:16.168+0000] {dag.py:3722} INFO - Setting next_dagrun for example_sla_dag to 2023-10-13T01:12:00+00:00, run_after=2023-10-13T01:14:00+00:00
[2023-10-13T01:15:16.195+0000] {processor.py:179} INFO - Processing /home/airflow/.local/lib/python3.8/site-packages/airflow/example_dags/example_sla_dag.py took 0.111 seconds
[2023-10-13T01:15:46.889+0000] {processor.py:157} INFO - Started process (PID=155) to work on /home/airflow/.local/lib/python3.8/site-packages/airflow/example_dags/example_sla_dag.py
[2023-10-13T01:15:46.900+0000] {processor.py:829} INFO - Processing file /home/airflow/.local/lib/python3.8/site-packages/airflow/example_dags/example_sla_dag.py for tasks to queue
[2023-10-13T01:15:46.903+0000] {logging_mixin.py:151} INFO - [2023-10-13T01:15:46.902+0000] {dagbag.py:536} INFO - Filling up the DagBag from /home/airflow/.local/lib/python3.8/site-packages/airflow/example_dags/example_sla_dag.py
[2023-10-13T01:15:46.913+0000] {processor.py:839} INFO - DAG(s) dict_keys(['example_sla_dag']) retrieved from /home/airflow/.local/lib/python3.8/site-packages/airflow/example_dags/example_sla_dag.py
[2023-10-13T01:15:46.934+0000] {logging_mixin.py:151} INFO - [2023-10-13T01:15:46.934+0000] {dag.py:2941} INFO - Sync 1 DAGs
[2023-10-13T01:15:46.962+0000] {logging_mixin.py:151} INFO - [2023-10-13T01:15:46.962+0000] {dag.py:3722} INFO - Setting next_dagrun for example_sla_dag to 2023-10-13T01:12:00+00:00, run_after=2023-10-13T01:14:00+00:00
[2023-10-13T01:15:46.994+0000] {processor.py:179} INFO - Processing /home/airflow/.local/lib/python3.8/site-packages/airflow/example_dags/example_sla_dag.py took 0.113 seconds
[2023-10-13T01:16:17.017+0000] {processor.py:157} INFO - Started process (PID=208) to work on /home/airflow/.local/lib/python3.8/site-packages/airflow/example_dags/example_sla_dag.py
[2023-10-13T01:16:17.018+0000] {processor.py:829} INFO - Processing file /home/airflow/.local/lib/python3.8/site-packages/airflow/example_dags/example_sla_dag.py for tasks to queue
[2023-10-13T01:16:17.020+0000] {logging_mixin.py:151} INFO - [2023-10-13T01:16:17.020+0000] {dagbag.py:536} INFO - Filling up the DagBag from /home/airflow/.local/lib/python3.8/site-packages/airflow/example_dags/example_sla_dag.py
[2023-10-13T01:16:17.030+0000] {processor.py:839} INFO - DAG(s) dict_keys(['example_sla_dag']) retrieved from /home/airflow/.local/lib/python3.8/site-packages/airflow/example_dags/example_sla_dag.py
[2023-10-13T01:16:17.053+0000] {logging_mixin.py:151} INFO - [2023-10-13T01:16:17.053+0000] {dag.py:2941} INFO - Sync 1 DAGs
[2023-10-13T01:16:17.088+0000] {logging_mixin.py:151} INFO - [2023-10-13T01:16:17.087+0000] {dag.py:3722} INFO - Setting next_dagrun for example_sla_dag to 2023-10-13T01:14:00+00:00, run_after=2023-10-13T01:16:00+00:00
[2023-10-13T01:16:17.129+0000] {processor.py:179} INFO - Processing /home/airflow/.local/lib/python3.8/site-packages/airflow/example_dags/example_sla_dag.py took 0.116 seconds
[2023-10-13T01:16:47.263+0000] {processor.py:157} INFO - Started process (PID=263) to work on /home/airflow/.local/lib/python3.8/site-packages/airflow/example_dags/example_sla_dag.py
[2023-10-13T01:16:47.264+0000] {processor.py:829} INFO - Processing file /home/airflow/.local/lib/python3.8/site-packages/airflow/example_dags/example_sla_dag.py for tasks to queue
[2023-10-13T01:16:47.267+0000] {logging_mixin.py:151} INFO - [2023-10-13T01:16:47.266+0000] {dagbag.py:536} INFO - Filling up the DagBag from /home/airflow/.local/lib/python3.8/site-packages/airflow/example_dags/example_sla_dag.py
[2023-10-13T01:16:47.278+0000] {processor.py:839} INFO - DAG(s) dict_keys(['example_sla_dag']) retrieved from /home/airflow/.local/lib/python3.8/site-packages/airflow/example_dags/example_sla_dag.py
[2023-10-13T01:16:47.304+0000] {logging_mixin.py:151} INFO - [2023-10-13T01:16:47.304+0000] {dag.py:2941} INFO - Sync 1 DAGs
[2023-10-13T01:16:47.350+0000] {logging_mixin.py:151} INFO - [2023-10-13T01:16:47.350+0000] {dag.py:3722} INFO - Setting next_dagrun for example_sla_dag to 2023-10-13T01:14:00+00:00, run_after=2023-10-13T01:16:00+00:00
[2023-10-13T01:16:47.385+0000] {processor.py:179} INFO - Processing /home/airflow/.local/lib/python3.8/site-packages/airflow/example_dags/example_sla_dag.py took 0.125 seconds
[2023-10-13T01:17:17.681+0000] {processor.py:157} INFO - Started process (PID=318) to work on /home/airflow/.local/lib/python3.8/site-packages/airflow/example_dags/example_sla_dag.py
[2023-10-13T01:17:17.681+0000] {processor.py:829} INFO - Processing file /home/airflow/.local/lib/python3.8/site-packages/airflow/example_dags/example_sla_dag.py for tasks to queue
[2023-10-13T01:17:17.684+0000] {logging_mixin.py:151} INFO - [2023-10-13T01:17:17.684+0000] {dagbag.py:536} INFO - Filling up the DagBag from /home/airflow/.local/lib/python3.8/site-packages/airflow/example_dags/example_sla_dag.py
[2023-10-13T01:17:17.695+0000] {processor.py:839} INFO - DAG(s) dict_keys(['example_sla_dag']) retrieved from /home/airflow/.local/lib/python3.8/site-packages/airflow/example_dags/example_sla_dag.py
[2023-10-13T01:17:17.718+0000] {logging_mixin.py:151} INFO - [2023-10-13T01:17:17.717+0000] {dag.py:2941} INFO - Sync 1 DAGs
[2023-10-13T01:17:17.752+0000] {logging_mixin.py:151} INFO - [2023-10-13T01:17:17.752+0000] {dag.py:3722} INFO - Setting next_dagrun for example_sla_dag to 2023-10-13T01:14:00+00:00, run_after=2023-10-13T01:16:00+00:00
[2023-10-13T01:17:17.786+0000] {processor.py:179} INFO - Processing /home/airflow/.local/lib/python3.8/site-packages/airflow/example_dags/example_sla_dag.py took 0.109 seconds
[2023-10-13T01:17:48.238+0000] {processor.py:157} INFO - Started process (PID=374) to work on /home/airflow/.local/lib/python3.8/site-packages/airflow/example_dags/example_sla_dag.py
[2023-10-13T01:17:48.239+0000] {processor.py:829} INFO - Processing file /home/airflow/.local/lib/python3.8/site-packages/airflow/example_dags/example_sla_dag.py for tasks to queue
[2023-10-13T01:17:48.242+0000] {logging_mixin.py:151} INFO - [2023-10-13T01:17:48.242+0000] {dagbag.py:536} INFO - Filling up the DagBag from /home/airflow/.local/lib/python3.8/site-packages/airflow/example_dags/example_sla_dag.py
[2023-10-13T01:17:48.256+0000] {processor.py:839} INFO - DAG(s) dict_keys(['example_sla_dag']) retrieved from /home/airflow/.local/lib/python3.8/site-packages/airflow/example_dags/example_sla_dag.py
[2023-10-13T01:17:48.283+0000] {logging_mixin.py:151} INFO - [2023-10-13T01:17:48.282+0000] {dag.py:2941} INFO - Sync 1 DAGs
[2023-10-13T01:17:48.321+0000] {logging_mixin.py:151} INFO - [2023-10-13T01:17:48.320+0000] {dag.py:3722} INFO - Setting next_dagrun for example_sla_dag to 2023-10-13T01:14:00+00:00, run_after=2023-10-13T01:16:00+00:00
[2023-10-13T01:17:48.352+0000] {processor.py:179} INFO - Processing /home/airflow/.local/lib/python3.8/site-packages/airflow/example_dags/example_sla_dag.py took 0.119 seconds
[2023-10-13T01:18:19.583+0000] {processor.py:157} INFO - Started process (PID=429) to work on /home/airflow/.local/lib/python3.8/site-packages/airflow/example_dags/example_sla_dag.py
[2023-10-13T01:18:19.589+0000] {processor.py:829} INFO - Processing file /home/airflow/.local/lib/python3.8/site-packages/airflow/example_dags/example_sla_dag.py for tasks to queue
[2023-10-13T01:18:19.597+0000] {logging_mixin.py:151} INFO - [2023-10-13T01:18:19.595+0000] {dagbag.py:536} INFO - Filling up the DagBag from /home/airflow/.local/lib/python3.8/site-packages/airflow/example_dags/example_sla_dag.py
[2023-10-13T01:18:19.645+0000] {processor.py:839} INFO - DAG(s) dict_keys(['example_sla_dag']) retrieved from /home/airflow/.local/lib/python3.8/site-packages/airflow/example_dags/example_sla_dag.py
[2023-10-13T01:18:19.700+0000] {logging_mixin.py:151} INFO - [2023-10-13T01:18:19.700+0000] {dag.py:2941} INFO - Sync 1 DAGs
[2023-10-13T01:18:19.753+0000] {logging_mixin.py:151} INFO - [2023-10-13T01:18:19.752+0000] {dag.py:3722} INFO - Setting next_dagrun for example_sla_dag to 2023-10-13T01:16:00+00:00, run_after=2023-10-13T01:18:00+00:00
[2023-10-13T01:18:19.823+0000] {processor.py:179} INFO - Processing /home/airflow/.local/lib/python3.8/site-packages/airflow/example_dags/example_sla_dag.py took 0.255 seconds
[2023-10-13T01:18:51.170+0000] {processor.py:157} INFO - Started process (PID=484) to work on /home/airflow/.local/lib/python3.8/site-packages/airflow/example_dags/example_sla_dag.py
[2023-10-13T01:18:51.191+0000] {processor.py:829} INFO - Processing file /home/airflow/.local/lib/python3.8/site-packages/airflow/example_dags/example_sla_dag.py for tasks to queue
[2023-10-13T01:18:51.193+0000] {logging_mixin.py:151} INFO - [2023-10-13T01:18:51.193+0000] {dagbag.py:536} INFO - Filling up the DagBag from /home/airflow/.local/lib/python3.8/site-packages/airflow/example_dags/example_sla_dag.py
[2023-10-13T01:18:51.210+0000] {processor.py:839} INFO - DAG(s) dict_keys(['example_sla_dag']) retrieved from /home/airflow/.local/lib/python3.8/site-packages/airflow/example_dags/example_sla_dag.py
[2023-10-13T01:18:51.250+0000] {logging_mixin.py:151} INFO - [2023-10-13T01:18:51.250+0000] {dag.py:2941} INFO - Sync 1 DAGs
[2023-10-13T01:18:51.301+0000] {logging_mixin.py:151} INFO - [2023-10-13T01:18:51.301+0000] {dag.py:3722} INFO - Setting next_dagrun for example_sla_dag to 2023-10-13T01:16:00+00:00, run_after=2023-10-13T01:18:00+00:00
[2023-10-13T01:18:51.346+0000] {processor.py:179} INFO - Processing /home/airflow/.local/lib/python3.8/site-packages/airflow/example_dags/example_sla_dag.py took 0.184 seconds
[2023-10-13T01:19:21.638+0000] {processor.py:157} INFO - Started process (PID=539) to work on /home/airflow/.local/lib/python3.8/site-packages/airflow/example_dags/example_sla_dag.py
[2023-10-13T01:19:21.638+0000] {processor.py:829} INFO - Processing file /home/airflow/.local/lib/python3.8/site-packages/airflow/example_dags/example_sla_dag.py for tasks to queue
[2023-10-13T01:19:21.641+0000] {logging_mixin.py:151} INFO - [2023-10-13T01:19:21.640+0000] {dagbag.py:536} INFO - Filling up the DagBag from /home/airflow/.local/lib/python3.8/site-packages/airflow/example_dags/example_sla_dag.py
[2023-10-13T01:19:21.650+0000] {processor.py:839} INFO - DAG(s) dict_keys(['example_sla_dag']) retrieved from /home/airflow/.local/lib/python3.8/site-packages/airflow/example_dags/example_sla_dag.py
[2023-10-13T01:19:21.670+0000] {logging_mixin.py:151} INFO - [2023-10-13T01:19:21.669+0000] {dag.py:2941} INFO - Sync 1 DAGs
[2023-10-13T01:19:21.710+0000] {logging_mixin.py:151} INFO - [2023-10-13T01:19:21.709+0000] {dag.py:3722} INFO - Setting next_dagrun for example_sla_dag to 2023-10-13T01:16:00+00:00, run_after=2023-10-13T01:18:00+00:00
[2023-10-13T01:19:21.755+0000] {processor.py:179} INFO - Processing /home/airflow/.local/lib/python3.8/site-packages/airflow/example_dags/example_sla_dag.py took 0.121 seconds
[2023-10-13T01:19:51.887+0000] {processor.py:157} INFO - Started process (PID=594) to work on /home/airflow/.local/lib/python3.8/site-packages/airflow/example_dags/example_sla_dag.py
[2023-10-13T01:19:51.888+0000] {processor.py:829} INFO - Processing file /home/airflow/.local/lib/python3.8/site-packages/airflow/example_dags/example_sla_dag.py for tasks to queue
[2023-10-13T01:19:51.890+0000] {logging_mixin.py:151} INFO - [2023-10-13T01:19:51.890+0000] {dagbag.py:536} INFO - Filling up the DagBag from /home/airflow/.local/lib/python3.8/site-packages/airflow/example_dags/example_sla_dag.py
[2023-10-13T01:19:51.898+0000] {processor.py:839} INFO - DAG(s) dict_keys(['example_sla_dag']) retrieved from /home/airflow/.local/lib/python3.8/site-packages/airflow/example_dags/example_sla_dag.py
[2023-10-13T01:19:51.925+0000] {logging_mixin.py:151} INFO - [2023-10-13T01:19:51.925+0000] {dag.py:2941} INFO - Sync 1 DAGs
[2023-10-13T01:19:51.964+0000] {logging_mixin.py:151} INFO - [2023-10-13T01:19:51.964+0000] {dag.py:3722} INFO - Setting next_dagrun for example_sla_dag to 2023-10-13T01:16:00+00:00, run_after=2023-10-13T01:18:00+00:00
[2023-10-13T01:19:52.000+0000] {processor.py:179} INFO - Processing /home/airflow/.local/lib/python3.8/site-packages/airflow/example_dags/example_sla_dag.py took 0.117 seconds
[2023-10-13T01:20:22.834+0000] {processor.py:157} INFO - Started process (PID=649) to work on /home/airflow/.local/lib/python3.8/site-packages/airflow/example_dags/example_sla_dag.py
[2023-10-13T01:20:22.835+0000] {processor.py:829} INFO - Processing file /home/airflow/.local/lib/python3.8/site-packages/airflow/example_dags/example_sla_dag.py for tasks to queue
[2023-10-13T01:20:22.837+0000] {logging_mixin.py:151} INFO - [2023-10-13T01:20:22.837+0000] {dagbag.py:536} INFO - Filling up the DagBag from /home/airflow/.local/lib/python3.8/site-packages/airflow/example_dags/example_sla_dag.py
[2023-10-13T01:20:22.850+0000] {processor.py:839} INFO - DAG(s) dict_keys(['example_sla_dag']) retrieved from /home/airflow/.local/lib/python3.8/site-packages/airflow/example_dags/example_sla_dag.py
[2023-10-13T01:20:22.882+0000] {logging_mixin.py:151} INFO - [2023-10-13T01:20:22.882+0000] {dag.py:2941} INFO - Sync 1 DAGs
[2023-10-13T01:20:22.928+0000] {logging_mixin.py:151} INFO - [2023-10-13T01:20:22.928+0000] {dag.py:3722} INFO - Setting next_dagrun for example_sla_dag to 2023-10-13T01:18:00+00:00, run_after=2023-10-13T01:20:00+00:00
[2023-10-13T01:20:22.986+0000] {processor.py:179} INFO - Processing /home/airflow/.local/lib/python3.8/site-packages/airflow/example_dags/example_sla_dag.py took 0.156 seconds
[2023-10-13T01:20:53.765+0000] {processor.py:157} INFO - Started process (PID=704) to work on /home/airflow/.local/lib/python3.8/site-packages/airflow/example_dags/example_sla_dag.py
[2023-10-13T01:20:53.766+0000] {processor.py:829} INFO - Processing file /home/airflow/.local/lib/python3.8/site-packages/airflow/example_dags/example_sla_dag.py for tasks to queue
[2023-10-13T01:20:53.769+0000] {logging_mixin.py:151} INFO - [2023-10-13T01:20:53.768+0000] {dagbag.py:536} INFO - Filling up the DagBag from /home/airflow/.local/lib/python3.8/site-packages/airflow/example_dags/example_sla_dag.py
[2023-10-13T01:20:53.786+0000] {processor.py:839} INFO - DAG(s) dict_keys(['example_sla_dag']) retrieved from /home/airflow/.local/lib/python3.8/site-packages/airflow/example_dags/example_sla_dag.py
[2023-10-13T01:20:53.818+0000] {logging_mixin.py:151} INFO - [2023-10-13T01:20:53.817+0000] {dag.py:2941} INFO - Sync 1 DAGs
[2023-10-13T01:20:53.861+0000] {logging_mixin.py:151} INFO - [2023-10-13T01:20:53.861+0000] {dag.py:3722} INFO - Setting next_dagrun for example_sla_dag to 2023-10-13T01:18:00+00:00, run_after=2023-10-13T01:20:00+00:00
[2023-10-13T01:20:53.898+0000] {processor.py:179} INFO - Processing /home/airflow/.local/lib/python3.8/site-packages/airflow/example_dags/example_sla_dag.py took 0.141 seconds
[2023-10-13T01:21:25.622+0000] {processor.py:157} INFO - Started process (PID=760) to work on /home/airflow/.local/lib/python3.8/site-packages/airflow/example_dags/example_sla_dag.py
[2023-10-13T01:21:25.623+0000] {processor.py:829} INFO - Processing file /home/airflow/.local/lib/python3.8/site-packages/airflow/example_dags/example_sla_dag.py for tasks to queue
[2023-10-13T01:21:25.626+0000] {logging_mixin.py:151} INFO - [2023-10-13T01:21:25.626+0000] {dagbag.py:536} INFO - Filling up the DagBag from /home/airflow/.local/lib/python3.8/site-packages/airflow/example_dags/example_sla_dag.py
[2023-10-13T01:21:25.643+0000] {processor.py:839} INFO - DAG(s) dict_keys(['example_sla_dag']) retrieved from /home/airflow/.local/lib/python3.8/site-packages/airflow/example_dags/example_sla_dag.py
[2023-10-13T01:21:25.670+0000] {logging_mixin.py:151} INFO - [2023-10-13T01:21:25.670+0000] {dag.py:2941} INFO - Sync 1 DAGs
[2023-10-13T01:21:25.708+0000] {logging_mixin.py:151} INFO - [2023-10-13T01:21:25.708+0000] {dag.py:3722} INFO - Setting next_dagrun for example_sla_dag to 2023-10-13T01:18:00+00:00, run_after=2023-10-13T01:20:00+00:00
[2023-10-13T01:21:26.000+0000] {processor.py:179} INFO - Processing /home/airflow/.local/lib/python3.8/site-packages/airflow/example_dags/example_sla_dag.py took 0.384 seconds
[2023-10-13T01:21:56.280+0000] {processor.py:157} INFO - Started process (PID=816) to work on /home/airflow/.local/lib/python3.8/site-packages/airflow/example_dags/example_sla_dag.py
[2023-10-13T01:21:56.281+0000] {processor.py:829} INFO - Processing file /home/airflow/.local/lib/python3.8/site-packages/airflow/example_dags/example_sla_dag.py for tasks to queue
[2023-10-13T01:21:56.283+0000] {logging_mixin.py:151} INFO - [2023-10-13T01:21:56.283+0000] {dagbag.py:536} INFO - Filling up the DagBag from /home/airflow/.local/lib/python3.8/site-packages/airflow/example_dags/example_sla_dag.py
[2023-10-13T01:21:56.293+0000] {processor.py:839} INFO - DAG(s) dict_keys(['example_sla_dag']) retrieved from /home/airflow/.local/lib/python3.8/site-packages/airflow/example_dags/example_sla_dag.py
[2023-10-13T01:21:56.318+0000] {logging_mixin.py:151} INFO - [2023-10-13T01:21:56.317+0000] {dag.py:2941} INFO - Sync 1 DAGs
[2023-10-13T01:21:56.356+0000] {logging_mixin.py:151} INFO - [2023-10-13T01:21:56.356+0000] {dag.py:3722} INFO - Setting next_dagrun for example_sla_dag to 2023-10-13T01:18:00+00:00, run_after=2023-10-13T01:20:00+00:00
[2023-10-13T01:21:56.387+0000] {processor.py:179} INFO - Processing /home/airflow/.local/lib/python3.8/site-packages/airflow/example_dags/example_sla_dag.py took 0.112 seconds
[2023-10-13T01:24:40.123+0000] {processor.py:157} INFO - Started process (PID=47) to work on /home/airflow/.local/lib/python3.8/site-packages/airflow/example_dags/example_sla_dag.py
[2023-10-13T01:24:40.137+0000] {processor.py:829} INFO - Processing file /home/airflow/.local/lib/python3.8/site-packages/airflow/example_dags/example_sla_dag.py for tasks to queue
[2023-10-13T01:24:40.141+0000] {logging_mixin.py:151} INFO - [2023-10-13T01:24:40.141+0000] {dagbag.py:536} INFO - Filling up the DagBag from /home/airflow/.local/lib/python3.8/site-packages/airflow/example_dags/example_sla_dag.py
[2023-10-13T01:24:40.173+0000] {processor.py:839} INFO - DAG(s) dict_keys(['example_sla_dag']) retrieved from /home/airflow/.local/lib/python3.8/site-packages/airflow/example_dags/example_sla_dag.py
[2023-10-13T01:24:40.259+0000] {logging_mixin.py:151} INFO - [2023-10-13T01:24:40.259+0000] {dag.py:2941} INFO - Sync 1 DAGs
[2023-10-13T01:24:40.343+0000] {logging_mixin.py:151} INFO - [2023-10-13T01:24:40.343+0000] {dag.py:3722} INFO - Setting next_dagrun for example_sla_dag to 2023-10-13T01:22:00+00:00, run_after=2023-10-13T01:24:00+00:00
[2023-10-13T01:24:40.434+0000] {processor.py:179} INFO - Processing /home/airflow/.local/lib/python3.8/site-packages/airflow/example_dags/example_sla_dag.py took 0.316 seconds
[2023-10-13T01:25:10.569+0000] {processor.py:157} INFO - Started process (PID=102) to work on /home/airflow/.local/lib/python3.8/site-packages/airflow/example_dags/example_sla_dag.py
[2023-10-13T01:25:10.570+0000] {processor.py:829} INFO - Processing file /home/airflow/.local/lib/python3.8/site-packages/airflow/example_dags/example_sla_dag.py for tasks to queue
[2023-10-13T01:25:10.573+0000] {logging_mixin.py:151} INFO - [2023-10-13T01:25:10.572+0000] {dagbag.py:536} INFO - Filling up the DagBag from /home/airflow/.local/lib/python3.8/site-packages/airflow/example_dags/example_sla_dag.py
[2023-10-13T01:25:10.585+0000] {processor.py:839} INFO - DAG(s) dict_keys(['example_sla_dag']) retrieved from /home/airflow/.local/lib/python3.8/site-packages/airflow/example_dags/example_sla_dag.py
[2023-10-13T01:25:10.615+0000] {logging_mixin.py:151} INFO - [2023-10-13T01:25:10.615+0000] {dag.py:2941} INFO - Sync 1 DAGs
[2023-10-13T01:25:10.655+0000] {logging_mixin.py:151} INFO - [2023-10-13T01:25:10.654+0000] {dag.py:3722} INFO - Setting next_dagrun for example_sla_dag to 2023-10-13T01:22:00+00:00, run_after=2023-10-13T01:24:00+00:00
[2023-10-13T01:25:10.685+0000] {processor.py:179} INFO - Processing /home/airflow/.local/lib/python3.8/site-packages/airflow/example_dags/example_sla_dag.py took 0.120 seconds
[2023-10-13T01:25:40.847+0000] {processor.py:157} INFO - Started process (PID=157) to work on /home/airflow/.local/lib/python3.8/site-packages/airflow/example_dags/example_sla_dag.py
[2023-10-13T01:25:40.848+0000] {processor.py:829} INFO - Processing file /home/airflow/.local/lib/python3.8/site-packages/airflow/example_dags/example_sla_dag.py for tasks to queue
[2023-10-13T01:25:40.852+0000] {logging_mixin.py:151} INFO - [2023-10-13T01:25:40.851+0000] {dagbag.py:536} INFO - Filling up the DagBag from /home/airflow/.local/lib/python3.8/site-packages/airflow/example_dags/example_sla_dag.py
[2023-10-13T01:25:40.866+0000] {processor.py:839} INFO - DAG(s) dict_keys(['example_sla_dag']) retrieved from /home/airflow/.local/lib/python3.8/site-packages/airflow/example_dags/example_sla_dag.py
[2023-10-13T01:25:40.892+0000] {logging_mixin.py:151} INFO - [2023-10-13T01:25:40.892+0000] {dag.py:2941} INFO - Sync 1 DAGs
[2023-10-13T01:25:40.941+0000] {logging_mixin.py:151} INFO - [2023-10-13T01:25:40.941+0000] {dag.py:3722} INFO - Setting next_dagrun for example_sla_dag to 2023-10-13T01:22:00+00:00, run_after=2023-10-13T01:24:00+00:00
[2023-10-13T01:25:40.974+0000] {processor.py:179} INFO - Processing /home/airflow/.local/lib/python3.8/site-packages/airflow/example_dags/example_sla_dag.py took 0.132 seconds
[2023-10-13T01:26:11.316+0000] {processor.py:157} INFO - Started process (PID=211) to work on /home/airflow/.local/lib/python3.8/site-packages/airflow/example_dags/example_sla_dag.py
[2023-10-13T01:26:11.333+0000] {processor.py:829} INFO - Processing file /home/airflow/.local/lib/python3.8/site-packages/airflow/example_dags/example_sla_dag.py for tasks to queue
[2023-10-13T01:26:11.335+0000] {logging_mixin.py:151} INFO - [2023-10-13T01:26:11.335+0000] {dagbag.py:536} INFO - Filling up the DagBag from /home/airflow/.local/lib/python3.8/site-packages/airflow/example_dags/example_sla_dag.py
[2023-10-13T01:26:11.347+0000] {processor.py:839} INFO - DAG(s) dict_keys(['example_sla_dag']) retrieved from /home/airflow/.local/lib/python3.8/site-packages/airflow/example_dags/example_sla_dag.py
[2023-10-13T01:26:11.369+0000] {logging_mixin.py:151} INFO - [2023-10-13T01:26:11.369+0000] {dag.py:2941} INFO - Sync 1 DAGs
[2023-10-13T01:26:11.404+0000] {logging_mixin.py:151} INFO - [2023-10-13T01:26:11.404+0000] {dag.py:3722} INFO - Setting next_dagrun for example_sla_dag to 2023-10-13T01:24:00+00:00, run_after=2023-10-13T01:26:00+00:00
[2023-10-13T01:26:11.429+0000] {processor.py:179} INFO - Processing /home/airflow/.local/lib/python3.8/site-packages/airflow/example_dags/example_sla_dag.py took 0.117 seconds
[2023-10-13T01:26:41.995+0000] {processor.py:157} INFO - Started process (PID=266) to work on /home/airflow/.local/lib/python3.8/site-packages/airflow/example_dags/example_sla_dag.py
[2023-10-13T01:26:41.996+0000] {processor.py:829} INFO - Processing file /home/airflow/.local/lib/python3.8/site-packages/airflow/example_dags/example_sla_dag.py for tasks to queue
[2023-10-13T01:26:41.999+0000] {logging_mixin.py:151} INFO - [2023-10-13T01:26:41.998+0000] {dagbag.py:536} INFO - Filling up the DagBag from /home/airflow/.local/lib/python3.8/site-packages/airflow/example_dags/example_sla_dag.py
[2023-10-13T01:26:42.013+0000] {processor.py:839} INFO - DAG(s) dict_keys(['example_sla_dag']) retrieved from /home/airflow/.local/lib/python3.8/site-packages/airflow/example_dags/example_sla_dag.py
[2023-10-13T01:26:42.040+0000] {logging_mixin.py:151} INFO - [2023-10-13T01:26:42.040+0000] {dag.py:2941} INFO - Sync 1 DAGs
[2023-10-13T01:26:42.076+0000] {logging_mixin.py:151} INFO - [2023-10-13T01:26:42.076+0000] {dag.py:3722} INFO - Setting next_dagrun for example_sla_dag to 2023-10-13T01:24:00+00:00, run_after=2023-10-13T01:26:00+00:00
[2023-10-13T01:26:42.119+0000] {processor.py:179} INFO - Processing /home/airflow/.local/lib/python3.8/site-packages/airflow/example_dags/example_sla_dag.py took 0.129 seconds
[2023-10-13T01:27:13.168+0000] {processor.py:157} INFO - Started process (PID=321) to work on /home/airflow/.local/lib/python3.8/site-packages/airflow/example_dags/example_sla_dag.py
[2023-10-13T01:27:13.169+0000] {processor.py:829} INFO - Processing file /home/airflow/.local/lib/python3.8/site-packages/airflow/example_dags/example_sla_dag.py for tasks to queue
[2023-10-13T01:27:13.174+0000] {logging_mixin.py:151} INFO - [2023-10-13T01:27:13.174+0000] {dagbag.py:536} INFO - Filling up the DagBag from /home/airflow/.local/lib/python3.8/site-packages/airflow/example_dags/example_sla_dag.py
[2023-10-13T01:27:13.185+0000] {processor.py:839} INFO - DAG(s) dict_keys(['example_sla_dag']) retrieved from /home/airflow/.local/lib/python3.8/site-packages/airflow/example_dags/example_sla_dag.py
[2023-10-13T01:27:13.208+0000] {logging_mixin.py:151} INFO - [2023-10-13T01:27:13.208+0000] {dag.py:2941} INFO - Sync 1 DAGs
[2023-10-13T01:27:13.244+0000] {logging_mixin.py:151} INFO - [2023-10-13T01:27:13.243+0000] {dag.py:3722} INFO - Setting next_dagrun for example_sla_dag to 2023-10-13T01:24:00+00:00, run_after=2023-10-13T01:26:00+00:00
[2023-10-13T01:27:13.291+0000] {processor.py:179} INFO - Processing /home/airflow/.local/lib/python3.8/site-packages/airflow/example_dags/example_sla_dag.py took 0.128 seconds
[2023-10-13T01:27:43.604+0000] {processor.py:157} INFO - Started process (PID=376) to work on /home/airflow/.local/lib/python3.8/site-packages/airflow/example_dags/example_sla_dag.py
[2023-10-13T01:27:43.605+0000] {processor.py:829} INFO - Processing file /home/airflow/.local/lib/python3.8/site-packages/airflow/example_dags/example_sla_dag.py for tasks to queue
[2023-10-13T01:27:43.613+0000] {logging_mixin.py:151} INFO - [2023-10-13T01:27:43.613+0000] {dagbag.py:536} INFO - Filling up the DagBag from /home/airflow/.local/lib/python3.8/site-packages/airflow/example_dags/example_sla_dag.py
[2023-10-13T01:27:43.638+0000] {processor.py:839} INFO - DAG(s) dict_keys(['example_sla_dag']) retrieved from /home/airflow/.local/lib/python3.8/site-packages/airflow/example_dags/example_sla_dag.py
[2023-10-13T01:27:43.685+0000] {logging_mixin.py:151} INFO - [2023-10-13T01:27:43.685+0000] {dag.py:2941} INFO - Sync 1 DAGs
[2023-10-13T01:27:43.733+0000] {logging_mixin.py:151} INFO - [2023-10-13T01:27:43.733+0000] {dag.py:3722} INFO - Setting next_dagrun for example_sla_dag to 2023-10-13T01:24:00+00:00, run_after=2023-10-13T01:26:00+00:00
[2023-10-13T01:27:43.786+0000] {processor.py:179} INFO - Processing /home/airflow/.local/lib/python3.8/site-packages/airflow/example_dags/example_sla_dag.py took 0.186 seconds
