[2023-10-13T00:52:53.229+0000] {processor.py:157} INFO - Started process (PID=64) to work on /home/airflow/.local/lib/python3.8/site-packages/airflow/example_dags/example_bash_operator.py
[2023-10-13T00:52:53.232+0000] {processor.py:829} INFO - Processing file /home/airflow/.local/lib/python3.8/site-packages/airflow/example_dags/example_bash_operator.py for tasks to queue
[2023-10-13T00:52:53.234+0000] {logging_mixin.py:151} INFO - [2023-10-13T00:52:53.234+0000] {dagbag.py:536} INFO - Filling up the DagBag from /home/airflow/.local/lib/python3.8/site-packages/airflow/example_dags/example_bash_operator.py
[2023-10-13T00:52:53.300+0000] {processor.py:839} INFO - DAG(s) dict_keys(['example_bash_operator']) retrieved from /home/airflow/.local/lib/python3.8/site-packages/airflow/example_dags/example_bash_operator.py
[2023-10-13T00:52:53.418+0000] {logging_mixin.py:151} INFO - [2023-10-13T00:52:53.418+0000] {dag.py:2941} INFO - Sync 1 DAGs
[2023-10-13T00:52:53.502+0000] {logging_mixin.py:151} INFO - [2023-10-13T00:52:53.502+0000] {dag.py:3722} INFO - Setting next_dagrun for example_bash_operator to 2023-10-12T00:00:00+00:00, run_after=2023-10-13T00:00:00+00:00
[2023-10-13T00:52:53.608+0000] {processor.py:179} INFO - Processing /home/airflow/.local/lib/python3.8/site-packages/airflow/example_dags/example_bash_operator.py took 0.389 seconds
[2023-10-13T00:53:23.897+0000] {processor.py:157} INFO - Started process (PID=117) to work on /home/airflow/.local/lib/python3.8/site-packages/airflow/example_dags/example_bash_operator.py
[2023-10-13T00:53:23.898+0000] {processor.py:829} INFO - Processing file /home/airflow/.local/lib/python3.8/site-packages/airflow/example_dags/example_bash_operator.py for tasks to queue
[2023-10-13T00:53:23.901+0000] {logging_mixin.py:151} INFO - [2023-10-13T00:53:23.901+0000] {dagbag.py:536} INFO - Filling up the DagBag from /home/airflow/.local/lib/python3.8/site-packages/airflow/example_dags/example_bash_operator.py
[2023-10-13T00:53:23.921+0000] {processor.py:839} INFO - DAG(s) dict_keys(['example_bash_operator']) retrieved from /home/airflow/.local/lib/python3.8/site-packages/airflow/example_dags/example_bash_operator.py
[2023-10-13T00:53:23.974+0000] {logging_mixin.py:151} INFO - [2023-10-13T00:53:23.973+0000] {dag.py:2941} INFO - Sync 1 DAGs
[2023-10-13T00:53:24.006+0000] {logging_mixin.py:151} INFO - [2023-10-13T00:53:24.006+0000] {dag.py:3722} INFO - Setting next_dagrun for example_bash_operator to 2023-10-12T00:00:00+00:00, run_after=2023-10-13T00:00:00+00:00
[2023-10-13T00:53:24.041+0000] {processor.py:179} INFO - Processing /home/airflow/.local/lib/python3.8/site-packages/airflow/example_dags/example_bash_operator.py took 0.147 seconds
[2023-10-13T00:53:54.537+0000] {processor.py:157} INFO - Started process (PID=172) to work on /home/airflow/.local/lib/python3.8/site-packages/airflow/example_dags/example_bash_operator.py
[2023-10-13T00:53:54.538+0000] {processor.py:829} INFO - Processing file /home/airflow/.local/lib/python3.8/site-packages/airflow/example_dags/example_bash_operator.py for tasks to queue
[2023-10-13T00:53:54.541+0000] {logging_mixin.py:151} INFO - [2023-10-13T00:53:54.541+0000] {dagbag.py:536} INFO - Filling up the DagBag from /home/airflow/.local/lib/python3.8/site-packages/airflow/example_dags/example_bash_operator.py
[2023-10-13T00:53:54.561+0000] {processor.py:839} INFO - DAG(s) dict_keys(['example_bash_operator']) retrieved from /home/airflow/.local/lib/python3.8/site-packages/airflow/example_dags/example_bash_operator.py
[2023-10-13T00:53:54.622+0000] {logging_mixin.py:151} INFO - [2023-10-13T00:53:54.622+0000] {dag.py:2941} INFO - Sync 1 DAGs
[2023-10-13T00:53:54.658+0000] {logging_mixin.py:151} INFO - [2023-10-13T00:53:54.657+0000] {dag.py:3722} INFO - Setting next_dagrun for example_bash_operator to 2023-10-12T00:00:00+00:00, run_after=2023-10-13T00:00:00+00:00
[2023-10-13T00:53:54.706+0000] {processor.py:179} INFO - Processing /home/airflow/.local/lib/python3.8/site-packages/airflow/example_dags/example_bash_operator.py took 0.175 seconds
[2023-10-13T00:54:26.104+0000] {processor.py:157} INFO - Started process (PID=226) to work on /home/airflow/.local/lib/python3.8/site-packages/airflow/example_dags/example_bash_operator.py
[2023-10-13T00:54:26.118+0000] {processor.py:829} INFO - Processing file /home/airflow/.local/lib/python3.8/site-packages/airflow/example_dags/example_bash_operator.py for tasks to queue
[2023-10-13T00:54:26.122+0000] {logging_mixin.py:151} INFO - [2023-10-13T00:54:26.121+0000] {dagbag.py:536} INFO - Filling up the DagBag from /home/airflow/.local/lib/python3.8/site-packages/airflow/example_dags/example_bash_operator.py
[2023-10-13T00:54:26.148+0000] {processor.py:839} INFO - DAG(s) dict_keys(['example_bash_operator']) retrieved from /home/airflow/.local/lib/python3.8/site-packages/airflow/example_dags/example_bash_operator.py
[2023-10-13T00:54:26.231+0000] {logging_mixin.py:151} INFO - [2023-10-13T00:54:26.229+0000] {dag.py:2941} INFO - Sync 1 DAGs
[2023-10-13T00:54:26.287+0000] {logging_mixin.py:151} INFO - [2023-10-13T00:54:26.287+0000] {dag.py:3722} INFO - Setting next_dagrun for example_bash_operator to 2023-10-12T00:00:00+00:00, run_after=2023-10-13T00:00:00+00:00
[2023-10-13T00:54:26.342+0000] {processor.py:179} INFO - Processing /home/airflow/.local/lib/python3.8/site-packages/airflow/example_dags/example_bash_operator.py took 0.246 seconds
[2023-10-13T00:54:56.954+0000] {processor.py:157} INFO - Started process (PID=280) to work on /home/airflow/.local/lib/python3.8/site-packages/airflow/example_dags/example_bash_operator.py
[2023-10-13T00:54:56.960+0000] {processor.py:829} INFO - Processing file /home/airflow/.local/lib/python3.8/site-packages/airflow/example_dags/example_bash_operator.py for tasks to queue
[2023-10-13T00:54:56.965+0000] {logging_mixin.py:151} INFO - [2023-10-13T00:54:56.965+0000] {dagbag.py:536} INFO - Filling up the DagBag from /home/airflow/.local/lib/python3.8/site-packages/airflow/example_dags/example_bash_operator.py
[2023-10-13T00:54:56.998+0000] {processor.py:839} INFO - DAG(s) dict_keys(['example_bash_operator']) retrieved from /home/airflow/.local/lib/python3.8/site-packages/airflow/example_dags/example_bash_operator.py
[2023-10-13T00:54:57.076+0000] {logging_mixin.py:151} INFO - [2023-10-13T00:54:57.075+0000] {dag.py:2941} INFO - Sync 1 DAGs
[2023-10-13T00:54:57.172+0000] {logging_mixin.py:151} INFO - [2023-10-13T00:54:57.171+0000] {dag.py:3722} INFO - Setting next_dagrun for example_bash_operator to 2023-10-12T00:00:00+00:00, run_after=2023-10-13T00:00:00+00:00
[2023-10-13T00:54:57.288+0000] {processor.py:179} INFO - Processing /home/airflow/.local/lib/python3.8/site-packages/airflow/example_dags/example_bash_operator.py took 0.346 seconds
[2023-10-13T00:55:27.355+0000] {processor.py:157} INFO - Started process (PID=333) to work on /home/airflow/.local/lib/python3.8/site-packages/airflow/example_dags/example_bash_operator.py
[2023-10-13T00:55:27.357+0000] {processor.py:829} INFO - Processing file /home/airflow/.local/lib/python3.8/site-packages/airflow/example_dags/example_bash_operator.py for tasks to queue
[2023-10-13T00:55:27.359+0000] {logging_mixin.py:151} INFO - [2023-10-13T00:55:27.359+0000] {dagbag.py:536} INFO - Filling up the DagBag from /home/airflow/.local/lib/python3.8/site-packages/airflow/example_dags/example_bash_operator.py
[2023-10-13T00:55:27.377+0000] {processor.py:839} INFO - DAG(s) dict_keys(['example_bash_operator']) retrieved from /home/airflow/.local/lib/python3.8/site-packages/airflow/example_dags/example_bash_operator.py
[2023-10-13T00:55:27.444+0000] {logging_mixin.py:151} INFO - [2023-10-13T00:55:27.444+0000] {dag.py:2941} INFO - Sync 1 DAGs
[2023-10-13T00:55:27.474+0000] {logging_mixin.py:151} INFO - [2023-10-13T00:55:27.474+0000] {dag.py:3722} INFO - Setting next_dagrun for example_bash_operator to 2023-10-12T00:00:00+00:00, run_after=2023-10-13T00:00:00+00:00
[2023-10-13T00:55:27.502+0000] {processor.py:179} INFO - Processing /home/airflow/.local/lib/python3.8/site-packages/airflow/example_dags/example_bash_operator.py took 0.151 seconds
[2023-10-13T01:14:47.172+0000] {processor.py:157} INFO - Started process (PID=58) to work on /home/airflow/.local/lib/python3.8/site-packages/airflow/example_dags/example_bash_operator.py
[2023-10-13T01:14:47.173+0000] {processor.py:829} INFO - Processing file /home/airflow/.local/lib/python3.8/site-packages/airflow/example_dags/example_bash_operator.py for tasks to queue
[2023-10-13T01:14:47.175+0000] {logging_mixin.py:151} INFO - [2023-10-13T01:14:47.175+0000] {dagbag.py:536} INFO - Filling up the DagBag from /home/airflow/.local/lib/python3.8/site-packages/airflow/example_dags/example_bash_operator.py
[2023-10-13T01:14:47.187+0000] {processor.py:839} INFO - DAG(s) dict_keys(['example_bash_operator']) retrieved from /home/airflow/.local/lib/python3.8/site-packages/airflow/example_dags/example_bash_operator.py
[2023-10-13T01:14:47.235+0000] {logging_mixin.py:151} INFO - [2023-10-13T01:14:47.235+0000] {dag.py:2941} INFO - Sync 1 DAGs
[2023-10-13T01:14:47.287+0000] {logging_mixin.py:151} INFO - [2023-10-13T01:14:47.287+0000] {dag.py:3722} INFO - Setting next_dagrun for example_bash_operator to 2023-10-12T00:00:00+00:00, run_after=2023-10-13T00:00:00+00:00
[2023-10-13T01:14:47.340+0000] {processor.py:179} INFO - Processing /home/airflow/.local/lib/python3.8/site-packages/airflow/example_dags/example_bash_operator.py took 0.172 seconds
[2023-10-13T01:15:18.020+0000] {processor.py:157} INFO - Started process (PID=113) to work on /home/airflow/.local/lib/python3.8/site-packages/airflow/example_dags/example_bash_operator.py
[2023-10-13T01:15:18.021+0000] {processor.py:829} INFO - Processing file /home/airflow/.local/lib/python3.8/site-packages/airflow/example_dags/example_bash_operator.py for tasks to queue
[2023-10-13T01:15:18.023+0000] {logging_mixin.py:151} INFO - [2023-10-13T01:15:18.023+0000] {dagbag.py:536} INFO - Filling up the DagBag from /home/airflow/.local/lib/python3.8/site-packages/airflow/example_dags/example_bash_operator.py
[2023-10-13T01:15:18.036+0000] {processor.py:839} INFO - DAG(s) dict_keys(['example_bash_operator']) retrieved from /home/airflow/.local/lib/python3.8/site-packages/airflow/example_dags/example_bash_operator.py
[2023-10-13T01:15:18.068+0000] {logging_mixin.py:151} INFO - [2023-10-13T01:15:18.068+0000] {dag.py:2941} INFO - Sync 1 DAGs
[2023-10-13T01:15:18.102+0000] {logging_mixin.py:151} INFO - [2023-10-13T01:15:18.102+0000] {dag.py:3722} INFO - Setting next_dagrun for example_bash_operator to 2023-10-12T00:00:00+00:00, run_after=2023-10-13T00:00:00+00:00
[2023-10-13T01:15:18.127+0000] {processor.py:179} INFO - Processing /home/airflow/.local/lib/python3.8/site-packages/airflow/example_dags/example_bash_operator.py took 0.111 seconds
[2023-10-13T01:15:49.243+0000] {processor.py:157} INFO - Started process (PID=167) to work on /home/airflow/.local/lib/python3.8/site-packages/airflow/example_dags/example_bash_operator.py
[2023-10-13T01:15:49.244+0000] {processor.py:829} INFO - Processing file /home/airflow/.local/lib/python3.8/site-packages/airflow/example_dags/example_bash_operator.py for tasks to queue
[2023-10-13T01:15:49.247+0000] {logging_mixin.py:151} INFO - [2023-10-13T01:15:49.247+0000] {dagbag.py:536} INFO - Filling up the DagBag from /home/airflow/.local/lib/python3.8/site-packages/airflow/example_dags/example_bash_operator.py
[2023-10-13T01:15:49.268+0000] {processor.py:839} INFO - DAG(s) dict_keys(['example_bash_operator']) retrieved from /home/airflow/.local/lib/python3.8/site-packages/airflow/example_dags/example_bash_operator.py
[2023-10-13T01:15:49.302+0000] {logging_mixin.py:151} INFO - [2023-10-13T01:15:49.301+0000] {dag.py:2941} INFO - Sync 1 DAGs
[2023-10-13T01:15:49.325+0000] {logging_mixin.py:151} INFO - [2023-10-13T01:15:49.325+0000] {dag.py:3722} INFO - Setting next_dagrun for example_bash_operator to 2023-10-12T00:00:00+00:00, run_after=2023-10-13T00:00:00+00:00
[2023-10-13T01:15:49.349+0000] {processor.py:179} INFO - Processing /home/airflow/.local/lib/python3.8/site-packages/airflow/example_dags/example_bash_operator.py took 0.111 seconds
[2023-10-13T01:16:20.047+0000] {processor.py:157} INFO - Started process (PID=221) to work on /home/airflow/.local/lib/python3.8/site-packages/airflow/example_dags/example_bash_operator.py
[2023-10-13T01:16:20.060+0000] {processor.py:829} INFO - Processing file /home/airflow/.local/lib/python3.8/site-packages/airflow/example_dags/example_bash_operator.py for tasks to queue
[2023-10-13T01:16:20.063+0000] {logging_mixin.py:151} INFO - [2023-10-13T01:16:20.063+0000] {dagbag.py:536} INFO - Filling up the DagBag from /home/airflow/.local/lib/python3.8/site-packages/airflow/example_dags/example_bash_operator.py
[2023-10-13T01:16:20.084+0000] {processor.py:839} INFO - DAG(s) dict_keys(['example_bash_operator']) retrieved from /home/airflow/.local/lib/python3.8/site-packages/airflow/example_dags/example_bash_operator.py
[2023-10-13T01:16:20.156+0000] {logging_mixin.py:151} INFO - [2023-10-13T01:16:20.156+0000] {dag.py:2941} INFO - Sync 1 DAGs
[2023-10-13T01:16:20.201+0000] {logging_mixin.py:151} INFO - [2023-10-13T01:16:20.200+0000] {dag.py:3722} INFO - Setting next_dagrun for example_bash_operator to 2023-10-12T00:00:00+00:00, run_after=2023-10-13T00:00:00+00:00
[2023-10-13T01:16:20.285+0000] {processor.py:179} INFO - Processing /home/airflow/.local/lib/python3.8/site-packages/airflow/example_dags/example_bash_operator.py took 0.242 seconds
[2023-10-13T01:16:50.906+0000] {processor.py:157} INFO - Started process (PID=276) to work on /home/airflow/.local/lib/python3.8/site-packages/airflow/example_dags/example_bash_operator.py
[2023-10-13T01:16:50.907+0000] {processor.py:829} INFO - Processing file /home/airflow/.local/lib/python3.8/site-packages/airflow/example_dags/example_bash_operator.py for tasks to queue
[2023-10-13T01:16:50.912+0000] {logging_mixin.py:151} INFO - [2023-10-13T01:16:50.911+0000] {dagbag.py:536} INFO - Filling up the DagBag from /home/airflow/.local/lib/python3.8/site-packages/airflow/example_dags/example_bash_operator.py
[2023-10-13T01:16:50.936+0000] {processor.py:839} INFO - DAG(s) dict_keys(['example_bash_operator']) retrieved from /home/airflow/.local/lib/python3.8/site-packages/airflow/example_dags/example_bash_operator.py
[2023-10-13T01:16:51.013+0000] {logging_mixin.py:151} INFO - [2023-10-13T01:16:51.012+0000] {dag.py:2941} INFO - Sync 1 DAGs
[2023-10-13T01:16:51.074+0000] {logging_mixin.py:151} INFO - [2023-10-13T01:16:51.073+0000] {dag.py:3722} INFO - Setting next_dagrun for example_bash_operator to 2023-10-12T00:00:00+00:00, run_after=2023-10-13T00:00:00+00:00
[2023-10-13T01:16:51.115+0000] {processor.py:179} INFO - Processing /home/airflow/.local/lib/python3.8/site-packages/airflow/example_dags/example_bash_operator.py took 0.215 seconds
[2023-10-13T01:17:21.700+0000] {processor.py:157} INFO - Started process (PID=330) to work on /home/airflow/.local/lib/python3.8/site-packages/airflow/example_dags/example_bash_operator.py
[2023-10-13T01:17:21.701+0000] {processor.py:829} INFO - Processing file /home/airflow/.local/lib/python3.8/site-packages/airflow/example_dags/example_bash_operator.py for tasks to queue
[2023-10-13T01:17:21.704+0000] {logging_mixin.py:151} INFO - [2023-10-13T01:17:21.703+0000] {dagbag.py:536} INFO - Filling up the DagBag from /home/airflow/.local/lib/python3.8/site-packages/airflow/example_dags/example_bash_operator.py
[2023-10-13T01:17:21.723+0000] {processor.py:839} INFO - DAG(s) dict_keys(['example_bash_operator']) retrieved from /home/airflow/.local/lib/python3.8/site-packages/airflow/example_dags/example_bash_operator.py
[2023-10-13T01:17:21.772+0000] {logging_mixin.py:151} INFO - [2023-10-13T01:17:21.772+0000] {dag.py:2941} INFO - Sync 1 DAGs
[2023-10-13T01:17:21.812+0000] {logging_mixin.py:151} INFO - [2023-10-13T01:17:21.812+0000] {dag.py:3722} INFO - Setting next_dagrun for example_bash_operator to 2023-10-12T00:00:00+00:00, run_after=2023-10-13T00:00:00+00:00
[2023-10-13T01:17:21.884+0000] {processor.py:179} INFO - Processing /home/airflow/.local/lib/python3.8/site-packages/airflow/example_dags/example_bash_operator.py took 0.189 seconds
[2023-10-13T01:17:52.471+0000] {processor.py:157} INFO - Started process (PID=386) to work on /home/airflow/.local/lib/python3.8/site-packages/airflow/example_dags/example_bash_operator.py
[2023-10-13T01:17:52.472+0000] {processor.py:829} INFO - Processing file /home/airflow/.local/lib/python3.8/site-packages/airflow/example_dags/example_bash_operator.py for tasks to queue
[2023-10-13T01:17:52.475+0000] {logging_mixin.py:151} INFO - [2023-10-13T01:17:52.475+0000] {dagbag.py:536} INFO - Filling up the DagBag from /home/airflow/.local/lib/python3.8/site-packages/airflow/example_dags/example_bash_operator.py
[2023-10-13T01:17:52.494+0000] {processor.py:839} INFO - DAG(s) dict_keys(['example_bash_operator']) retrieved from /home/airflow/.local/lib/python3.8/site-packages/airflow/example_dags/example_bash_operator.py
[2023-10-13T01:17:52.542+0000] {logging_mixin.py:151} INFO - [2023-10-13T01:17:52.542+0000] {dag.py:2941} INFO - Sync 1 DAGs
[2023-10-13T01:17:52.569+0000] {logging_mixin.py:151} INFO - [2023-10-13T01:17:52.569+0000] {dag.py:3722} INFO - Setting next_dagrun for example_bash_operator to 2023-10-12T00:00:00+00:00, run_after=2023-10-13T00:00:00+00:00
[2023-10-13T01:17:52.614+0000] {processor.py:179} INFO - Processing /home/airflow/.local/lib/python3.8/site-packages/airflow/example_dags/example_bash_operator.py took 0.148 seconds
[2023-10-13T01:18:22.785+0000] {processor.py:157} INFO - Started process (PID=441) to work on /home/airflow/.local/lib/python3.8/site-packages/airflow/example_dags/example_bash_operator.py
[2023-10-13T01:18:22.805+0000] {processor.py:829} INFO - Processing file /home/airflow/.local/lib/python3.8/site-packages/airflow/example_dags/example_bash_operator.py for tasks to queue
[2023-10-13T01:18:22.808+0000] {logging_mixin.py:151} INFO - [2023-10-13T01:18:22.807+0000] {dagbag.py:536} INFO - Filling up the DagBag from /home/airflow/.local/lib/python3.8/site-packages/airflow/example_dags/example_bash_operator.py
[2023-10-13T01:18:22.825+0000] {processor.py:839} INFO - DAG(s) dict_keys(['example_bash_operator']) retrieved from /home/airflow/.local/lib/python3.8/site-packages/airflow/example_dags/example_bash_operator.py
[2023-10-13T01:18:22.876+0000] {logging_mixin.py:151} INFO - [2023-10-13T01:18:22.876+0000] {dag.py:2941} INFO - Sync 1 DAGs
[2023-10-13T01:18:22.913+0000] {logging_mixin.py:151} INFO - [2023-10-13T01:18:22.913+0000] {dag.py:3722} INFO - Setting next_dagrun for example_bash_operator to 2023-10-12T00:00:00+00:00, run_after=2023-10-13T00:00:00+00:00
[2023-10-13T01:18:22.960+0000] {processor.py:179} INFO - Processing /home/airflow/.local/lib/python3.8/site-packages/airflow/example_dags/example_bash_operator.py took 0.179 seconds
[2023-10-13T01:18:53.693+0000] {processor.py:157} INFO - Started process (PID=496) to work on /home/airflow/.local/lib/python3.8/site-packages/airflow/example_dags/example_bash_operator.py
[2023-10-13T01:18:53.694+0000] {processor.py:829} INFO - Processing file /home/airflow/.local/lib/python3.8/site-packages/airflow/example_dags/example_bash_operator.py for tasks to queue
[2023-10-13T01:18:53.706+0000] {logging_mixin.py:151} INFO - [2023-10-13T01:18:53.705+0000] {dagbag.py:536} INFO - Filling up the DagBag from /home/airflow/.local/lib/python3.8/site-packages/airflow/example_dags/example_bash_operator.py
[2023-10-13T01:18:53.754+0000] {processor.py:839} INFO - DAG(s) dict_keys(['example_bash_operator']) retrieved from /home/airflow/.local/lib/python3.8/site-packages/airflow/example_dags/example_bash_operator.py
[2023-10-13T01:18:53.820+0000] {logging_mixin.py:151} INFO - [2023-10-13T01:18:53.820+0000] {dag.py:2941} INFO - Sync 1 DAGs
[2023-10-13T01:18:53.861+0000] {logging_mixin.py:151} INFO - [2023-10-13T01:18:53.860+0000] {dag.py:3722} INFO - Setting next_dagrun for example_bash_operator to 2023-10-12T00:00:00+00:00, run_after=2023-10-13T00:00:00+00:00
[2023-10-13T01:18:53.921+0000] {processor.py:179} INFO - Processing /home/airflow/.local/lib/python3.8/site-packages/airflow/example_dags/example_bash_operator.py took 0.233 seconds
[2023-10-13T01:19:24.725+0000] {processor.py:157} INFO - Started process (PID=551) to work on /home/airflow/.local/lib/python3.8/site-packages/airflow/example_dags/example_bash_operator.py
[2023-10-13T01:19:24.725+0000] {processor.py:829} INFO - Processing file /home/airflow/.local/lib/python3.8/site-packages/airflow/example_dags/example_bash_operator.py for tasks to queue
[2023-10-13T01:19:24.734+0000] {logging_mixin.py:151} INFO - [2023-10-13T01:19:24.734+0000] {dagbag.py:536} INFO - Filling up the DagBag from /home/airflow/.local/lib/python3.8/site-packages/airflow/example_dags/example_bash_operator.py
[2023-10-13T01:19:24.768+0000] {processor.py:839} INFO - DAG(s) dict_keys(['example_bash_operator']) retrieved from /home/airflow/.local/lib/python3.8/site-packages/airflow/example_dags/example_bash_operator.py
[2023-10-13T01:19:24.849+0000] {logging_mixin.py:151} INFO - [2023-10-13T01:19:24.849+0000] {dag.py:2941} INFO - Sync 1 DAGs
[2023-10-13T01:19:24.893+0000] {logging_mixin.py:151} INFO - [2023-10-13T01:19:24.892+0000] {dag.py:3722} INFO - Setting next_dagrun for example_bash_operator to 2023-10-12T00:00:00+00:00, run_after=2023-10-13T00:00:00+00:00
[2023-10-13T01:19:24.981+0000] {processor.py:179} INFO - Processing /home/airflow/.local/lib/python3.8/site-packages/airflow/example_dags/example_bash_operator.py took 0.261 seconds
[2023-10-13T01:19:55.061+0000] {processor.py:157} INFO - Started process (PID=606) to work on /home/airflow/.local/lib/python3.8/site-packages/airflow/example_dags/example_bash_operator.py
[2023-10-13T01:19:55.062+0000] {processor.py:829} INFO - Processing file /home/airflow/.local/lib/python3.8/site-packages/airflow/example_dags/example_bash_operator.py for tasks to queue
[2023-10-13T01:19:55.064+0000] {logging_mixin.py:151} INFO - [2023-10-13T01:19:55.064+0000] {dagbag.py:536} INFO - Filling up the DagBag from /home/airflow/.local/lib/python3.8/site-packages/airflow/example_dags/example_bash_operator.py
[2023-10-13T01:19:55.079+0000] {processor.py:839} INFO - DAG(s) dict_keys(['example_bash_operator']) retrieved from /home/airflow/.local/lib/python3.8/site-packages/airflow/example_dags/example_bash_operator.py
[2023-10-13T01:19:55.121+0000] {logging_mixin.py:151} INFO - [2023-10-13T01:19:55.121+0000] {dag.py:2941} INFO - Sync 1 DAGs
[2023-10-13T01:19:55.155+0000] {logging_mixin.py:151} INFO - [2023-10-13T01:19:55.155+0000] {dag.py:3722} INFO - Setting next_dagrun for example_bash_operator to 2023-10-12T00:00:00+00:00, run_after=2023-10-13T00:00:00+00:00
[2023-10-13T01:19:55.189+0000] {processor.py:179} INFO - Processing /home/airflow/.local/lib/python3.8/site-packages/airflow/example_dags/example_bash_operator.py took 0.131 seconds
[2023-10-13T01:20:25.991+0000] {processor.py:157} INFO - Started process (PID=661) to work on /home/airflow/.local/lib/python3.8/site-packages/airflow/example_dags/example_bash_operator.py
[2023-10-13T01:20:25.999+0000] {processor.py:829} INFO - Processing file /home/airflow/.local/lib/python3.8/site-packages/airflow/example_dags/example_bash_operator.py for tasks to queue
[2023-10-13T01:20:26.001+0000] {logging_mixin.py:151} INFO - [2023-10-13T01:20:26.001+0000] {dagbag.py:536} INFO - Filling up the DagBag from /home/airflow/.local/lib/python3.8/site-packages/airflow/example_dags/example_bash_operator.py
[2023-10-13T01:20:26.025+0000] {processor.py:839} INFO - DAG(s) dict_keys(['example_bash_operator']) retrieved from /home/airflow/.local/lib/python3.8/site-packages/airflow/example_dags/example_bash_operator.py
[2023-10-13T01:20:26.104+0000] {logging_mixin.py:151} INFO - [2023-10-13T01:20:26.104+0000] {dag.py:2941} INFO - Sync 1 DAGs
[2023-10-13T01:20:26.159+0000] {logging_mixin.py:151} INFO - [2023-10-13T01:20:26.158+0000] {dag.py:3722} INFO - Setting next_dagrun for example_bash_operator to 2023-10-12T00:00:00+00:00, run_after=2023-10-13T00:00:00+00:00
[2023-10-13T01:20:26.231+0000] {processor.py:179} INFO - Processing /home/airflow/.local/lib/python3.8/site-packages/airflow/example_dags/example_bash_operator.py took 0.247 seconds
[2023-10-13T01:20:56.922+0000] {processor.py:157} INFO - Started process (PID=716) to work on /home/airflow/.local/lib/python3.8/site-packages/airflow/example_dags/example_bash_operator.py
[2023-10-13T01:20:56.924+0000] {processor.py:829} INFO - Processing file /home/airflow/.local/lib/python3.8/site-packages/airflow/example_dags/example_bash_operator.py for tasks to queue
[2023-10-13T01:20:56.929+0000] {logging_mixin.py:151} INFO - [2023-10-13T01:20:56.928+0000] {dagbag.py:536} INFO - Filling up the DagBag from /home/airflow/.local/lib/python3.8/site-packages/airflow/example_dags/example_bash_operator.py
[2023-10-13T01:20:56.956+0000] {processor.py:839} INFO - DAG(s) dict_keys(['example_bash_operator']) retrieved from /home/airflow/.local/lib/python3.8/site-packages/airflow/example_dags/example_bash_operator.py
[2023-10-13T01:20:57.001+0000] {logging_mixin.py:151} INFO - [2023-10-13T01:20:57.001+0000] {dag.py:2941} INFO - Sync 1 DAGs
[2023-10-13T01:20:57.052+0000] {logging_mixin.py:151} INFO - [2023-10-13T01:20:57.051+0000] {dag.py:3722} INFO - Setting next_dagrun for example_bash_operator to 2023-10-12T00:00:00+00:00, run_after=2023-10-13T00:00:00+00:00
[2023-10-13T01:20:57.108+0000] {processor.py:179} INFO - Processing /home/airflow/.local/lib/python3.8/site-packages/airflow/example_dags/example_bash_operator.py took 0.190 seconds
[2023-10-13T01:21:28.209+0000] {processor.py:157} INFO - Started process (PID=772) to work on /home/airflow/.local/lib/python3.8/site-packages/airflow/example_dags/example_bash_operator.py
[2023-10-13T01:21:28.211+0000] {processor.py:829} INFO - Processing file /home/airflow/.local/lib/python3.8/site-packages/airflow/example_dags/example_bash_operator.py for tasks to queue
[2023-10-13T01:21:28.215+0000] {logging_mixin.py:151} INFO - [2023-10-13T01:21:28.215+0000] {dagbag.py:536} INFO - Filling up the DagBag from /home/airflow/.local/lib/python3.8/site-packages/airflow/example_dags/example_bash_operator.py
[2023-10-13T01:21:28.236+0000] {processor.py:839} INFO - DAG(s) dict_keys(['example_bash_operator']) retrieved from /home/airflow/.local/lib/python3.8/site-packages/airflow/example_dags/example_bash_operator.py
[2023-10-13T01:21:28.317+0000] {logging_mixin.py:151} INFO - [2023-10-13T01:21:28.317+0000] {dag.py:2941} INFO - Sync 1 DAGs
[2023-10-13T01:21:28.376+0000] {logging_mixin.py:151} INFO - [2023-10-13T01:21:28.375+0000] {dag.py:3722} INFO - Setting next_dagrun for example_bash_operator to 2023-10-12T00:00:00+00:00, run_after=2023-10-13T00:00:00+00:00
[2023-10-13T01:21:28.466+0000] {processor.py:179} INFO - Processing /home/airflow/.local/lib/python3.8/site-packages/airflow/example_dags/example_bash_operator.py took 0.263 seconds
[2023-10-13T01:21:59.385+0000] {processor.py:157} INFO - Started process (PID=828) to work on /home/airflow/.local/lib/python3.8/site-packages/airflow/example_dags/example_bash_operator.py
[2023-10-13T01:21:59.386+0000] {processor.py:829} INFO - Processing file /home/airflow/.local/lib/python3.8/site-packages/airflow/example_dags/example_bash_operator.py for tasks to queue
[2023-10-13T01:21:59.392+0000] {logging_mixin.py:151} INFO - [2023-10-13T01:21:59.391+0000] {dagbag.py:536} INFO - Filling up the DagBag from /home/airflow/.local/lib/python3.8/site-packages/airflow/example_dags/example_bash_operator.py
[2023-10-13T01:21:59.410+0000] {processor.py:839} INFO - DAG(s) dict_keys(['example_bash_operator']) retrieved from /home/airflow/.local/lib/python3.8/site-packages/airflow/example_dags/example_bash_operator.py
[2023-10-13T01:21:59.455+0000] {logging_mixin.py:151} INFO - [2023-10-13T01:21:59.455+0000] {dag.py:2941} INFO - Sync 1 DAGs
[2023-10-13T01:21:59.490+0000] {logging_mixin.py:151} INFO - [2023-10-13T01:21:59.489+0000] {dag.py:3722} INFO - Setting next_dagrun for example_bash_operator to 2023-10-12T00:00:00+00:00, run_after=2023-10-13T00:00:00+00:00
[2023-10-13T01:21:59.531+0000] {processor.py:179} INFO - Processing /home/airflow/.local/lib/python3.8/site-packages/airflow/example_dags/example_bash_operator.py took 0.151 seconds
[2023-10-13T01:24:42.413+0000] {processor.py:157} INFO - Started process (PID=59) to work on /home/airflow/.local/lib/python3.8/site-packages/airflow/example_dags/example_bash_operator.py
[2023-10-13T01:24:42.436+0000] {processor.py:829} INFO - Processing file /home/airflow/.local/lib/python3.8/site-packages/airflow/example_dags/example_bash_operator.py for tasks to queue
[2023-10-13T01:24:42.439+0000] {logging_mixin.py:151} INFO - [2023-10-13T01:24:42.438+0000] {dagbag.py:536} INFO - Filling up the DagBag from /home/airflow/.local/lib/python3.8/site-packages/airflow/example_dags/example_bash_operator.py
[2023-10-13T01:24:42.478+0000] {processor.py:839} INFO - DAG(s) dict_keys(['example_bash_operator']) retrieved from /home/airflow/.local/lib/python3.8/site-packages/airflow/example_dags/example_bash_operator.py
[2023-10-13T01:24:42.546+0000] {logging_mixin.py:151} INFO - [2023-10-13T01:24:42.546+0000] {dag.py:2941} INFO - Sync 1 DAGs
[2023-10-13T01:24:42.587+0000] {logging_mixin.py:151} INFO - [2023-10-13T01:24:42.587+0000] {dag.py:3722} INFO - Setting next_dagrun for example_bash_operator to 2023-10-12T00:00:00+00:00, run_after=2023-10-13T00:00:00+00:00
[2023-10-13T01:24:42.644+0000] {processor.py:179} INFO - Processing /home/airflow/.local/lib/python3.8/site-packages/airflow/example_dags/example_bash_operator.py took 0.252 seconds
[2023-10-13T01:25:13.483+0000] {processor.py:157} INFO - Started process (PID=114) to work on /home/airflow/.local/lib/python3.8/site-packages/airflow/example_dags/example_bash_operator.py
[2023-10-13T01:25:13.492+0000] {processor.py:829} INFO - Processing file /home/airflow/.local/lib/python3.8/site-packages/airflow/example_dags/example_bash_operator.py for tasks to queue
[2023-10-13T01:25:13.495+0000] {logging_mixin.py:151} INFO - [2023-10-13T01:25:13.495+0000] {dagbag.py:536} INFO - Filling up the DagBag from /home/airflow/.local/lib/python3.8/site-packages/airflow/example_dags/example_bash_operator.py
[2023-10-13T01:25:13.515+0000] {processor.py:839} INFO - DAG(s) dict_keys(['example_bash_operator']) retrieved from /home/airflow/.local/lib/python3.8/site-packages/airflow/example_dags/example_bash_operator.py
[2023-10-13T01:25:13.557+0000] {logging_mixin.py:151} INFO - [2023-10-13T01:25:13.557+0000] {dag.py:2941} INFO - Sync 1 DAGs
[2023-10-13T01:25:13.594+0000] {logging_mixin.py:151} INFO - [2023-10-13T01:25:13.593+0000] {dag.py:3722} INFO - Setting next_dagrun for example_bash_operator to 2023-10-12T00:00:00+00:00, run_after=2023-10-13T00:00:00+00:00
[2023-10-13T01:25:13.641+0000] {processor.py:179} INFO - Processing /home/airflow/.local/lib/python3.8/site-packages/airflow/example_dags/example_bash_operator.py took 0.161 seconds
[2023-10-13T01:25:43.900+0000] {processor.py:157} INFO - Started process (PID=169) to work on /home/airflow/.local/lib/python3.8/site-packages/airflow/example_dags/example_bash_operator.py
[2023-10-13T01:25:43.901+0000] {processor.py:829} INFO - Processing file /home/airflow/.local/lib/python3.8/site-packages/airflow/example_dags/example_bash_operator.py for tasks to queue
[2023-10-13T01:25:43.904+0000] {logging_mixin.py:151} INFO - [2023-10-13T01:25:43.903+0000] {dagbag.py:536} INFO - Filling up the DagBag from /home/airflow/.local/lib/python3.8/site-packages/airflow/example_dags/example_bash_operator.py
[2023-10-13T01:25:43.922+0000] {processor.py:839} INFO - DAG(s) dict_keys(['example_bash_operator']) retrieved from /home/airflow/.local/lib/python3.8/site-packages/airflow/example_dags/example_bash_operator.py
[2023-10-13T01:25:43.964+0000] {logging_mixin.py:151} INFO - [2023-10-13T01:25:43.964+0000] {dag.py:2941} INFO - Sync 1 DAGs
[2023-10-13T01:25:43.996+0000] {logging_mixin.py:151} INFO - [2023-10-13T01:25:43.996+0000] {dag.py:3722} INFO - Setting next_dagrun for example_bash_operator to 2023-10-12T00:00:00+00:00, run_after=2023-10-13T00:00:00+00:00
[2023-10-13T01:25:44.103+0000] {processor.py:179} INFO - Processing /home/airflow/.local/lib/python3.8/site-packages/airflow/example_dags/example_bash_operator.py took 0.209 seconds
[2023-10-13T01:26:14.209+0000] {processor.py:157} INFO - Started process (PID=223) to work on /home/airflow/.local/lib/python3.8/site-packages/airflow/example_dags/example_bash_operator.py
[2023-10-13T01:26:14.237+0000] {processor.py:829} INFO - Processing file /home/airflow/.local/lib/python3.8/site-packages/airflow/example_dags/example_bash_operator.py for tasks to queue
[2023-10-13T01:26:14.240+0000] {logging_mixin.py:151} INFO - [2023-10-13T01:26:14.240+0000] {dagbag.py:536} INFO - Filling up the DagBag from /home/airflow/.local/lib/python3.8/site-packages/airflow/example_dags/example_bash_operator.py
[2023-10-13T01:26:14.259+0000] {processor.py:839} INFO - DAG(s) dict_keys(['example_bash_operator']) retrieved from /home/airflow/.local/lib/python3.8/site-packages/airflow/example_dags/example_bash_operator.py
[2023-10-13T01:26:14.310+0000] {logging_mixin.py:151} INFO - [2023-10-13T01:26:14.310+0000] {dag.py:2941} INFO - Sync 1 DAGs
[2023-10-13T01:26:14.345+0000] {logging_mixin.py:151} INFO - [2023-10-13T01:26:14.345+0000] {dag.py:3722} INFO - Setting next_dagrun for example_bash_operator to 2023-10-12T00:00:00+00:00, run_after=2023-10-13T00:00:00+00:00
[2023-10-13T01:26:14.373+0000] {processor.py:179} INFO - Processing /home/airflow/.local/lib/python3.8/site-packages/airflow/example_dags/example_bash_operator.py took 0.168 seconds
[2023-10-13T01:26:44.887+0000] {processor.py:157} INFO - Started process (PID=278) to work on /home/airflow/.local/lib/python3.8/site-packages/airflow/example_dags/example_bash_operator.py
[2023-10-13T01:26:44.888+0000] {processor.py:829} INFO - Processing file /home/airflow/.local/lib/python3.8/site-packages/airflow/example_dags/example_bash_operator.py for tasks to queue
[2023-10-13T01:26:44.891+0000] {logging_mixin.py:151} INFO - [2023-10-13T01:26:44.891+0000] {dagbag.py:536} INFO - Filling up the DagBag from /home/airflow/.local/lib/python3.8/site-packages/airflow/example_dags/example_bash_operator.py
[2023-10-13T01:26:44.912+0000] {processor.py:839} INFO - DAG(s) dict_keys(['example_bash_operator']) retrieved from /home/airflow/.local/lib/python3.8/site-packages/airflow/example_dags/example_bash_operator.py
[2023-10-13T01:26:44.961+0000] {logging_mixin.py:151} INFO - [2023-10-13T01:26:44.961+0000] {dag.py:2941} INFO - Sync 1 DAGs
[2023-10-13T01:26:44.990+0000] {logging_mixin.py:151} INFO - [2023-10-13T01:26:44.990+0000] {dag.py:3722} INFO - Setting next_dagrun for example_bash_operator to 2023-10-12T00:00:00+00:00, run_after=2023-10-13T00:00:00+00:00
[2023-10-13T01:26:45.032+0000] {processor.py:179} INFO - Processing /home/airflow/.local/lib/python3.8/site-packages/airflow/example_dags/example_bash_operator.py took 0.150 seconds
[2023-10-13T01:27:15.184+0000] {processor.py:157} INFO - Started process (PID=333) to work on /home/airflow/.local/lib/python3.8/site-packages/airflow/example_dags/example_bash_operator.py
[2023-10-13T01:27:15.203+0000] {processor.py:829} INFO - Processing file /home/airflow/.local/lib/python3.8/site-packages/airflow/example_dags/example_bash_operator.py for tasks to queue
[2023-10-13T01:27:15.205+0000] {logging_mixin.py:151} INFO - [2023-10-13T01:27:15.205+0000] {dagbag.py:536} INFO - Filling up the DagBag from /home/airflow/.local/lib/python3.8/site-packages/airflow/example_dags/example_bash_operator.py
[2023-10-13T01:27:15.222+0000] {processor.py:839} INFO - DAG(s) dict_keys(['example_bash_operator']) retrieved from /home/airflow/.local/lib/python3.8/site-packages/airflow/example_dags/example_bash_operator.py
[2023-10-13T01:27:15.264+0000] {logging_mixin.py:151} INFO - [2023-10-13T01:27:15.264+0000] {dag.py:2941} INFO - Sync 1 DAGs
[2023-10-13T01:27:15.291+0000] {logging_mixin.py:151} INFO - [2023-10-13T01:27:15.291+0000] {dag.py:3722} INFO - Setting next_dagrun for example_bash_operator to 2023-10-12T00:00:00+00:00, run_after=2023-10-13T00:00:00+00:00
[2023-10-13T01:27:15.332+0000] {processor.py:179} INFO - Processing /home/airflow/.local/lib/python3.8/site-packages/airflow/example_dags/example_bash_operator.py took 0.152 seconds
[2023-10-13T01:27:46.172+0000] {processor.py:157} INFO - Started process (PID=388) to work on /home/airflow/.local/lib/python3.8/site-packages/airflow/example_dags/example_bash_operator.py
[2023-10-13T01:27:46.173+0000] {processor.py:829} INFO - Processing file /home/airflow/.local/lib/python3.8/site-packages/airflow/example_dags/example_bash_operator.py for tasks to queue
[2023-10-13T01:27:46.176+0000] {logging_mixin.py:151} INFO - [2023-10-13T01:27:46.176+0000] {dagbag.py:536} INFO - Filling up the DagBag from /home/airflow/.local/lib/python3.8/site-packages/airflow/example_dags/example_bash_operator.py
[2023-10-13T01:27:46.200+0000] {processor.py:839} INFO - DAG(s) dict_keys(['example_bash_operator']) retrieved from /home/airflow/.local/lib/python3.8/site-packages/airflow/example_dags/example_bash_operator.py
[2023-10-13T01:27:46.281+0000] {logging_mixin.py:151} INFO - [2023-10-13T01:27:46.281+0000] {dag.py:2941} INFO - Sync 1 DAGs
[2023-10-13T01:27:46.313+0000] {logging_mixin.py:151} INFO - [2023-10-13T01:27:46.313+0000] {dag.py:3722} INFO - Setting next_dagrun for example_bash_operator to 2023-10-12T00:00:00+00:00, run_after=2023-10-13T00:00:00+00:00
[2023-10-13T01:27:46.363+0000] {processor.py:179} INFO - Processing /home/airflow/.local/lib/python3.8/site-packages/airflow/example_dags/example_bash_operator.py took 0.198 seconds
