[2023-10-13T00:52:54.459+0000] {processor.py:157} INFO - Started process (PID=69) to work on /home/airflow/.local/lib/python3.8/site-packages/airflow/example_dags/example_short_circuit_operator.py
[2023-10-13T00:52:54.460+0000] {processor.py:829} INFO - Processing file /home/airflow/.local/lib/python3.8/site-packages/airflow/example_dags/example_short_circuit_operator.py for tasks to queue
[2023-10-13T00:52:54.466+0000] {logging_mixin.py:151} INFO - [2023-10-13T00:52:54.465+0000] {dagbag.py:536} INFO - Filling up the DagBag from /home/airflow/.local/lib/python3.8/site-packages/airflow/example_dags/example_short_circuit_operator.py
[2023-10-13T00:52:54.478+0000] {processor.py:839} INFO - DAG(s) dict_keys(['example_short_circuit_operator']) retrieved from /home/airflow/.local/lib/python3.8/site-packages/airflow/example_dags/example_short_circuit_operator.py
[2023-10-13T00:52:54.524+0000] {logging_mixin.py:151} INFO - [2023-10-13T00:52:54.524+0000] {dag.py:2941} INFO - Sync 1 DAGs
[2023-10-13T00:52:54.563+0000] {logging_mixin.py:151} INFO - [2023-10-13T00:52:54.562+0000] {dag.py:3722} INFO - Setting next_dagrun for example_short_circuit_operator to 2023-10-12T00:52:54.562414+00:00, run_after=2023-10-13T00:52:54.562414+00:00
[2023-10-13T00:52:54.707+0000] {processor.py:179} INFO - Processing /home/airflow/.local/lib/python3.8/site-packages/airflow/example_dags/example_short_circuit_operator.py took 0.258 seconds
[2023-10-13T00:53:25.240+0000] {processor.py:157} INFO - Started process (PID=122) to work on /home/airflow/.local/lib/python3.8/site-packages/airflow/example_dags/example_short_circuit_operator.py
[2023-10-13T00:53:25.241+0000] {processor.py:829} INFO - Processing file /home/airflow/.local/lib/python3.8/site-packages/airflow/example_dags/example_short_circuit_operator.py for tasks to queue
[2023-10-13T00:53:25.243+0000] {logging_mixin.py:151} INFO - [2023-10-13T00:53:25.243+0000] {dagbag.py:536} INFO - Filling up the DagBag from /home/airflow/.local/lib/python3.8/site-packages/airflow/example_dags/example_short_circuit_operator.py
[2023-10-13T00:53:25.254+0000] {processor.py:839} INFO - DAG(s) dict_keys(['example_short_circuit_operator']) retrieved from /home/airflow/.local/lib/python3.8/site-packages/airflow/example_dags/example_short_circuit_operator.py
[2023-10-13T00:53:25.287+0000] {logging_mixin.py:151} INFO - [2023-10-13T00:53:25.286+0000] {dag.py:2941} INFO - Sync 1 DAGs
[2023-10-13T00:53:25.322+0000] {logging_mixin.py:151} INFO - [2023-10-13T00:53:25.322+0000] {dag.py:3722} INFO - Setting next_dagrun for example_short_circuit_operator to 2023-10-12T00:53:25.321925+00:00, run_after=2023-10-13T00:53:25.321925+00:00
[2023-10-13T00:53:25.387+0000] {processor.py:179} INFO - Processing /home/airflow/.local/lib/python3.8/site-packages/airflow/example_dags/example_short_circuit_operator.py took 0.151 seconds
[2023-10-13T00:53:56.267+0000] {processor.py:157} INFO - Started process (PID=177) to work on /home/airflow/.local/lib/python3.8/site-packages/airflow/example_dags/example_short_circuit_operator.py
[2023-10-13T00:53:56.339+0000] {processor.py:829} INFO - Processing file /home/airflow/.local/lib/python3.8/site-packages/airflow/example_dags/example_short_circuit_operator.py for tasks to queue
[2023-10-13T00:53:56.354+0000] {logging_mixin.py:151} INFO - [2023-10-13T00:53:56.353+0000] {dagbag.py:536} INFO - Filling up the DagBag from /home/airflow/.local/lib/python3.8/site-packages/airflow/example_dags/example_short_circuit_operator.py
[2023-10-13T00:53:56.372+0000] {processor.py:839} INFO - DAG(s) dict_keys(['example_short_circuit_operator']) retrieved from /home/airflow/.local/lib/python3.8/site-packages/airflow/example_dags/example_short_circuit_operator.py
[2023-10-13T00:53:56.441+0000] {logging_mixin.py:151} INFO - [2023-10-13T00:53:56.441+0000] {dag.py:2941} INFO - Sync 1 DAGs
[2023-10-13T00:53:56.521+0000] {logging_mixin.py:151} INFO - [2023-10-13T00:53:56.521+0000] {dag.py:3722} INFO - Setting next_dagrun for example_short_circuit_operator to 2023-10-12T00:53:56.520963+00:00, run_after=2023-10-13T00:53:56.520963+00:00
[2023-10-13T00:53:56.689+0000] {processor.py:179} INFO - Processing /home/airflow/.local/lib/python3.8/site-packages/airflow/example_dags/example_short_circuit_operator.py took 0.430 seconds
[2023-10-13T00:54:26.841+0000] {processor.py:157} INFO - Started process (PID=231) to work on /home/airflow/.local/lib/python3.8/site-packages/airflow/example_dags/example_short_circuit_operator.py
[2023-10-13T00:54:26.842+0000] {processor.py:829} INFO - Processing file /home/airflow/.local/lib/python3.8/site-packages/airflow/example_dags/example_short_circuit_operator.py for tasks to queue
[2023-10-13T00:54:26.844+0000] {logging_mixin.py:151} INFO - [2023-10-13T00:54:26.844+0000] {dagbag.py:536} INFO - Filling up the DagBag from /home/airflow/.local/lib/python3.8/site-packages/airflow/example_dags/example_short_circuit_operator.py
[2023-10-13T00:54:26.860+0000] {processor.py:839} INFO - DAG(s) dict_keys(['example_short_circuit_operator']) retrieved from /home/airflow/.local/lib/python3.8/site-packages/airflow/example_dags/example_short_circuit_operator.py
[2023-10-13T00:54:26.931+0000] {logging_mixin.py:151} INFO - [2023-10-13T00:54:26.931+0000] {dag.py:2941} INFO - Sync 1 DAGs
[2023-10-13T00:54:26.989+0000] {logging_mixin.py:151} INFO - [2023-10-13T00:54:26.989+0000] {dag.py:3722} INFO - Setting next_dagrun for example_short_circuit_operator to 2023-10-12T00:54:26.988786+00:00, run_after=2023-10-13T00:54:26.988786+00:00
[2023-10-13T00:54:27.052+0000] {processor.py:179} INFO - Processing /home/airflow/.local/lib/python3.8/site-packages/airflow/example_dags/example_short_circuit_operator.py took 0.216 seconds
[2023-10-13T00:54:58.040+0000] {processor.py:157} INFO - Started process (PID=285) to work on /home/airflow/.local/lib/python3.8/site-packages/airflow/example_dags/example_short_circuit_operator.py
[2023-10-13T00:54:58.041+0000] {processor.py:829} INFO - Processing file /home/airflow/.local/lib/python3.8/site-packages/airflow/example_dags/example_short_circuit_operator.py for tasks to queue
[2023-10-13T00:54:58.046+0000] {logging_mixin.py:151} INFO - [2023-10-13T00:54:58.045+0000] {dagbag.py:536} INFO - Filling up the DagBag from /home/airflow/.local/lib/python3.8/site-packages/airflow/example_dags/example_short_circuit_operator.py
[2023-10-13T00:54:58.071+0000] {processor.py:839} INFO - DAG(s) dict_keys(['example_short_circuit_operator']) retrieved from /home/airflow/.local/lib/python3.8/site-packages/airflow/example_dags/example_short_circuit_operator.py
[2023-10-13T00:54:58.137+0000] {logging_mixin.py:151} INFO - [2023-10-13T00:54:58.137+0000] {dag.py:2941} INFO - Sync 1 DAGs
[2023-10-13T00:54:58.205+0000] {logging_mixin.py:151} INFO - [2023-10-13T00:54:58.205+0000] {dag.py:3722} INFO - Setting next_dagrun for example_short_circuit_operator to 2023-10-12T00:54:58.204903+00:00, run_after=2023-10-13T00:54:58.204903+00:00
[2023-10-13T00:54:58.274+0000] {processor.py:179} INFO - Processing /home/airflow/.local/lib/python3.8/site-packages/airflow/example_dags/example_short_circuit_operator.py took 0.242 seconds
[2023-10-13T00:55:28.852+0000] {processor.py:157} INFO - Started process (PID=339) to work on /home/airflow/.local/lib/python3.8/site-packages/airflow/example_dags/example_short_circuit_operator.py
[2023-10-13T00:55:28.855+0000] {processor.py:829} INFO - Processing file /home/airflow/.local/lib/python3.8/site-packages/airflow/example_dags/example_short_circuit_operator.py for tasks to queue
[2023-10-13T00:55:28.857+0000] {logging_mixin.py:151} INFO - [2023-10-13T00:55:28.857+0000] {dagbag.py:536} INFO - Filling up the DagBag from /home/airflow/.local/lib/python3.8/site-packages/airflow/example_dags/example_short_circuit_operator.py
[2023-10-13T00:55:28.866+0000] {processor.py:839} INFO - DAG(s) dict_keys(['example_short_circuit_operator']) retrieved from /home/airflow/.local/lib/python3.8/site-packages/airflow/example_dags/example_short_circuit_operator.py
[2023-10-13T00:55:28.901+0000] {logging_mixin.py:151} INFO - [2023-10-13T00:55:28.901+0000] {dag.py:2941} INFO - Sync 1 DAGs
[2023-10-13T00:55:28.932+0000] {logging_mixin.py:151} INFO - [2023-10-13T00:55:28.932+0000] {dag.py:3722} INFO - Setting next_dagrun for example_short_circuit_operator to 2023-10-12T00:55:28.931798+00:00, run_after=2023-10-13T00:55:28.931798+00:00
[2023-10-13T00:55:28.983+0000] {processor.py:179} INFO - Processing /home/airflow/.local/lib/python3.8/site-packages/airflow/example_dags/example_short_circuit_operator.py took 0.135 seconds
[2023-10-13T01:14:47.642+0000] {processor.py:157} INFO - Started process (PID=63) to work on /home/airflow/.local/lib/python3.8/site-packages/airflow/example_dags/example_short_circuit_operator.py
[2023-10-13T01:14:47.656+0000] {processor.py:829} INFO - Processing file /home/airflow/.local/lib/python3.8/site-packages/airflow/example_dags/example_short_circuit_operator.py for tasks to queue
[2023-10-13T01:14:47.659+0000] {logging_mixin.py:151} INFO - [2023-10-13T01:14:47.658+0000] {dagbag.py:536} INFO - Filling up the DagBag from /home/airflow/.local/lib/python3.8/site-packages/airflow/example_dags/example_short_circuit_operator.py
[2023-10-13T01:14:47.669+0000] {processor.py:839} INFO - DAG(s) dict_keys(['example_short_circuit_operator']) retrieved from /home/airflow/.local/lib/python3.8/site-packages/airflow/example_dags/example_short_circuit_operator.py
[2023-10-13T01:14:47.705+0000] {logging_mixin.py:151} INFO - [2023-10-13T01:14:47.704+0000] {dag.py:2941} INFO - Sync 1 DAGs
[2023-10-13T01:14:47.733+0000] {logging_mixin.py:151} INFO - [2023-10-13T01:14:47.733+0000] {dag.py:3722} INFO - Setting next_dagrun for example_short_circuit_operator to 2023-10-12T01:14:47.732843+00:00, run_after=2023-10-13T01:14:47.732843+00:00
[2023-10-13T01:14:47.764+0000] {processor.py:179} INFO - Processing /home/airflow/.local/lib/python3.8/site-packages/airflow/example_dags/example_short_circuit_operator.py took 0.127 seconds
[2023-10-13T01:15:18.420+0000] {processor.py:157} INFO - Started process (PID=118) to work on /home/airflow/.local/lib/python3.8/site-packages/airflow/example_dags/example_short_circuit_operator.py
[2023-10-13T01:15:18.434+0000] {processor.py:829} INFO - Processing file /home/airflow/.local/lib/python3.8/site-packages/airflow/example_dags/example_short_circuit_operator.py for tasks to queue
[2023-10-13T01:15:18.437+0000] {logging_mixin.py:151} INFO - [2023-10-13T01:15:18.437+0000] {dagbag.py:536} INFO - Filling up the DagBag from /home/airflow/.local/lib/python3.8/site-packages/airflow/example_dags/example_short_circuit_operator.py
[2023-10-13T01:15:18.449+0000] {processor.py:839} INFO - DAG(s) dict_keys(['example_short_circuit_operator']) retrieved from /home/airflow/.local/lib/python3.8/site-packages/airflow/example_dags/example_short_circuit_operator.py
[2023-10-13T01:15:18.485+0000] {logging_mixin.py:151} INFO - [2023-10-13T01:15:18.485+0000] {dag.py:2941} INFO - Sync 1 DAGs
[2023-10-13T01:15:18.515+0000] {logging_mixin.py:151} INFO - [2023-10-13T01:15:18.515+0000] {dag.py:3722} INFO - Setting next_dagrun for example_short_circuit_operator to 2023-10-12T01:15:18.514771+00:00, run_after=2023-10-13T01:15:18.514771+00:00
[2023-10-13T01:15:18.550+0000] {processor.py:179} INFO - Processing /home/airflow/.local/lib/python3.8/site-packages/airflow/example_dags/example_short_circuit_operator.py took 0.134 seconds
[2023-10-13T01:15:49.608+0000] {processor.py:157} INFO - Started process (PID=172) to work on /home/airflow/.local/lib/python3.8/site-packages/airflow/example_dags/example_short_circuit_operator.py
[2023-10-13T01:15:49.609+0000] {processor.py:829} INFO - Processing file /home/airflow/.local/lib/python3.8/site-packages/airflow/example_dags/example_short_circuit_operator.py for tasks to queue
[2023-10-13T01:15:49.612+0000] {logging_mixin.py:151} INFO - [2023-10-13T01:15:49.612+0000] {dagbag.py:536} INFO - Filling up the DagBag from /home/airflow/.local/lib/python3.8/site-packages/airflow/example_dags/example_short_circuit_operator.py
[2023-10-13T01:15:49.625+0000] {processor.py:839} INFO - DAG(s) dict_keys(['example_short_circuit_operator']) retrieved from /home/airflow/.local/lib/python3.8/site-packages/airflow/example_dags/example_short_circuit_operator.py
[2023-10-13T01:15:49.651+0000] {logging_mixin.py:151} INFO - [2023-10-13T01:15:49.651+0000] {dag.py:2941} INFO - Sync 1 DAGs
[2023-10-13T01:15:49.678+0000] {logging_mixin.py:151} INFO - [2023-10-13T01:15:49.678+0000] {dag.py:3722} INFO - Setting next_dagrun for example_short_circuit_operator to 2023-10-12T01:15:49.677791+00:00, run_after=2023-10-13T01:15:49.677791+00:00
[2023-10-13T01:15:49.721+0000] {processor.py:179} INFO - Processing /home/airflow/.local/lib/python3.8/site-packages/airflow/example_dags/example_short_circuit_operator.py took 0.116 seconds
[2023-10-13T01:16:20.791+0000] {processor.py:157} INFO - Started process (PID=226) to work on /home/airflow/.local/lib/python3.8/site-packages/airflow/example_dags/example_short_circuit_operator.py
[2023-10-13T01:16:20.792+0000] {processor.py:829} INFO - Processing file /home/airflow/.local/lib/python3.8/site-packages/airflow/example_dags/example_short_circuit_operator.py for tasks to queue
[2023-10-13T01:16:20.795+0000] {logging_mixin.py:151} INFO - [2023-10-13T01:16:20.795+0000] {dagbag.py:536} INFO - Filling up the DagBag from /home/airflow/.local/lib/python3.8/site-packages/airflow/example_dags/example_short_circuit_operator.py
[2023-10-13T01:16:20.809+0000] {processor.py:839} INFO - DAG(s) dict_keys(['example_short_circuit_operator']) retrieved from /home/airflow/.local/lib/python3.8/site-packages/airflow/example_dags/example_short_circuit_operator.py
[2023-10-13T01:16:20.845+0000] {logging_mixin.py:151} INFO - [2023-10-13T01:16:20.844+0000] {dag.py:2941} INFO - Sync 1 DAGs
[2023-10-13T01:16:20.883+0000] {logging_mixin.py:151} INFO - [2023-10-13T01:16:20.882+0000] {dag.py:3722} INFO - Setting next_dagrun for example_short_circuit_operator to 2023-10-12T01:16:20.881762+00:00, run_after=2023-10-13T01:16:20.881762+00:00
[2023-10-13T01:16:20.923+0000] {processor.py:179} INFO - Processing /home/airflow/.local/lib/python3.8/site-packages/airflow/example_dags/example_short_circuit_operator.py took 0.139 seconds
[2023-10-13T01:16:51.491+0000] {processor.py:157} INFO - Started process (PID=281) to work on /home/airflow/.local/lib/python3.8/site-packages/airflow/example_dags/example_short_circuit_operator.py
[2023-10-13T01:16:51.492+0000] {processor.py:829} INFO - Processing file /home/airflow/.local/lib/python3.8/site-packages/airflow/example_dags/example_short_circuit_operator.py for tasks to queue
[2023-10-13T01:16:51.494+0000] {logging_mixin.py:151} INFO - [2023-10-13T01:16:51.493+0000] {dagbag.py:536} INFO - Filling up the DagBag from /home/airflow/.local/lib/python3.8/site-packages/airflow/example_dags/example_short_circuit_operator.py
[2023-10-13T01:16:51.502+0000] {processor.py:839} INFO - DAG(s) dict_keys(['example_short_circuit_operator']) retrieved from /home/airflow/.local/lib/python3.8/site-packages/airflow/example_dags/example_short_circuit_operator.py
[2023-10-13T01:16:51.542+0000] {logging_mixin.py:151} INFO - [2023-10-13T01:16:51.542+0000] {dag.py:2941} INFO - Sync 1 DAGs
[2023-10-13T01:16:51.619+0000] {logging_mixin.py:151} INFO - [2023-10-13T01:16:51.619+0000] {dag.py:3722} INFO - Setting next_dagrun for example_short_circuit_operator to 2023-10-12T01:16:51.618949+00:00, run_after=2023-10-13T01:16:51.618949+00:00
[2023-10-13T01:16:51.755+0000] {processor.py:179} INFO - Processing /home/airflow/.local/lib/python3.8/site-packages/airflow/example_dags/example_short_circuit_operator.py took 0.267 seconds
[2023-10-13T01:17:22.154+0000] {processor.py:157} INFO - Started process (PID=335) to work on /home/airflow/.local/lib/python3.8/site-packages/airflow/example_dags/example_short_circuit_operator.py
[2023-10-13T01:17:22.156+0000] {processor.py:829} INFO - Processing file /home/airflow/.local/lib/python3.8/site-packages/airflow/example_dags/example_short_circuit_operator.py for tasks to queue
[2023-10-13T01:17:22.159+0000] {logging_mixin.py:151} INFO - [2023-10-13T01:17:22.159+0000] {dagbag.py:536} INFO - Filling up the DagBag from /home/airflow/.local/lib/python3.8/site-packages/airflow/example_dags/example_short_circuit_operator.py
[2023-10-13T01:17:22.172+0000] {processor.py:839} INFO - DAG(s) dict_keys(['example_short_circuit_operator']) retrieved from /home/airflow/.local/lib/python3.8/site-packages/airflow/example_dags/example_short_circuit_operator.py
[2023-10-13T01:17:22.230+0000] {logging_mixin.py:151} INFO - [2023-10-13T01:17:22.229+0000] {dag.py:2941} INFO - Sync 1 DAGs
[2023-10-13T01:17:22.270+0000] {logging_mixin.py:151} INFO - [2023-10-13T01:17:22.270+0000] {dag.py:3722} INFO - Setting next_dagrun for example_short_circuit_operator to 2023-10-12T01:17:22.270303+00:00, run_after=2023-10-13T01:17:22.270303+00:00
[2023-10-13T01:17:22.297+0000] {processor.py:179} INFO - Processing /home/airflow/.local/lib/python3.8/site-packages/airflow/example_dags/example_short_circuit_operator.py took 0.149 seconds
[2023-10-13T01:17:52.902+0000] {processor.py:157} INFO - Started process (PID=391) to work on /home/airflow/.local/lib/python3.8/site-packages/airflow/example_dags/example_short_circuit_operator.py
[2023-10-13T01:17:52.903+0000] {processor.py:829} INFO - Processing file /home/airflow/.local/lib/python3.8/site-packages/airflow/example_dags/example_short_circuit_operator.py for tasks to queue
[2023-10-13T01:17:52.905+0000] {logging_mixin.py:151} INFO - [2023-10-13T01:17:52.905+0000] {dagbag.py:536} INFO - Filling up the DagBag from /home/airflow/.local/lib/python3.8/site-packages/airflow/example_dags/example_short_circuit_operator.py
[2023-10-13T01:17:52.915+0000] {processor.py:839} INFO - DAG(s) dict_keys(['example_short_circuit_operator']) retrieved from /home/airflow/.local/lib/python3.8/site-packages/airflow/example_dags/example_short_circuit_operator.py
[2023-10-13T01:17:52.981+0000] {logging_mixin.py:151} INFO - [2023-10-13T01:17:52.981+0000] {dag.py:2941} INFO - Sync 1 DAGs
[2023-10-13T01:17:53.019+0000] {logging_mixin.py:151} INFO - [2023-10-13T01:17:53.019+0000] {dag.py:3722} INFO - Setting next_dagrun for example_short_circuit_operator to 2023-10-12T01:17:53.018829+00:00, run_after=2023-10-13T01:17:53.018829+00:00
[2023-10-13T01:17:53.074+0000] {processor.py:179} INFO - Processing /home/airflow/.local/lib/python3.8/site-packages/airflow/example_dags/example_short_circuit_operator.py took 0.178 seconds
[2023-10-13T01:18:23.323+0000] {processor.py:157} INFO - Started process (PID=446) to work on /home/airflow/.local/lib/python3.8/site-packages/airflow/example_dags/example_short_circuit_operator.py
[2023-10-13T01:18:23.324+0000] {processor.py:829} INFO - Processing file /home/airflow/.local/lib/python3.8/site-packages/airflow/example_dags/example_short_circuit_operator.py for tasks to queue
[2023-10-13T01:18:23.327+0000] {logging_mixin.py:151} INFO - [2023-10-13T01:18:23.327+0000] {dagbag.py:536} INFO - Filling up the DagBag from /home/airflow/.local/lib/python3.8/site-packages/airflow/example_dags/example_short_circuit_operator.py
[2023-10-13T01:18:23.342+0000] {processor.py:839} INFO - DAG(s) dict_keys(['example_short_circuit_operator']) retrieved from /home/airflow/.local/lib/python3.8/site-packages/airflow/example_dags/example_short_circuit_operator.py
[2023-10-13T01:18:23.374+0000] {logging_mixin.py:151} INFO - [2023-10-13T01:18:23.373+0000] {dag.py:2941} INFO - Sync 1 DAGs
[2023-10-13T01:18:23.402+0000] {logging_mixin.py:151} INFO - [2023-10-13T01:18:23.402+0000] {dag.py:3722} INFO - Setting next_dagrun for example_short_circuit_operator to 2023-10-12T01:18:23.402232+00:00, run_after=2023-10-13T01:18:23.402232+00:00
[2023-10-13T01:18:23.430+0000] {processor.py:179} INFO - Processing /home/airflow/.local/lib/python3.8/site-packages/airflow/example_dags/example_short_circuit_operator.py took 0.112 seconds
[2023-10-13T01:18:54.260+0000] {processor.py:157} INFO - Started process (PID=501) to work on /home/airflow/.local/lib/python3.8/site-packages/airflow/example_dags/example_short_circuit_operator.py
[2023-10-13T01:18:54.261+0000] {processor.py:829} INFO - Processing file /home/airflow/.local/lib/python3.8/site-packages/airflow/example_dags/example_short_circuit_operator.py for tasks to queue
[2023-10-13T01:18:54.263+0000] {logging_mixin.py:151} INFO - [2023-10-13T01:18:54.263+0000] {dagbag.py:536} INFO - Filling up the DagBag from /home/airflow/.local/lib/python3.8/site-packages/airflow/example_dags/example_short_circuit_operator.py
[2023-10-13T01:18:54.274+0000] {processor.py:839} INFO - DAG(s) dict_keys(['example_short_circuit_operator']) retrieved from /home/airflow/.local/lib/python3.8/site-packages/airflow/example_dags/example_short_circuit_operator.py
[2023-10-13T01:18:54.306+0000] {logging_mixin.py:151} INFO - [2023-10-13T01:18:54.306+0000] {dag.py:2941} INFO - Sync 1 DAGs
[2023-10-13T01:18:54.342+0000] {logging_mixin.py:151} INFO - [2023-10-13T01:18:54.341+0000] {dag.py:3722} INFO - Setting next_dagrun for example_short_circuit_operator to 2023-10-12T01:18:54.341667+00:00, run_after=2023-10-13T01:18:54.341667+00:00
[2023-10-13T01:18:54.413+0000] {processor.py:179} INFO - Processing /home/airflow/.local/lib/python3.8/site-packages/airflow/example_dags/example_short_circuit_operator.py took 0.158 seconds
[2023-10-13T01:19:26.024+0000] {processor.py:157} INFO - Started process (PID=556) to work on /home/airflow/.local/lib/python3.8/site-packages/airflow/example_dags/example_short_circuit_operator.py
[2023-10-13T01:19:26.075+0000] {processor.py:829} INFO - Processing file /home/airflow/.local/lib/python3.8/site-packages/airflow/example_dags/example_short_circuit_operator.py for tasks to queue
[2023-10-13T01:19:26.078+0000] {logging_mixin.py:151} INFO - [2023-10-13T01:19:26.078+0000] {dagbag.py:536} INFO - Filling up the DagBag from /home/airflow/.local/lib/python3.8/site-packages/airflow/example_dags/example_short_circuit_operator.py
[2023-10-13T01:19:26.097+0000] {processor.py:839} INFO - DAG(s) dict_keys(['example_short_circuit_operator']) retrieved from /home/airflow/.local/lib/python3.8/site-packages/airflow/example_dags/example_short_circuit_operator.py
[2023-10-13T01:19:26.187+0000] {logging_mixin.py:151} INFO - [2023-10-13T01:19:26.186+0000] {dag.py:2941} INFO - Sync 1 DAGs
[2023-10-13T01:19:26.218+0000] {logging_mixin.py:151} INFO - [2023-10-13T01:19:26.218+0000] {dag.py:3722} INFO - Setting next_dagrun for example_short_circuit_operator to 2023-10-12T01:19:26.218259+00:00, run_after=2023-10-13T01:19:26.218259+00:00
[2023-10-13T01:19:26.256+0000] {processor.py:179} INFO - Processing /home/airflow/.local/lib/python3.8/site-packages/airflow/example_dags/example_short_circuit_operator.py took 0.236 seconds
[2023-10-13T01:19:56.590+0000] {processor.py:157} INFO - Started process (PID=611) to work on /home/airflow/.local/lib/python3.8/site-packages/airflow/example_dags/example_short_circuit_operator.py
[2023-10-13T01:19:56.648+0000] {processor.py:829} INFO - Processing file /home/airflow/.local/lib/python3.8/site-packages/airflow/example_dags/example_short_circuit_operator.py for tasks to queue
[2023-10-13T01:19:56.650+0000] {logging_mixin.py:151} INFO - [2023-10-13T01:19:56.650+0000] {dagbag.py:536} INFO - Filling up the DagBag from /home/airflow/.local/lib/python3.8/site-packages/airflow/example_dags/example_short_circuit_operator.py
[2023-10-13T01:19:56.660+0000] {processor.py:839} INFO - DAG(s) dict_keys(['example_short_circuit_operator']) retrieved from /home/airflow/.local/lib/python3.8/site-packages/airflow/example_dags/example_short_circuit_operator.py
[2023-10-13T01:19:56.683+0000] {logging_mixin.py:151} INFO - [2023-10-13T01:19:56.683+0000] {dag.py:2941} INFO - Sync 1 DAGs
[2023-10-13T01:19:56.708+0000] {logging_mixin.py:151} INFO - [2023-10-13T01:19:56.708+0000] {dag.py:3722} INFO - Setting next_dagrun for example_short_circuit_operator to 2023-10-12T01:19:56.708016+00:00, run_after=2023-10-13T01:19:56.708016+00:00
[2023-10-13T01:19:56.833+0000] {processor.py:179} INFO - Processing /home/airflow/.local/lib/python3.8/site-packages/airflow/example_dags/example_short_circuit_operator.py took 0.247 seconds
[2023-10-13T01:20:27.565+0000] {processor.py:157} INFO - Started process (PID=666) to work on /home/airflow/.local/lib/python3.8/site-packages/airflow/example_dags/example_short_circuit_operator.py
[2023-10-13T01:20:27.566+0000] {processor.py:829} INFO - Processing file /home/airflow/.local/lib/python3.8/site-packages/airflow/example_dags/example_short_circuit_operator.py for tasks to queue
[2023-10-13T01:20:27.568+0000] {logging_mixin.py:151} INFO - [2023-10-13T01:20:27.568+0000] {dagbag.py:536} INFO - Filling up the DagBag from /home/airflow/.local/lib/python3.8/site-packages/airflow/example_dags/example_short_circuit_operator.py
[2023-10-13T01:20:27.580+0000] {processor.py:839} INFO - DAG(s) dict_keys(['example_short_circuit_operator']) retrieved from /home/airflow/.local/lib/python3.8/site-packages/airflow/example_dags/example_short_circuit_operator.py
[2023-10-13T01:20:27.613+0000] {logging_mixin.py:151} INFO - [2023-10-13T01:20:27.613+0000] {dag.py:2941} INFO - Sync 1 DAGs
[2023-10-13T01:20:27.652+0000] {logging_mixin.py:151} INFO - [2023-10-13T01:20:27.652+0000] {dag.py:3722} INFO - Setting next_dagrun for example_short_circuit_operator to 2023-10-12T01:20:27.651858+00:00, run_after=2023-10-13T01:20:27.651858+00:00
[2023-10-13T01:20:27.715+0000] {processor.py:179} INFO - Processing /home/airflow/.local/lib/python3.8/site-packages/airflow/example_dags/example_short_circuit_operator.py took 0.155 seconds
[2023-10-13T01:20:58.632+0000] {processor.py:157} INFO - Started process (PID=721) to work on /home/airflow/.local/lib/python3.8/site-packages/airflow/example_dags/example_short_circuit_operator.py
[2023-10-13T01:20:58.633+0000] {processor.py:829} INFO - Processing file /home/airflow/.local/lib/python3.8/site-packages/airflow/example_dags/example_short_circuit_operator.py for tasks to queue
[2023-10-13T01:20:58.646+0000] {logging_mixin.py:151} INFO - [2023-10-13T01:20:58.646+0000] {dagbag.py:536} INFO - Filling up the DagBag from /home/airflow/.local/lib/python3.8/site-packages/airflow/example_dags/example_short_circuit_operator.py
[2023-10-13T01:20:58.658+0000] {processor.py:839} INFO - DAG(s) dict_keys(['example_short_circuit_operator']) retrieved from /home/airflow/.local/lib/python3.8/site-packages/airflow/example_dags/example_short_circuit_operator.py
[2023-10-13T01:20:58.698+0000] {logging_mixin.py:151} INFO - [2023-10-13T01:20:58.698+0000] {dag.py:2941} INFO - Sync 1 DAGs
[2023-10-13T01:20:58.752+0000] {logging_mixin.py:151} INFO - [2023-10-13T01:20:58.751+0000] {dag.py:3722} INFO - Setting next_dagrun for example_short_circuit_operator to 2023-10-12T01:20:58.751658+00:00, run_after=2023-10-13T01:20:58.751658+00:00
[2023-10-13T01:20:58.824+0000] {processor.py:179} INFO - Processing /home/airflow/.local/lib/python3.8/site-packages/airflow/example_dags/example_short_circuit_operator.py took 0.197 seconds
[2023-10-13T01:21:29.805+0000] {processor.py:157} INFO - Started process (PID=784) to work on /home/airflow/.local/lib/python3.8/site-packages/airflow/example_dags/example_short_circuit_operator.py
[2023-10-13T01:21:29.806+0000] {processor.py:829} INFO - Processing file /home/airflow/.local/lib/python3.8/site-packages/airflow/example_dags/example_short_circuit_operator.py for tasks to queue
[2023-10-13T01:21:29.810+0000] {logging_mixin.py:151} INFO - [2023-10-13T01:21:29.810+0000] {dagbag.py:536} INFO - Filling up the DagBag from /home/airflow/.local/lib/python3.8/site-packages/airflow/example_dags/example_short_circuit_operator.py
[2023-10-13T01:21:29.821+0000] {processor.py:839} INFO - DAG(s) dict_keys(['example_short_circuit_operator']) retrieved from /home/airflow/.local/lib/python3.8/site-packages/airflow/example_dags/example_short_circuit_operator.py
[2023-10-13T01:21:29.853+0000] {logging_mixin.py:151} INFO - [2023-10-13T01:21:29.852+0000] {dag.py:2941} INFO - Sync 1 DAGs
[2023-10-13T01:21:29.879+0000] {logging_mixin.py:151} INFO - [2023-10-13T01:21:29.879+0000] {dag.py:3722} INFO - Setting next_dagrun for example_short_circuit_operator to 2023-10-12T01:21:29.879096+00:00, run_after=2023-10-13T01:21:29.879096+00:00
[2023-10-13T01:21:29.937+0000] {processor.py:179} INFO - Processing /home/airflow/.local/lib/python3.8/site-packages/airflow/example_dags/example_short_circuit_operator.py took 0.139 seconds
[2023-10-13T01:22:00.848+0000] {processor.py:157} INFO - Started process (PID=839) to work on /home/airflow/.local/lib/python3.8/site-packages/airflow/example_dags/example_short_circuit_operator.py
[2023-10-13T01:22:00.871+0000] {processor.py:829} INFO - Processing file /home/airflow/.local/lib/python3.8/site-packages/airflow/example_dags/example_short_circuit_operator.py for tasks to queue
[2023-10-13T01:22:00.874+0000] {logging_mixin.py:151} INFO - [2023-10-13T01:22:00.873+0000] {dagbag.py:536} INFO - Filling up the DagBag from /home/airflow/.local/lib/python3.8/site-packages/airflow/example_dags/example_short_circuit_operator.py
[2023-10-13T01:22:00.883+0000] {processor.py:839} INFO - DAG(s) dict_keys(['example_short_circuit_operator']) retrieved from /home/airflow/.local/lib/python3.8/site-packages/airflow/example_dags/example_short_circuit_operator.py
[2023-10-13T01:22:00.931+0000] {logging_mixin.py:151} INFO - [2023-10-13T01:22:00.931+0000] {dag.py:2941} INFO - Sync 1 DAGs
[2023-10-13T01:22:00.963+0000] {logging_mixin.py:151} INFO - [2023-10-13T01:22:00.963+0000] {dag.py:3722} INFO - Setting next_dagrun for example_short_circuit_operator to 2023-10-12T01:22:00.962792+00:00, run_after=2023-10-13T01:22:00.962792+00:00
[2023-10-13T01:22:01.017+0000] {processor.py:179} INFO - Processing /home/airflow/.local/lib/python3.8/site-packages/airflow/example_dags/example_short_circuit_operator.py took 0.175 seconds
[2023-10-13T01:24:43.019+0000] {processor.py:157} INFO - Started process (PID=64) to work on /home/airflow/.local/lib/python3.8/site-packages/airflow/example_dags/example_short_circuit_operator.py
[2023-10-13T01:24:43.046+0000] {processor.py:829} INFO - Processing file /home/airflow/.local/lib/python3.8/site-packages/airflow/example_dags/example_short_circuit_operator.py for tasks to queue
[2023-10-13T01:24:43.049+0000] {logging_mixin.py:151} INFO - [2023-10-13T01:24:43.049+0000] {dagbag.py:536} INFO - Filling up the DagBag from /home/airflow/.local/lib/python3.8/site-packages/airflow/example_dags/example_short_circuit_operator.py
[2023-10-13T01:24:43.061+0000] {processor.py:839} INFO - DAG(s) dict_keys(['example_short_circuit_operator']) retrieved from /home/airflow/.local/lib/python3.8/site-packages/airflow/example_dags/example_short_circuit_operator.py
[2023-10-13T01:24:43.095+0000] {logging_mixin.py:151} INFO - [2023-10-13T01:24:43.095+0000] {dag.py:2941} INFO - Sync 1 DAGs
[2023-10-13T01:24:43.136+0000] {logging_mixin.py:151} INFO - [2023-10-13T01:24:43.136+0000] {dag.py:3722} INFO - Setting next_dagrun for example_short_circuit_operator to 2023-10-12T01:24:43.136316+00:00, run_after=2023-10-13T01:24:43.136316+00:00
[2023-10-13T01:24:43.181+0000] {processor.py:179} INFO - Processing /home/airflow/.local/lib/python3.8/site-packages/airflow/example_dags/example_short_circuit_operator.py took 0.166 seconds
[2023-10-13T01:25:13.941+0000] {processor.py:157} INFO - Started process (PID=119) to work on /home/airflow/.local/lib/python3.8/site-packages/airflow/example_dags/example_short_circuit_operator.py
[2023-10-13T01:25:13.957+0000] {processor.py:829} INFO - Processing file /home/airflow/.local/lib/python3.8/site-packages/airflow/example_dags/example_short_circuit_operator.py for tasks to queue
[2023-10-13T01:25:13.960+0000] {logging_mixin.py:151} INFO - [2023-10-13T01:25:13.959+0000] {dagbag.py:536} INFO - Filling up the DagBag from /home/airflow/.local/lib/python3.8/site-packages/airflow/example_dags/example_short_circuit_operator.py
[2023-10-13T01:25:13.972+0000] {processor.py:839} INFO - DAG(s) dict_keys(['example_short_circuit_operator']) retrieved from /home/airflow/.local/lib/python3.8/site-packages/airflow/example_dags/example_short_circuit_operator.py
[2023-10-13T01:25:13.998+0000] {logging_mixin.py:151} INFO - [2023-10-13T01:25:13.998+0000] {dag.py:2941} INFO - Sync 1 DAGs
[2023-10-13T01:25:14.021+0000] {logging_mixin.py:151} INFO - [2023-10-13T01:25:14.021+0000] {dag.py:3722} INFO - Setting next_dagrun for example_short_circuit_operator to 2023-10-12T01:25:14.020907+00:00, run_after=2023-10-13T01:25:14.020907+00:00
[2023-10-13T01:25:14.063+0000] {processor.py:179} INFO - Processing /home/airflow/.local/lib/python3.8/site-packages/airflow/example_dags/example_short_circuit_operator.py took 0.125 seconds
[2023-10-13T01:25:44.548+0000] {processor.py:157} INFO - Started process (PID=174) to work on /home/airflow/.local/lib/python3.8/site-packages/airflow/example_dags/example_short_circuit_operator.py
[2023-10-13T01:25:44.549+0000] {processor.py:829} INFO - Processing file /home/airflow/.local/lib/python3.8/site-packages/airflow/example_dags/example_short_circuit_operator.py for tasks to queue
[2023-10-13T01:25:44.552+0000] {logging_mixin.py:151} INFO - [2023-10-13T01:25:44.551+0000] {dagbag.py:536} INFO - Filling up the DagBag from /home/airflow/.local/lib/python3.8/site-packages/airflow/example_dags/example_short_circuit_operator.py
[2023-10-13T01:25:44.564+0000] {processor.py:839} INFO - DAG(s) dict_keys(['example_short_circuit_operator']) retrieved from /home/airflow/.local/lib/python3.8/site-packages/airflow/example_dags/example_short_circuit_operator.py
[2023-10-13T01:25:44.600+0000] {logging_mixin.py:151} INFO - [2023-10-13T01:25:44.600+0000] {dag.py:2941} INFO - Sync 1 DAGs
[2023-10-13T01:25:44.631+0000] {logging_mixin.py:151} INFO - [2023-10-13T01:25:44.631+0000] {dag.py:3722} INFO - Setting next_dagrun for example_short_circuit_operator to 2023-10-12T01:25:44.630652+00:00, run_after=2023-10-13T01:25:44.630652+00:00
[2023-10-13T01:25:44.666+0000] {processor.py:179} INFO - Processing /home/airflow/.local/lib/python3.8/site-packages/airflow/example_dags/example_short_circuit_operator.py took 0.123 seconds
[2023-10-13T01:26:14.773+0000] {processor.py:157} INFO - Started process (PID=228) to work on /home/airflow/.local/lib/python3.8/site-packages/airflow/example_dags/example_short_circuit_operator.py
[2023-10-13T01:26:14.774+0000] {processor.py:829} INFO - Processing file /home/airflow/.local/lib/python3.8/site-packages/airflow/example_dags/example_short_circuit_operator.py for tasks to queue
[2023-10-13T01:26:14.777+0000] {logging_mixin.py:151} INFO - [2023-10-13T01:26:14.777+0000] {dagbag.py:536} INFO - Filling up the DagBag from /home/airflow/.local/lib/python3.8/site-packages/airflow/example_dags/example_short_circuit_operator.py
[2023-10-13T01:26:14.790+0000] {processor.py:839} INFO - DAG(s) dict_keys(['example_short_circuit_operator']) retrieved from /home/airflow/.local/lib/python3.8/site-packages/airflow/example_dags/example_short_circuit_operator.py
[2023-10-13T01:26:14.821+0000] {logging_mixin.py:151} INFO - [2023-10-13T01:26:14.821+0000] {dag.py:2941} INFO - Sync 1 DAGs
[2023-10-13T01:26:14.850+0000] {logging_mixin.py:151} INFO - [2023-10-13T01:26:14.849+0000] {dag.py:3722} INFO - Setting next_dagrun for example_short_circuit_operator to 2023-10-12T01:26:14.849470+00:00, run_after=2023-10-13T01:26:14.849470+00:00
[2023-10-13T01:26:14.906+0000] {processor.py:179} INFO - Processing /home/airflow/.local/lib/python3.8/site-packages/airflow/example_dags/example_short_circuit_operator.py took 0.138 seconds
[2023-10-13T01:26:45.442+0000] {processor.py:157} INFO - Started process (PID=283) to work on /home/airflow/.local/lib/python3.8/site-packages/airflow/example_dags/example_short_circuit_operator.py
[2023-10-13T01:26:45.443+0000] {processor.py:829} INFO - Processing file /home/airflow/.local/lib/python3.8/site-packages/airflow/example_dags/example_short_circuit_operator.py for tasks to queue
[2023-10-13T01:26:45.446+0000] {logging_mixin.py:151} INFO - [2023-10-13T01:26:45.446+0000] {dagbag.py:536} INFO - Filling up the DagBag from /home/airflow/.local/lib/python3.8/site-packages/airflow/example_dags/example_short_circuit_operator.py
[2023-10-13T01:26:45.460+0000] {processor.py:839} INFO - DAG(s) dict_keys(['example_short_circuit_operator']) retrieved from /home/airflow/.local/lib/python3.8/site-packages/airflow/example_dags/example_short_circuit_operator.py
[2023-10-13T01:26:45.493+0000] {logging_mixin.py:151} INFO - [2023-10-13T01:26:45.492+0000] {dag.py:2941} INFO - Sync 1 DAGs
[2023-10-13T01:26:45.526+0000] {logging_mixin.py:151} INFO - [2023-10-13T01:26:45.526+0000] {dag.py:3722} INFO - Setting next_dagrun for example_short_circuit_operator to 2023-10-12T01:26:45.525769+00:00, run_after=2023-10-13T01:26:45.525769+00:00
[2023-10-13T01:26:45.564+0000] {processor.py:179} INFO - Processing /home/airflow/.local/lib/python3.8/site-packages/airflow/example_dags/example_short_circuit_operator.py took 0.126 seconds
[2023-10-13T01:27:15.616+0000] {processor.py:157} INFO - Started process (PID=338) to work on /home/airflow/.local/lib/python3.8/site-packages/airflow/example_dags/example_short_circuit_operator.py
[2023-10-13T01:27:15.617+0000] {processor.py:829} INFO - Processing file /home/airflow/.local/lib/python3.8/site-packages/airflow/example_dags/example_short_circuit_operator.py for tasks to queue
[2023-10-13T01:27:15.620+0000] {logging_mixin.py:151} INFO - [2023-10-13T01:27:15.619+0000] {dagbag.py:536} INFO - Filling up the DagBag from /home/airflow/.local/lib/python3.8/site-packages/airflow/example_dags/example_short_circuit_operator.py
[2023-10-13T01:27:15.630+0000] {processor.py:839} INFO - DAG(s) dict_keys(['example_short_circuit_operator']) retrieved from /home/airflow/.local/lib/python3.8/site-packages/airflow/example_dags/example_short_circuit_operator.py
[2023-10-13T01:27:15.666+0000] {logging_mixin.py:151} INFO - [2023-10-13T01:27:15.665+0000] {dag.py:2941} INFO - Sync 1 DAGs
[2023-10-13T01:27:15.705+0000] {logging_mixin.py:151} INFO - [2023-10-13T01:27:15.705+0000] {dag.py:3722} INFO - Setting next_dagrun for example_short_circuit_operator to 2023-10-12T01:27:15.704777+00:00, run_after=2023-10-13T01:27:15.704777+00:00
[2023-10-13T01:27:15.739+0000] {processor.py:179} INFO - Processing /home/airflow/.local/lib/python3.8/site-packages/airflow/example_dags/example_short_circuit_operator.py took 0.129 seconds
[2023-10-13T01:27:46.683+0000] {processor.py:157} INFO - Started process (PID=393) to work on /home/airflow/.local/lib/python3.8/site-packages/airflow/example_dags/example_short_circuit_operator.py
[2023-10-13T01:27:46.684+0000] {processor.py:829} INFO - Processing file /home/airflow/.local/lib/python3.8/site-packages/airflow/example_dags/example_short_circuit_operator.py for tasks to queue
[2023-10-13T01:27:46.687+0000] {logging_mixin.py:151} INFO - [2023-10-13T01:27:46.686+0000] {dagbag.py:536} INFO - Filling up the DagBag from /home/airflow/.local/lib/python3.8/site-packages/airflow/example_dags/example_short_circuit_operator.py
[2023-10-13T01:27:46.697+0000] {processor.py:839} INFO - DAG(s) dict_keys(['example_short_circuit_operator']) retrieved from /home/airflow/.local/lib/python3.8/site-packages/airflow/example_dags/example_short_circuit_operator.py
[2023-10-13T01:27:46.738+0000] {logging_mixin.py:151} INFO - [2023-10-13T01:27:46.738+0000] {dag.py:2941} INFO - Sync 1 DAGs
[2023-10-13T01:27:46.778+0000] {logging_mixin.py:151} INFO - [2023-10-13T01:27:46.778+0000] {dag.py:3722} INFO - Setting next_dagrun for example_short_circuit_operator to 2023-10-12T01:27:46.778192+00:00, run_after=2023-10-13T01:27:46.778192+00:00
[2023-10-13T01:27:46.829+0000] {processor.py:179} INFO - Processing /home/airflow/.local/lib/python3.8/site-packages/airflow/example_dags/example_short_circuit_operator.py took 0.149 seconds
