[2023-10-13T00:52:53.391+0000] {processor.py:157} INFO - Started process (PID=65) to work on /home/airflow/.local/lib/python3.8/site-packages/airflow/example_dags/example_nested_branch_dag.py
[2023-10-13T00:52:53.392+0000] {processor.py:829} INFO - Processing file /home/airflow/.local/lib/python3.8/site-packages/airflow/example_dags/example_nested_branch_dag.py for tasks to queue
[2023-10-13T00:52:53.416+0000] {logging_mixin.py:151} INFO - [2023-10-13T00:52:53.415+0000] {dagbag.py:536} INFO - Filling up the DagBag from /home/airflow/.local/lib/python3.8/site-packages/airflow/example_dags/example_nested_branch_dag.py
[2023-10-13T00:52:53.449+0000] {processor.py:839} INFO - DAG(s) dict_keys(['example_nested_branch_dag']) retrieved from /home/airflow/.local/lib/python3.8/site-packages/airflow/example_dags/example_nested_branch_dag.py
[2023-10-13T00:52:53.573+0000] {logging_mixin.py:151} INFO - [2023-10-13T00:52:53.573+0000] {dag.py:2941} INFO - Sync 1 DAGs
[2023-10-13T00:52:53.669+0000] {logging_mixin.py:151} INFO - [2023-10-13T00:52:53.669+0000] {dag.py:3722} INFO - Setting next_dagrun for example_nested_branch_dag to 2023-10-12T00:00:00+00:00, run_after=2023-10-13T00:00:00+00:00
[2023-10-13T00:52:53.787+0000] {processor.py:179} INFO - Processing /home/airflow/.local/lib/python3.8/site-packages/airflow/example_dags/example_nested_branch_dag.py took 0.400 seconds
[2023-10-13T00:53:24.049+0000] {processor.py:157} INFO - Started process (PID=118) to work on /home/airflow/.local/lib/python3.8/site-packages/airflow/example_dags/example_nested_branch_dag.py
[2023-10-13T00:53:24.050+0000] {processor.py:829} INFO - Processing file /home/airflow/.local/lib/python3.8/site-packages/airflow/example_dags/example_nested_branch_dag.py for tasks to queue
[2023-10-13T00:53:24.054+0000] {logging_mixin.py:151} INFO - [2023-10-13T00:53:24.053+0000] {dagbag.py:536} INFO - Filling up the DagBag from /home/airflow/.local/lib/python3.8/site-packages/airflow/example_dags/example_nested_branch_dag.py
[2023-10-13T00:53:24.073+0000] {processor.py:839} INFO - DAG(s) dict_keys(['example_nested_branch_dag']) retrieved from /home/airflow/.local/lib/python3.8/site-packages/airflow/example_dags/example_nested_branch_dag.py
[2023-10-13T00:53:24.107+0000] {logging_mixin.py:151} INFO - [2023-10-13T00:53:24.107+0000] {dag.py:2941} INFO - Sync 1 DAGs
[2023-10-13T00:53:24.145+0000] {logging_mixin.py:151} INFO - [2023-10-13T00:53:24.144+0000] {dag.py:3722} INFO - Setting next_dagrun for example_nested_branch_dag to 2023-10-12T00:00:00+00:00, run_after=2023-10-13T00:00:00+00:00
[2023-10-13T00:53:24.198+0000] {processor.py:179} INFO - Processing /home/airflow/.local/lib/python3.8/site-packages/airflow/example_dags/example_nested_branch_dag.py took 0.153 seconds
[2023-10-13T00:53:54.717+0000] {processor.py:157} INFO - Started process (PID=173) to work on /home/airflow/.local/lib/python3.8/site-packages/airflow/example_dags/example_nested_branch_dag.py
[2023-10-13T00:53:54.739+0000] {processor.py:829} INFO - Processing file /home/airflow/.local/lib/python3.8/site-packages/airflow/example_dags/example_nested_branch_dag.py for tasks to queue
[2023-10-13T00:53:54.742+0000] {logging_mixin.py:151} INFO - [2023-10-13T00:53:54.742+0000] {dagbag.py:536} INFO - Filling up the DagBag from /home/airflow/.local/lib/python3.8/site-packages/airflow/example_dags/example_nested_branch_dag.py
[2023-10-13T00:53:54.764+0000] {processor.py:839} INFO - DAG(s) dict_keys(['example_nested_branch_dag']) retrieved from /home/airflow/.local/lib/python3.8/site-packages/airflow/example_dags/example_nested_branch_dag.py
[2023-10-13T00:53:54.799+0000] {logging_mixin.py:151} INFO - [2023-10-13T00:53:54.799+0000] {dag.py:2941} INFO - Sync 1 DAGs
[2023-10-13T00:53:54.842+0000] {logging_mixin.py:151} INFO - [2023-10-13T00:53:54.842+0000] {dag.py:3722} INFO - Setting next_dagrun for example_nested_branch_dag to 2023-10-12T00:00:00+00:00, run_after=2023-10-13T00:00:00+00:00
[2023-10-13T00:53:54.893+0000] {processor.py:179} INFO - Processing /home/airflow/.local/lib/python3.8/site-packages/airflow/example_dags/example_nested_branch_dag.py took 0.184 seconds
[2023-10-13T00:54:26.367+0000] {processor.py:157} INFO - Started process (PID=227) to work on /home/airflow/.local/lib/python3.8/site-packages/airflow/example_dags/example_nested_branch_dag.py
[2023-10-13T00:54:26.384+0000] {processor.py:829} INFO - Processing file /home/airflow/.local/lib/python3.8/site-packages/airflow/example_dags/example_nested_branch_dag.py for tasks to queue
[2023-10-13T00:54:26.389+0000] {logging_mixin.py:151} INFO - [2023-10-13T00:54:26.388+0000] {dagbag.py:536} INFO - Filling up the DagBag from /home/airflow/.local/lib/python3.8/site-packages/airflow/example_dags/example_nested_branch_dag.py
[2023-10-13T00:54:26.409+0000] {processor.py:839} INFO - DAG(s) dict_keys(['example_nested_branch_dag']) retrieved from /home/airflow/.local/lib/python3.8/site-packages/airflow/example_dags/example_nested_branch_dag.py
[2023-10-13T00:54:26.457+0000] {logging_mixin.py:151} INFO - [2023-10-13T00:54:26.457+0000] {dag.py:2941} INFO - Sync 1 DAGs
[2023-10-13T00:54:26.514+0000] {logging_mixin.py:151} INFO - [2023-10-13T00:54:26.513+0000] {dag.py:3722} INFO - Setting next_dagrun for example_nested_branch_dag to 2023-10-12T00:00:00+00:00, run_after=2023-10-13T00:00:00+00:00
[2023-10-13T00:54:26.590+0000] {processor.py:179} INFO - Processing /home/airflow/.local/lib/python3.8/site-packages/airflow/example_dags/example_nested_branch_dag.py took 0.232 seconds
[2023-10-13T00:54:57.380+0000] {processor.py:157} INFO - Started process (PID=281) to work on /home/airflow/.local/lib/python3.8/site-packages/airflow/example_dags/example_nested_branch_dag.py
[2023-10-13T00:54:57.381+0000] {processor.py:829} INFO - Processing file /home/airflow/.local/lib/python3.8/site-packages/airflow/example_dags/example_nested_branch_dag.py for tasks to queue
[2023-10-13T00:54:57.388+0000] {logging_mixin.py:151} INFO - [2023-10-13T00:54:57.387+0000] {dagbag.py:536} INFO - Filling up the DagBag from /home/airflow/.local/lib/python3.8/site-packages/airflow/example_dags/example_nested_branch_dag.py
[2023-10-13T00:54:57.409+0000] {processor.py:839} INFO - DAG(s) dict_keys(['example_nested_branch_dag']) retrieved from /home/airflow/.local/lib/python3.8/site-packages/airflow/example_dags/example_nested_branch_dag.py
[2023-10-13T00:54:57.493+0000] {logging_mixin.py:151} INFO - [2023-10-13T00:54:57.493+0000] {dag.py:2941} INFO - Sync 1 DAGs
[2023-10-13T00:54:57.589+0000] {logging_mixin.py:151} INFO - [2023-10-13T00:54:57.584+0000] {dag.py:3722} INFO - Setting next_dagrun for example_nested_branch_dag to 2023-10-12T00:00:00+00:00, run_after=2023-10-13T00:00:00+00:00
[2023-10-13T00:54:57.691+0000] {processor.py:179} INFO - Processing /home/airflow/.local/lib/python3.8/site-packages/airflow/example_dags/example_nested_branch_dag.py took 0.329 seconds
[2023-10-13T00:55:28.541+0000] {processor.py:157} INFO - Started process (PID=335) to work on /home/airflow/.local/lib/python3.8/site-packages/airflow/example_dags/example_nested_branch_dag.py
[2023-10-13T00:55:28.555+0000] {processor.py:829} INFO - Processing file /home/airflow/.local/lib/python3.8/site-packages/airflow/example_dags/example_nested_branch_dag.py for tasks to queue
[2023-10-13T00:55:28.557+0000] {logging_mixin.py:151} INFO - [2023-10-13T00:55:28.557+0000] {dagbag.py:536} INFO - Filling up the DagBag from /home/airflow/.local/lib/python3.8/site-packages/airflow/example_dags/example_nested_branch_dag.py
[2023-10-13T00:55:28.571+0000] {processor.py:839} INFO - DAG(s) dict_keys(['example_nested_branch_dag']) retrieved from /home/airflow/.local/lib/python3.8/site-packages/airflow/example_dags/example_nested_branch_dag.py
[2023-10-13T00:55:28.603+0000] {logging_mixin.py:151} INFO - [2023-10-13T00:55:28.603+0000] {dag.py:2941} INFO - Sync 1 DAGs
[2023-10-13T00:55:28.637+0000] {logging_mixin.py:151} INFO - [2023-10-13T00:55:28.637+0000] {dag.py:3722} INFO - Setting next_dagrun for example_nested_branch_dag to 2023-10-12T00:00:00+00:00, run_after=2023-10-13T00:00:00+00:00
[2023-10-13T00:55:28.680+0000] {processor.py:179} INFO - Processing /home/airflow/.local/lib/python3.8/site-packages/airflow/example_dags/example_nested_branch_dag.py took 0.146 seconds
[2023-10-13T01:14:47.262+0000] {processor.py:157} INFO - Started process (PID=59) to work on /home/airflow/.local/lib/python3.8/site-packages/airflow/example_dags/example_nested_branch_dag.py
[2023-10-13T01:14:47.263+0000] {processor.py:829} INFO - Processing file /home/airflow/.local/lib/python3.8/site-packages/airflow/example_dags/example_nested_branch_dag.py for tasks to queue
[2023-10-13T01:14:47.270+0000] {logging_mixin.py:151} INFO - [2023-10-13T01:14:47.269+0000] {dagbag.py:536} INFO - Filling up the DagBag from /home/airflow/.local/lib/python3.8/site-packages/airflow/example_dags/example_nested_branch_dag.py
[2023-10-13T01:14:47.290+0000] {processor.py:839} INFO - DAG(s) dict_keys(['example_nested_branch_dag']) retrieved from /home/airflow/.local/lib/python3.8/site-packages/airflow/example_dags/example_nested_branch_dag.py
[2023-10-13T01:14:47.321+0000] {logging_mixin.py:151} INFO - [2023-10-13T01:14:47.320+0000] {dag.py:2941} INFO - Sync 1 DAGs
[2023-10-13T01:14:47.360+0000] {logging_mixin.py:151} INFO - [2023-10-13T01:14:47.360+0000] {dag.py:3722} INFO - Setting next_dagrun for example_nested_branch_dag to 2023-10-12T00:00:00+00:00, run_after=2023-10-13T00:00:00+00:00
[2023-10-13T01:14:47.396+0000] {processor.py:179} INFO - Processing /home/airflow/.local/lib/python3.8/site-packages/airflow/example_dags/example_nested_branch_dag.py took 0.138 seconds
[2023-10-13T01:15:18.091+0000] {processor.py:157} INFO - Started process (PID=114) to work on /home/airflow/.local/lib/python3.8/site-packages/airflow/example_dags/example_nested_branch_dag.py
[2023-10-13T01:15:18.092+0000] {processor.py:829} INFO - Processing file /home/airflow/.local/lib/python3.8/site-packages/airflow/example_dags/example_nested_branch_dag.py for tasks to queue
[2023-10-13T01:15:18.094+0000] {logging_mixin.py:151} INFO - [2023-10-13T01:15:18.094+0000] {dagbag.py:536} INFO - Filling up the DagBag from /home/airflow/.local/lib/python3.8/site-packages/airflow/example_dags/example_nested_branch_dag.py
[2023-10-13T01:15:18.104+0000] {processor.py:839} INFO - DAG(s) dict_keys(['example_nested_branch_dag']) retrieved from /home/airflow/.local/lib/python3.8/site-packages/airflow/example_dags/example_nested_branch_dag.py
[2023-10-13T01:15:18.126+0000] {logging_mixin.py:151} INFO - [2023-10-13T01:15:18.126+0000] {dag.py:2941} INFO - Sync 1 DAGs
[2023-10-13T01:15:18.165+0000] {logging_mixin.py:151} INFO - [2023-10-13T01:15:18.165+0000] {dag.py:3722} INFO - Setting next_dagrun for example_nested_branch_dag to 2023-10-12T00:00:00+00:00, run_after=2023-10-13T00:00:00+00:00
[2023-10-13T01:15:18.210+0000] {processor.py:179} INFO - Processing /home/airflow/.local/lib/python3.8/site-packages/airflow/example_dags/example_nested_branch_dag.py took 0.122 seconds
[2023-10-13T01:15:49.257+0000] {processor.py:157} INFO - Started process (PID=168) to work on /home/airflow/.local/lib/python3.8/site-packages/airflow/example_dags/example_nested_branch_dag.py
[2023-10-13T01:15:49.258+0000] {processor.py:829} INFO - Processing file /home/airflow/.local/lib/python3.8/site-packages/airflow/example_dags/example_nested_branch_dag.py for tasks to queue
[2023-10-13T01:15:49.261+0000] {logging_mixin.py:151} INFO - [2023-10-13T01:15:49.261+0000] {dagbag.py:536} INFO - Filling up the DagBag from /home/airflow/.local/lib/python3.8/site-packages/airflow/example_dags/example_nested_branch_dag.py
[2023-10-13T01:15:49.276+0000] {processor.py:839} INFO - DAG(s) dict_keys(['example_nested_branch_dag']) retrieved from /home/airflow/.local/lib/python3.8/site-packages/airflow/example_dags/example_nested_branch_dag.py
[2023-10-13T01:15:49.302+0000] {logging_mixin.py:151} INFO - [2023-10-13T01:15:49.302+0000] {dag.py:2941} INFO - Sync 1 DAGs
[2023-10-13T01:15:49.332+0000] {logging_mixin.py:151} INFO - [2023-10-13T01:15:49.332+0000] {dag.py:3722} INFO - Setting next_dagrun for example_nested_branch_dag to 2023-10-12T00:00:00+00:00, run_after=2023-10-13T00:00:00+00:00
[2023-10-13T01:15:49.374+0000] {processor.py:179} INFO - Processing /home/airflow/.local/lib/python3.8/site-packages/airflow/example_dags/example_nested_branch_dag.py took 0.128 seconds
[2023-10-13T01:16:20.144+0000] {processor.py:157} INFO - Started process (PID=222) to work on /home/airflow/.local/lib/python3.8/site-packages/airflow/example_dags/example_nested_branch_dag.py
[2023-10-13T01:16:20.167+0000] {processor.py:829} INFO - Processing file /home/airflow/.local/lib/python3.8/site-packages/airflow/example_dags/example_nested_branch_dag.py for tasks to queue
[2023-10-13T01:16:20.175+0000] {logging_mixin.py:151} INFO - [2023-10-13T01:16:20.174+0000] {dagbag.py:536} INFO - Filling up the DagBag from /home/airflow/.local/lib/python3.8/site-packages/airflow/example_dags/example_nested_branch_dag.py
[2023-10-13T01:16:20.193+0000] {processor.py:839} INFO - DAG(s) dict_keys(['example_nested_branch_dag']) retrieved from /home/airflow/.local/lib/python3.8/site-packages/airflow/example_dags/example_nested_branch_dag.py
[2023-10-13T01:16:20.244+0000] {logging_mixin.py:151} INFO - [2023-10-13T01:16:20.244+0000] {dag.py:2941} INFO - Sync 1 DAGs
[2023-10-13T01:16:20.315+0000] {logging_mixin.py:151} INFO - [2023-10-13T01:16:20.315+0000] {dag.py:3722} INFO - Setting next_dagrun for example_nested_branch_dag to 2023-10-12T00:00:00+00:00, run_after=2023-10-13T00:00:00+00:00
[2023-10-13T01:16:20.368+0000] {processor.py:179} INFO - Processing /home/airflow/.local/lib/python3.8/site-packages/airflow/example_dags/example_nested_branch_dag.py took 0.229 seconds
[2023-10-13T01:16:51.135+0000] {processor.py:157} INFO - Started process (PID=277) to work on /home/airflow/.local/lib/python3.8/site-packages/airflow/example_dags/example_nested_branch_dag.py
[2023-10-13T01:16:51.136+0000] {processor.py:829} INFO - Processing file /home/airflow/.local/lib/python3.8/site-packages/airflow/example_dags/example_nested_branch_dag.py for tasks to queue
[2023-10-13T01:16:51.139+0000] {logging_mixin.py:151} INFO - [2023-10-13T01:16:51.138+0000] {dagbag.py:536} INFO - Filling up the DagBag from /home/airflow/.local/lib/python3.8/site-packages/airflow/example_dags/example_nested_branch_dag.py
[2023-10-13T01:16:51.149+0000] {processor.py:839} INFO - DAG(s) dict_keys(['example_nested_branch_dag']) retrieved from /home/airflow/.local/lib/python3.8/site-packages/airflow/example_dags/example_nested_branch_dag.py
[2023-10-13T01:16:51.174+0000] {logging_mixin.py:151} INFO - [2023-10-13T01:16:51.174+0000] {dag.py:2941} INFO - Sync 1 DAGs
[2023-10-13T01:16:51.201+0000] {logging_mixin.py:151} INFO - [2023-10-13T01:16:51.200+0000] {dag.py:3722} INFO - Setting next_dagrun for example_nested_branch_dag to 2023-10-12T00:00:00+00:00, run_after=2023-10-13T00:00:00+00:00
[2023-10-13T01:16:51.239+0000] {processor.py:179} INFO - Processing /home/airflow/.local/lib/python3.8/site-packages/airflow/example_dags/example_nested_branch_dag.py took 0.107 seconds
[2023-10-13T01:17:21.822+0000] {processor.py:157} INFO - Started process (PID=331) to work on /home/airflow/.local/lib/python3.8/site-packages/airflow/example_dags/example_nested_branch_dag.py
[2023-10-13T01:17:21.845+0000] {processor.py:829} INFO - Processing file /home/airflow/.local/lib/python3.8/site-packages/airflow/example_dags/example_nested_branch_dag.py for tasks to queue
[2023-10-13T01:17:21.847+0000] {logging_mixin.py:151} INFO - [2023-10-13T01:17:21.847+0000] {dagbag.py:536} INFO - Filling up the DagBag from /home/airflow/.local/lib/python3.8/site-packages/airflow/example_dags/example_nested_branch_dag.py
[2023-10-13T01:17:21.861+0000] {processor.py:839} INFO - DAG(s) dict_keys(['example_nested_branch_dag']) retrieved from /home/airflow/.local/lib/python3.8/site-packages/airflow/example_dags/example_nested_branch_dag.py
[2023-10-13T01:17:21.891+0000] {logging_mixin.py:151} INFO - [2023-10-13T01:17:21.890+0000] {dag.py:2941} INFO - Sync 1 DAGs
[2023-10-13T01:17:21.926+0000] {logging_mixin.py:151} INFO - [2023-10-13T01:17:21.925+0000] {dag.py:3722} INFO - Setting next_dagrun for example_nested_branch_dag to 2023-10-12T00:00:00+00:00, run_after=2023-10-13T00:00:00+00:00
[2023-10-13T01:17:21.964+0000] {processor.py:179} INFO - Processing /home/airflow/.local/lib/python3.8/site-packages/airflow/example_dags/example_nested_branch_dag.py took 0.146 seconds
[2023-10-13T01:17:52.629+0000] {processor.py:157} INFO - Started process (PID=387) to work on /home/airflow/.local/lib/python3.8/site-packages/airflow/example_dags/example_nested_branch_dag.py
[2023-10-13T01:17:52.630+0000] {processor.py:829} INFO - Processing file /home/airflow/.local/lib/python3.8/site-packages/airflow/example_dags/example_nested_branch_dag.py for tasks to queue
[2023-10-13T01:17:52.633+0000] {logging_mixin.py:151} INFO - [2023-10-13T01:17:52.632+0000] {dagbag.py:536} INFO - Filling up the DagBag from /home/airflow/.local/lib/python3.8/site-packages/airflow/example_dags/example_nested_branch_dag.py
[2023-10-13T01:17:52.649+0000] {processor.py:839} INFO - DAG(s) dict_keys(['example_nested_branch_dag']) retrieved from /home/airflow/.local/lib/python3.8/site-packages/airflow/example_dags/example_nested_branch_dag.py
[2023-10-13T01:17:52.682+0000] {logging_mixin.py:151} INFO - [2023-10-13T01:17:52.682+0000] {dag.py:2941} INFO - Sync 1 DAGs
[2023-10-13T01:17:52.718+0000] {logging_mixin.py:151} INFO - [2023-10-13T01:17:52.718+0000] {dag.py:3722} INFO - Setting next_dagrun for example_nested_branch_dag to 2023-10-12T00:00:00+00:00, run_after=2023-10-13T00:00:00+00:00
[2023-10-13T01:17:52.765+0000] {processor.py:179} INFO - Processing /home/airflow/.local/lib/python3.8/site-packages/airflow/example_dags/example_nested_branch_dag.py took 0.140 seconds
[2023-10-13T01:18:22.906+0000] {processor.py:157} INFO - Started process (PID=442) to work on /home/airflow/.local/lib/python3.8/site-packages/airflow/example_dags/example_nested_branch_dag.py
[2023-10-13T01:18:22.923+0000] {processor.py:829} INFO - Processing file /home/airflow/.local/lib/python3.8/site-packages/airflow/example_dags/example_nested_branch_dag.py for tasks to queue
[2023-10-13T01:18:22.925+0000] {logging_mixin.py:151} INFO - [2023-10-13T01:18:22.925+0000] {dagbag.py:536} INFO - Filling up the DagBag from /home/airflow/.local/lib/python3.8/site-packages/airflow/example_dags/example_nested_branch_dag.py
[2023-10-13T01:18:22.935+0000] {processor.py:839} INFO - DAG(s) dict_keys(['example_nested_branch_dag']) retrieved from /home/airflow/.local/lib/python3.8/site-packages/airflow/example_dags/example_nested_branch_dag.py
[2023-10-13T01:18:22.963+0000] {logging_mixin.py:151} INFO - [2023-10-13T01:18:22.963+0000] {dag.py:2941} INFO - Sync 1 DAGs
[2023-10-13T01:18:22.998+0000] {logging_mixin.py:151} INFO - [2023-10-13T01:18:22.998+0000] {dag.py:3722} INFO - Setting next_dagrun for example_nested_branch_dag to 2023-10-12T00:00:00+00:00, run_after=2023-10-13T00:00:00+00:00
[2023-10-13T01:18:23.068+0000] {processor.py:179} INFO - Processing /home/airflow/.local/lib/python3.8/site-packages/airflow/example_dags/example_nested_branch_dag.py took 0.166 seconds
[2023-10-13T01:18:53.870+0000] {processor.py:157} INFO - Started process (PID=497) to work on /home/airflow/.local/lib/python3.8/site-packages/airflow/example_dags/example_nested_branch_dag.py
[2023-10-13T01:18:53.872+0000] {processor.py:829} INFO - Processing file /home/airflow/.local/lib/python3.8/site-packages/airflow/example_dags/example_nested_branch_dag.py for tasks to queue
[2023-10-13T01:18:53.875+0000] {logging_mixin.py:151} INFO - [2023-10-13T01:18:53.875+0000] {dagbag.py:536} INFO - Filling up the DagBag from /home/airflow/.local/lib/python3.8/site-packages/airflow/example_dags/example_nested_branch_dag.py
[2023-10-13T01:18:53.889+0000] {processor.py:839} INFO - DAG(s) dict_keys(['example_nested_branch_dag']) retrieved from /home/airflow/.local/lib/python3.8/site-packages/airflow/example_dags/example_nested_branch_dag.py
[2023-10-13T01:18:53.922+0000] {logging_mixin.py:151} INFO - [2023-10-13T01:18:53.921+0000] {dag.py:2941} INFO - Sync 1 DAGs
[2023-10-13T01:18:53.967+0000] {logging_mixin.py:151} INFO - [2023-10-13T01:18:53.966+0000] {dag.py:3722} INFO - Setting next_dagrun for example_nested_branch_dag to 2023-10-12T00:00:00+00:00, run_after=2023-10-13T00:00:00+00:00
[2023-10-13T01:18:54.011+0000] {processor.py:179} INFO - Processing /home/airflow/.local/lib/python3.8/site-packages/airflow/example_dags/example_nested_branch_dag.py took 0.145 seconds
[2023-10-13T01:19:24.937+0000] {processor.py:157} INFO - Started process (PID=552) to work on /home/airflow/.local/lib/python3.8/site-packages/airflow/example_dags/example_nested_branch_dag.py
[2023-10-13T01:19:24.939+0000] {processor.py:829} INFO - Processing file /home/airflow/.local/lib/python3.8/site-packages/airflow/example_dags/example_nested_branch_dag.py for tasks to queue
[2023-10-13T01:19:24.942+0000] {logging_mixin.py:151} INFO - [2023-10-13T01:19:24.942+0000] {dagbag.py:536} INFO - Filling up the DagBag from /home/airflow/.local/lib/python3.8/site-packages/airflow/example_dags/example_nested_branch_dag.py
[2023-10-13T01:19:24.956+0000] {processor.py:839} INFO - DAG(s) dict_keys(['example_nested_branch_dag']) retrieved from /home/airflow/.local/lib/python3.8/site-packages/airflow/example_dags/example_nested_branch_dag.py
[2023-10-13T01:19:25.044+0000] {logging_mixin.py:151} INFO - [2023-10-13T01:19:25.044+0000] {dag.py:2941} INFO - Sync 1 DAGs
[2023-10-13T01:19:25.112+0000] {logging_mixin.py:151} INFO - [2023-10-13T01:19:25.112+0000] {dag.py:3722} INFO - Setting next_dagrun for example_nested_branch_dag to 2023-10-12T00:00:00+00:00, run_after=2023-10-13T00:00:00+00:00
[2023-10-13T01:19:25.165+0000] {processor.py:179} INFO - Processing /home/airflow/.local/lib/python3.8/site-packages/airflow/example_dags/example_nested_branch_dag.py took 0.233 seconds
[2023-10-13T01:19:55.212+0000] {processor.py:157} INFO - Started process (PID=607) to work on /home/airflow/.local/lib/python3.8/site-packages/airflow/example_dags/example_nested_branch_dag.py
[2023-10-13T01:19:55.213+0000] {processor.py:829} INFO - Processing file /home/airflow/.local/lib/python3.8/site-packages/airflow/example_dags/example_nested_branch_dag.py for tasks to queue
[2023-10-13T01:19:55.216+0000] {logging_mixin.py:151} INFO - [2023-10-13T01:19:55.215+0000] {dagbag.py:536} INFO - Filling up the DagBag from /home/airflow/.local/lib/python3.8/site-packages/airflow/example_dags/example_nested_branch_dag.py
[2023-10-13T01:19:55.230+0000] {processor.py:839} INFO - DAG(s) dict_keys(['example_nested_branch_dag']) retrieved from /home/airflow/.local/lib/python3.8/site-packages/airflow/example_dags/example_nested_branch_dag.py
[2023-10-13T01:19:55.266+0000] {logging_mixin.py:151} INFO - [2023-10-13T01:19:55.266+0000] {dag.py:2941} INFO - Sync 1 DAGs
[2023-10-13T01:19:55.299+0000] {logging_mixin.py:151} INFO - [2023-10-13T01:19:55.298+0000] {dag.py:3722} INFO - Setting next_dagrun for example_nested_branch_dag to 2023-10-12T00:00:00+00:00, run_after=2023-10-13T00:00:00+00:00
[2023-10-13T01:19:55.331+0000] {processor.py:179} INFO - Processing /home/airflow/.local/lib/python3.8/site-packages/airflow/example_dags/example_nested_branch_dag.py took 0.124 seconds
[2023-10-13T01:20:26.181+0000] {processor.py:157} INFO - Started process (PID=662) to work on /home/airflow/.local/lib/python3.8/site-packages/airflow/example_dags/example_nested_branch_dag.py
[2023-10-13T01:20:26.182+0000] {processor.py:829} INFO - Processing file /home/airflow/.local/lib/python3.8/site-packages/airflow/example_dags/example_nested_branch_dag.py for tasks to queue
[2023-10-13T01:20:26.184+0000] {logging_mixin.py:151} INFO - [2023-10-13T01:20:26.184+0000] {dagbag.py:536} INFO - Filling up the DagBag from /home/airflow/.local/lib/python3.8/site-packages/airflow/example_dags/example_nested_branch_dag.py
[2023-10-13T01:20:26.201+0000] {processor.py:839} INFO - DAG(s) dict_keys(['example_nested_branch_dag']) retrieved from /home/airflow/.local/lib/python3.8/site-packages/airflow/example_dags/example_nested_branch_dag.py
[2023-10-13T01:20:26.246+0000] {logging_mixin.py:151} INFO - [2023-10-13T01:20:26.246+0000] {dag.py:2941} INFO - Sync 1 DAGs
[2023-10-13T01:20:26.307+0000] {logging_mixin.py:151} INFO - [2023-10-13T01:20:26.306+0000] {dag.py:3722} INFO - Setting next_dagrun for example_nested_branch_dag to 2023-10-12T00:00:00+00:00, run_after=2023-10-13T00:00:00+00:00
[2023-10-13T01:20:26.379+0000] {processor.py:179} INFO - Processing /home/airflow/.local/lib/python3.8/site-packages/airflow/example_dags/example_nested_branch_dag.py took 0.207 seconds
[2023-10-13T01:20:57.181+0000] {processor.py:157} INFO - Started process (PID=717) to work on /home/airflow/.local/lib/python3.8/site-packages/airflow/example_dags/example_nested_branch_dag.py
[2023-10-13T01:20:57.201+0000] {processor.py:829} INFO - Processing file /home/airflow/.local/lib/python3.8/site-packages/airflow/example_dags/example_nested_branch_dag.py for tasks to queue
[2023-10-13T01:20:57.203+0000] {logging_mixin.py:151} INFO - [2023-10-13T01:20:57.203+0000] {dagbag.py:536} INFO - Filling up the DagBag from /home/airflow/.local/lib/python3.8/site-packages/airflow/example_dags/example_nested_branch_dag.py
[2023-10-13T01:20:57.223+0000] {processor.py:839} INFO - DAG(s) dict_keys(['example_nested_branch_dag']) retrieved from /home/airflow/.local/lib/python3.8/site-packages/airflow/example_dags/example_nested_branch_dag.py
[2023-10-13T01:20:57.287+0000] {logging_mixin.py:151} INFO - [2023-10-13T01:20:57.287+0000] {dag.py:2941} INFO - Sync 1 DAGs
[2023-10-13T01:20:57.319+0000] {logging_mixin.py:151} INFO - [2023-10-13T01:20:57.319+0000] {dag.py:3722} INFO - Setting next_dagrun for example_nested_branch_dag to 2023-10-12T00:00:00+00:00, run_after=2023-10-13T00:00:00+00:00
[2023-10-13T01:20:57.426+0000] {processor.py:179} INFO - Processing /home/airflow/.local/lib/python3.8/site-packages/airflow/example_dags/example_nested_branch_dag.py took 0.267 seconds
[2023-10-13T01:21:28.389+0000] {processor.py:157} INFO - Started process (PID=773) to work on /home/airflow/.local/lib/python3.8/site-packages/airflow/example_dags/example_nested_branch_dag.py
[2023-10-13T01:21:28.393+0000] {processor.py:829} INFO - Processing file /home/airflow/.local/lib/python3.8/site-packages/airflow/example_dags/example_nested_branch_dag.py for tasks to queue
[2023-10-13T01:21:28.399+0000] {logging_mixin.py:151} INFO - [2023-10-13T01:21:28.398+0000] {dagbag.py:536} INFO - Filling up the DagBag from /home/airflow/.local/lib/python3.8/site-packages/airflow/example_dags/example_nested_branch_dag.py
[2023-10-13T01:21:28.424+0000] {processor.py:839} INFO - DAG(s) dict_keys(['example_nested_branch_dag']) retrieved from /home/airflow/.local/lib/python3.8/site-packages/airflow/example_dags/example_nested_branch_dag.py
[2023-10-13T01:21:28.487+0000] {logging_mixin.py:151} INFO - [2023-10-13T01:21:28.486+0000] {dag.py:2941} INFO - Sync 1 DAGs
[2023-10-13T01:21:28.548+0000] {logging_mixin.py:151} INFO - [2023-10-13T01:21:28.548+0000] {dag.py:3722} INFO - Setting next_dagrun for example_nested_branch_dag to 2023-10-12T00:00:00+00:00, run_after=2023-10-13T00:00:00+00:00
[2023-10-13T01:21:28.587+0000] {processor.py:179} INFO - Processing /home/airflow/.local/lib/python3.8/site-packages/airflow/example_dags/example_nested_branch_dag.py took 0.205 seconds
[2023-10-13T01:21:59.448+0000] {processor.py:157} INFO - Started process (PID=829) to work on /home/airflow/.local/lib/python3.8/site-packages/airflow/example_dags/example_nested_branch_dag.py
[2023-10-13T01:21:59.467+0000] {processor.py:829} INFO - Processing file /home/airflow/.local/lib/python3.8/site-packages/airflow/example_dags/example_nested_branch_dag.py for tasks to queue
[2023-10-13T01:21:59.470+0000] {logging_mixin.py:151} INFO - [2023-10-13T01:21:59.470+0000] {dagbag.py:536} INFO - Filling up the DagBag from /home/airflow/.local/lib/python3.8/site-packages/airflow/example_dags/example_nested_branch_dag.py
[2023-10-13T01:21:59.484+0000] {processor.py:839} INFO - DAG(s) dict_keys(['example_nested_branch_dag']) retrieved from /home/airflow/.local/lib/python3.8/site-packages/airflow/example_dags/example_nested_branch_dag.py
[2023-10-13T01:21:59.512+0000] {logging_mixin.py:151} INFO - [2023-10-13T01:21:59.512+0000] {dag.py:2941} INFO - Sync 1 DAGs
[2023-10-13T01:21:59.548+0000] {logging_mixin.py:151} INFO - [2023-10-13T01:21:59.547+0000] {dag.py:3722} INFO - Setting next_dagrun for example_nested_branch_dag to 2023-10-12T00:00:00+00:00, run_after=2023-10-13T00:00:00+00:00
[2023-10-13T01:21:59.578+0000] {processor.py:179} INFO - Processing /home/airflow/.local/lib/python3.8/site-packages/airflow/example_dags/example_nested_branch_dag.py took 0.134 seconds
[2023-10-13T01:24:42.671+0000] {processor.py:157} INFO - Started process (PID=60) to work on /home/airflow/.local/lib/python3.8/site-packages/airflow/example_dags/example_nested_branch_dag.py
[2023-10-13T01:24:42.673+0000] {processor.py:829} INFO - Processing file /home/airflow/.local/lib/python3.8/site-packages/airflow/example_dags/example_nested_branch_dag.py for tasks to queue
[2023-10-13T01:24:42.676+0000] {logging_mixin.py:151} INFO - [2023-10-13T01:24:42.676+0000] {dagbag.py:536} INFO - Filling up the DagBag from /home/airflow/.local/lib/python3.8/site-packages/airflow/example_dags/example_nested_branch_dag.py
[2023-10-13T01:24:42.693+0000] {processor.py:839} INFO - DAG(s) dict_keys(['example_nested_branch_dag']) retrieved from /home/airflow/.local/lib/python3.8/site-packages/airflow/example_dags/example_nested_branch_dag.py
[2023-10-13T01:24:42.761+0000] {logging_mixin.py:151} INFO - [2023-10-13T01:24:42.761+0000] {dag.py:2941} INFO - Sync 1 DAGs
[2023-10-13T01:24:42.799+0000] {logging_mixin.py:151} INFO - [2023-10-13T01:24:42.799+0000] {dag.py:3722} INFO - Setting next_dagrun for example_nested_branch_dag to 2023-10-12T00:00:00+00:00, run_after=2023-10-13T00:00:00+00:00
[2023-10-13T01:24:42.826+0000] {processor.py:179} INFO - Processing /home/airflow/.local/lib/python3.8/site-packages/airflow/example_dags/example_nested_branch_dag.py took 0.158 seconds
[2023-10-13T01:25:13.659+0000] {processor.py:157} INFO - Started process (PID=115) to work on /home/airflow/.local/lib/python3.8/site-packages/airflow/example_dags/example_nested_branch_dag.py
[2023-10-13T01:25:13.660+0000] {processor.py:829} INFO - Processing file /home/airflow/.local/lib/python3.8/site-packages/airflow/example_dags/example_nested_branch_dag.py for tasks to queue
[2023-10-13T01:25:13.663+0000] {logging_mixin.py:151} INFO - [2023-10-13T01:25:13.663+0000] {dagbag.py:536} INFO - Filling up the DagBag from /home/airflow/.local/lib/python3.8/site-packages/airflow/example_dags/example_nested_branch_dag.py
[2023-10-13T01:25:13.673+0000] {processor.py:839} INFO - DAG(s) dict_keys(['example_nested_branch_dag']) retrieved from /home/airflow/.local/lib/python3.8/site-packages/airflow/example_dags/example_nested_branch_dag.py
[2023-10-13T01:25:13.699+0000] {logging_mixin.py:151} INFO - [2023-10-13T01:25:13.699+0000] {dag.py:2941} INFO - Sync 1 DAGs
[2023-10-13T01:25:13.731+0000] {logging_mixin.py:151} INFO - [2023-10-13T01:25:13.731+0000] {dag.py:3722} INFO - Setting next_dagrun for example_nested_branch_dag to 2023-10-12T00:00:00+00:00, run_after=2023-10-13T00:00:00+00:00
[2023-10-13T01:25:13.762+0000] {processor.py:179} INFO - Processing /home/airflow/.local/lib/python3.8/site-packages/airflow/example_dags/example_nested_branch_dag.py took 0.108 seconds
[2023-10-13T01:25:44.093+0000] {processor.py:157} INFO - Started process (PID=170) to work on /home/airflow/.local/lib/python3.8/site-packages/airflow/example_dags/example_nested_branch_dag.py
[2023-10-13T01:25:44.094+0000] {processor.py:829} INFO - Processing file /home/airflow/.local/lib/python3.8/site-packages/airflow/example_dags/example_nested_branch_dag.py for tasks to queue
[2023-10-13T01:25:44.097+0000] {logging_mixin.py:151} INFO - [2023-10-13T01:25:44.097+0000] {dagbag.py:536} INFO - Filling up the DagBag from /home/airflow/.local/lib/python3.8/site-packages/airflow/example_dags/example_nested_branch_dag.py
[2023-10-13T01:25:44.114+0000] {processor.py:839} INFO - DAG(s) dict_keys(['example_nested_branch_dag']) retrieved from /home/airflow/.local/lib/python3.8/site-packages/airflow/example_dags/example_nested_branch_dag.py
[2023-10-13T01:25:44.145+0000] {logging_mixin.py:151} INFO - [2023-10-13T01:25:44.145+0000] {dag.py:2941} INFO - Sync 1 DAGs
[2023-10-13T01:25:44.182+0000] {logging_mixin.py:151} INFO - [2023-10-13T01:25:44.182+0000] {dag.py:3722} INFO - Setting next_dagrun for example_nested_branch_dag to 2023-10-12T00:00:00+00:00, run_after=2023-10-13T00:00:00+00:00
[2023-10-13T01:25:44.273+0000] {processor.py:179} INFO - Processing /home/airflow/.local/lib/python3.8/site-packages/airflow/example_dags/example_nested_branch_dag.py took 0.185 seconds
[2023-10-13T01:26:14.397+0000] {processor.py:157} INFO - Started process (PID=224) to work on /home/airflow/.local/lib/python3.8/site-packages/airflow/example_dags/example_nested_branch_dag.py
[2023-10-13T01:26:14.398+0000] {processor.py:829} INFO - Processing file /home/airflow/.local/lib/python3.8/site-packages/airflow/example_dags/example_nested_branch_dag.py for tasks to queue
[2023-10-13T01:26:14.400+0000] {logging_mixin.py:151} INFO - [2023-10-13T01:26:14.400+0000] {dagbag.py:536} INFO - Filling up the DagBag from /home/airflow/.local/lib/python3.8/site-packages/airflow/example_dags/example_nested_branch_dag.py
[2023-10-13T01:26:14.415+0000] {processor.py:839} INFO - DAG(s) dict_keys(['example_nested_branch_dag']) retrieved from /home/airflow/.local/lib/python3.8/site-packages/airflow/example_dags/example_nested_branch_dag.py
[2023-10-13T01:26:14.444+0000] {logging_mixin.py:151} INFO - [2023-10-13T01:26:14.444+0000] {dag.py:2941} INFO - Sync 1 DAGs
[2023-10-13T01:26:14.473+0000] {logging_mixin.py:151} INFO - [2023-10-13T01:26:14.473+0000] {dag.py:3722} INFO - Setting next_dagrun for example_nested_branch_dag to 2023-10-12T00:00:00+00:00, run_after=2023-10-13T00:00:00+00:00
[2023-10-13T01:26:14.507+0000] {processor.py:179} INFO - Processing /home/airflow/.local/lib/python3.8/site-packages/airflow/example_dags/example_nested_branch_dag.py took 0.115 seconds
[2023-10-13T01:26:45.043+0000] {processor.py:157} INFO - Started process (PID=279) to work on /home/airflow/.local/lib/python3.8/site-packages/airflow/example_dags/example_nested_branch_dag.py
[2023-10-13T01:26:45.043+0000] {processor.py:829} INFO - Processing file /home/airflow/.local/lib/python3.8/site-packages/airflow/example_dags/example_nested_branch_dag.py for tasks to queue
[2023-10-13T01:26:45.046+0000] {logging_mixin.py:151} INFO - [2023-10-13T01:26:45.046+0000] {dagbag.py:536} INFO - Filling up the DagBag from /home/airflow/.local/lib/python3.8/site-packages/airflow/example_dags/example_nested_branch_dag.py
[2023-10-13T01:26:45.059+0000] {processor.py:839} INFO - DAG(s) dict_keys(['example_nested_branch_dag']) retrieved from /home/airflow/.local/lib/python3.8/site-packages/airflow/example_dags/example_nested_branch_dag.py
[2023-10-13T01:26:45.088+0000] {logging_mixin.py:151} INFO - [2023-10-13T01:26:45.088+0000] {dag.py:2941} INFO - Sync 1 DAGs
[2023-10-13T01:26:45.120+0000] {logging_mixin.py:151} INFO - [2023-10-13T01:26:45.120+0000] {dag.py:3722} INFO - Setting next_dagrun for example_nested_branch_dag to 2023-10-12T00:00:00+00:00, run_after=2023-10-13T00:00:00+00:00
[2023-10-13T01:26:45.151+0000] {processor.py:179} INFO - Processing /home/airflow/.local/lib/python3.8/site-packages/airflow/example_dags/example_nested_branch_dag.py took 0.113 seconds
[2023-10-13T01:27:15.259+0000] {processor.py:157} INFO - Started process (PID=334) to work on /home/airflow/.local/lib/python3.8/site-packages/airflow/example_dags/example_nested_branch_dag.py
[2023-10-13T01:27:15.260+0000] {processor.py:829} INFO - Processing file /home/airflow/.local/lib/python3.8/site-packages/airflow/example_dags/example_nested_branch_dag.py for tasks to queue
[2023-10-13T01:27:15.262+0000] {logging_mixin.py:151} INFO - [2023-10-13T01:27:15.262+0000] {dagbag.py:536} INFO - Filling up the DagBag from /home/airflow/.local/lib/python3.8/site-packages/airflow/example_dags/example_nested_branch_dag.py
[2023-10-13T01:27:15.274+0000] {processor.py:839} INFO - DAG(s) dict_keys(['example_nested_branch_dag']) retrieved from /home/airflow/.local/lib/python3.8/site-packages/airflow/example_dags/example_nested_branch_dag.py
[2023-10-13T01:27:15.301+0000] {logging_mixin.py:151} INFO - [2023-10-13T01:27:15.301+0000] {dag.py:2941} INFO - Sync 1 DAGs
[2023-10-13T01:27:15.334+0000] {logging_mixin.py:151} INFO - [2023-10-13T01:27:15.334+0000] {dag.py:3722} INFO - Setting next_dagrun for example_nested_branch_dag to 2023-10-12T00:00:00+00:00, run_after=2023-10-13T00:00:00+00:00
[2023-10-13T01:27:15.362+0000] {processor.py:179} INFO - Processing /home/airflow/.local/lib/python3.8/site-packages/airflow/example_dags/example_nested_branch_dag.py took 0.107 seconds
[2023-10-13T01:27:46.257+0000] {processor.py:157} INFO - Started process (PID=389) to work on /home/airflow/.local/lib/python3.8/site-packages/airflow/example_dags/example_nested_branch_dag.py
[2023-10-13T01:27:46.258+0000] {processor.py:829} INFO - Processing file /home/airflow/.local/lib/python3.8/site-packages/airflow/example_dags/example_nested_branch_dag.py for tasks to queue
[2023-10-13T01:27:46.260+0000] {logging_mixin.py:151} INFO - [2023-10-13T01:27:46.260+0000] {dagbag.py:536} INFO - Filling up the DagBag from /home/airflow/.local/lib/python3.8/site-packages/airflow/example_dags/example_nested_branch_dag.py
[2023-10-13T01:27:46.277+0000] {processor.py:839} INFO - DAG(s) dict_keys(['example_nested_branch_dag']) retrieved from /home/airflow/.local/lib/python3.8/site-packages/airflow/example_dags/example_nested_branch_dag.py
[2023-10-13T01:27:46.306+0000] {logging_mixin.py:151} INFO - [2023-10-13T01:27:46.306+0000] {dag.py:2941} INFO - Sync 1 DAGs
[2023-10-13T01:27:46.334+0000] {logging_mixin.py:151} INFO - [2023-10-13T01:27:46.334+0000] {dag.py:3722} INFO - Setting next_dagrun for example_nested_branch_dag to 2023-10-12T00:00:00+00:00, run_after=2023-10-13T00:00:00+00:00
[2023-10-13T01:27:46.383+0000] {processor.py:179} INFO - Processing /home/airflow/.local/lib/python3.8/site-packages/airflow/example_dags/example_nested_branch_dag.py took 0.137 seconds
