[2023-10-13T00:52:55.016+0000] {processor.py:157} INFO - Started process (PID=72) to work on /home/airflow/.local/lib/python3.8/site-packages/airflow/example_dags/example_task_group_decorator.py
[2023-10-13T00:52:55.017+0000] {processor.py:829} INFO - Processing file /home/airflow/.local/lib/python3.8/site-packages/airflow/example_dags/example_task_group_decorator.py for tasks to queue
[2023-10-13T00:52:55.019+0000] {logging_mixin.py:151} INFO - [2023-10-13T00:52:55.019+0000] {dagbag.py:536} INFO - Filling up the DagBag from /home/airflow/.local/lib/python3.8/site-packages/airflow/example_dags/example_task_group_decorator.py
[2023-10-13T00:52:55.052+0000] {processor.py:839} INFO - DAG(s) dict_keys(['example_task_group_decorator']) retrieved from /home/airflow/.local/lib/python3.8/site-packages/airflow/example_dags/example_task_group_decorator.py
[2023-10-13T00:52:55.145+0000] {logging_mixin.py:151} INFO - [2023-10-13T00:52:55.145+0000] {dag.py:2941} INFO - Sync 1 DAGs
[2023-10-13T00:52:55.219+0000] {logging_mixin.py:151} INFO - [2023-10-13T00:52:55.219+0000] {dag.py:3722} INFO - Setting next_dagrun for example_task_group_decorator to 2023-10-12T00:52:55.218828+00:00, run_after=2023-10-13T00:52:55.218828+00:00
[2023-10-13T00:52:55.615+0000] {processor.py:179} INFO - Processing /home/airflow/.local/lib/python3.8/site-packages/airflow/example_dags/example_task_group_decorator.py took 0.604 seconds
[2023-10-13T00:53:25.679+0000] {processor.py:157} INFO - Started process (PID=125) to work on /home/airflow/.local/lib/python3.8/site-packages/airflow/example_dags/example_task_group_decorator.py
[2023-10-13T00:53:25.680+0000] {processor.py:829} INFO - Processing file /home/airflow/.local/lib/python3.8/site-packages/airflow/example_dags/example_task_group_decorator.py for tasks to queue
[2023-10-13T00:53:25.683+0000] {logging_mixin.py:151} INFO - [2023-10-13T00:53:25.683+0000] {dagbag.py:536} INFO - Filling up the DagBag from /home/airflow/.local/lib/python3.8/site-packages/airflow/example_dags/example_task_group_decorator.py
[2023-10-13T00:53:25.708+0000] {processor.py:839} INFO - DAG(s) dict_keys(['example_task_group_decorator']) retrieved from /home/airflow/.local/lib/python3.8/site-packages/airflow/example_dags/example_task_group_decorator.py
[2023-10-13T00:53:25.759+0000] {logging_mixin.py:151} INFO - [2023-10-13T00:53:25.759+0000] {dag.py:2941} INFO - Sync 1 DAGs
[2023-10-13T00:53:25.849+0000] {logging_mixin.py:151} INFO - [2023-10-13T00:53:25.849+0000] {dag.py:3722} INFO - Setting next_dagrun for example_task_group_decorator to 2023-10-12T00:53:25.849054+00:00, run_after=2023-10-13T00:53:25.849054+00:00
[2023-10-13T00:53:25.898+0000] {processor.py:179} INFO - Processing /home/airflow/.local/lib/python3.8/site-packages/airflow/example_dags/example_task_group_decorator.py took 0.223 seconds
[2023-10-13T00:53:57.265+0000] {processor.py:157} INFO - Started process (PID=180) to work on /home/airflow/.local/lib/python3.8/site-packages/airflow/example_dags/example_task_group_decorator.py
[2023-10-13T00:53:57.332+0000] {processor.py:829} INFO - Processing file /home/airflow/.local/lib/python3.8/site-packages/airflow/example_dags/example_task_group_decorator.py for tasks to queue
[2023-10-13T00:53:57.337+0000] {logging_mixin.py:151} INFO - [2023-10-13T00:53:57.337+0000] {dagbag.py:536} INFO - Filling up the DagBag from /home/airflow/.local/lib/python3.8/site-packages/airflow/example_dags/example_task_group_decorator.py
[2023-10-13T00:53:57.389+0000] {processor.py:839} INFO - DAG(s) dict_keys(['example_task_group_decorator']) retrieved from /home/airflow/.local/lib/python3.8/site-packages/airflow/example_dags/example_task_group_decorator.py
[2023-10-13T00:53:57.457+0000] {logging_mixin.py:151} INFO - [2023-10-13T00:53:57.457+0000] {dag.py:2941} INFO - Sync 1 DAGs
[2023-10-13T00:53:57.509+0000] {logging_mixin.py:151} INFO - [2023-10-13T00:53:57.509+0000] {dag.py:3722} INFO - Setting next_dagrun for example_task_group_decorator to 2023-10-12T00:53:57.509139+00:00, run_after=2023-10-13T00:53:57.509139+00:00
[2023-10-13T00:53:57.724+0000] {processor.py:179} INFO - Processing /home/airflow/.local/lib/python3.8/site-packages/airflow/example_dags/example_task_group_decorator.py took 0.470 seconds
[2023-10-13T00:54:28.124+0000] {processor.py:157} INFO - Started process (PID=234) to work on /home/airflow/.local/lib/python3.8/site-packages/airflow/example_dags/example_task_group_decorator.py
[2023-10-13T00:54:28.125+0000] {processor.py:829} INFO - Processing file /home/airflow/.local/lib/python3.8/site-packages/airflow/example_dags/example_task_group_decorator.py for tasks to queue
[2023-10-13T00:54:28.133+0000] {logging_mixin.py:151} INFO - [2023-10-13T00:54:28.132+0000] {dagbag.py:536} INFO - Filling up the DagBag from /home/airflow/.local/lib/python3.8/site-packages/airflow/example_dags/example_task_group_decorator.py
[2023-10-13T00:54:28.174+0000] {processor.py:839} INFO - DAG(s) dict_keys(['example_task_group_decorator']) retrieved from /home/airflow/.local/lib/python3.8/site-packages/airflow/example_dags/example_task_group_decorator.py
[2023-10-13T00:54:28.231+0000] {logging_mixin.py:151} INFO - [2023-10-13T00:54:28.230+0000] {dag.py:2941} INFO - Sync 1 DAGs
[2023-10-13T00:54:28.276+0000] {logging_mixin.py:151} INFO - [2023-10-13T00:54:28.276+0000] {dag.py:3722} INFO - Setting next_dagrun for example_task_group_decorator to 2023-10-12T00:54:28.275919+00:00, run_after=2023-10-13T00:54:28.275919+00:00
[2023-10-13T00:54:28.328+0000] {processor.py:179} INFO - Processing /home/airflow/.local/lib/python3.8/site-packages/airflow/example_dags/example_task_group_decorator.py took 0.210 seconds
[2023-10-13T00:54:59.152+0000] {processor.py:157} INFO - Started process (PID=288) to work on /home/airflow/.local/lib/python3.8/site-packages/airflow/example_dags/example_task_group_decorator.py
[2023-10-13T00:54:59.182+0000] {processor.py:829} INFO - Processing file /home/airflow/.local/lib/python3.8/site-packages/airflow/example_dags/example_task_group_decorator.py for tasks to queue
[2023-10-13T00:54:59.187+0000] {logging_mixin.py:151} INFO - [2023-10-13T00:54:59.186+0000] {dagbag.py:536} INFO - Filling up the DagBag from /home/airflow/.local/lib/python3.8/site-packages/airflow/example_dags/example_task_group_decorator.py
[2023-10-13T00:54:59.241+0000] {processor.py:839} INFO - DAG(s) dict_keys(['example_task_group_decorator']) retrieved from /home/airflow/.local/lib/python3.8/site-packages/airflow/example_dags/example_task_group_decorator.py
[2023-10-13T00:54:59.306+0000] {logging_mixin.py:151} INFO - [2023-10-13T00:54:59.306+0000] {dag.py:2941} INFO - Sync 1 DAGs
[2023-10-13T00:54:59.358+0000] {logging_mixin.py:151} INFO - [2023-10-13T00:54:59.357+0000] {dag.py:3722} INFO - Setting next_dagrun for example_task_group_decorator to 2023-10-12T00:54:59.357478+00:00, run_after=2023-10-13T00:54:59.357478+00:00
[2023-10-13T00:54:59.400+0000] {processor.py:179} INFO - Processing /home/airflow/.local/lib/python3.8/site-packages/airflow/example_dags/example_task_group_decorator.py took 0.254 seconds
[2023-10-13T00:55:30.046+0000] {processor.py:157} INFO - Started process (PID=342) to work on /home/airflow/.local/lib/python3.8/site-packages/airflow/example_dags/example_task_group_decorator.py
[2023-10-13T00:55:30.047+0000] {processor.py:829} INFO - Processing file /home/airflow/.local/lib/python3.8/site-packages/airflow/example_dags/example_task_group_decorator.py for tasks to queue
[2023-10-13T00:55:30.050+0000] {logging_mixin.py:151} INFO - [2023-10-13T00:55:30.050+0000] {dagbag.py:536} INFO - Filling up the DagBag from /home/airflow/.local/lib/python3.8/site-packages/airflow/example_dags/example_task_group_decorator.py
[2023-10-13T00:55:30.075+0000] {processor.py:839} INFO - DAG(s) dict_keys(['example_task_group_decorator']) retrieved from /home/airflow/.local/lib/python3.8/site-packages/airflow/example_dags/example_task_group_decorator.py
[2023-10-13T00:55:30.111+0000] {logging_mixin.py:151} INFO - [2023-10-13T00:55:30.111+0000] {dag.py:2941} INFO - Sync 1 DAGs
[2023-10-13T00:55:30.144+0000] {logging_mixin.py:151} INFO - [2023-10-13T00:55:30.144+0000] {dag.py:3722} INFO - Setting next_dagrun for example_task_group_decorator to 2023-10-12T00:55:30.143720+00:00, run_after=2023-10-13T00:55:30.143720+00:00
[2023-10-13T00:55:30.379+0000] {processor.py:179} INFO - Processing /home/airflow/.local/lib/python3.8/site-packages/airflow/example_dags/example_task_group_decorator.py took 0.338 seconds
[2023-10-13T01:14:47.981+0000] {processor.py:157} INFO - Started process (PID=66) to work on /home/airflow/.local/lib/python3.8/site-packages/airflow/example_dags/example_task_group_decorator.py
[2023-10-13T01:14:48.004+0000] {processor.py:829} INFO - Processing file /home/airflow/.local/lib/python3.8/site-packages/airflow/example_dags/example_task_group_decorator.py for tasks to queue
[2023-10-13T01:14:48.006+0000] {logging_mixin.py:151} INFO - [2023-10-13T01:14:48.006+0000] {dagbag.py:536} INFO - Filling up the DagBag from /home/airflow/.local/lib/python3.8/site-packages/airflow/example_dags/example_task_group_decorator.py
[2023-10-13T01:14:48.034+0000] {processor.py:839} INFO - DAG(s) dict_keys(['example_task_group_decorator']) retrieved from /home/airflow/.local/lib/python3.8/site-packages/airflow/example_dags/example_task_group_decorator.py
[2023-10-13T01:14:48.077+0000] {logging_mixin.py:151} INFO - [2023-10-13T01:14:48.076+0000] {dag.py:2941} INFO - Sync 1 DAGs
[2023-10-13T01:14:48.115+0000] {logging_mixin.py:151} INFO - [2023-10-13T01:14:48.115+0000] {dag.py:3722} INFO - Setting next_dagrun for example_task_group_decorator to 2023-10-12T01:14:48.115157+00:00, run_after=2023-10-13T01:14:48.115157+00:00
[2023-10-13T01:14:48.150+0000] {processor.py:179} INFO - Processing /home/airflow/.local/lib/python3.8/site-packages/airflow/example_dags/example_task_group_decorator.py took 0.174 seconds
[2023-10-13T01:15:18.578+0000] {processor.py:157} INFO - Started process (PID=121) to work on /home/airflow/.local/lib/python3.8/site-packages/airflow/example_dags/example_task_group_decorator.py
[2023-10-13T01:15:18.585+0000] {processor.py:829} INFO - Processing file /home/airflow/.local/lib/python3.8/site-packages/airflow/example_dags/example_task_group_decorator.py for tasks to queue
[2023-10-13T01:15:18.588+0000] {logging_mixin.py:151} INFO - [2023-10-13T01:15:18.588+0000] {dagbag.py:536} INFO - Filling up the DagBag from /home/airflow/.local/lib/python3.8/site-packages/airflow/example_dags/example_task_group_decorator.py
[2023-10-13T01:15:18.611+0000] {processor.py:839} INFO - DAG(s) dict_keys(['example_task_group_decorator']) retrieved from /home/airflow/.local/lib/python3.8/site-packages/airflow/example_dags/example_task_group_decorator.py
[2023-10-13T01:15:18.637+0000] {logging_mixin.py:151} INFO - [2023-10-13T01:15:18.637+0000] {dag.py:2941} INFO - Sync 1 DAGs
[2023-10-13T01:15:18.659+0000] {logging_mixin.py:151} INFO - [2023-10-13T01:15:18.659+0000] {dag.py:3722} INFO - Setting next_dagrun for example_task_group_decorator to 2023-10-12T01:15:18.659007+00:00, run_after=2023-10-13T01:15:18.659007+00:00
[2023-10-13T01:15:18.690+0000] {processor.py:179} INFO - Processing /home/airflow/.local/lib/python3.8/site-packages/airflow/example_dags/example_task_group_decorator.py took 0.116 seconds
[2023-10-13T01:15:49.906+0000] {processor.py:157} INFO - Started process (PID=175) to work on /home/airflow/.local/lib/python3.8/site-packages/airflow/example_dags/example_task_group_decorator.py
[2023-10-13T01:15:49.908+0000] {processor.py:829} INFO - Processing file /home/airflow/.local/lib/python3.8/site-packages/airflow/example_dags/example_task_group_decorator.py for tasks to queue
[2023-10-13T01:15:49.911+0000] {logging_mixin.py:151} INFO - [2023-10-13T01:15:49.911+0000] {dagbag.py:536} INFO - Filling up the DagBag from /home/airflow/.local/lib/python3.8/site-packages/airflow/example_dags/example_task_group_decorator.py
[2023-10-13T01:15:49.945+0000] {processor.py:839} INFO - DAG(s) dict_keys(['example_task_group_decorator']) retrieved from /home/airflow/.local/lib/python3.8/site-packages/airflow/example_dags/example_task_group_decorator.py
[2023-10-13T01:15:50.004+0000] {logging_mixin.py:151} INFO - [2023-10-13T01:15:50.003+0000] {dag.py:2941} INFO - Sync 1 DAGs
[2023-10-13T01:15:50.046+0000] {logging_mixin.py:151} INFO - [2023-10-13T01:15:50.046+0000] {dag.py:3722} INFO - Setting next_dagrun for example_task_group_decorator to 2023-10-12T01:15:50.046310+00:00, run_after=2023-10-13T01:15:50.046310+00:00
[2023-10-13T01:15:50.097+0000] {processor.py:179} INFO - Processing /home/airflow/.local/lib/python3.8/site-packages/airflow/example_dags/example_task_group_decorator.py took 0.199 seconds
[2023-10-13T01:16:21.121+0000] {processor.py:157} INFO - Started process (PID=229) to work on /home/airflow/.local/lib/python3.8/site-packages/airflow/example_dags/example_task_group_decorator.py
[2023-10-13T01:16:21.141+0000] {processor.py:829} INFO - Processing file /home/airflow/.local/lib/python3.8/site-packages/airflow/example_dags/example_task_group_decorator.py for tasks to queue
[2023-10-13T01:16:21.144+0000] {logging_mixin.py:151} INFO - [2023-10-13T01:16:21.144+0000] {dagbag.py:536} INFO - Filling up the DagBag from /home/airflow/.local/lib/python3.8/site-packages/airflow/example_dags/example_task_group_decorator.py
[2023-10-13T01:16:21.184+0000] {processor.py:839} INFO - DAG(s) dict_keys(['example_task_group_decorator']) retrieved from /home/airflow/.local/lib/python3.8/site-packages/airflow/example_dags/example_task_group_decorator.py
[2023-10-13T01:16:21.229+0000] {logging_mixin.py:151} INFO - [2023-10-13T01:16:21.228+0000] {dag.py:2941} INFO - Sync 1 DAGs
[2023-10-13T01:16:21.277+0000] {logging_mixin.py:151} INFO - [2023-10-13T01:16:21.277+0000] {dag.py:3722} INFO - Setting next_dagrun for example_task_group_decorator to 2023-10-12T01:16:21.277110+00:00, run_after=2023-10-13T01:16:21.277110+00:00
[2023-10-13T01:16:21.329+0000] {processor.py:179} INFO - Processing /home/airflow/.local/lib/python3.8/site-packages/airflow/example_dags/example_task_group_decorator.py took 0.214 seconds
[2023-10-13T01:16:52.067+0000] {processor.py:157} INFO - Started process (PID=284) to work on /home/airflow/.local/lib/python3.8/site-packages/airflow/example_dags/example_task_group_decorator.py
[2023-10-13T01:16:52.068+0000] {processor.py:829} INFO - Processing file /home/airflow/.local/lib/python3.8/site-packages/airflow/example_dags/example_task_group_decorator.py for tasks to queue
[2023-10-13T01:16:52.071+0000] {logging_mixin.py:151} INFO - [2023-10-13T01:16:52.070+0000] {dagbag.py:536} INFO - Filling up the DagBag from /home/airflow/.local/lib/python3.8/site-packages/airflow/example_dags/example_task_group_decorator.py
[2023-10-13T01:16:52.127+0000] {processor.py:839} INFO - DAG(s) dict_keys(['example_task_group_decorator']) retrieved from /home/airflow/.local/lib/python3.8/site-packages/airflow/example_dags/example_task_group_decorator.py
[2023-10-13T01:16:52.221+0000] {logging_mixin.py:151} INFO - [2023-10-13T01:16:52.221+0000] {dag.py:2941} INFO - Sync 1 DAGs
[2023-10-13T01:16:52.284+0000] {logging_mixin.py:151} INFO - [2023-10-13T01:16:52.284+0000] {dag.py:3722} INFO - Setting next_dagrun for example_task_group_decorator to 2023-10-12T01:16:52.284024+00:00, run_after=2023-10-13T01:16:52.284024+00:00
[2023-10-13T01:16:52.381+0000] {processor.py:179} INFO - Processing /home/airflow/.local/lib/python3.8/site-packages/airflow/example_dags/example_task_group_decorator.py took 0.329 seconds
[2023-10-13T01:17:22.476+0000] {processor.py:157} INFO - Started process (PID=339) to work on /home/airflow/.local/lib/python3.8/site-packages/airflow/example_dags/example_task_group_decorator.py
[2023-10-13T01:17:22.478+0000] {processor.py:829} INFO - Processing file /home/airflow/.local/lib/python3.8/site-packages/airflow/example_dags/example_task_group_decorator.py for tasks to queue
[2023-10-13T01:17:22.480+0000] {logging_mixin.py:151} INFO - [2023-10-13T01:17:22.480+0000] {dagbag.py:536} INFO - Filling up the DagBag from /home/airflow/.local/lib/python3.8/site-packages/airflow/example_dags/example_task_group_decorator.py
[2023-10-13T01:17:22.507+0000] {processor.py:839} INFO - DAG(s) dict_keys(['example_task_group_decorator']) retrieved from /home/airflow/.local/lib/python3.8/site-packages/airflow/example_dags/example_task_group_decorator.py
[2023-10-13T01:17:22.559+0000] {logging_mixin.py:151} INFO - [2023-10-13T01:17:22.559+0000] {dag.py:2941} INFO - Sync 1 DAGs
[2023-10-13T01:17:22.626+0000] {logging_mixin.py:151} INFO - [2023-10-13T01:17:22.626+0000] {dag.py:3722} INFO - Setting next_dagrun for example_task_group_decorator to 2023-10-12T01:17:22.626087+00:00, run_after=2023-10-13T01:17:22.626087+00:00
[2023-10-13T01:17:22.689+0000] {processor.py:179} INFO - Processing /home/airflow/.local/lib/python3.8/site-packages/airflow/example_dags/example_task_group_decorator.py took 0.218 seconds
[2023-10-13T01:17:53.175+0000] {processor.py:157} INFO - Started process (PID=394) to work on /home/airflow/.local/lib/python3.8/site-packages/airflow/example_dags/example_task_group_decorator.py
[2023-10-13T01:17:53.175+0000] {processor.py:829} INFO - Processing file /home/airflow/.local/lib/python3.8/site-packages/airflow/example_dags/example_task_group_decorator.py for tasks to queue
[2023-10-13T01:17:53.178+0000] {logging_mixin.py:151} INFO - [2023-10-13T01:17:53.177+0000] {dagbag.py:536} INFO - Filling up the DagBag from /home/airflow/.local/lib/python3.8/site-packages/airflow/example_dags/example_task_group_decorator.py
[2023-10-13T01:17:53.201+0000] {processor.py:839} INFO - DAG(s) dict_keys(['example_task_group_decorator']) retrieved from /home/airflow/.local/lib/python3.8/site-packages/airflow/example_dags/example_task_group_decorator.py
[2023-10-13T01:17:53.237+0000] {logging_mixin.py:151} INFO - [2023-10-13T01:17:53.237+0000] {dag.py:2941} INFO - Sync 1 DAGs
[2023-10-13T01:17:53.314+0000] {logging_mixin.py:151} INFO - [2023-10-13T01:17:53.313+0000] {dag.py:3722} INFO - Setting next_dagrun for example_task_group_decorator to 2023-10-12T01:17:53.313370+00:00, run_after=2023-10-13T01:17:53.313370+00:00
[2023-10-13T01:17:53.353+0000] {processor.py:179} INFO - Processing /home/airflow/.local/lib/python3.8/site-packages/airflow/example_dags/example_task_group_decorator.py took 0.182 seconds
[2023-10-13T01:18:23.555+0000] {processor.py:157} INFO - Started process (PID=449) to work on /home/airflow/.local/lib/python3.8/site-packages/airflow/example_dags/example_task_group_decorator.py
[2023-10-13T01:18:23.556+0000] {processor.py:829} INFO - Processing file /home/airflow/.local/lib/python3.8/site-packages/airflow/example_dags/example_task_group_decorator.py for tasks to queue
[2023-10-13T01:18:23.559+0000] {logging_mixin.py:151} INFO - [2023-10-13T01:18:23.558+0000] {dagbag.py:536} INFO - Filling up the DagBag from /home/airflow/.local/lib/python3.8/site-packages/airflow/example_dags/example_task_group_decorator.py
[2023-10-13T01:18:23.580+0000] {processor.py:839} INFO - DAG(s) dict_keys(['example_task_group_decorator']) retrieved from /home/airflow/.local/lib/python3.8/site-packages/airflow/example_dags/example_task_group_decorator.py
[2023-10-13T01:18:23.621+0000] {logging_mixin.py:151} INFO - [2023-10-13T01:18:23.620+0000] {dag.py:2941} INFO - Sync 1 DAGs
[2023-10-13T01:18:23.654+0000] {logging_mixin.py:151} INFO - [2023-10-13T01:18:23.654+0000] {dag.py:3722} INFO - Setting next_dagrun for example_task_group_decorator to 2023-10-12T01:18:23.654059+00:00, run_after=2023-10-13T01:18:23.654059+00:00
[2023-10-13T01:18:23.684+0000] {processor.py:179} INFO - Processing /home/airflow/.local/lib/python3.8/site-packages/airflow/example_dags/example_task_group_decorator.py took 0.133 seconds
[2023-10-13T01:18:54.615+0000] {processor.py:157} INFO - Started process (PID=504) to work on /home/airflow/.local/lib/python3.8/site-packages/airflow/example_dags/example_task_group_decorator.py
[2023-10-13T01:18:54.616+0000] {processor.py:829} INFO - Processing file /home/airflow/.local/lib/python3.8/site-packages/airflow/example_dags/example_task_group_decorator.py for tasks to queue
[2023-10-13T01:18:54.619+0000] {logging_mixin.py:151} INFO - [2023-10-13T01:18:54.619+0000] {dagbag.py:536} INFO - Filling up the DagBag from /home/airflow/.local/lib/python3.8/site-packages/airflow/example_dags/example_task_group_decorator.py
[2023-10-13T01:18:54.663+0000] {processor.py:839} INFO - DAG(s) dict_keys(['example_task_group_decorator']) retrieved from /home/airflow/.local/lib/python3.8/site-packages/airflow/example_dags/example_task_group_decorator.py
[2023-10-13T01:18:54.704+0000] {logging_mixin.py:151} INFO - [2023-10-13T01:18:54.703+0000] {dag.py:2941} INFO - Sync 1 DAGs
[2023-10-13T01:18:54.738+0000] {logging_mixin.py:151} INFO - [2023-10-13T01:18:54.738+0000] {dag.py:3722} INFO - Setting next_dagrun for example_task_group_decorator to 2023-10-12T01:18:54.737836+00:00, run_after=2023-10-13T01:18:54.737836+00:00
[2023-10-13T01:18:54.776+0000] {processor.py:179} INFO - Processing /home/airflow/.local/lib/python3.8/site-packages/airflow/example_dags/example_task_group_decorator.py took 0.165 seconds
[2023-10-13T01:19:26.284+0000] {processor.py:157} INFO - Started process (PID=559) to work on /home/airflow/.local/lib/python3.8/site-packages/airflow/example_dags/example_task_group_decorator.py
[2023-10-13T01:19:26.285+0000] {processor.py:829} INFO - Processing file /home/airflow/.local/lib/python3.8/site-packages/airflow/example_dags/example_task_group_decorator.py for tasks to queue
[2023-10-13T01:19:26.287+0000] {logging_mixin.py:151} INFO - [2023-10-13T01:19:26.287+0000] {dagbag.py:536} INFO - Filling up the DagBag from /home/airflow/.local/lib/python3.8/site-packages/airflow/example_dags/example_task_group_decorator.py
[2023-10-13T01:19:26.310+0000] {processor.py:839} INFO - DAG(s) dict_keys(['example_task_group_decorator']) retrieved from /home/airflow/.local/lib/python3.8/site-packages/airflow/example_dags/example_task_group_decorator.py
[2023-10-13T01:19:26.350+0000] {logging_mixin.py:151} INFO - [2023-10-13T01:19:26.350+0000] {dag.py:2941} INFO - Sync 1 DAGs
[2023-10-13T01:19:26.393+0000] {logging_mixin.py:151} INFO - [2023-10-13T01:19:26.392+0000] {dag.py:3722} INFO - Setting next_dagrun for example_task_group_decorator to 2023-10-12T01:19:26.392742+00:00, run_after=2023-10-13T01:19:26.392742+00:00
[2023-10-13T01:19:26.424+0000] {processor.py:179} INFO - Processing /home/airflow/.local/lib/python3.8/site-packages/airflow/example_dags/example_task_group_decorator.py took 0.144 seconds
[2023-10-13T01:19:56.895+0000] {processor.py:157} INFO - Started process (PID=614) to work on /home/airflow/.local/lib/python3.8/site-packages/airflow/example_dags/example_task_group_decorator.py
[2023-10-13T01:19:56.949+0000] {processor.py:829} INFO - Processing file /home/airflow/.local/lib/python3.8/site-packages/airflow/example_dags/example_task_group_decorator.py for tasks to queue
[2023-10-13T01:19:56.952+0000] {logging_mixin.py:151} INFO - [2023-10-13T01:19:56.952+0000] {dagbag.py:536} INFO - Filling up the DagBag from /home/airflow/.local/lib/python3.8/site-packages/airflow/example_dags/example_task_group_decorator.py
[2023-10-13T01:19:56.974+0000] {processor.py:839} INFO - DAG(s) dict_keys(['example_task_group_decorator']) retrieved from /home/airflow/.local/lib/python3.8/site-packages/airflow/example_dags/example_task_group_decorator.py
[2023-10-13T01:19:57.004+0000] {logging_mixin.py:151} INFO - [2023-10-13T01:19:57.004+0000] {dag.py:2941} INFO - Sync 1 DAGs
[2023-10-13T01:19:57.033+0000] {logging_mixin.py:151} INFO - [2023-10-13T01:19:57.033+0000] {dag.py:3722} INFO - Setting next_dagrun for example_task_group_decorator to 2023-10-12T01:19:57.032936+00:00, run_after=2023-10-13T01:19:57.032936+00:00
[2023-10-13T01:19:57.083+0000] {processor.py:179} INFO - Processing /home/airflow/.local/lib/python3.8/site-packages/airflow/example_dags/example_task_group_decorator.py took 0.192 seconds
[2023-10-13T01:20:27.905+0000] {processor.py:157} INFO - Started process (PID=669) to work on /home/airflow/.local/lib/python3.8/site-packages/airflow/example_dags/example_task_group_decorator.py
[2023-10-13T01:20:27.906+0000] {processor.py:829} INFO - Processing file /home/airflow/.local/lib/python3.8/site-packages/airflow/example_dags/example_task_group_decorator.py for tasks to queue
[2023-10-13T01:20:27.908+0000] {logging_mixin.py:151} INFO - [2023-10-13T01:20:27.908+0000] {dagbag.py:536} INFO - Filling up the DagBag from /home/airflow/.local/lib/python3.8/site-packages/airflow/example_dags/example_task_group_decorator.py
[2023-10-13T01:20:27.932+0000] {processor.py:839} INFO - DAG(s) dict_keys(['example_task_group_decorator']) retrieved from /home/airflow/.local/lib/python3.8/site-packages/airflow/example_dags/example_task_group_decorator.py
[2023-10-13T01:20:27.978+0000] {logging_mixin.py:151} INFO - [2023-10-13T01:20:27.978+0000] {dag.py:2941} INFO - Sync 1 DAGs
[2023-10-13T01:20:28.013+0000] {logging_mixin.py:151} INFO - [2023-10-13T01:20:28.013+0000] {dag.py:3722} INFO - Setting next_dagrun for example_task_group_decorator to 2023-10-12T01:20:28.012697+00:00, run_after=2023-10-13T01:20:28.012697+00:00
[2023-10-13T01:20:28.042+0000] {processor.py:179} INFO - Processing /home/airflow/.local/lib/python3.8/site-packages/airflow/example_dags/example_task_group_decorator.py took 0.143 seconds
[2023-10-13T01:20:59.029+0000] {processor.py:157} INFO - Started process (PID=724) to work on /home/airflow/.local/lib/python3.8/site-packages/airflow/example_dags/example_task_group_decorator.py
[2023-10-13T01:20:59.030+0000] {processor.py:829} INFO - Processing file /home/airflow/.local/lib/python3.8/site-packages/airflow/example_dags/example_task_group_decorator.py for tasks to queue
[2023-10-13T01:20:59.032+0000] {logging_mixin.py:151} INFO - [2023-10-13T01:20:59.032+0000] {dagbag.py:536} INFO - Filling up the DagBag from /home/airflow/.local/lib/python3.8/site-packages/airflow/example_dags/example_task_group_decorator.py
[2023-10-13T01:20:59.048+0000] {processor.py:839} INFO - DAG(s) dict_keys(['example_task_group_decorator']) retrieved from /home/airflow/.local/lib/python3.8/site-packages/airflow/example_dags/example_task_group_decorator.py
[2023-10-13T01:20:59.083+0000] {logging_mixin.py:151} INFO - [2023-10-13T01:20:59.082+0000] {dag.py:2941} INFO - Sync 1 DAGs
[2023-10-13T01:20:59.142+0000] {logging_mixin.py:151} INFO - [2023-10-13T01:20:59.142+0000] {dag.py:3722} INFO - Setting next_dagrun for example_task_group_decorator to 2023-10-12T01:20:59.142186+00:00, run_after=2023-10-13T01:20:59.142186+00:00
[2023-10-13T01:20:59.205+0000] {processor.py:179} INFO - Processing /home/airflow/.local/lib/python3.8/site-packages/airflow/example_dags/example_task_group_decorator.py took 0.182 seconds
[2023-10-13T01:21:29.968+0000] {processor.py:157} INFO - Started process (PID=787) to work on /home/airflow/.local/lib/python3.8/site-packages/airflow/example_dags/example_task_group_decorator.py
[2023-10-13T01:21:29.969+0000] {processor.py:829} INFO - Processing file /home/airflow/.local/lib/python3.8/site-packages/airflow/example_dags/example_task_group_decorator.py for tasks to queue
[2023-10-13T01:21:29.971+0000] {logging_mixin.py:151} INFO - [2023-10-13T01:21:29.971+0000] {dagbag.py:536} INFO - Filling up the DagBag from /home/airflow/.local/lib/python3.8/site-packages/airflow/example_dags/example_task_group_decorator.py
[2023-10-13T01:21:29.993+0000] {processor.py:839} INFO - DAG(s) dict_keys(['example_task_group_decorator']) retrieved from /home/airflow/.local/lib/python3.8/site-packages/airflow/example_dags/example_task_group_decorator.py
[2023-10-13T01:21:30.016+0000] {logging_mixin.py:151} INFO - [2023-10-13T01:21:30.016+0000] {dag.py:2941} INFO - Sync 1 DAGs
[2023-10-13T01:21:30.051+0000] {logging_mixin.py:151} INFO - [2023-10-13T01:21:30.050+0000] {dag.py:3722} INFO - Setting next_dagrun for example_task_group_decorator to 2023-10-12T01:21:30.050294+00:00, run_after=2023-10-13T01:21:30.050294+00:00
[2023-10-13T01:21:30.092+0000] {processor.py:179} INFO - Processing /home/airflow/.local/lib/python3.8/site-packages/airflow/example_dags/example_task_group_decorator.py took 0.128 seconds
[2023-10-13T01:22:01.042+0000] {processor.py:157} INFO - Started process (PID=842) to work on /home/airflow/.local/lib/python3.8/site-packages/airflow/example_dags/example_task_group_decorator.py
[2023-10-13T01:22:01.053+0000] {processor.py:829} INFO - Processing file /home/airflow/.local/lib/python3.8/site-packages/airflow/example_dags/example_task_group_decorator.py for tasks to queue
[2023-10-13T01:22:01.055+0000] {logging_mixin.py:151} INFO - [2023-10-13T01:22:01.055+0000] {dagbag.py:536} INFO - Filling up the DagBag from /home/airflow/.local/lib/python3.8/site-packages/airflow/example_dags/example_task_group_decorator.py
[2023-10-13T01:22:01.074+0000] {processor.py:839} INFO - DAG(s) dict_keys(['example_task_group_decorator']) retrieved from /home/airflow/.local/lib/python3.8/site-packages/airflow/example_dags/example_task_group_decorator.py
[2023-10-13T01:22:01.105+0000] {logging_mixin.py:151} INFO - [2023-10-13T01:22:01.104+0000] {dag.py:2941} INFO - Sync 1 DAGs
[2023-10-13T01:22:01.133+0000] {logging_mixin.py:151} INFO - [2023-10-13T01:22:01.133+0000] {dag.py:3722} INFO - Setting next_dagrun for example_task_group_decorator to 2023-10-12T01:22:01.132922+00:00, run_after=2023-10-13T01:22:01.132922+00:00
[2023-10-13T01:22:01.180+0000] {processor.py:179} INFO - Processing /home/airflow/.local/lib/python3.8/site-packages/airflow/example_dags/example_task_group_decorator.py took 0.141 seconds
[2023-10-13T01:24:43.312+0000] {processor.py:157} INFO - Started process (PID=67) to work on /home/airflow/.local/lib/python3.8/site-packages/airflow/example_dags/example_task_group_decorator.py
[2023-10-13T01:24:43.313+0000] {processor.py:829} INFO - Processing file /home/airflow/.local/lib/python3.8/site-packages/airflow/example_dags/example_task_group_decorator.py for tasks to queue
[2023-10-13T01:24:43.315+0000] {logging_mixin.py:151} INFO - [2023-10-13T01:24:43.315+0000] {dagbag.py:536} INFO - Filling up the DagBag from /home/airflow/.local/lib/python3.8/site-packages/airflow/example_dags/example_task_group_decorator.py
[2023-10-13T01:24:43.351+0000] {processor.py:839} INFO - DAG(s) dict_keys(['example_task_group_decorator']) retrieved from /home/airflow/.local/lib/python3.8/site-packages/airflow/example_dags/example_task_group_decorator.py
[2023-10-13T01:24:43.394+0000] {logging_mixin.py:151} INFO - [2023-10-13T01:24:43.393+0000] {dag.py:2941} INFO - Sync 1 DAGs
[2023-10-13T01:24:43.426+0000] {logging_mixin.py:151} INFO - [2023-10-13T01:24:43.425+0000] {dag.py:3722} INFO - Setting next_dagrun for example_task_group_decorator to 2023-10-12T01:24:43.425667+00:00, run_after=2023-10-13T01:24:43.425667+00:00
[2023-10-13T01:24:43.463+0000] {processor.py:179} INFO - Processing /home/airflow/.local/lib/python3.8/site-packages/airflow/example_dags/example_task_group_decorator.py took 0.156 seconds
[2023-10-13T01:25:14.234+0000] {processor.py:157} INFO - Started process (PID=123) to work on /home/airflow/.local/lib/python3.8/site-packages/airflow/example_dags/example_task_group_decorator.py
[2023-10-13T01:25:14.240+0000] {processor.py:829} INFO - Processing file /home/airflow/.local/lib/python3.8/site-packages/airflow/example_dags/example_task_group_decorator.py for tasks to queue
[2023-10-13T01:25:14.243+0000] {logging_mixin.py:151} INFO - [2023-10-13T01:25:14.243+0000] {dagbag.py:536} INFO - Filling up the DagBag from /home/airflow/.local/lib/python3.8/site-packages/airflow/example_dags/example_task_group_decorator.py
[2023-10-13T01:25:14.274+0000] {processor.py:839} INFO - DAG(s) dict_keys(['example_task_group_decorator']) retrieved from /home/airflow/.local/lib/python3.8/site-packages/airflow/example_dags/example_task_group_decorator.py
[2023-10-13T01:25:14.318+0000] {logging_mixin.py:151} INFO - [2023-10-13T01:25:14.317+0000] {dag.py:2941} INFO - Sync 1 DAGs
[2023-10-13T01:25:14.352+0000] {logging_mixin.py:151} INFO - [2023-10-13T01:25:14.352+0000] {dag.py:3722} INFO - Setting next_dagrun for example_task_group_decorator to 2023-10-12T01:25:14.351991+00:00, run_after=2023-10-13T01:25:14.351991+00:00
[2023-10-13T01:25:14.399+0000] {processor.py:179} INFO - Processing /home/airflow/.local/lib/python3.8/site-packages/airflow/example_dags/example_task_group_decorator.py took 0.170 seconds
[2023-10-13T01:25:44.840+0000] {processor.py:157} INFO - Started process (PID=178) to work on /home/airflow/.local/lib/python3.8/site-packages/airflow/example_dags/example_task_group_decorator.py
[2023-10-13T01:25:44.841+0000] {processor.py:829} INFO - Processing file /home/airflow/.local/lib/python3.8/site-packages/airflow/example_dags/example_task_group_decorator.py for tasks to queue
[2023-10-13T01:25:44.844+0000] {logging_mixin.py:151} INFO - [2023-10-13T01:25:44.844+0000] {dagbag.py:536} INFO - Filling up the DagBag from /home/airflow/.local/lib/python3.8/site-packages/airflow/example_dags/example_task_group_decorator.py
[2023-10-13T01:25:44.877+0000] {processor.py:839} INFO - DAG(s) dict_keys(['example_task_group_decorator']) retrieved from /home/airflow/.local/lib/python3.8/site-packages/airflow/example_dags/example_task_group_decorator.py
[2023-10-13T01:25:44.918+0000] {logging_mixin.py:151} INFO - [2023-10-13T01:25:44.918+0000] {dag.py:2941} INFO - Sync 1 DAGs
[2023-10-13T01:25:44.952+0000] {logging_mixin.py:151} INFO - [2023-10-13T01:25:44.951+0000] {dag.py:3722} INFO - Setting next_dagrun for example_task_group_decorator to 2023-10-12T01:25:44.951437+00:00, run_after=2023-10-13T01:25:44.951437+00:00
[2023-10-13T01:25:44.985+0000] {processor.py:179} INFO - Processing /home/airflow/.local/lib/python3.8/site-packages/airflow/example_dags/example_task_group_decorator.py took 0.149 seconds
[2023-10-13T01:26:15.068+0000] {processor.py:157} INFO - Started process (PID=232) to work on /home/airflow/.local/lib/python3.8/site-packages/airflow/example_dags/example_task_group_decorator.py
[2023-10-13T01:26:15.087+0000] {processor.py:829} INFO - Processing file /home/airflow/.local/lib/python3.8/site-packages/airflow/example_dags/example_task_group_decorator.py for tasks to queue
[2023-10-13T01:26:15.089+0000] {logging_mixin.py:151} INFO - [2023-10-13T01:26:15.089+0000] {dagbag.py:536} INFO - Filling up the DagBag from /home/airflow/.local/lib/python3.8/site-packages/airflow/example_dags/example_task_group_decorator.py
[2023-10-13T01:26:15.115+0000] {processor.py:839} INFO - DAG(s) dict_keys(['example_task_group_decorator']) retrieved from /home/airflow/.local/lib/python3.8/site-packages/airflow/example_dags/example_task_group_decorator.py
[2023-10-13T01:26:15.156+0000] {logging_mixin.py:151} INFO - [2023-10-13T01:26:15.156+0000] {dag.py:2941} INFO - Sync 1 DAGs
[2023-10-13T01:26:15.189+0000] {logging_mixin.py:151} INFO - [2023-10-13T01:26:15.188+0000] {dag.py:3722} INFO - Setting next_dagrun for example_task_group_decorator to 2023-10-12T01:26:15.188637+00:00, run_after=2023-10-13T01:26:15.188637+00:00
[2023-10-13T01:26:15.229+0000] {processor.py:179} INFO - Processing /home/airflow/.local/lib/python3.8/site-packages/airflow/example_dags/example_task_group_decorator.py took 0.167 seconds
[2023-10-13T01:26:45.594+0000] {processor.py:157} INFO - Started process (PID=286) to work on /home/airflow/.local/lib/python3.8/site-packages/airflow/example_dags/example_task_group_decorator.py
[2023-10-13T01:26:45.595+0000] {processor.py:829} INFO - Processing file /home/airflow/.local/lib/python3.8/site-packages/airflow/example_dags/example_task_group_decorator.py for tasks to queue
[2023-10-13T01:26:45.598+0000] {logging_mixin.py:151} INFO - [2023-10-13T01:26:45.598+0000] {dagbag.py:536} INFO - Filling up the DagBag from /home/airflow/.local/lib/python3.8/site-packages/airflow/example_dags/example_task_group_decorator.py
[2023-10-13T01:26:45.629+0000] {processor.py:839} INFO - DAG(s) dict_keys(['example_task_group_decorator']) retrieved from /home/airflow/.local/lib/python3.8/site-packages/airflow/example_dags/example_task_group_decorator.py
[2023-10-13T01:26:45.666+0000] {logging_mixin.py:151} INFO - [2023-10-13T01:26:45.666+0000] {dag.py:2941} INFO - Sync 1 DAGs
[2023-10-13T01:26:45.691+0000] {logging_mixin.py:151} INFO - [2023-10-13T01:26:45.691+0000] {dag.py:3722} INFO - Setting next_dagrun for example_task_group_decorator to 2023-10-12T01:26:45.690936+00:00, run_after=2023-10-13T01:26:45.690936+00:00
[2023-10-13T01:26:45.744+0000] {processor.py:179} INFO - Processing /home/airflow/.local/lib/python3.8/site-packages/airflow/example_dags/example_task_group_decorator.py took 0.155 seconds
[2023-10-13T01:27:15.874+0000] {processor.py:157} INFO - Started process (PID=341) to work on /home/airflow/.local/lib/python3.8/site-packages/airflow/example_dags/example_task_group_decorator.py
[2023-10-13T01:27:15.885+0000] {processor.py:829} INFO - Processing file /home/airflow/.local/lib/python3.8/site-packages/airflow/example_dags/example_task_group_decorator.py for tasks to queue
[2023-10-13T01:27:15.888+0000] {logging_mixin.py:151} INFO - [2023-10-13T01:27:15.888+0000] {dagbag.py:536} INFO - Filling up the DagBag from /home/airflow/.local/lib/python3.8/site-packages/airflow/example_dags/example_task_group_decorator.py
[2023-10-13T01:27:15.914+0000] {processor.py:839} INFO - DAG(s) dict_keys(['example_task_group_decorator']) retrieved from /home/airflow/.local/lib/python3.8/site-packages/airflow/example_dags/example_task_group_decorator.py
[2023-10-13T01:27:15.940+0000] {logging_mixin.py:151} INFO - [2023-10-13T01:27:15.940+0000] {dag.py:2941} INFO - Sync 1 DAGs
[2023-10-13T01:27:15.964+0000] {logging_mixin.py:151} INFO - [2023-10-13T01:27:15.964+0000] {dag.py:3722} INFO - Setting next_dagrun for example_task_group_decorator to 2023-10-12T01:27:15.963792+00:00, run_after=2023-10-13T01:27:15.963792+00:00
[2023-10-13T01:27:15.999+0000] {processor.py:179} INFO - Processing /home/airflow/.local/lib/python3.8/site-packages/airflow/example_dags/example_task_group_decorator.py took 0.131 seconds
[2023-10-13T01:27:47.049+0000] {processor.py:157} INFO - Started process (PID=396) to work on /home/airflow/.local/lib/python3.8/site-packages/airflow/example_dags/example_task_group_decorator.py
[2023-10-13T01:27:47.050+0000] {processor.py:829} INFO - Processing file /home/airflow/.local/lib/python3.8/site-packages/airflow/example_dags/example_task_group_decorator.py for tasks to queue
[2023-10-13T01:27:47.053+0000] {logging_mixin.py:151} INFO - [2023-10-13T01:27:47.052+0000] {dagbag.py:536} INFO - Filling up the DagBag from /home/airflow/.local/lib/python3.8/site-packages/airflow/example_dags/example_task_group_decorator.py
[2023-10-13T01:27:47.075+0000] {processor.py:839} INFO - DAG(s) dict_keys(['example_task_group_decorator']) retrieved from /home/airflow/.local/lib/python3.8/site-packages/airflow/example_dags/example_task_group_decorator.py
[2023-10-13T01:27:47.128+0000] {logging_mixin.py:151} INFO - [2023-10-13T01:27:47.128+0000] {dag.py:2941} INFO - Sync 1 DAGs
[2023-10-13T01:27:47.163+0000] {logging_mixin.py:151} INFO - [2023-10-13T01:27:47.162+0000] {dag.py:3722} INFO - Setting next_dagrun for example_task_group_decorator to 2023-10-12T01:27:47.162661+00:00, run_after=2023-10-13T01:27:47.162661+00:00
[2023-10-13T01:27:47.204+0000] {processor.py:179} INFO - Processing /home/airflow/.local/lib/python3.8/site-packages/airflow/example_dags/example_task_group_decorator.py took 0.160 seconds
