[2023-10-13T00:52:51.820+0000] {processor.py:157} INFO - Started process (PID=57) to work on /home/airflow/.local/lib/python3.8/site-packages/airflow/example_dags/example_local_kubernetes_executor.py
[2023-10-13T00:52:51.842+0000] {processor.py:829} INFO - Processing file /home/airflow/.local/lib/python3.8/site-packages/airflow/example_dags/example_local_kubernetes_executor.py for tasks to queue
[2023-10-13T00:52:51.844+0000] {logging_mixin.py:151} INFO - [2023-10-13T00:52:51.844+0000] {dagbag.py:536} INFO - Filling up the DagBag from /home/airflow/.local/lib/python3.8/site-packages/airflow/example_dags/example_local_kubernetes_executor.py
[2023-10-13T00:52:51.882+0000] {processor.py:839} INFO - DAG(s) dict_keys(['example_local_kubernetes_executor']) retrieved from /home/airflow/.local/lib/python3.8/site-packages/airflow/example_dags/example_local_kubernetes_executor.py
[2023-10-13T00:52:51.999+0000] {logging_mixin.py:151} INFO - [2023-10-13T00:52:51.997+0000] {dag.py:2941} INFO - Sync 1 DAGs
[2023-10-13T00:52:52.047+0000] {logging_mixin.py:151} INFO - [2023-10-13T00:52:52.047+0000] {dag.py:3722} INFO - Setting next_dagrun for example_local_kubernetes_executor to None, run_after=None
[2023-10-13T00:52:52.136+0000] {processor.py:179} INFO - Processing /home/airflow/.local/lib/python3.8/site-packages/airflow/example_dags/example_local_kubernetes_executor.py took 0.320 seconds
[2023-10-13T00:53:22.713+0000] {processor.py:157} INFO - Started process (PID=110) to work on /home/airflow/.local/lib/python3.8/site-packages/airflow/example_dags/example_local_kubernetes_executor.py
[2023-10-13T00:53:22.716+0000] {processor.py:829} INFO - Processing file /home/airflow/.local/lib/python3.8/site-packages/airflow/example_dags/example_local_kubernetes_executor.py for tasks to queue
[2023-10-13T00:53:22.720+0000] {logging_mixin.py:151} INFO - [2023-10-13T00:53:22.719+0000] {dagbag.py:536} INFO - Filling up the DagBag from /home/airflow/.local/lib/python3.8/site-packages/airflow/example_dags/example_local_kubernetes_executor.py
[2023-10-13T00:53:22.770+0000] {processor.py:839} INFO - DAG(s) dict_keys(['example_local_kubernetes_executor']) retrieved from /home/airflow/.local/lib/python3.8/site-packages/airflow/example_dags/example_local_kubernetes_executor.py
[2023-10-13T00:53:22.822+0000] {logging_mixin.py:151} INFO - [2023-10-13T00:53:22.822+0000] {dag.py:2941} INFO - Sync 1 DAGs
[2023-10-13T00:53:22.846+0000] {logging_mixin.py:151} INFO - [2023-10-13T00:53:22.845+0000] {dag.py:3722} INFO - Setting next_dagrun for example_local_kubernetes_executor to None, run_after=None
[2023-10-13T00:53:23.397+0000] {processor.py:179} INFO - Processing /home/airflow/.local/lib/python3.8/site-packages/airflow/example_dags/example_local_kubernetes_executor.py took 0.688 seconds
[2023-10-13T00:53:53.647+0000] {processor.py:157} INFO - Started process (PID=165) to work on /home/airflow/.local/lib/python3.8/site-packages/airflow/example_dags/example_local_kubernetes_executor.py
[2023-10-13T00:53:53.648+0000] {processor.py:829} INFO - Processing file /home/airflow/.local/lib/python3.8/site-packages/airflow/example_dags/example_local_kubernetes_executor.py for tasks to queue
[2023-10-13T00:53:53.651+0000] {logging_mixin.py:151} INFO - [2023-10-13T00:53:53.651+0000] {dagbag.py:536} INFO - Filling up the DagBag from /home/airflow/.local/lib/python3.8/site-packages/airflow/example_dags/example_local_kubernetes_executor.py
[2023-10-13T00:53:53.665+0000] {processor.py:839} INFO - DAG(s) dict_keys(['example_local_kubernetes_executor']) retrieved from /home/airflow/.local/lib/python3.8/site-packages/airflow/example_dags/example_local_kubernetes_executor.py
[2023-10-13T00:53:53.744+0000] {logging_mixin.py:151} INFO - [2023-10-13T00:53:53.744+0000] {dag.py:2941} INFO - Sync 1 DAGs
[2023-10-13T00:53:53.765+0000] {logging_mixin.py:151} INFO - [2023-10-13T00:53:53.764+0000] {dag.py:3722} INFO - Setting next_dagrun for example_local_kubernetes_executor to None, run_after=None
[2023-10-13T00:53:53.838+0000] {processor.py:179} INFO - Processing /home/airflow/.local/lib/python3.8/site-packages/airflow/example_dags/example_local_kubernetes_executor.py took 0.195 seconds
[2023-10-13T00:54:24.678+0000] {processor.py:157} INFO - Started process (PID=219) to work on /home/airflow/.local/lib/python3.8/site-packages/airflow/example_dags/example_local_kubernetes_executor.py
[2023-10-13T00:54:24.692+0000] {processor.py:829} INFO - Processing file /home/airflow/.local/lib/python3.8/site-packages/airflow/example_dags/example_local_kubernetes_executor.py for tasks to queue
[2023-10-13T00:54:24.700+0000] {logging_mixin.py:151} INFO - [2023-10-13T00:54:24.698+0000] {dagbag.py:536} INFO - Filling up the DagBag from /home/airflow/.local/lib/python3.8/site-packages/airflow/example_dags/example_local_kubernetes_executor.py
[2023-10-13T00:54:24.718+0000] {processor.py:839} INFO - DAG(s) dict_keys(['example_local_kubernetes_executor']) retrieved from /home/airflow/.local/lib/python3.8/site-packages/airflow/example_dags/example_local_kubernetes_executor.py
[2023-10-13T00:54:24.823+0000] {logging_mixin.py:151} INFO - [2023-10-13T00:54:24.823+0000] {dag.py:2941} INFO - Sync 1 DAGs
[2023-10-13T00:54:24.859+0000] {logging_mixin.py:151} INFO - [2023-10-13T00:54:24.858+0000] {dag.py:3722} INFO - Setting next_dagrun for example_local_kubernetes_executor to None, run_after=None
[2023-10-13T00:54:24.942+0000] {processor.py:179} INFO - Processing /home/airflow/.local/lib/python3.8/site-packages/airflow/example_dags/example_local_kubernetes_executor.py took 0.270 seconds
[2023-10-13T00:54:55.013+0000] {processor.py:157} INFO - Started process (PID=272) to work on /home/airflow/.local/lib/python3.8/site-packages/airflow/example_dags/example_local_kubernetes_executor.py
[2023-10-13T00:54:55.017+0000] {processor.py:829} INFO - Processing file /home/airflow/.local/lib/python3.8/site-packages/airflow/example_dags/example_local_kubernetes_executor.py for tasks to queue
[2023-10-13T00:54:55.024+0000] {logging_mixin.py:151} INFO - [2023-10-13T00:54:55.023+0000] {dagbag.py:536} INFO - Filling up the DagBag from /home/airflow/.local/lib/python3.8/site-packages/airflow/example_dags/example_local_kubernetes_executor.py
[2023-10-13T00:54:55.046+0000] {processor.py:839} INFO - DAG(s) dict_keys(['example_local_kubernetes_executor']) retrieved from /home/airflow/.local/lib/python3.8/site-packages/airflow/example_dags/example_local_kubernetes_executor.py
[2023-10-13T00:54:55.122+0000] {logging_mixin.py:151} INFO - [2023-10-13T00:54:55.121+0000] {dag.py:2941} INFO - Sync 1 DAGs
[2023-10-13T00:54:55.147+0000] {logging_mixin.py:151} INFO - [2023-10-13T00:54:55.147+0000] {dag.py:3722} INFO - Setting next_dagrun for example_local_kubernetes_executor to None, run_after=None
[2023-10-13T00:54:55.191+0000] {processor.py:179} INFO - Processing /home/airflow/.local/lib/python3.8/site-packages/airflow/example_dags/example_local_kubernetes_executor.py took 0.184 seconds
[2023-10-13T00:55:25.909+0000] {processor.py:157} INFO - Started process (PID=326) to work on /home/airflow/.local/lib/python3.8/site-packages/airflow/example_dags/example_local_kubernetes_executor.py
[2023-10-13T00:55:25.931+0000] {processor.py:829} INFO - Processing file /home/airflow/.local/lib/python3.8/site-packages/airflow/example_dags/example_local_kubernetes_executor.py for tasks to queue
[2023-10-13T00:55:25.934+0000] {logging_mixin.py:151} INFO - [2023-10-13T00:55:25.933+0000] {dagbag.py:536} INFO - Filling up the DagBag from /home/airflow/.local/lib/python3.8/site-packages/airflow/example_dags/example_local_kubernetes_executor.py
[2023-10-13T00:55:25.942+0000] {processor.py:839} INFO - DAG(s) dict_keys(['example_local_kubernetes_executor']) retrieved from /home/airflow/.local/lib/python3.8/site-packages/airflow/example_dags/example_local_kubernetes_executor.py
[2023-10-13T00:55:25.991+0000] {logging_mixin.py:151} INFO - [2023-10-13T00:55:25.991+0000] {dag.py:2941} INFO - Sync 1 DAGs
[2023-10-13T00:55:26.012+0000] {logging_mixin.py:151} INFO - [2023-10-13T00:55:26.012+0000] {dag.py:3722} INFO - Setting next_dagrun for example_local_kubernetes_executor to None, run_after=None
[2023-10-13T00:55:26.073+0000] {processor.py:179} INFO - Processing /home/airflow/.local/lib/python3.8/site-packages/airflow/example_dags/example_local_kubernetes_executor.py took 0.176 seconds
[2023-10-13T01:14:46.637+0000] {processor.py:157} INFO - Started process (PID=51) to work on /home/airflow/.local/lib/python3.8/site-packages/airflow/example_dags/example_local_kubernetes_executor.py
[2023-10-13T01:14:46.659+0000] {processor.py:829} INFO - Processing file /home/airflow/.local/lib/python3.8/site-packages/airflow/example_dags/example_local_kubernetes_executor.py for tasks to queue
[2023-10-13T01:14:46.661+0000] {logging_mixin.py:151} INFO - [2023-10-13T01:14:46.661+0000] {dagbag.py:536} INFO - Filling up the DagBag from /home/airflow/.local/lib/python3.8/site-packages/airflow/example_dags/example_local_kubernetes_executor.py
[2023-10-13T01:14:46.671+0000] {processor.py:839} INFO - DAG(s) dict_keys(['example_local_kubernetes_executor']) retrieved from /home/airflow/.local/lib/python3.8/site-packages/airflow/example_dags/example_local_kubernetes_executor.py
[2023-10-13T01:14:46.728+0000] {logging_mixin.py:151} INFO - [2023-10-13T01:14:46.728+0000] {dag.py:2941} INFO - Sync 1 DAGs
[2023-10-13T01:14:46.740+0000] {logging_mixin.py:151} INFO - [2023-10-13T01:14:46.739+0000] {dag.py:3722} INFO - Setting next_dagrun for example_local_kubernetes_executor to None, run_after=None
[2023-10-13T01:14:46.761+0000] {processor.py:179} INFO - Processing /home/airflow/.local/lib/python3.8/site-packages/airflow/example_dags/example_local_kubernetes_executor.py took 0.131 seconds
[2023-10-13T01:15:17.561+0000] {processor.py:157} INFO - Started process (PID=106) to work on /home/airflow/.local/lib/python3.8/site-packages/airflow/example_dags/example_local_kubernetes_executor.py
[2023-10-13T01:15:17.581+0000] {processor.py:829} INFO - Processing file /home/airflow/.local/lib/python3.8/site-packages/airflow/example_dags/example_local_kubernetes_executor.py for tasks to queue
[2023-10-13T01:15:17.584+0000] {logging_mixin.py:151} INFO - [2023-10-13T01:15:17.584+0000] {dagbag.py:536} INFO - Filling up the DagBag from /home/airflow/.local/lib/python3.8/site-packages/airflow/example_dags/example_local_kubernetes_executor.py
[2023-10-13T01:15:17.594+0000] {processor.py:839} INFO - DAG(s) dict_keys(['example_local_kubernetes_executor']) retrieved from /home/airflow/.local/lib/python3.8/site-packages/airflow/example_dags/example_local_kubernetes_executor.py
[2023-10-13T01:15:17.645+0000] {logging_mixin.py:151} INFO - [2023-10-13T01:15:17.644+0000] {dag.py:2941} INFO - Sync 1 DAGs
[2023-10-13T01:15:17.664+0000] {logging_mixin.py:151} INFO - [2023-10-13T01:15:17.664+0000] {dag.py:3722} INFO - Setting next_dagrun for example_local_kubernetes_executor to None, run_after=None
[2023-10-13T01:15:17.697+0000] {processor.py:179} INFO - Processing /home/airflow/.local/lib/python3.8/site-packages/airflow/example_dags/example_local_kubernetes_executor.py took 0.140 seconds
[2023-10-13T01:15:48.356+0000] {processor.py:157} INFO - Started process (PID=160) to work on /home/airflow/.local/lib/python3.8/site-packages/airflow/example_dags/example_local_kubernetes_executor.py
[2023-10-13T01:15:48.357+0000] {processor.py:829} INFO - Processing file /home/airflow/.local/lib/python3.8/site-packages/airflow/example_dags/example_local_kubernetes_executor.py for tasks to queue
[2023-10-13T01:15:48.360+0000] {logging_mixin.py:151} INFO - [2023-10-13T01:15:48.360+0000] {dagbag.py:536} INFO - Filling up the DagBag from /home/airflow/.local/lib/python3.8/site-packages/airflow/example_dags/example_local_kubernetes_executor.py
[2023-10-13T01:15:48.367+0000] {processor.py:839} INFO - DAG(s) dict_keys(['example_local_kubernetes_executor']) retrieved from /home/airflow/.local/lib/python3.8/site-packages/airflow/example_dags/example_local_kubernetes_executor.py
[2023-10-13T01:15:48.405+0000] {logging_mixin.py:151} INFO - [2023-10-13T01:15:48.405+0000] {dag.py:2941} INFO - Sync 1 DAGs
[2023-10-13T01:15:48.418+0000] {logging_mixin.py:151} INFO - [2023-10-13T01:15:48.418+0000] {dag.py:3722} INFO - Setting next_dagrun for example_local_kubernetes_executor to None, run_after=None
[2023-10-13T01:15:48.457+0000] {processor.py:179} INFO - Processing /home/airflow/.local/lib/python3.8/site-packages/airflow/example_dags/example_local_kubernetes_executor.py took 0.104 seconds
[2023-10-13T01:16:18.616+0000] {processor.py:157} INFO - Started process (PID=214) to work on /home/airflow/.local/lib/python3.8/site-packages/airflow/example_dags/example_local_kubernetes_executor.py
[2023-10-13T01:16:18.684+0000] {processor.py:829} INFO - Processing file /home/airflow/.local/lib/python3.8/site-packages/airflow/example_dags/example_local_kubernetes_executor.py for tasks to queue
[2023-10-13T01:16:18.687+0000] {logging_mixin.py:151} INFO - [2023-10-13T01:16:18.686+0000] {dagbag.py:536} INFO - Filling up the DagBag from /home/airflow/.local/lib/python3.8/site-packages/airflow/example_dags/example_local_kubernetes_executor.py
[2023-10-13T01:16:18.704+0000] {processor.py:839} INFO - DAG(s) dict_keys(['example_local_kubernetes_executor']) retrieved from /home/airflow/.local/lib/python3.8/site-packages/airflow/example_dags/example_local_kubernetes_executor.py
[2023-10-13T01:16:18.770+0000] {logging_mixin.py:151} INFO - [2023-10-13T01:16:18.770+0000] {dag.py:2941} INFO - Sync 1 DAGs
[2023-10-13T01:16:18.798+0000] {logging_mixin.py:151} INFO - [2023-10-13T01:16:18.798+0000] {dag.py:3722} INFO - Setting next_dagrun for example_local_kubernetes_executor to None, run_after=None
[2023-10-13T01:16:18.840+0000] {processor.py:179} INFO - Processing /home/airflow/.local/lib/python3.8/site-packages/airflow/example_dags/example_local_kubernetes_executor.py took 0.228 seconds
[2023-10-13T01:16:48.873+0000] {processor.py:157} INFO - Started process (PID=268) to work on /home/airflow/.local/lib/python3.8/site-packages/airflow/example_dags/example_local_kubernetes_executor.py
[2023-10-13T01:16:48.874+0000] {processor.py:829} INFO - Processing file /home/airflow/.local/lib/python3.8/site-packages/airflow/example_dags/example_local_kubernetes_executor.py for tasks to queue
[2023-10-13T01:16:48.877+0000] {logging_mixin.py:151} INFO - [2023-10-13T01:16:48.877+0000] {dagbag.py:536} INFO - Filling up the DagBag from /home/airflow/.local/lib/python3.8/site-packages/airflow/example_dags/example_local_kubernetes_executor.py
[2023-10-13T01:16:48.887+0000] {processor.py:839} INFO - DAG(s) dict_keys(['example_local_kubernetes_executor']) retrieved from /home/airflow/.local/lib/python3.8/site-packages/airflow/example_dags/example_local_kubernetes_executor.py
[2023-10-13T01:16:48.953+0000] {logging_mixin.py:151} INFO - [2023-10-13T01:16:48.952+0000] {dag.py:2941} INFO - Sync 1 DAGs
[2023-10-13T01:16:48.975+0000] {logging_mixin.py:151} INFO - [2023-10-13T01:16:48.974+0000] {dag.py:3722} INFO - Setting next_dagrun for example_local_kubernetes_executor to None, run_after=None
[2023-10-13T01:16:49.012+0000] {processor.py:179} INFO - Processing /home/airflow/.local/lib/python3.8/site-packages/airflow/example_dags/example_local_kubernetes_executor.py took 0.142 seconds
[2023-10-13T01:17:19.094+0000] {processor.py:157} INFO - Started process (PID=322) to work on /home/airflow/.local/lib/python3.8/site-packages/airflow/example_dags/example_local_kubernetes_executor.py
[2023-10-13T01:17:19.096+0000] {processor.py:829} INFO - Processing file /home/airflow/.local/lib/python3.8/site-packages/airflow/example_dags/example_local_kubernetes_executor.py for tasks to queue
[2023-10-13T01:17:19.098+0000] {logging_mixin.py:151} INFO - [2023-10-13T01:17:19.098+0000] {dagbag.py:536} INFO - Filling up the DagBag from /home/airflow/.local/lib/python3.8/site-packages/airflow/example_dags/example_local_kubernetes_executor.py
[2023-10-13T01:17:19.106+0000] {processor.py:839} INFO - DAG(s) dict_keys(['example_local_kubernetes_executor']) retrieved from /home/airflow/.local/lib/python3.8/site-packages/airflow/example_dags/example_local_kubernetes_executor.py
[2023-10-13T01:17:19.149+0000] {logging_mixin.py:151} INFO - [2023-10-13T01:17:19.149+0000] {dag.py:2941} INFO - Sync 1 DAGs
[2023-10-13T01:17:19.167+0000] {logging_mixin.py:151} INFO - [2023-10-13T01:17:19.166+0000] {dag.py:3722} INFO - Setting next_dagrun for example_local_kubernetes_executor to None, run_after=None
[2023-10-13T01:17:19.193+0000] {processor.py:179} INFO - Processing /home/airflow/.local/lib/python3.8/site-packages/airflow/example_dags/example_local_kubernetes_executor.py took 0.107 seconds
[2023-10-13T01:17:49.569+0000] {processor.py:157} INFO - Started process (PID=378) to work on /home/airflow/.local/lib/python3.8/site-packages/airflow/example_dags/example_local_kubernetes_executor.py
[2023-10-13T01:17:49.570+0000] {processor.py:829} INFO - Processing file /home/airflow/.local/lib/python3.8/site-packages/airflow/example_dags/example_local_kubernetes_executor.py for tasks to queue
[2023-10-13T01:17:49.576+0000] {logging_mixin.py:151} INFO - [2023-10-13T01:17:49.573+0000] {dagbag.py:536} INFO - Filling up the DagBag from /home/airflow/.local/lib/python3.8/site-packages/airflow/example_dags/example_local_kubernetes_executor.py
[2023-10-13T01:17:49.598+0000] {processor.py:839} INFO - DAG(s) dict_keys(['example_local_kubernetes_executor']) retrieved from /home/airflow/.local/lib/python3.8/site-packages/airflow/example_dags/example_local_kubernetes_executor.py
[2023-10-13T01:17:49.668+0000] {logging_mixin.py:151} INFO - [2023-10-13T01:17:49.668+0000] {dag.py:2941} INFO - Sync 1 DAGs
[2023-10-13T01:17:49.695+0000] {logging_mixin.py:151} INFO - [2023-10-13T01:17:49.695+0000] {dag.py:3722} INFO - Setting next_dagrun for example_local_kubernetes_executor to None, run_after=None
[2023-10-13T01:17:49.737+0000] {processor.py:179} INFO - Processing /home/airflow/.local/lib/python3.8/site-packages/airflow/example_dags/example_local_kubernetes_executor.py took 0.174 seconds
[2023-10-13T01:18:20.037+0000] {processor.py:157} INFO - Started process (PID=433) to work on /home/airflow/.local/lib/python3.8/site-packages/airflow/example_dags/example_local_kubernetes_executor.py
[2023-10-13T01:18:20.039+0000] {processor.py:829} INFO - Processing file /home/airflow/.local/lib/python3.8/site-packages/airflow/example_dags/example_local_kubernetes_executor.py for tasks to queue
[2023-10-13T01:18:20.042+0000] {logging_mixin.py:151} INFO - [2023-10-13T01:18:20.041+0000] {dagbag.py:536} INFO - Filling up the DagBag from /home/airflow/.local/lib/python3.8/site-packages/airflow/example_dags/example_local_kubernetes_executor.py
[2023-10-13T01:18:20.052+0000] {processor.py:839} INFO - DAG(s) dict_keys(['example_local_kubernetes_executor']) retrieved from /home/airflow/.local/lib/python3.8/site-packages/airflow/example_dags/example_local_kubernetes_executor.py
[2023-10-13T01:18:20.106+0000] {logging_mixin.py:151} INFO - [2023-10-13T01:18:20.106+0000] {dag.py:2941} INFO - Sync 1 DAGs
[2023-10-13T01:18:20.125+0000] {logging_mixin.py:151} INFO - [2023-10-13T01:18:20.124+0000] {dag.py:3722} INFO - Setting next_dagrun for example_local_kubernetes_executor to None, run_after=None
[2023-10-13T01:18:20.163+0000] {processor.py:179} INFO - Processing /home/airflow/.local/lib/python3.8/site-packages/airflow/example_dags/example_local_kubernetes_executor.py took 0.130 seconds
[2023-10-13T01:18:51.719+0000] {processor.py:157} INFO - Started process (PID=488) to work on /home/airflow/.local/lib/python3.8/site-packages/airflow/example_dags/example_local_kubernetes_executor.py
[2023-10-13T01:18:51.737+0000] {processor.py:829} INFO - Processing file /home/airflow/.local/lib/python3.8/site-packages/airflow/example_dags/example_local_kubernetes_executor.py for tasks to queue
[2023-10-13T01:18:51.739+0000] {logging_mixin.py:151} INFO - [2023-10-13T01:18:51.739+0000] {dagbag.py:536} INFO - Filling up the DagBag from /home/airflow/.local/lib/python3.8/site-packages/airflow/example_dags/example_local_kubernetes_executor.py
[2023-10-13T01:18:51.750+0000] {processor.py:839} INFO - DAG(s) dict_keys(['example_local_kubernetes_executor']) retrieved from /home/airflow/.local/lib/python3.8/site-packages/airflow/example_dags/example_local_kubernetes_executor.py
[2023-10-13T01:18:51.961+0000] {logging_mixin.py:151} INFO - [2023-10-13T01:18:51.961+0000] {dag.py:2941} INFO - Sync 1 DAGs
[2023-10-13T01:18:52.011+0000] {logging_mixin.py:151} INFO - [2023-10-13T01:18:52.011+0000] {dag.py:3722} INFO - Setting next_dagrun for example_local_kubernetes_executor to None, run_after=None
[2023-10-13T01:18:52.157+0000] {processor.py:179} INFO - Processing /home/airflow/.local/lib/python3.8/site-packages/airflow/example_dags/example_local_kubernetes_executor.py took 0.441 seconds
[2023-10-13T01:19:22.914+0000] {processor.py:157} INFO - Started process (PID=544) to work on /home/airflow/.local/lib/python3.8/site-packages/airflow/example_dags/example_local_kubernetes_executor.py
[2023-10-13T01:19:22.927+0000] {processor.py:829} INFO - Processing file /home/airflow/.local/lib/python3.8/site-packages/airflow/example_dags/example_local_kubernetes_executor.py for tasks to queue
[2023-10-13T01:19:22.931+0000] {logging_mixin.py:151} INFO - [2023-10-13T01:19:22.930+0000] {dagbag.py:536} INFO - Filling up the DagBag from /home/airflow/.local/lib/python3.8/site-packages/airflow/example_dags/example_local_kubernetes_executor.py
[2023-10-13T01:19:22.940+0000] {processor.py:839} INFO - DAG(s) dict_keys(['example_local_kubernetes_executor']) retrieved from /home/airflow/.local/lib/python3.8/site-packages/airflow/example_dags/example_local_kubernetes_executor.py
[2023-10-13T01:19:22.986+0000] {logging_mixin.py:151} INFO - [2023-10-13T01:19:22.985+0000] {dag.py:2941} INFO - Sync 1 DAGs
[2023-10-13T01:19:23.016+0000] {logging_mixin.py:151} INFO - [2023-10-13T01:19:23.015+0000] {dag.py:3722} INFO - Setting next_dagrun for example_local_kubernetes_executor to None, run_after=None
[2023-10-13T01:19:23.053+0000] {processor.py:179} INFO - Processing /home/airflow/.local/lib/python3.8/site-packages/airflow/example_dags/example_local_kubernetes_executor.py took 0.143 seconds
[2023-10-13T01:19:53.170+0000] {processor.py:157} INFO - Started process (PID=598) to work on /home/airflow/.local/lib/python3.8/site-packages/airflow/example_dags/example_local_kubernetes_executor.py
[2023-10-13T01:19:53.182+0000] {processor.py:829} INFO - Processing file /home/airflow/.local/lib/python3.8/site-packages/airflow/example_dags/example_local_kubernetes_executor.py for tasks to queue
[2023-10-13T01:19:53.185+0000] {logging_mixin.py:151} INFO - [2023-10-13T01:19:53.185+0000] {dagbag.py:536} INFO - Filling up the DagBag from /home/airflow/.local/lib/python3.8/site-packages/airflow/example_dags/example_local_kubernetes_executor.py
[2023-10-13T01:19:53.197+0000] {processor.py:839} INFO - DAG(s) dict_keys(['example_local_kubernetes_executor']) retrieved from /home/airflow/.local/lib/python3.8/site-packages/airflow/example_dags/example_local_kubernetes_executor.py
[2023-10-13T01:19:53.238+0000] {logging_mixin.py:151} INFO - [2023-10-13T01:19:53.238+0000] {dag.py:2941} INFO - Sync 1 DAGs
[2023-10-13T01:19:53.259+0000] {logging_mixin.py:151} INFO - [2023-10-13T01:19:53.258+0000] {dag.py:3722} INFO - Setting next_dagrun for example_local_kubernetes_executor to None, run_after=None
[2023-10-13T01:19:53.285+0000] {processor.py:179} INFO - Processing /home/airflow/.local/lib/python3.8/site-packages/airflow/example_dags/example_local_kubernetes_executor.py took 0.119 seconds
[2023-10-13T01:20:24.199+0000] {processor.py:157} INFO - Started process (PID=654) to work on /home/airflow/.local/lib/python3.8/site-packages/airflow/example_dags/example_local_kubernetes_executor.py
[2023-10-13T01:20:24.200+0000] {processor.py:829} INFO - Processing file /home/airflow/.local/lib/python3.8/site-packages/airflow/example_dags/example_local_kubernetes_executor.py for tasks to queue
[2023-10-13T01:20:24.206+0000] {logging_mixin.py:151} INFO - [2023-10-13T01:20:24.206+0000] {dagbag.py:536} INFO - Filling up the DagBag from /home/airflow/.local/lib/python3.8/site-packages/airflow/example_dags/example_local_kubernetes_executor.py
[2023-10-13T01:20:24.218+0000] {processor.py:839} INFO - DAG(s) dict_keys(['example_local_kubernetes_executor']) retrieved from /home/airflow/.local/lib/python3.8/site-packages/airflow/example_dags/example_local_kubernetes_executor.py
[2023-10-13T01:20:24.269+0000] {logging_mixin.py:151} INFO - [2023-10-13T01:20:24.269+0000] {dag.py:2941} INFO - Sync 1 DAGs
[2023-10-13T01:20:24.289+0000] {logging_mixin.py:151} INFO - [2023-10-13T01:20:24.289+0000] {dag.py:3722} INFO - Setting next_dagrun for example_local_kubernetes_executor to None, run_after=None
[2023-10-13T01:20:24.332+0000] {processor.py:179} INFO - Processing /home/airflow/.local/lib/python3.8/site-packages/airflow/example_dags/example_local_kubernetes_executor.py took 0.137 seconds
[2023-10-13T01:20:55.217+0000] {processor.py:157} INFO - Started process (PID=709) to work on /home/airflow/.local/lib/python3.8/site-packages/airflow/example_dags/example_local_kubernetes_executor.py
[2023-10-13T01:20:55.219+0000] {processor.py:829} INFO - Processing file /home/airflow/.local/lib/python3.8/site-packages/airflow/example_dags/example_local_kubernetes_executor.py for tasks to queue
[2023-10-13T01:20:55.224+0000] {logging_mixin.py:151} INFO - [2023-10-13T01:20:55.223+0000] {dagbag.py:536} INFO - Filling up the DagBag from /home/airflow/.local/lib/python3.8/site-packages/airflow/example_dags/example_local_kubernetes_executor.py
[2023-10-13T01:20:55.233+0000] {processor.py:839} INFO - DAG(s) dict_keys(['example_local_kubernetes_executor']) retrieved from /home/airflow/.local/lib/python3.8/site-packages/airflow/example_dags/example_local_kubernetes_executor.py
[2023-10-13T01:20:55.303+0000] {logging_mixin.py:151} INFO - [2023-10-13T01:20:55.303+0000] {dag.py:2941} INFO - Sync 1 DAGs
[2023-10-13T01:20:55.330+0000] {logging_mixin.py:151} INFO - [2023-10-13T01:20:55.329+0000] {dag.py:3722} INFO - Setting next_dagrun for example_local_kubernetes_executor to None, run_after=None
[2023-10-13T01:20:55.380+0000] {processor.py:179} INFO - Processing /home/airflow/.local/lib/python3.8/site-packages/airflow/example_dags/example_local_kubernetes_executor.py took 0.167 seconds
[2023-10-13T01:21:26.389+0000] {processor.py:157} INFO - Started process (PID=765) to work on /home/airflow/.local/lib/python3.8/site-packages/airflow/example_dags/example_local_kubernetes_executor.py
[2023-10-13T01:21:26.391+0000] {processor.py:829} INFO - Processing file /home/airflow/.local/lib/python3.8/site-packages/airflow/example_dags/example_local_kubernetes_executor.py for tasks to queue
[2023-10-13T01:21:26.393+0000] {logging_mixin.py:151} INFO - [2023-10-13T01:21:26.393+0000] {dagbag.py:536} INFO - Filling up the DagBag from /home/airflow/.local/lib/python3.8/site-packages/airflow/example_dags/example_local_kubernetes_executor.py
[2023-10-13T01:21:26.404+0000] {processor.py:839} INFO - DAG(s) dict_keys(['example_local_kubernetes_executor']) retrieved from /home/airflow/.local/lib/python3.8/site-packages/airflow/example_dags/example_local_kubernetes_executor.py
[2023-10-13T01:21:26.460+0000] {logging_mixin.py:151} INFO - [2023-10-13T01:21:26.459+0000] {dag.py:2941} INFO - Sync 1 DAGs
[2023-10-13T01:21:26.481+0000] {logging_mixin.py:151} INFO - [2023-10-13T01:21:26.481+0000] {dag.py:3722} INFO - Setting next_dagrun for example_local_kubernetes_executor to None, run_after=None
[2023-10-13T01:21:26.514+0000] {processor.py:179} INFO - Processing /home/airflow/.local/lib/python3.8/site-packages/airflow/example_dags/example_local_kubernetes_executor.py took 0.130 seconds
[2023-10-13T01:21:56.556+0000] {processor.py:157} INFO - Started process (PID=820) to work on /home/airflow/.local/lib/python3.8/site-packages/airflow/example_dags/example_local_kubernetes_executor.py
[2023-10-13T01:21:56.558+0000] {processor.py:829} INFO - Processing file /home/airflow/.local/lib/python3.8/site-packages/airflow/example_dags/example_local_kubernetes_executor.py for tasks to queue
[2023-10-13T01:21:56.561+0000] {logging_mixin.py:151} INFO - [2023-10-13T01:21:56.560+0000] {dagbag.py:536} INFO - Filling up the DagBag from /home/airflow/.local/lib/python3.8/site-packages/airflow/example_dags/example_local_kubernetes_executor.py
[2023-10-13T01:21:56.571+0000] {processor.py:839} INFO - DAG(s) dict_keys(['example_local_kubernetes_executor']) retrieved from /home/airflow/.local/lib/python3.8/site-packages/airflow/example_dags/example_local_kubernetes_executor.py
[2023-10-13T01:21:56.614+0000] {logging_mixin.py:151} INFO - [2023-10-13T01:21:56.614+0000] {dag.py:2941} INFO - Sync 1 DAGs
[2023-10-13T01:21:56.631+0000] {logging_mixin.py:151} INFO - [2023-10-13T01:21:56.631+0000] {dag.py:3722} INFO - Setting next_dagrun for example_local_kubernetes_executor to None, run_after=None
[2023-10-13T01:21:56.667+0000] {processor.py:179} INFO - Processing /home/airflow/.local/lib/python3.8/site-packages/airflow/example_dags/example_local_kubernetes_executor.py took 0.114 seconds
[2023-10-13T01:24:41.337+0000] {processor.py:157} INFO - Started process (PID=52) to work on /home/airflow/.local/lib/python3.8/site-packages/airflow/example_dags/example_local_kubernetes_executor.py
[2023-10-13T01:24:41.354+0000] {processor.py:829} INFO - Processing file /home/airflow/.local/lib/python3.8/site-packages/airflow/example_dags/example_local_kubernetes_executor.py for tasks to queue
[2023-10-13T01:24:41.357+0000] {logging_mixin.py:151} INFO - [2023-10-13T01:24:41.357+0000] {dagbag.py:536} INFO - Filling up the DagBag from /home/airflow/.local/lib/python3.8/site-packages/airflow/example_dags/example_local_kubernetes_executor.py
[2023-10-13T01:24:41.382+0000] {processor.py:839} INFO - DAG(s) dict_keys(['example_local_kubernetes_executor']) retrieved from /home/airflow/.local/lib/python3.8/site-packages/airflow/example_dags/example_local_kubernetes_executor.py
[2023-10-13T01:24:41.555+0000] {logging_mixin.py:151} INFO - [2023-10-13T01:24:41.555+0000] {dag.py:2941} INFO - Sync 1 DAGs
[2023-10-13T01:24:41.604+0000] {logging_mixin.py:151} INFO - [2023-10-13T01:24:41.592+0000] {dag.py:3722} INFO - Setting next_dagrun for example_local_kubernetes_executor to None, run_after=None
[2023-10-13T01:24:41.661+0000] {processor.py:179} INFO - Processing /home/airflow/.local/lib/python3.8/site-packages/airflow/example_dags/example_local_kubernetes_executor.py took 0.337 seconds
[2023-10-13T01:25:12.041+0000] {processor.py:157} INFO - Started process (PID=107) to work on /home/airflow/.local/lib/python3.8/site-packages/airflow/example_dags/example_local_kubernetes_executor.py
[2023-10-13T01:25:12.065+0000] {processor.py:829} INFO - Processing file /home/airflow/.local/lib/python3.8/site-packages/airflow/example_dags/example_local_kubernetes_executor.py for tasks to queue
[2023-10-13T01:25:12.067+0000] {logging_mixin.py:151} INFO - [2023-10-13T01:25:12.067+0000] {dagbag.py:536} INFO - Filling up the DagBag from /home/airflow/.local/lib/python3.8/site-packages/airflow/example_dags/example_local_kubernetes_executor.py
[2023-10-13T01:25:12.078+0000] {processor.py:839} INFO - DAG(s) dict_keys(['example_local_kubernetes_executor']) retrieved from /home/airflow/.local/lib/python3.8/site-packages/airflow/example_dags/example_local_kubernetes_executor.py
[2023-10-13T01:25:12.123+0000] {logging_mixin.py:151} INFO - [2023-10-13T01:25:12.123+0000] {dag.py:2941} INFO - Sync 1 DAGs
[2023-10-13T01:25:12.140+0000] {logging_mixin.py:151} INFO - [2023-10-13T01:25:12.139+0000] {dag.py:3722} INFO - Setting next_dagrun for example_local_kubernetes_executor to None, run_after=None
[2023-10-13T01:25:12.218+0000] {processor.py:179} INFO - Processing /home/airflow/.local/lib/python3.8/site-packages/airflow/example_dags/example_local_kubernetes_executor.py took 0.181 seconds
[2023-10-13T01:25:42.313+0000] {processor.py:157} INFO - Started process (PID=162) to work on /home/airflow/.local/lib/python3.8/site-packages/airflow/example_dags/example_local_kubernetes_executor.py
[2023-10-13T01:25:42.314+0000] {processor.py:829} INFO - Processing file /home/airflow/.local/lib/python3.8/site-packages/airflow/example_dags/example_local_kubernetes_executor.py for tasks to queue
[2023-10-13T01:25:42.316+0000] {logging_mixin.py:151} INFO - [2023-10-13T01:25:42.316+0000] {dagbag.py:536} INFO - Filling up the DagBag from /home/airflow/.local/lib/python3.8/site-packages/airflow/example_dags/example_local_kubernetes_executor.py
[2023-10-13T01:25:42.326+0000] {processor.py:839} INFO - DAG(s) dict_keys(['example_local_kubernetes_executor']) retrieved from /home/airflow/.local/lib/python3.8/site-packages/airflow/example_dags/example_local_kubernetes_executor.py
[2023-10-13T01:25:42.377+0000] {logging_mixin.py:151} INFO - [2023-10-13T01:25:42.376+0000] {dag.py:2941} INFO - Sync 1 DAGs
[2023-10-13T01:25:42.396+0000] {logging_mixin.py:151} INFO - [2023-10-13T01:25:42.396+0000] {dag.py:3722} INFO - Setting next_dagrun for example_local_kubernetes_executor to None, run_after=None
[2023-10-13T01:25:42.445+0000] {processor.py:179} INFO - Processing /home/airflow/.local/lib/python3.8/site-packages/airflow/example_dags/example_local_kubernetes_executor.py took 0.136 seconds
[2023-10-13T01:26:12.658+0000] {processor.py:157} INFO - Started process (PID=216) to work on /home/airflow/.local/lib/python3.8/site-packages/airflow/example_dags/example_local_kubernetes_executor.py
[2023-10-13T01:26:12.659+0000] {processor.py:829} INFO - Processing file /home/airflow/.local/lib/python3.8/site-packages/airflow/example_dags/example_local_kubernetes_executor.py for tasks to queue
[2023-10-13T01:26:12.661+0000] {logging_mixin.py:151} INFO - [2023-10-13T01:26:12.661+0000] {dagbag.py:536} INFO - Filling up the DagBag from /home/airflow/.local/lib/python3.8/site-packages/airflow/example_dags/example_local_kubernetes_executor.py
[2023-10-13T01:26:12.671+0000] {processor.py:839} INFO - DAG(s) dict_keys(['example_local_kubernetes_executor']) retrieved from /home/airflow/.local/lib/python3.8/site-packages/airflow/example_dags/example_local_kubernetes_executor.py
[2023-10-13T01:26:12.714+0000] {logging_mixin.py:151} INFO - [2023-10-13T01:26:12.714+0000] {dag.py:2941} INFO - Sync 1 DAGs
[2023-10-13T01:26:12.739+0000] {logging_mixin.py:151} INFO - [2023-10-13T01:26:12.739+0000] {dag.py:3722} INFO - Setting next_dagrun for example_local_kubernetes_executor to None, run_after=None
[2023-10-13T01:26:12.786+0000] {processor.py:179} INFO - Processing /home/airflow/.local/lib/python3.8/site-packages/airflow/example_dags/example_local_kubernetes_executor.py took 0.132 seconds
[2023-10-13T01:26:43.469+0000] {processor.py:157} INFO - Started process (PID=271) to work on /home/airflow/.local/lib/python3.8/site-packages/airflow/example_dags/example_local_kubernetes_executor.py
[2023-10-13T01:26:43.470+0000] {processor.py:829} INFO - Processing file /home/airflow/.local/lib/python3.8/site-packages/airflow/example_dags/example_local_kubernetes_executor.py for tasks to queue
[2023-10-13T01:26:43.472+0000] {logging_mixin.py:151} INFO - [2023-10-13T01:26:43.472+0000] {dagbag.py:536} INFO - Filling up the DagBag from /home/airflow/.local/lib/python3.8/site-packages/airflow/example_dags/example_local_kubernetes_executor.py
[2023-10-13T01:26:43.481+0000] {processor.py:839} INFO - DAG(s) dict_keys(['example_local_kubernetes_executor']) retrieved from /home/airflow/.local/lib/python3.8/site-packages/airflow/example_dags/example_local_kubernetes_executor.py
[2023-10-13T01:26:43.531+0000] {logging_mixin.py:151} INFO - [2023-10-13T01:26:43.531+0000] {dag.py:2941} INFO - Sync 1 DAGs
[2023-10-13T01:26:43.546+0000] {logging_mixin.py:151} INFO - [2023-10-13T01:26:43.545+0000] {dag.py:3722} INFO - Setting next_dagrun for example_local_kubernetes_executor to None, run_after=None
[2023-10-13T01:26:43.599+0000] {processor.py:179} INFO - Processing /home/airflow/.local/lib/python3.8/site-packages/airflow/example_dags/example_local_kubernetes_executor.py took 0.134 seconds
[2023-10-13T01:27:14.584+0000] {processor.py:157} INFO - Started process (PID=326) to work on /home/airflow/.local/lib/python3.8/site-packages/airflow/example_dags/example_local_kubernetes_executor.py
[2023-10-13T01:27:14.585+0000] {processor.py:829} INFO - Processing file /home/airflow/.local/lib/python3.8/site-packages/airflow/example_dags/example_local_kubernetes_executor.py for tasks to queue
[2023-10-13T01:27:14.587+0000] {logging_mixin.py:151} INFO - [2023-10-13T01:27:14.587+0000] {dagbag.py:536} INFO - Filling up the DagBag from /home/airflow/.local/lib/python3.8/site-packages/airflow/example_dags/example_local_kubernetes_executor.py
[2023-10-13T01:27:14.596+0000] {processor.py:839} INFO - DAG(s) dict_keys(['example_local_kubernetes_executor']) retrieved from /home/airflow/.local/lib/python3.8/site-packages/airflow/example_dags/example_local_kubernetes_executor.py
[2023-10-13T01:27:14.643+0000] {logging_mixin.py:151} INFO - [2023-10-13T01:27:14.643+0000] {dag.py:2941} INFO - Sync 1 DAGs
[2023-10-13T01:27:14.659+0000] {logging_mixin.py:151} INFO - [2023-10-13T01:27:14.659+0000] {dag.py:3722} INFO - Setting next_dagrun for example_local_kubernetes_executor to None, run_after=None
[2023-10-13T01:27:14.699+0000] {processor.py:179} INFO - Processing /home/airflow/.local/lib/python3.8/site-packages/airflow/example_dags/example_local_kubernetes_executor.py took 0.119 seconds
[2023-10-13T01:27:45.371+0000] {processor.py:157} INFO - Started process (PID=381) to work on /home/airflow/.local/lib/python3.8/site-packages/airflow/example_dags/example_local_kubernetes_executor.py
[2023-10-13T01:27:45.372+0000] {processor.py:829} INFO - Processing file /home/airflow/.local/lib/python3.8/site-packages/airflow/example_dags/example_local_kubernetes_executor.py for tasks to queue
[2023-10-13T01:27:45.379+0000] {logging_mixin.py:151} INFO - [2023-10-13T01:27:45.378+0000] {dagbag.py:536} INFO - Filling up the DagBag from /home/airflow/.local/lib/python3.8/site-packages/airflow/example_dags/example_local_kubernetes_executor.py
[2023-10-13T01:27:45.401+0000] {processor.py:839} INFO - DAG(s) dict_keys(['example_local_kubernetes_executor']) retrieved from /home/airflow/.local/lib/python3.8/site-packages/airflow/example_dags/example_local_kubernetes_executor.py
[2023-10-13T01:27:45.501+0000] {logging_mixin.py:151} INFO - [2023-10-13T01:27:45.501+0000] {dag.py:2941} INFO - Sync 1 DAGs
[2023-10-13T01:27:45.539+0000] {logging_mixin.py:151} INFO - [2023-10-13T01:27:45.538+0000] {dag.py:3722} INFO - Setting next_dagrun for example_local_kubernetes_executor to None, run_after=None
[2023-10-13T01:27:45.607+0000] {processor.py:179} INFO - Processing /home/airflow/.local/lib/python3.8/site-packages/airflow/example_dags/example_local_kubernetes_executor.py took 0.245 seconds
