[2023-10-13T00:52:48.644+0000] {processor.py:157} INFO - Started process (PID=42) to work on /home/airflow/.local/lib/python3.8/site-packages/airflow/example_dags/example_branch_operator.py
[2023-10-13T00:52:48.645+0000] {processor.py:829} INFO - Processing file /home/airflow/.local/lib/python3.8/site-packages/airflow/example_dags/example_branch_operator.py for tasks to queue
[2023-10-13T00:52:48.653+0000] {logging_mixin.py:151} INFO - [2023-10-13T00:52:48.653+0000] {dagbag.py:536} INFO - Filling up the DagBag from /home/airflow/.local/lib/python3.8/site-packages/airflow/example_dags/example_branch_operator.py
[2023-10-13T00:52:48.692+0000] {processor.py:839} INFO - DAG(s) dict_keys(['example_branch_operator']) retrieved from /home/airflow/.local/lib/python3.8/site-packages/airflow/example_dags/example_branch_operator.py
[2023-10-13T00:52:48.793+0000] {logging_mixin.py:151} INFO - [2023-10-13T00:52:48.793+0000] {dag.py:2941} INFO - Sync 1 DAGs
[2023-10-13T00:52:48.834+0000] {logging_mixin.py:151} INFO - [2023-10-13T00:52:48.833+0000] {dag.py:3722} INFO - Setting next_dagrun for example_branch_operator to 2023-10-12T00:00:00+00:00, run_after=2023-10-13T00:00:00+00:00
[2023-10-13T00:52:48.983+0000] {processor.py:179} INFO - Processing /home/airflow/.local/lib/python3.8/site-packages/airflow/example_dags/example_branch_operator.py took 0.353 seconds
[2023-10-13T00:53:19.169+0000] {processor.py:157} INFO - Started process (PID=95) to work on /home/airflow/.local/lib/python3.8/site-packages/airflow/example_dags/example_branch_operator.py
[2023-10-13T00:53:19.170+0000] {processor.py:829} INFO - Processing file /home/airflow/.local/lib/python3.8/site-packages/airflow/example_dags/example_branch_operator.py for tasks to queue
[2023-10-13T00:53:19.172+0000] {logging_mixin.py:151} INFO - [2023-10-13T00:53:19.172+0000] {dagbag.py:536} INFO - Filling up the DagBag from /home/airflow/.local/lib/python3.8/site-packages/airflow/example_dags/example_branch_operator.py
[2023-10-13T00:53:19.183+0000] {processor.py:839} INFO - DAG(s) dict_keys(['example_branch_operator']) retrieved from /home/airflow/.local/lib/python3.8/site-packages/airflow/example_dags/example_branch_operator.py
[2023-10-13T00:53:19.206+0000] {logging_mixin.py:151} INFO - [2023-10-13T00:53:19.206+0000] {dag.py:2941} INFO - Sync 1 DAGs
[2023-10-13T00:53:19.236+0000] {logging_mixin.py:151} INFO - [2023-10-13T00:53:19.236+0000] {dag.py:3722} INFO - Setting next_dagrun for example_branch_operator to 2023-10-12T00:00:00+00:00, run_after=2023-10-13T00:00:00+00:00
[2023-10-13T00:53:19.260+0000] {processor.py:179} INFO - Processing /home/airflow/.local/lib/python3.8/site-packages/airflow/example_dags/example_branch_operator.py took 0.095 seconds
[2023-10-13T00:53:49.733+0000] {processor.py:157} INFO - Started process (PID=148) to work on /home/airflow/.local/lib/python3.8/site-packages/airflow/example_dags/example_branch_operator.py
[2023-10-13T00:53:49.741+0000] {processor.py:829} INFO - Processing file /home/airflow/.local/lib/python3.8/site-packages/airflow/example_dags/example_branch_operator.py for tasks to queue
[2023-10-13T00:53:49.744+0000] {logging_mixin.py:151} INFO - [2023-10-13T00:53:49.744+0000] {dagbag.py:536} INFO - Filling up the DagBag from /home/airflow/.local/lib/python3.8/site-packages/airflow/example_dags/example_branch_operator.py
[2023-10-13T00:53:49.762+0000] {processor.py:839} INFO - DAG(s) dict_keys(['example_branch_operator']) retrieved from /home/airflow/.local/lib/python3.8/site-packages/airflow/example_dags/example_branch_operator.py
[2023-10-13T00:53:49.796+0000] {logging_mixin.py:151} INFO - [2023-10-13T00:53:49.795+0000] {dag.py:2941} INFO - Sync 1 DAGs
[2023-10-13T00:53:49.823+0000] {logging_mixin.py:151} INFO - [2023-10-13T00:53:49.823+0000] {dag.py:3722} INFO - Setting next_dagrun for example_branch_operator to 2023-10-12T00:00:00+00:00, run_after=2023-10-13T00:00:00+00:00
[2023-10-13T00:53:49.892+0000] {processor.py:179} INFO - Processing /home/airflow/.local/lib/python3.8/site-packages/airflow/example_dags/example_branch_operator.py took 0.164 seconds
[2023-10-13T00:54:20.577+0000] {processor.py:157} INFO - Started process (PID=203) to work on /home/airflow/.local/lib/python3.8/site-packages/airflow/example_dags/example_branch_operator.py
[2023-10-13T00:54:20.579+0000] {processor.py:829} INFO - Processing file /home/airflow/.local/lib/python3.8/site-packages/airflow/example_dags/example_branch_operator.py for tasks to queue
[2023-10-13T00:54:20.586+0000] {logging_mixin.py:151} INFO - [2023-10-13T00:54:20.584+0000] {dagbag.py:536} INFO - Filling up the DagBag from /home/airflow/.local/lib/python3.8/site-packages/airflow/example_dags/example_branch_operator.py
[2023-10-13T00:54:20.607+0000] {processor.py:839} INFO - DAG(s) dict_keys(['example_branch_operator']) retrieved from /home/airflow/.local/lib/python3.8/site-packages/airflow/example_dags/example_branch_operator.py
[2023-10-13T00:54:20.660+0000] {logging_mixin.py:151} INFO - [2023-10-13T00:54:20.659+0000] {dag.py:2941} INFO - Sync 1 DAGs
[2023-10-13T00:54:20.713+0000] {logging_mixin.py:151} INFO - [2023-10-13T00:54:20.713+0000] {dag.py:3722} INFO - Setting next_dagrun for example_branch_operator to 2023-10-12T00:00:00+00:00, run_after=2023-10-13T00:00:00+00:00
[2023-10-13T00:54:20.772+0000] {processor.py:179} INFO - Processing /home/airflow/.local/lib/python3.8/site-packages/airflow/example_dags/example_branch_operator.py took 0.205 seconds
[2023-10-13T00:54:50.840+0000] {processor.py:157} INFO - Started process (PID=257) to work on /home/airflow/.local/lib/python3.8/site-packages/airflow/example_dags/example_branch_operator.py
[2023-10-13T00:54:50.842+0000] {processor.py:829} INFO - Processing file /home/airflow/.local/lib/python3.8/site-packages/airflow/example_dags/example_branch_operator.py for tasks to queue
[2023-10-13T00:54:50.850+0000] {logging_mixin.py:151} INFO - [2023-10-13T00:54:50.849+0000] {dagbag.py:536} INFO - Filling up the DagBag from /home/airflow/.local/lib/python3.8/site-packages/airflow/example_dags/example_branch_operator.py
[2023-10-13T00:54:50.873+0000] {processor.py:839} INFO - DAG(s) dict_keys(['example_branch_operator']) retrieved from /home/airflow/.local/lib/python3.8/site-packages/airflow/example_dags/example_branch_operator.py
[2023-10-13T00:54:50.938+0000] {logging_mixin.py:151} INFO - [2023-10-13T00:54:50.937+0000] {dag.py:2941} INFO - Sync 1 DAGs
[2023-10-13T00:54:51.027+0000] {logging_mixin.py:151} INFO - [2023-10-13T00:54:51.026+0000] {dag.py:3722} INFO - Setting next_dagrun for example_branch_operator to 2023-10-12T00:00:00+00:00, run_after=2023-10-13T00:00:00+00:00
[2023-10-13T00:54:51.091+0000] {processor.py:179} INFO - Processing /home/airflow/.local/lib/python3.8/site-packages/airflow/example_dags/example_branch_operator.py took 0.265 seconds
[2023-10-13T00:55:21.961+0000] {processor.py:157} INFO - Started process (PID=318) to work on /home/airflow/.local/lib/python3.8/site-packages/airflow/example_dags/example_branch_operator.py
[2023-10-13T00:55:21.984+0000] {processor.py:829} INFO - Processing file /home/airflow/.local/lib/python3.8/site-packages/airflow/example_dags/example_branch_operator.py for tasks to queue
[2023-10-13T00:55:21.987+0000] {logging_mixin.py:151} INFO - [2023-10-13T00:55:21.986+0000] {dagbag.py:536} INFO - Filling up the DagBag from /home/airflow/.local/lib/python3.8/site-packages/airflow/example_dags/example_branch_operator.py
[2023-10-13T00:55:22.005+0000] {processor.py:839} INFO - DAG(s) dict_keys(['example_branch_operator']) retrieved from /home/airflow/.local/lib/python3.8/site-packages/airflow/example_dags/example_branch_operator.py
[2023-10-13T00:55:22.046+0000] {logging_mixin.py:151} INFO - [2023-10-13T00:55:22.046+0000] {dag.py:2941} INFO - Sync 1 DAGs
[2023-10-13T00:55:22.100+0000] {logging_mixin.py:151} INFO - [2023-10-13T00:55:22.099+0000] {dag.py:3722} INFO - Setting next_dagrun for example_branch_operator to 2023-10-12T00:00:00+00:00, run_after=2023-10-13T00:00:00+00:00
[2023-10-13T00:55:22.141+0000] {processor.py:179} INFO - Processing /home/airflow/.local/lib/python3.8/site-packages/airflow/example_dags/example_branch_operator.py took 0.184 seconds
[2023-10-13T01:14:45.030+0000] {processor.py:157} INFO - Started process (PID=42) to work on /home/airflow/.local/lib/python3.8/site-packages/airflow/example_dags/example_branch_operator.py
[2023-10-13T01:14:45.058+0000] {processor.py:829} INFO - Processing file /home/airflow/.local/lib/python3.8/site-packages/airflow/example_dags/example_branch_operator.py for tasks to queue
[2023-10-13T01:14:45.061+0000] {logging_mixin.py:151} INFO - [2023-10-13T01:14:45.060+0000] {dagbag.py:536} INFO - Filling up the DagBag from /home/airflow/.local/lib/python3.8/site-packages/airflow/example_dags/example_branch_operator.py
[2023-10-13T01:14:45.102+0000] {processor.py:839} INFO - DAG(s) dict_keys(['example_branch_operator']) retrieved from /home/airflow/.local/lib/python3.8/site-packages/airflow/example_dags/example_branch_operator.py
[2023-10-13T01:14:45.174+0000] {logging_mixin.py:151} INFO - [2023-10-13T01:14:45.174+0000] {dag.py:2941} INFO - Sync 1 DAGs
[2023-10-13T01:14:45.251+0000] {logging_mixin.py:151} INFO - [2023-10-13T01:14:45.251+0000] {dag.py:3722} INFO - Setting next_dagrun for example_branch_operator to 2023-10-12T00:00:00+00:00, run_after=2023-10-13T00:00:00+00:00
[2023-10-13T01:14:45.316+0000] {processor.py:179} INFO - Processing /home/airflow/.local/lib/python3.8/site-packages/airflow/example_dags/example_branch_operator.py took 0.297 seconds
[2023-10-13T01:15:15.762+0000] {processor.py:157} INFO - Started process (PID=97) to work on /home/airflow/.local/lib/python3.8/site-packages/airflow/example_dags/example_branch_operator.py
[2023-10-13T01:15:15.784+0000] {processor.py:829} INFO - Processing file /home/airflow/.local/lib/python3.8/site-packages/airflow/example_dags/example_branch_operator.py for tasks to queue
[2023-10-13T01:15:15.786+0000] {logging_mixin.py:151} INFO - [2023-10-13T01:15:15.786+0000] {dagbag.py:536} INFO - Filling up the DagBag from /home/airflow/.local/lib/python3.8/site-packages/airflow/example_dags/example_branch_operator.py
[2023-10-13T01:15:15.798+0000] {processor.py:839} INFO - DAG(s) dict_keys(['example_branch_operator']) retrieved from /home/airflow/.local/lib/python3.8/site-packages/airflow/example_dags/example_branch_operator.py
[2023-10-13T01:15:15.827+0000] {logging_mixin.py:151} INFO - [2023-10-13T01:15:15.826+0000] {dag.py:2941} INFO - Sync 1 DAGs
[2023-10-13T01:15:15.863+0000] {logging_mixin.py:151} INFO - [2023-10-13T01:15:15.863+0000] {dag.py:3722} INFO - Setting next_dagrun for example_branch_operator to 2023-10-12T00:00:00+00:00, run_after=2023-10-13T00:00:00+00:00
[2023-10-13T01:15:15.917+0000] {processor.py:179} INFO - Processing /home/airflow/.local/lib/python3.8/site-packages/airflow/example_dags/example_branch_operator.py took 0.160 seconds
[2023-10-13T01:15:46.534+0000] {processor.py:157} INFO - Started process (PID=151) to work on /home/airflow/.local/lib/python3.8/site-packages/airflow/example_dags/example_branch_operator.py
[2023-10-13T01:15:46.540+0000] {processor.py:829} INFO - Processing file /home/airflow/.local/lib/python3.8/site-packages/airflow/example_dags/example_branch_operator.py for tasks to queue
[2023-10-13T01:15:46.543+0000] {logging_mixin.py:151} INFO - [2023-10-13T01:15:46.542+0000] {dagbag.py:536} INFO - Filling up the DagBag from /home/airflow/.local/lib/python3.8/site-packages/airflow/example_dags/example_branch_operator.py
[2023-10-13T01:15:46.556+0000] {processor.py:839} INFO - DAG(s) dict_keys(['example_branch_operator']) retrieved from /home/airflow/.local/lib/python3.8/site-packages/airflow/example_dags/example_branch_operator.py
[2023-10-13T01:15:46.586+0000] {logging_mixin.py:151} INFO - [2023-10-13T01:15:46.586+0000] {dag.py:2941} INFO - Sync 1 DAGs
[2023-10-13T01:15:46.618+0000] {logging_mixin.py:151} INFO - [2023-10-13T01:15:46.617+0000] {dag.py:3722} INFO - Setting next_dagrun for example_branch_operator to 2023-10-12T00:00:00+00:00, run_after=2023-10-13T00:00:00+00:00
[2023-10-13T01:15:46.667+0000] {processor.py:179} INFO - Processing /home/airflow/.local/lib/python3.8/site-packages/airflow/example_dags/example_branch_operator.py took 0.137 seconds
[2023-10-13T01:16:16.707+0000] {processor.py:157} INFO - Started process (PID=205) to work on /home/airflow/.local/lib/python3.8/site-packages/airflow/example_dags/example_branch_operator.py
[2023-10-13T01:16:16.708+0000] {processor.py:829} INFO - Processing file /home/airflow/.local/lib/python3.8/site-packages/airflow/example_dags/example_branch_operator.py for tasks to queue
[2023-10-13T01:16:16.710+0000] {logging_mixin.py:151} INFO - [2023-10-13T01:16:16.710+0000] {dagbag.py:536} INFO - Filling up the DagBag from /home/airflow/.local/lib/python3.8/site-packages/airflow/example_dags/example_branch_operator.py
[2023-10-13T01:16:16.723+0000] {processor.py:839} INFO - DAG(s) dict_keys(['example_branch_operator']) retrieved from /home/airflow/.local/lib/python3.8/site-packages/airflow/example_dags/example_branch_operator.py
[2023-10-13T01:16:16.752+0000] {logging_mixin.py:151} INFO - [2023-10-13T01:16:16.752+0000] {dag.py:2941} INFO - Sync 1 DAGs
[2023-10-13T01:16:16.779+0000] {logging_mixin.py:151} INFO - [2023-10-13T01:16:16.779+0000] {dag.py:3722} INFO - Setting next_dagrun for example_branch_operator to 2023-10-12T00:00:00+00:00, run_after=2023-10-13T00:00:00+00:00
[2023-10-13T01:16:16.850+0000] {processor.py:179} INFO - Processing /home/airflow/.local/lib/python3.8/site-packages/airflow/example_dags/example_branch_operator.py took 0.149 seconds
[2023-10-13T01:16:46.964+0000] {processor.py:157} INFO - Started process (PID=260) to work on /home/airflow/.local/lib/python3.8/site-packages/airflow/example_dags/example_branch_operator.py
[2023-10-13T01:16:46.983+0000] {processor.py:829} INFO - Processing file /home/airflow/.local/lib/python3.8/site-packages/airflow/example_dags/example_branch_operator.py for tasks to queue
[2023-10-13T01:16:46.986+0000] {logging_mixin.py:151} INFO - [2023-10-13T01:16:46.986+0000] {dagbag.py:536} INFO - Filling up the DagBag from /home/airflow/.local/lib/python3.8/site-packages/airflow/example_dags/example_branch_operator.py
[2023-10-13T01:16:46.999+0000] {processor.py:839} INFO - DAG(s) dict_keys(['example_branch_operator']) retrieved from /home/airflow/.local/lib/python3.8/site-packages/airflow/example_dags/example_branch_operator.py
[2023-10-13T01:16:47.031+0000] {logging_mixin.py:151} INFO - [2023-10-13T01:16:47.031+0000] {dag.py:2941} INFO - Sync 1 DAGs
[2023-10-13T01:16:47.057+0000] {logging_mixin.py:151} INFO - [2023-10-13T01:16:47.056+0000] {dag.py:3722} INFO - Setting next_dagrun for example_branch_operator to 2023-10-12T00:00:00+00:00, run_after=2023-10-13T00:00:00+00:00
[2023-10-13T01:16:47.095+0000] {processor.py:179} INFO - Processing /home/airflow/.local/lib/python3.8/site-packages/airflow/example_dags/example_branch_operator.py took 0.135 seconds
[2023-10-13T01:17:17.335+0000] {processor.py:157} INFO - Started process (PID=314) to work on /home/airflow/.local/lib/python3.8/site-packages/airflow/example_dags/example_branch_operator.py
[2023-10-13T01:17:17.336+0000] {processor.py:829} INFO - Processing file /home/airflow/.local/lib/python3.8/site-packages/airflow/example_dags/example_branch_operator.py for tasks to queue
[2023-10-13T01:17:17.338+0000] {logging_mixin.py:151} INFO - [2023-10-13T01:17:17.338+0000] {dagbag.py:536} INFO - Filling up the DagBag from /home/airflow/.local/lib/python3.8/site-packages/airflow/example_dags/example_branch_operator.py
[2023-10-13T01:17:17.352+0000] {processor.py:839} INFO - DAG(s) dict_keys(['example_branch_operator']) retrieved from /home/airflow/.local/lib/python3.8/site-packages/airflow/example_dags/example_branch_operator.py
[2023-10-13T01:17:17.382+0000] {logging_mixin.py:151} INFO - [2023-10-13T01:17:17.382+0000] {dag.py:2941} INFO - Sync 1 DAGs
[2023-10-13T01:17:17.419+0000] {logging_mixin.py:151} INFO - [2023-10-13T01:17:17.418+0000] {dag.py:3722} INFO - Setting next_dagrun for example_branch_operator to 2023-10-12T00:00:00+00:00, run_after=2023-10-13T00:00:00+00:00
[2023-10-13T01:17:17.460+0000] {processor.py:179} INFO - Processing /home/airflow/.local/lib/python3.8/site-packages/airflow/example_dags/example_branch_operator.py took 0.130 seconds
[2023-10-13T01:17:47.937+0000] {processor.py:157} INFO - Started process (PID=370) to work on /home/airflow/.local/lib/python3.8/site-packages/airflow/example_dags/example_branch_operator.py
[2023-10-13T01:17:47.956+0000] {processor.py:829} INFO - Processing file /home/airflow/.local/lib/python3.8/site-packages/airflow/example_dags/example_branch_operator.py for tasks to queue
[2023-10-13T01:17:47.959+0000] {logging_mixin.py:151} INFO - [2023-10-13T01:17:47.959+0000] {dagbag.py:536} INFO - Filling up the DagBag from /home/airflow/.local/lib/python3.8/site-packages/airflow/example_dags/example_branch_operator.py
[2023-10-13T01:17:47.969+0000] {processor.py:839} INFO - DAG(s) dict_keys(['example_branch_operator']) retrieved from /home/airflow/.local/lib/python3.8/site-packages/airflow/example_dags/example_branch_operator.py
[2023-10-13T01:17:47.995+0000] {logging_mixin.py:151} INFO - [2023-10-13T01:17:47.995+0000] {dag.py:2941} INFO - Sync 1 DAGs
[2023-10-13T01:17:48.019+0000] {logging_mixin.py:151} INFO - [2023-10-13T01:17:48.019+0000] {dag.py:3722} INFO - Setting next_dagrun for example_branch_operator to 2023-10-12T00:00:00+00:00, run_after=2023-10-13T00:00:00+00:00
[2023-10-13T01:17:48.074+0000] {processor.py:179} INFO - Processing /home/airflow/.local/lib/python3.8/site-packages/airflow/example_dags/example_branch_operator.py took 0.141 seconds
[2023-10-13T01:18:19.098+0000] {processor.py:157} INFO - Started process (PID=425) to work on /home/airflow/.local/lib/python3.8/site-packages/airflow/example_dags/example_branch_operator.py
[2023-10-13T01:18:19.099+0000] {processor.py:829} INFO - Processing file /home/airflow/.local/lib/python3.8/site-packages/airflow/example_dags/example_branch_operator.py for tasks to queue
[2023-10-13T01:18:19.103+0000] {logging_mixin.py:151} INFO - [2023-10-13T01:18:19.103+0000] {dagbag.py:536} INFO - Filling up the DagBag from /home/airflow/.local/lib/python3.8/site-packages/airflow/example_dags/example_branch_operator.py
[2023-10-13T01:18:19.120+0000] {processor.py:839} INFO - DAG(s) dict_keys(['example_branch_operator']) retrieved from /home/airflow/.local/lib/python3.8/site-packages/airflow/example_dags/example_branch_operator.py
[2023-10-13T01:18:19.156+0000] {logging_mixin.py:151} INFO - [2023-10-13T01:18:19.156+0000] {dag.py:2941} INFO - Sync 1 DAGs
[2023-10-13T01:18:19.193+0000] {logging_mixin.py:151} INFO - [2023-10-13T01:18:19.193+0000] {dag.py:3722} INFO - Setting next_dagrun for example_branch_operator to 2023-10-12T00:00:00+00:00, run_after=2023-10-13T00:00:00+00:00
[2023-10-13T01:18:19.236+0000] {processor.py:179} INFO - Processing /home/airflow/.local/lib/python3.8/site-packages/airflow/example_dags/example_branch_operator.py took 0.142 seconds
[2023-10-13T01:18:50.580+0000] {processor.py:157} INFO - Started process (PID=480) to work on /home/airflow/.local/lib/python3.8/site-packages/airflow/example_dags/example_branch_operator.py
[2023-10-13T01:18:50.600+0000] {processor.py:829} INFO - Processing file /home/airflow/.local/lib/python3.8/site-packages/airflow/example_dags/example_branch_operator.py for tasks to queue
[2023-10-13T01:18:50.603+0000] {logging_mixin.py:151} INFO - [2023-10-13T01:18:50.602+0000] {dagbag.py:536} INFO - Filling up the DagBag from /home/airflow/.local/lib/python3.8/site-packages/airflow/example_dags/example_branch_operator.py
[2023-10-13T01:18:50.619+0000] {processor.py:839} INFO - DAG(s) dict_keys(['example_branch_operator']) retrieved from /home/airflow/.local/lib/python3.8/site-packages/airflow/example_dags/example_branch_operator.py
[2023-10-13T01:18:50.659+0000] {logging_mixin.py:151} INFO - [2023-10-13T01:18:50.658+0000] {dag.py:2941} INFO - Sync 1 DAGs
[2023-10-13T01:18:50.722+0000] {logging_mixin.py:151} INFO - [2023-10-13T01:18:50.721+0000] {dag.py:3722} INFO - Setting next_dagrun for example_branch_operator to 2023-10-12T00:00:00+00:00, run_after=2023-10-13T00:00:00+00:00
[2023-10-13T01:18:50.794+0000] {processor.py:179} INFO - Processing /home/airflow/.local/lib/python3.8/site-packages/airflow/example_dags/example_branch_operator.py took 0.230 seconds
[2023-10-13T01:19:21.312+0000] {processor.py:157} INFO - Started process (PID=535) to work on /home/airflow/.local/lib/python3.8/site-packages/airflow/example_dags/example_branch_operator.py
[2023-10-13T01:19:21.313+0000] {processor.py:829} INFO - Processing file /home/airflow/.local/lib/python3.8/site-packages/airflow/example_dags/example_branch_operator.py for tasks to queue
[2023-10-13T01:19:21.315+0000] {logging_mixin.py:151} INFO - [2023-10-13T01:19:21.315+0000] {dagbag.py:536} INFO - Filling up the DagBag from /home/airflow/.local/lib/python3.8/site-packages/airflow/example_dags/example_branch_operator.py
[2023-10-13T01:19:21.327+0000] {processor.py:839} INFO - DAG(s) dict_keys(['example_branch_operator']) retrieved from /home/airflow/.local/lib/python3.8/site-packages/airflow/example_dags/example_branch_operator.py
[2023-10-13T01:19:21.359+0000] {logging_mixin.py:151} INFO - [2023-10-13T01:19:21.359+0000] {dag.py:2941} INFO - Sync 1 DAGs
[2023-10-13T01:19:21.391+0000] {logging_mixin.py:151} INFO - [2023-10-13T01:19:21.391+0000] {dag.py:3722} INFO - Setting next_dagrun for example_branch_operator to 2023-10-12T00:00:00+00:00, run_after=2023-10-13T00:00:00+00:00
[2023-10-13T01:19:21.432+0000] {processor.py:179} INFO - Processing /home/airflow/.local/lib/python3.8/site-packages/airflow/example_dags/example_branch_operator.py took 0.124 seconds
[2023-10-13T01:19:51.620+0000] {processor.py:157} INFO - Started process (PID=590) to work on /home/airflow/.local/lib/python3.8/site-packages/airflow/example_dags/example_branch_operator.py
[2023-10-13T01:19:51.636+0000] {processor.py:829} INFO - Processing file /home/airflow/.local/lib/python3.8/site-packages/airflow/example_dags/example_branch_operator.py for tasks to queue
[2023-10-13T01:19:51.638+0000] {logging_mixin.py:151} INFO - [2023-10-13T01:19:51.638+0000] {dagbag.py:536} INFO - Filling up the DagBag from /home/airflow/.local/lib/python3.8/site-packages/airflow/example_dags/example_branch_operator.py
[2023-10-13T01:19:51.649+0000] {processor.py:839} INFO - DAG(s) dict_keys(['example_branch_operator']) retrieved from /home/airflow/.local/lib/python3.8/site-packages/airflow/example_dags/example_branch_operator.py
[2023-10-13T01:19:51.677+0000] {logging_mixin.py:151} INFO - [2023-10-13T01:19:51.677+0000] {dag.py:2941} INFO - Sync 1 DAGs
[2023-10-13T01:19:51.710+0000] {logging_mixin.py:151} INFO - [2023-10-13T01:19:51.710+0000] {dag.py:3722} INFO - Setting next_dagrun for example_branch_operator to 2023-10-12T00:00:00+00:00, run_after=2023-10-13T00:00:00+00:00
[2023-10-13T01:19:51.752+0000] {processor.py:179} INFO - Processing /home/airflow/.local/lib/python3.8/site-packages/airflow/example_dags/example_branch_operator.py took 0.136 seconds
[2023-10-13T01:20:22.552+0000] {processor.py:157} INFO - Started process (PID=645) to work on /home/airflow/.local/lib/python3.8/site-packages/airflow/example_dags/example_branch_operator.py
[2023-10-13T01:20:22.553+0000] {processor.py:829} INFO - Processing file /home/airflow/.local/lib/python3.8/site-packages/airflow/example_dags/example_branch_operator.py for tasks to queue
[2023-10-13T01:20:22.556+0000] {logging_mixin.py:151} INFO - [2023-10-13T01:20:22.555+0000] {dagbag.py:536} INFO - Filling up the DagBag from /home/airflow/.local/lib/python3.8/site-packages/airflow/example_dags/example_branch_operator.py
[2023-10-13T01:20:22.567+0000] {processor.py:839} INFO - DAG(s) dict_keys(['example_branch_operator']) retrieved from /home/airflow/.local/lib/python3.8/site-packages/airflow/example_dags/example_branch_operator.py
[2023-10-13T01:20:22.596+0000] {logging_mixin.py:151} INFO - [2023-10-13T01:20:22.596+0000] {dag.py:2941} INFO - Sync 1 DAGs
[2023-10-13T01:20:22.624+0000] {logging_mixin.py:151} INFO - [2023-10-13T01:20:22.623+0000] {dag.py:3722} INFO - Setting next_dagrun for example_branch_operator to 2023-10-12T00:00:00+00:00, run_after=2023-10-13T00:00:00+00:00
[2023-10-13T01:20:22.665+0000] {processor.py:179} INFO - Processing /home/airflow/.local/lib/python3.8/site-packages/airflow/example_dags/example_branch_operator.py took 0.119 seconds
[2023-10-13T01:20:53.467+0000] {processor.py:157} INFO - Started process (PID=700) to work on /home/airflow/.local/lib/python3.8/site-packages/airflow/example_dags/example_branch_operator.py
[2023-10-13T01:20:53.469+0000] {processor.py:829} INFO - Processing file /home/airflow/.local/lib/python3.8/site-packages/airflow/example_dags/example_branch_operator.py for tasks to queue
[2023-10-13T01:20:53.477+0000] {logging_mixin.py:151} INFO - [2023-10-13T01:20:53.476+0000] {dagbag.py:536} INFO - Filling up the DagBag from /home/airflow/.local/lib/python3.8/site-packages/airflow/example_dags/example_branch_operator.py
[2023-10-13T01:20:53.496+0000] {processor.py:839} INFO - DAG(s) dict_keys(['example_branch_operator']) retrieved from /home/airflow/.local/lib/python3.8/site-packages/airflow/example_dags/example_branch_operator.py
[2023-10-13T01:20:53.545+0000] {logging_mixin.py:151} INFO - [2023-10-13T01:20:53.544+0000] {dag.py:2941} INFO - Sync 1 DAGs
[2023-10-13T01:20:53.574+0000] {logging_mixin.py:151} INFO - [2023-10-13T01:20:53.573+0000] {dag.py:3722} INFO - Setting next_dagrun for example_branch_operator to 2023-10-12T00:00:00+00:00, run_after=2023-10-13T00:00:00+00:00
[2023-10-13T01:20:53.598+0000] {processor.py:179} INFO - Processing /home/airflow/.local/lib/python3.8/site-packages/airflow/example_dags/example_branch_operator.py took 0.136 seconds
[2023-10-13T01:21:24.630+0000] {processor.py:157} INFO - Started process (PID=756) to work on /home/airflow/.local/lib/python3.8/site-packages/airflow/example_dags/example_branch_operator.py
[2023-10-13T01:21:24.664+0000] {processor.py:829} INFO - Processing file /home/airflow/.local/lib/python3.8/site-packages/airflow/example_dags/example_branch_operator.py for tasks to queue
[2023-10-13T01:21:24.667+0000] {logging_mixin.py:151} INFO - [2023-10-13T01:21:24.667+0000] {dagbag.py:536} INFO - Filling up the DagBag from /home/airflow/.local/lib/python3.8/site-packages/airflow/example_dags/example_branch_operator.py
[2023-10-13T01:21:24.681+0000] {processor.py:839} INFO - DAG(s) dict_keys(['example_branch_operator']) retrieved from /home/airflow/.local/lib/python3.8/site-packages/airflow/example_dags/example_branch_operator.py
[2023-10-13T01:21:24.706+0000] {logging_mixin.py:151} INFO - [2023-10-13T01:21:24.706+0000] {dag.py:2941} INFO - Sync 1 DAGs
[2023-10-13T01:21:24.733+0000] {logging_mixin.py:151} INFO - [2023-10-13T01:21:24.732+0000] {dag.py:3722} INFO - Setting next_dagrun for example_branch_operator to 2023-10-12T00:00:00+00:00, run_after=2023-10-13T00:00:00+00:00
[2023-10-13T01:21:24.958+0000] {processor.py:179} INFO - Processing /home/airflow/.local/lib/python3.8/site-packages/airflow/example_dags/example_branch_operator.py took 0.332 seconds
[2023-10-13T01:21:55.914+0000] {processor.py:157} INFO - Started process (PID=812) to work on /home/airflow/.local/lib/python3.8/site-packages/airflow/example_dags/example_branch_operator.py
[2023-10-13T01:21:55.915+0000] {processor.py:829} INFO - Processing file /home/airflow/.local/lib/python3.8/site-packages/airflow/example_dags/example_branch_operator.py for tasks to queue
[2023-10-13T01:21:55.919+0000] {logging_mixin.py:151} INFO - [2023-10-13T01:21:55.918+0000] {dagbag.py:536} INFO - Filling up the DagBag from /home/airflow/.local/lib/python3.8/site-packages/airflow/example_dags/example_branch_operator.py
[2023-10-13T01:21:55.940+0000] {processor.py:839} INFO - DAG(s) dict_keys(['example_branch_operator']) retrieved from /home/airflow/.local/lib/python3.8/site-packages/airflow/example_dags/example_branch_operator.py
[2023-10-13T01:21:55.973+0000] {logging_mixin.py:151} INFO - [2023-10-13T01:21:55.973+0000] {dag.py:2941} INFO - Sync 1 DAGs
[2023-10-13T01:21:56.004+0000] {logging_mixin.py:151} INFO - [2023-10-13T01:21:56.004+0000] {dag.py:3722} INFO - Setting next_dagrun for example_branch_operator to 2023-10-12T00:00:00+00:00, run_after=2023-10-13T00:00:00+00:00
[2023-10-13T01:21:56.043+0000] {processor.py:179} INFO - Processing /home/airflow/.local/lib/python3.8/site-packages/airflow/example_dags/example_branch_operator.py took 0.137 seconds
[2023-10-13T01:24:39.502+0000] {processor.py:157} INFO - Started process (PID=43) to work on /home/airflow/.local/lib/python3.8/site-packages/airflow/example_dags/example_branch_operator.py
[2023-10-13T01:24:39.520+0000] {processor.py:829} INFO - Processing file /home/airflow/.local/lib/python3.8/site-packages/airflow/example_dags/example_branch_operator.py for tasks to queue
[2023-10-13T01:24:39.523+0000] {logging_mixin.py:151} INFO - [2023-10-13T01:24:39.522+0000] {dagbag.py:536} INFO - Filling up the DagBag from /home/airflow/.local/lib/python3.8/site-packages/airflow/example_dags/example_branch_operator.py
[2023-10-13T01:24:39.552+0000] {processor.py:839} INFO - DAG(s) dict_keys(['example_branch_operator']) retrieved from /home/airflow/.local/lib/python3.8/site-packages/airflow/example_dags/example_branch_operator.py
[2023-10-13T01:24:39.681+0000] {logging_mixin.py:151} INFO - [2023-10-13T01:24:39.681+0000] {dag.py:2941} INFO - Sync 1 DAGs
[2023-10-13T01:24:39.725+0000] {logging_mixin.py:151} INFO - [2023-10-13T01:24:39.725+0000] {dag.py:3722} INFO - Setting next_dagrun for example_branch_operator to 2023-10-12T00:00:00+00:00, run_after=2023-10-13T00:00:00+00:00
[2023-10-13T01:24:39.806+0000] {processor.py:179} INFO - Processing /home/airflow/.local/lib/python3.8/site-packages/airflow/example_dags/example_branch_operator.py took 0.320 seconds
[2023-10-13T01:25:10.304+0000] {processor.py:157} INFO - Started process (PID=98) to work on /home/airflow/.local/lib/python3.8/site-packages/airflow/example_dags/example_branch_operator.py
[2023-10-13T01:25:10.305+0000] {processor.py:829} INFO - Processing file /home/airflow/.local/lib/python3.8/site-packages/airflow/example_dags/example_branch_operator.py for tasks to queue
[2023-10-13T01:25:10.307+0000] {logging_mixin.py:151} INFO - [2023-10-13T01:25:10.307+0000] {dagbag.py:536} INFO - Filling up the DagBag from /home/airflow/.local/lib/python3.8/site-packages/airflow/example_dags/example_branch_operator.py
[2023-10-13T01:25:10.316+0000] {processor.py:839} INFO - DAG(s) dict_keys(['example_branch_operator']) retrieved from /home/airflow/.local/lib/python3.8/site-packages/airflow/example_dags/example_branch_operator.py
[2023-10-13T01:25:10.344+0000] {logging_mixin.py:151} INFO - [2023-10-13T01:25:10.344+0000] {dag.py:2941} INFO - Sync 1 DAGs
[2023-10-13T01:25:10.377+0000] {logging_mixin.py:151} INFO - [2023-10-13T01:25:10.376+0000] {dag.py:3722} INFO - Setting next_dagrun for example_branch_operator to 2023-10-12T00:00:00+00:00, run_after=2023-10-13T00:00:00+00:00
[2023-10-13T01:25:10.405+0000] {processor.py:179} INFO - Processing /home/airflow/.local/lib/python3.8/site-packages/airflow/example_dags/example_branch_operator.py took 0.103 seconds
[2023-10-13T01:25:40.593+0000] {processor.py:157} INFO - Started process (PID=153) to work on /home/airflow/.local/lib/python3.8/site-packages/airflow/example_dags/example_branch_operator.py
[2023-10-13T01:25:40.594+0000] {processor.py:829} INFO - Processing file /home/airflow/.local/lib/python3.8/site-packages/airflow/example_dags/example_branch_operator.py for tasks to queue
[2023-10-13T01:25:40.596+0000] {logging_mixin.py:151} INFO - [2023-10-13T01:25:40.595+0000] {dagbag.py:536} INFO - Filling up the DagBag from /home/airflow/.local/lib/python3.8/site-packages/airflow/example_dags/example_branch_operator.py
[2023-10-13T01:25:40.605+0000] {processor.py:839} INFO - DAG(s) dict_keys(['example_branch_operator']) retrieved from /home/airflow/.local/lib/python3.8/site-packages/airflow/example_dags/example_branch_operator.py
[2023-10-13T01:25:40.633+0000] {logging_mixin.py:151} INFO - [2023-10-13T01:25:40.633+0000] {dag.py:2941} INFO - Sync 1 DAGs
[2023-10-13T01:25:40.666+0000] {logging_mixin.py:151} INFO - [2023-10-13T01:25:40.666+0000] {dag.py:3722} INFO - Setting next_dagrun for example_branch_operator to 2023-10-12T00:00:00+00:00, run_after=2023-10-13T00:00:00+00:00
[2023-10-13T01:25:40.704+0000] {processor.py:179} INFO - Processing /home/airflow/.local/lib/python3.8/site-packages/airflow/example_dags/example_branch_operator.py took 0.114 seconds
[2023-10-13T01:26:10.992+0000] {processor.py:157} INFO - Started process (PID=207) to work on /home/airflow/.local/lib/python3.8/site-packages/airflow/example_dags/example_branch_operator.py
[2023-10-13T01:26:10.994+0000] {processor.py:829} INFO - Processing file /home/airflow/.local/lib/python3.8/site-packages/airflow/example_dags/example_branch_operator.py for tasks to queue
[2023-10-13T01:26:10.997+0000] {logging_mixin.py:151} INFO - [2023-10-13T01:26:10.997+0000] {dagbag.py:536} INFO - Filling up the DagBag from /home/airflow/.local/lib/python3.8/site-packages/airflow/example_dags/example_branch_operator.py
[2023-10-13T01:26:11.011+0000] {processor.py:839} INFO - DAG(s) dict_keys(['example_branch_operator']) retrieved from /home/airflow/.local/lib/python3.8/site-packages/airflow/example_dags/example_branch_operator.py
[2023-10-13T01:26:11.042+0000] {logging_mixin.py:151} INFO - [2023-10-13T01:26:11.042+0000] {dag.py:2941} INFO - Sync 1 DAGs
[2023-10-13T01:26:11.072+0000] {logging_mixin.py:151} INFO - [2023-10-13T01:26:11.072+0000] {dag.py:3722} INFO - Setting next_dagrun for example_branch_operator to 2023-10-12T00:00:00+00:00, run_after=2023-10-13T00:00:00+00:00
[2023-10-13T01:26:11.107+0000] {processor.py:179} INFO - Processing /home/airflow/.local/lib/python3.8/site-packages/airflow/example_dags/example_branch_operator.py took 0.119 seconds
[2023-10-13T01:26:41.674+0000] {processor.py:157} INFO - Started process (PID=262) to work on /home/airflow/.local/lib/python3.8/site-packages/airflow/example_dags/example_branch_operator.py
[2023-10-13T01:26:41.675+0000] {processor.py:829} INFO - Processing file /home/airflow/.local/lib/python3.8/site-packages/airflow/example_dags/example_branch_operator.py for tasks to queue
[2023-10-13T01:26:41.677+0000] {logging_mixin.py:151} INFO - [2023-10-13T01:26:41.677+0000] {dagbag.py:536} INFO - Filling up the DagBag from /home/airflow/.local/lib/python3.8/site-packages/airflow/example_dags/example_branch_operator.py
[2023-10-13T01:26:41.691+0000] {processor.py:839} INFO - DAG(s) dict_keys(['example_branch_operator']) retrieved from /home/airflow/.local/lib/python3.8/site-packages/airflow/example_dags/example_branch_operator.py
[2023-10-13T01:26:41.722+0000] {logging_mixin.py:151} INFO - [2023-10-13T01:26:41.722+0000] {dag.py:2941} INFO - Sync 1 DAGs
[2023-10-13T01:26:41.755+0000] {logging_mixin.py:151} INFO - [2023-10-13T01:26:41.755+0000] {dag.py:3722} INFO - Setting next_dagrun for example_branch_operator to 2023-10-12T00:00:00+00:00, run_after=2023-10-13T00:00:00+00:00
[2023-10-13T01:26:41.784+0000] {processor.py:179} INFO - Processing /home/airflow/.local/lib/python3.8/site-packages/airflow/example_dags/example_branch_operator.py took 0.114 seconds
[2023-10-13T01:27:12.851+0000] {processor.py:157} INFO - Started process (PID=317) to work on /home/airflow/.local/lib/python3.8/site-packages/airflow/example_dags/example_branch_operator.py
[2023-10-13T01:27:12.863+0000] {processor.py:829} INFO - Processing file /home/airflow/.local/lib/python3.8/site-packages/airflow/example_dags/example_branch_operator.py for tasks to queue
[2023-10-13T01:27:12.865+0000] {logging_mixin.py:151} INFO - [2023-10-13T01:27:12.865+0000] {dagbag.py:536} INFO - Filling up the DagBag from /home/airflow/.local/lib/python3.8/site-packages/airflow/example_dags/example_branch_operator.py
[2023-10-13T01:27:12.879+0000] {processor.py:839} INFO - DAG(s) dict_keys(['example_branch_operator']) retrieved from /home/airflow/.local/lib/python3.8/site-packages/airflow/example_dags/example_branch_operator.py
[2023-10-13T01:27:12.916+0000] {logging_mixin.py:151} INFO - [2023-10-13T01:27:12.916+0000] {dag.py:2941} INFO - Sync 1 DAGs
[2023-10-13T01:27:12.961+0000] {logging_mixin.py:151} INFO - [2023-10-13T01:27:12.960+0000] {dag.py:3722} INFO - Setting next_dagrun for example_branch_operator to 2023-10-12T00:00:00+00:00, run_after=2023-10-13T00:00:00+00:00
[2023-10-13T01:27:12.986+0000] {processor.py:179} INFO - Processing /home/airflow/.local/lib/python3.8/site-packages/airflow/example_dags/example_branch_operator.py took 0.139 seconds
[2023-10-13T01:27:43.088+0000] {processor.py:157} INFO - Started process (PID=372) to work on /home/airflow/.local/lib/python3.8/site-packages/airflow/example_dags/example_branch_operator.py
[2023-10-13T01:27:43.089+0000] {processor.py:829} INFO - Processing file /home/airflow/.local/lib/python3.8/site-packages/airflow/example_dags/example_branch_operator.py for tasks to queue
[2023-10-13T01:27:43.091+0000] {logging_mixin.py:151} INFO - [2023-10-13T01:27:43.091+0000] {dagbag.py:536} INFO - Filling up the DagBag from /home/airflow/.local/lib/python3.8/site-packages/airflow/example_dags/example_branch_operator.py
[2023-10-13T01:27:43.103+0000] {processor.py:839} INFO - DAG(s) dict_keys(['example_branch_operator']) retrieved from /home/airflow/.local/lib/python3.8/site-packages/airflow/example_dags/example_branch_operator.py
[2023-10-13T01:27:43.140+0000] {logging_mixin.py:151} INFO - [2023-10-13T01:27:43.140+0000] {dag.py:2941} INFO - Sync 1 DAGs
[2023-10-13T01:27:43.177+0000] {logging_mixin.py:151} INFO - [2023-10-13T01:27:43.176+0000] {dag.py:3722} INFO - Setting next_dagrun for example_branch_operator to 2023-10-12T00:00:00+00:00, run_after=2023-10-13T00:00:00+00:00
[2023-10-13T01:27:43.218+0000] {processor.py:179} INFO - Processing /home/airflow/.local/lib/python3.8/site-packages/airflow/example_dags/example_branch_operator.py took 0.135 seconds
