[2023-10-13T00:52:50.028+0000] {processor.py:157} INFO - Started process (PID=51) to work on /home/airflow/.local/lib/python3.8/site-packages/airflow/example_dags/example_setup_teardown_taskflow.py
[2023-10-13T00:52:50.029+0000] {processor.py:829} INFO - Processing file /home/airflow/.local/lib/python3.8/site-packages/airflow/example_dags/example_setup_teardown_taskflow.py for tasks to queue
[2023-10-13T00:52:50.031+0000] {logging_mixin.py:151} INFO - [2023-10-13T00:52:50.031+0000] {dagbag.py:536} INFO - Filling up the DagBag from /home/airflow/.local/lib/python3.8/site-packages/airflow/example_dags/example_setup_teardown_taskflow.py
[2023-10-13T00:52:50.049+0000] {processor.py:839} INFO - DAG(s) dict_keys(['example_setup_teardown_taskflow']) retrieved from /home/airflow/.local/lib/python3.8/site-packages/airflow/example_dags/example_setup_teardown_taskflow.py
[2023-10-13T00:52:50.102+0000] {logging_mixin.py:151} INFO - [2023-10-13T00:52:50.102+0000] {dag.py:2941} INFO - Sync 1 DAGs
[2023-10-13T00:52:50.135+0000] {logging_mixin.py:151} INFO - [2023-10-13T00:52:50.134+0000] {dag.py:3722} INFO - Setting next_dagrun for example_setup_teardown_taskflow to 2023-10-12T00:52:50.134622+00:00, run_after=2023-10-13T00:52:50.134622+00:00
[2023-10-13T00:52:50.174+0000] {processor.py:179} INFO - Processing /home/airflow/.local/lib/python3.8/site-packages/airflow/example_dags/example_setup_teardown_taskflow.py took 0.153 seconds
[2023-10-13T00:53:20.384+0000] {processor.py:157} INFO - Started process (PID=104) to work on /home/airflow/.local/lib/python3.8/site-packages/airflow/example_dags/example_setup_teardown_taskflow.py
[2023-10-13T00:53:20.385+0000] {processor.py:829} INFO - Processing file /home/airflow/.local/lib/python3.8/site-packages/airflow/example_dags/example_setup_teardown_taskflow.py for tasks to queue
[2023-10-13T00:53:20.387+0000] {logging_mixin.py:151} INFO - [2023-10-13T00:53:20.387+0000] {dagbag.py:536} INFO - Filling up the DagBag from /home/airflow/.local/lib/python3.8/site-packages/airflow/example_dags/example_setup_teardown_taskflow.py
[2023-10-13T00:53:20.401+0000] {processor.py:839} INFO - DAG(s) dict_keys(['example_setup_teardown_taskflow']) retrieved from /home/airflow/.local/lib/python3.8/site-packages/airflow/example_dags/example_setup_teardown_taskflow.py
[2023-10-13T00:53:20.426+0000] {logging_mixin.py:151} INFO - [2023-10-13T00:53:20.425+0000] {dag.py:2941} INFO - Sync 1 DAGs
[2023-10-13T00:53:20.449+0000] {logging_mixin.py:151} INFO - [2023-10-13T00:53:20.449+0000] {dag.py:3722} INFO - Setting next_dagrun for example_setup_teardown_taskflow to 2023-10-12T00:53:20.448854+00:00, run_after=2023-10-13T00:53:20.448854+00:00
[2023-10-13T00:53:20.482+0000] {processor.py:179} INFO - Processing /home/airflow/.local/lib/python3.8/site-packages/airflow/example_dags/example_setup_teardown_taskflow.py took 0.102 seconds
[2023-10-13T00:53:51.021+0000] {processor.py:157} INFO - Started process (PID=159) to work on /home/airflow/.local/lib/python3.8/site-packages/airflow/example_dags/example_setup_teardown_taskflow.py
[2023-10-13T00:53:51.022+0000] {processor.py:829} INFO - Processing file /home/airflow/.local/lib/python3.8/site-packages/airflow/example_dags/example_setup_teardown_taskflow.py for tasks to queue
[2023-10-13T00:53:51.024+0000] {logging_mixin.py:151} INFO - [2023-10-13T00:53:51.024+0000] {dagbag.py:536} INFO - Filling up the DagBag from /home/airflow/.local/lib/python3.8/site-packages/airflow/example_dags/example_setup_teardown_taskflow.py
[2023-10-13T00:53:51.039+0000] {processor.py:839} INFO - DAG(s) dict_keys(['example_setup_teardown_taskflow']) retrieved from /home/airflow/.local/lib/python3.8/site-packages/airflow/example_dags/example_setup_teardown_taskflow.py
[2023-10-13T00:53:51.073+0000] {logging_mixin.py:151} INFO - [2023-10-13T00:53:51.073+0000] {dag.py:2941} INFO - Sync 1 DAGs
[2023-10-13T00:53:51.098+0000] {logging_mixin.py:151} INFO - [2023-10-13T00:53:51.098+0000] {dag.py:3722} INFO - Setting next_dagrun for example_setup_teardown_taskflow to 2023-10-12T00:53:51.098129+00:00, run_after=2023-10-13T00:53:51.098129+00:00
[2023-10-13T00:53:51.154+0000] {processor.py:179} INFO - Processing /home/airflow/.local/lib/python3.8/site-packages/airflow/example_dags/example_setup_teardown_taskflow.py took 0.136 seconds
[2023-10-13T00:54:21.847+0000] {processor.py:157} INFO - Started process (PID=213) to work on /home/airflow/.local/lib/python3.8/site-packages/airflow/example_dags/example_setup_teardown_taskflow.py
[2023-10-13T00:54:21.848+0000] {processor.py:829} INFO - Processing file /home/airflow/.local/lib/python3.8/site-packages/airflow/example_dags/example_setup_teardown_taskflow.py for tasks to queue
[2023-10-13T00:54:21.853+0000] {logging_mixin.py:151} INFO - [2023-10-13T00:54:21.853+0000] {dagbag.py:536} INFO - Filling up the DagBag from /home/airflow/.local/lib/python3.8/site-packages/airflow/example_dags/example_setup_teardown_taskflow.py
[2023-10-13T00:54:21.885+0000] {processor.py:839} INFO - DAG(s) dict_keys(['example_setup_teardown_taskflow']) retrieved from /home/airflow/.local/lib/python3.8/site-packages/airflow/example_dags/example_setup_teardown_taskflow.py
[2023-10-13T00:54:21.940+0000] {logging_mixin.py:151} INFO - [2023-10-13T00:54:21.940+0000] {dag.py:2941} INFO - Sync 1 DAGs
[2023-10-13T00:54:21.994+0000] {logging_mixin.py:151} INFO - [2023-10-13T00:54:21.993+0000] {dag.py:3722} INFO - Setting next_dagrun for example_setup_teardown_taskflow to 2023-10-12T00:54:21.993237+00:00, run_after=2023-10-13T00:54:21.993237+00:00
[2023-10-13T00:54:22.059+0000] {processor.py:179} INFO - Processing /home/airflow/.local/lib/python3.8/site-packages/airflow/example_dags/example_setup_teardown_taskflow.py took 0.219 seconds
[2023-10-13T00:54:52.417+0000] {processor.py:157} INFO - Started process (PID=267) to work on /home/airflow/.local/lib/python3.8/site-packages/airflow/example_dags/example_setup_teardown_taskflow.py
[2023-10-13T00:54:52.425+0000] {processor.py:829} INFO - Processing file /home/airflow/.local/lib/python3.8/site-packages/airflow/example_dags/example_setup_teardown_taskflow.py for tasks to queue
[2023-10-13T00:54:52.435+0000] {logging_mixin.py:151} INFO - [2023-10-13T00:54:52.434+0000] {dagbag.py:536} INFO - Filling up the DagBag from /home/airflow/.local/lib/python3.8/site-packages/airflow/example_dags/example_setup_teardown_taskflow.py
[2023-10-13T00:54:52.473+0000] {processor.py:839} INFO - DAG(s) dict_keys(['example_setup_teardown_taskflow']) retrieved from /home/airflow/.local/lib/python3.8/site-packages/airflow/example_dags/example_setup_teardown_taskflow.py
[2023-10-13T00:54:52.525+0000] {logging_mixin.py:151} INFO - [2023-10-13T00:54:52.525+0000] {dag.py:2941} INFO - Sync 1 DAGs
[2023-10-13T00:54:52.572+0000] {logging_mixin.py:151} INFO - [2023-10-13T00:54:52.572+0000] {dag.py:3722} INFO - Setting next_dagrun for example_setup_teardown_taskflow to 2023-10-12T00:54:52.571840+00:00, run_after=2023-10-13T00:54:52.571840+00:00
[2023-10-13T00:54:52.634+0000] {processor.py:179} INFO - Processing /home/airflow/.local/lib/python3.8/site-packages/airflow/example_dags/example_setup_teardown_taskflow.py took 0.223 seconds
[2023-10-13T00:55:23.371+0000] {processor.py:157} INFO - Started process (PID=321) to work on /home/airflow/.local/lib/python3.8/site-packages/airflow/example_dags/example_setup_teardown_taskflow.py
[2023-10-13T00:55:23.375+0000] {processor.py:829} INFO - Processing file /home/airflow/.local/lib/python3.8/site-packages/airflow/example_dags/example_setup_teardown_taskflow.py for tasks to queue
[2023-10-13T00:55:23.378+0000] {logging_mixin.py:151} INFO - [2023-10-13T00:55:23.377+0000] {dagbag.py:536} INFO - Filling up the DagBag from /home/airflow/.local/lib/python3.8/site-packages/airflow/example_dags/example_setup_teardown_taskflow.py
[2023-10-13T00:55:23.406+0000] {processor.py:839} INFO - DAG(s) dict_keys(['example_setup_teardown_taskflow']) retrieved from /home/airflow/.local/lib/python3.8/site-packages/airflow/example_dags/example_setup_teardown_taskflow.py
[2023-10-13T00:55:23.473+0000] {logging_mixin.py:151} INFO - [2023-10-13T00:55:23.473+0000] {dag.py:2941} INFO - Sync 1 DAGs
[2023-10-13T00:55:23.516+0000] {logging_mixin.py:151} INFO - [2023-10-13T00:55:23.516+0000] {dag.py:3722} INFO - Setting next_dagrun for example_setup_teardown_taskflow to 2023-10-12T00:55:23.516080+00:00, run_after=2023-10-13T00:55:23.516080+00:00
[2023-10-13T00:55:23.657+0000] {processor.py:179} INFO - Processing /home/airflow/.local/lib/python3.8/site-packages/airflow/example_dags/example_setup_teardown_taskflow.py took 0.295 seconds
[2023-10-13T01:14:45.556+0000] {processor.py:157} INFO - Started process (PID=45) to work on /home/airflow/.local/lib/python3.8/site-packages/airflow/example_dags/example_setup_teardown_taskflow.py
[2023-10-13T01:14:45.557+0000] {processor.py:829} INFO - Processing file /home/airflow/.local/lib/python3.8/site-packages/airflow/example_dags/example_setup_teardown_taskflow.py for tasks to queue
[2023-10-13T01:14:45.560+0000] {logging_mixin.py:151} INFO - [2023-10-13T01:14:45.560+0000] {dagbag.py:536} INFO - Filling up the DagBag from /home/airflow/.local/lib/python3.8/site-packages/airflow/example_dags/example_setup_teardown_taskflow.py
[2023-10-13T01:14:45.577+0000] {processor.py:839} INFO - DAG(s) dict_keys(['example_setup_teardown_taskflow']) retrieved from /home/airflow/.local/lib/python3.8/site-packages/airflow/example_dags/example_setup_teardown_taskflow.py
[2023-10-13T01:14:45.673+0000] {logging_mixin.py:151} INFO - [2023-10-13T01:14:45.673+0000] {dag.py:2941} INFO - Sync 1 DAGs
[2023-10-13T01:14:45.758+0000] {logging_mixin.py:151} INFO - [2023-10-13T01:14:45.758+0000] {dag.py:3722} INFO - Setting next_dagrun for example_setup_teardown_taskflow to 2023-10-12T01:14:45.757489+00:00, run_after=2023-10-13T01:14:45.757489+00:00
[2023-10-13T01:14:45.821+0000] {processor.py:179} INFO - Processing /home/airflow/.local/lib/python3.8/site-packages/airflow/example_dags/example_setup_teardown_taskflow.py took 0.270 seconds
[2023-10-13T01:15:15.997+0000] {processor.py:157} INFO - Started process (PID=100) to work on /home/airflow/.local/lib/python3.8/site-packages/airflow/example_dags/example_setup_teardown_taskflow.py
[2023-10-13T01:15:16.020+0000] {processor.py:829} INFO - Processing file /home/airflow/.local/lib/python3.8/site-packages/airflow/example_dags/example_setup_teardown_taskflow.py for tasks to queue
[2023-10-13T01:15:16.023+0000] {logging_mixin.py:151} INFO - [2023-10-13T01:15:16.022+0000] {dagbag.py:536} INFO - Filling up the DagBag from /home/airflow/.local/lib/python3.8/site-packages/airflow/example_dags/example_setup_teardown_taskflow.py
[2023-10-13T01:15:16.034+0000] {processor.py:839} INFO - DAG(s) dict_keys(['example_setup_teardown_taskflow']) retrieved from /home/airflow/.local/lib/python3.8/site-packages/airflow/example_dags/example_setup_teardown_taskflow.py
[2023-10-13T01:15:16.058+0000] {logging_mixin.py:151} INFO - [2023-10-13T01:15:16.058+0000] {dag.py:2941} INFO - Sync 1 DAGs
[2023-10-13T01:15:16.094+0000] {logging_mixin.py:151} INFO - [2023-10-13T01:15:16.093+0000] {dag.py:3722} INFO - Setting next_dagrun for example_setup_teardown_taskflow to 2023-10-12T01:15:16.093668+00:00, run_after=2023-10-13T01:15:16.093668+00:00
[2023-10-13T01:15:16.140+0000] {processor.py:179} INFO - Processing /home/airflow/.local/lib/python3.8/site-packages/airflow/example_dags/example_setup_teardown_taskflow.py took 0.147 seconds
[2023-10-13T01:15:46.879+0000] {processor.py:157} INFO - Started process (PID=154) to work on /home/airflow/.local/lib/python3.8/site-packages/airflow/example_dags/example_setup_teardown_taskflow.py
[2023-10-13T01:15:46.888+0000] {processor.py:829} INFO - Processing file /home/airflow/.local/lib/python3.8/site-packages/airflow/example_dags/example_setup_teardown_taskflow.py for tasks to queue
[2023-10-13T01:15:46.891+0000] {logging_mixin.py:151} INFO - [2023-10-13T01:15:46.891+0000] {dagbag.py:536} INFO - Filling up the DagBag from /home/airflow/.local/lib/python3.8/site-packages/airflow/example_dags/example_setup_teardown_taskflow.py
[2023-10-13T01:15:46.909+0000] {processor.py:839} INFO - DAG(s) dict_keys(['example_setup_teardown_taskflow']) retrieved from /home/airflow/.local/lib/python3.8/site-packages/airflow/example_dags/example_setup_teardown_taskflow.py
[2023-10-13T01:15:46.935+0000] {logging_mixin.py:151} INFO - [2023-10-13T01:15:46.935+0000] {dag.py:2941} INFO - Sync 1 DAGs
[2023-10-13T01:15:46.964+0000] {logging_mixin.py:151} INFO - [2023-10-13T01:15:46.964+0000] {dag.py:3722} INFO - Setting next_dagrun for example_setup_teardown_taskflow to 2023-10-12T01:15:46.963857+00:00, run_after=2023-10-13T01:15:46.963857+00:00
[2023-10-13T01:15:47.006+0000] {processor.py:179} INFO - Processing /home/airflow/.local/lib/python3.8/site-packages/airflow/example_dags/example_setup_teardown_taskflow.py took 0.132 seconds
[2023-10-13T01:16:17.165+0000] {processor.py:157} INFO - Started process (PID=209) to work on /home/airflow/.local/lib/python3.8/site-packages/airflow/example_dags/example_setup_teardown_taskflow.py
[2023-10-13T01:16:17.166+0000] {processor.py:829} INFO - Processing file /home/airflow/.local/lib/python3.8/site-packages/airflow/example_dags/example_setup_teardown_taskflow.py for tasks to queue
[2023-10-13T01:16:17.169+0000] {logging_mixin.py:151} INFO - [2023-10-13T01:16:17.168+0000] {dagbag.py:536} INFO - Filling up the DagBag from /home/airflow/.local/lib/python3.8/site-packages/airflow/example_dags/example_setup_teardown_taskflow.py
[2023-10-13T01:16:17.181+0000] {processor.py:839} INFO - DAG(s) dict_keys(['example_setup_teardown_taskflow']) retrieved from /home/airflow/.local/lib/python3.8/site-packages/airflow/example_dags/example_setup_teardown_taskflow.py
[2023-10-13T01:16:17.209+0000] {logging_mixin.py:151} INFO - [2023-10-13T01:16:17.208+0000] {dag.py:2941} INFO - Sync 1 DAGs
[2023-10-13T01:16:17.233+0000] {logging_mixin.py:151} INFO - [2023-10-13T01:16:17.233+0000] {dag.py:3722} INFO - Setting next_dagrun for example_setup_teardown_taskflow to 2023-10-12T01:16:17.233136+00:00, run_after=2023-10-13T01:16:17.233136+00:00
[2023-10-13T01:16:17.275+0000] {processor.py:179} INFO - Processing /home/airflow/.local/lib/python3.8/site-packages/airflow/example_dags/example_setup_teardown_taskflow.py took 0.119 seconds
[2023-10-13T01:16:47.321+0000] {processor.py:157} INFO - Started process (PID=264) to work on /home/airflow/.local/lib/python3.8/site-packages/airflow/example_dags/example_setup_teardown_taskflow.py
[2023-10-13T01:16:47.322+0000] {processor.py:829} INFO - Processing file /home/airflow/.local/lib/python3.8/site-packages/airflow/example_dags/example_setup_teardown_taskflow.py for tasks to queue
[2023-10-13T01:16:47.325+0000] {logging_mixin.py:151} INFO - [2023-10-13T01:16:47.325+0000] {dagbag.py:536} INFO - Filling up the DagBag from /home/airflow/.local/lib/python3.8/site-packages/airflow/example_dags/example_setup_teardown_taskflow.py
[2023-10-13T01:16:47.340+0000] {processor.py:839} INFO - DAG(s) dict_keys(['example_setup_teardown_taskflow']) retrieved from /home/airflow/.local/lib/python3.8/site-packages/airflow/example_dags/example_setup_teardown_taskflow.py
[2023-10-13T01:16:47.369+0000] {logging_mixin.py:151} INFO - [2023-10-13T01:16:47.368+0000] {dag.py:2941} INFO - Sync 1 DAGs
[2023-10-13T01:16:47.404+0000] {logging_mixin.py:151} INFO - [2023-10-13T01:16:47.403+0000] {dag.py:3722} INFO - Setting next_dagrun for example_setup_teardown_taskflow to 2023-10-12T01:16:47.403616+00:00, run_after=2023-10-13T01:16:47.403616+00:00
[2023-10-13T01:16:47.428+0000] {processor.py:179} INFO - Processing /home/airflow/.local/lib/python3.8/site-packages/airflow/example_dags/example_setup_teardown_taskflow.py took 0.110 seconds
[2023-10-13T01:17:17.665+0000] {processor.py:157} INFO - Started process (PID=317) to work on /home/airflow/.local/lib/python3.8/site-packages/airflow/example_dags/example_setup_teardown_taskflow.py
[2023-10-13T01:17:17.665+0000] {processor.py:829} INFO - Processing file /home/airflow/.local/lib/python3.8/site-packages/airflow/example_dags/example_setup_teardown_taskflow.py for tasks to queue
[2023-10-13T01:17:17.668+0000] {logging_mixin.py:151} INFO - [2023-10-13T01:17:17.668+0000] {dagbag.py:536} INFO - Filling up the DagBag from /home/airflow/.local/lib/python3.8/site-packages/airflow/example_dags/example_setup_teardown_taskflow.py
[2023-10-13T01:17:17.680+0000] {processor.py:839} INFO - DAG(s) dict_keys(['example_setup_teardown_taskflow']) retrieved from /home/airflow/.local/lib/python3.8/site-packages/airflow/example_dags/example_setup_teardown_taskflow.py
[2023-10-13T01:17:17.707+0000] {logging_mixin.py:151} INFO - [2023-10-13T01:17:17.707+0000] {dag.py:2941} INFO - Sync 1 DAGs
[2023-10-13T01:17:17.729+0000] {logging_mixin.py:151} INFO - [2023-10-13T01:17:17.729+0000] {dag.py:3722} INFO - Setting next_dagrun for example_setup_teardown_taskflow to 2023-10-12T01:17:17.729072+00:00, run_after=2023-10-13T01:17:17.729072+00:00
[2023-10-13T01:17:17.759+0000] {processor.py:179} INFO - Processing /home/airflow/.local/lib/python3.8/site-packages/airflow/example_dags/example_setup_teardown_taskflow.py took 0.103 seconds
[2023-10-13T01:17:48.228+0000] {processor.py:157} INFO - Started process (PID=373) to work on /home/airflow/.local/lib/python3.8/site-packages/airflow/example_dags/example_setup_teardown_taskflow.py
[2023-10-13T01:17:48.230+0000] {processor.py:829} INFO - Processing file /home/airflow/.local/lib/python3.8/site-packages/airflow/example_dags/example_setup_teardown_taskflow.py for tasks to queue
[2023-10-13T01:17:48.233+0000] {logging_mixin.py:151} INFO - [2023-10-13T01:17:48.232+0000] {dagbag.py:536} INFO - Filling up the DagBag from /home/airflow/.local/lib/python3.8/site-packages/airflow/example_dags/example_setup_teardown_taskflow.py
[2023-10-13T01:17:48.249+0000] {processor.py:839} INFO - DAG(s) dict_keys(['example_setup_teardown_taskflow']) retrieved from /home/airflow/.local/lib/python3.8/site-packages/airflow/example_dags/example_setup_teardown_taskflow.py
[2023-10-13T01:17:48.278+0000] {logging_mixin.py:151} INFO - [2023-10-13T01:17:48.278+0000] {dag.py:2941} INFO - Sync 1 DAGs
[2023-10-13T01:17:48.303+0000] {logging_mixin.py:151} INFO - [2023-10-13T01:17:48.303+0000] {dag.py:3722} INFO - Setting next_dagrun for example_setup_teardown_taskflow to 2023-10-12T01:17:48.302920+00:00, run_after=2023-10-13T01:17:48.302920+00:00
[2023-10-13T01:17:48.330+0000] {processor.py:179} INFO - Processing /home/airflow/.local/lib/python3.8/site-packages/airflow/example_dags/example_setup_teardown_taskflow.py took 0.105 seconds
[2023-10-13T01:18:19.508+0000] {processor.py:157} INFO - Started process (PID=428) to work on /home/airflow/.local/lib/python3.8/site-packages/airflow/example_dags/example_setup_teardown_taskflow.py
[2023-10-13T01:18:19.515+0000] {processor.py:829} INFO - Processing file /home/airflow/.local/lib/python3.8/site-packages/airflow/example_dags/example_setup_teardown_taskflow.py for tasks to queue
[2023-10-13T01:18:19.522+0000] {logging_mixin.py:151} INFO - [2023-10-13T01:18:19.521+0000] {dagbag.py:536} INFO - Filling up the DagBag from /home/airflow/.local/lib/python3.8/site-packages/airflow/example_dags/example_setup_teardown_taskflow.py
[2023-10-13T01:18:19.566+0000] {processor.py:839} INFO - DAG(s) dict_keys(['example_setup_teardown_taskflow']) retrieved from /home/airflow/.local/lib/python3.8/site-packages/airflow/example_dags/example_setup_teardown_taskflow.py
[2023-10-13T01:18:19.680+0000] {logging_mixin.py:151} INFO - [2023-10-13T01:18:19.680+0000] {dag.py:2941} INFO - Sync 1 DAGs
[2023-10-13T01:18:19.731+0000] {logging_mixin.py:151} INFO - [2023-10-13T01:18:19.730+0000] {dag.py:3722} INFO - Setting next_dagrun for example_setup_teardown_taskflow to 2023-10-12T01:18:19.730473+00:00, run_after=2023-10-13T01:18:19.730473+00:00
[2023-10-13T01:18:19.771+0000] {processor.py:179} INFO - Processing /home/airflow/.local/lib/python3.8/site-packages/airflow/example_dags/example_setup_teardown_taskflow.py took 0.284 seconds
[2023-10-13T01:18:51.090+0000] {processor.py:157} INFO - Started process (PID=483) to work on /home/airflow/.local/lib/python3.8/site-packages/airflow/example_dags/example_setup_teardown_taskflow.py
[2023-10-13T01:18:51.108+0000] {processor.py:829} INFO - Processing file /home/airflow/.local/lib/python3.8/site-packages/airflow/example_dags/example_setup_teardown_taskflow.py for tasks to queue
[2023-10-13T01:18:51.111+0000] {logging_mixin.py:151} INFO - [2023-10-13T01:18:51.111+0000] {dagbag.py:536} INFO - Filling up the DagBag from /home/airflow/.local/lib/python3.8/site-packages/airflow/example_dags/example_setup_teardown_taskflow.py
[2023-10-13T01:18:51.153+0000] {processor.py:839} INFO - DAG(s) dict_keys(['example_setup_teardown_taskflow']) retrieved from /home/airflow/.local/lib/python3.8/site-packages/airflow/example_dags/example_setup_teardown_taskflow.py
[2023-10-13T01:18:51.185+0000] {logging_mixin.py:151} INFO - [2023-10-13T01:18:51.185+0000] {dag.py:2941} INFO - Sync 1 DAGs
[2023-10-13T01:18:51.217+0000] {logging_mixin.py:151} INFO - [2023-10-13T01:18:51.217+0000] {dag.py:3722} INFO - Setting next_dagrun for example_setup_teardown_taskflow to 2023-10-12T01:18:51.217251+00:00, run_after=2023-10-13T01:18:51.217251+00:00
[2023-10-13T01:18:51.278+0000] {processor.py:179} INFO - Processing /home/airflow/.local/lib/python3.8/site-packages/airflow/example_dags/example_setup_teardown_taskflow.py took 0.193 seconds
[2023-10-13T01:19:21.559+0000] {processor.py:157} INFO - Started process (PID=538) to work on /home/airflow/.local/lib/python3.8/site-packages/airflow/example_dags/example_setup_teardown_taskflow.py
[2023-10-13T01:19:21.560+0000] {processor.py:829} INFO - Processing file /home/airflow/.local/lib/python3.8/site-packages/airflow/example_dags/example_setup_teardown_taskflow.py for tasks to queue
[2023-10-13T01:19:21.562+0000] {logging_mixin.py:151} INFO - [2023-10-13T01:19:21.562+0000] {dagbag.py:536} INFO - Filling up the DagBag from /home/airflow/.local/lib/python3.8/site-packages/airflow/example_dags/example_setup_teardown_taskflow.py
[2023-10-13T01:19:21.573+0000] {processor.py:839} INFO - DAG(s) dict_keys(['example_setup_teardown_taskflow']) retrieved from /home/airflow/.local/lib/python3.8/site-packages/airflow/example_dags/example_setup_teardown_taskflow.py
[2023-10-13T01:19:21.602+0000] {logging_mixin.py:151} INFO - [2023-10-13T01:19:21.602+0000] {dag.py:2941} INFO - Sync 1 DAGs
[2023-10-13T01:19:21.638+0000] {logging_mixin.py:151} INFO - [2023-10-13T01:19:21.638+0000] {dag.py:3722} INFO - Setting next_dagrun for example_setup_teardown_taskflow to 2023-10-12T01:19:21.637973+00:00, run_after=2023-10-13T01:19:21.637973+00:00
[2023-10-13T01:19:21.687+0000] {processor.py:179} INFO - Processing /home/airflow/.local/lib/python3.8/site-packages/airflow/example_dags/example_setup_teardown_taskflow.py took 0.131 seconds
[2023-10-13T01:19:51.843+0000] {processor.py:157} INFO - Started process (PID=593) to work on /home/airflow/.local/lib/python3.8/site-packages/airflow/example_dags/example_setup_teardown_taskflow.py
[2023-10-13T01:19:51.844+0000] {processor.py:829} INFO - Processing file /home/airflow/.local/lib/python3.8/site-packages/airflow/example_dags/example_setup_teardown_taskflow.py for tasks to queue
[2023-10-13T01:19:51.847+0000] {logging_mixin.py:151} INFO - [2023-10-13T01:19:51.847+0000] {dagbag.py:536} INFO - Filling up the DagBag from /home/airflow/.local/lib/python3.8/site-packages/airflow/example_dags/example_setup_teardown_taskflow.py
[2023-10-13T01:19:51.860+0000] {processor.py:839} INFO - DAG(s) dict_keys(['example_setup_teardown_taskflow']) retrieved from /home/airflow/.local/lib/python3.8/site-packages/airflow/example_dags/example_setup_teardown_taskflow.py
[2023-10-13T01:19:51.889+0000] {logging_mixin.py:151} INFO - [2023-10-13T01:19:51.889+0000] {dag.py:2941} INFO - Sync 1 DAGs
[2023-10-13T01:19:51.921+0000] {logging_mixin.py:151} INFO - [2023-10-13T01:19:51.921+0000] {dag.py:3722} INFO - Setting next_dagrun for example_setup_teardown_taskflow to 2023-10-12T01:19:51.920982+00:00, run_after=2023-10-13T01:19:51.920982+00:00
[2023-10-13T01:19:51.953+0000] {processor.py:179} INFO - Processing /home/airflow/.local/lib/python3.8/site-packages/airflow/example_dags/example_setup_teardown_taskflow.py took 0.114 seconds
[2023-10-13T01:20:22.719+0000] {processor.py:157} INFO - Started process (PID=648) to work on /home/airflow/.local/lib/python3.8/site-packages/airflow/example_dags/example_setup_teardown_taskflow.py
[2023-10-13T01:20:22.720+0000] {processor.py:829} INFO - Processing file /home/airflow/.local/lib/python3.8/site-packages/airflow/example_dags/example_setup_teardown_taskflow.py for tasks to queue
[2023-10-13T01:20:22.722+0000] {logging_mixin.py:151} INFO - [2023-10-13T01:20:22.722+0000] {dagbag.py:536} INFO - Filling up the DagBag from /home/airflow/.local/lib/python3.8/site-packages/airflow/example_dags/example_setup_teardown_taskflow.py
[2023-10-13T01:20:22.736+0000] {processor.py:839} INFO - DAG(s) dict_keys(['example_setup_teardown_taskflow']) retrieved from /home/airflow/.local/lib/python3.8/site-packages/airflow/example_dags/example_setup_teardown_taskflow.py
[2023-10-13T01:20:22.761+0000] {logging_mixin.py:151} INFO - [2023-10-13T01:20:22.760+0000] {dag.py:2941} INFO - Sync 1 DAGs
[2023-10-13T01:20:22.790+0000] {logging_mixin.py:151} INFO - [2023-10-13T01:20:22.790+0000] {dag.py:3722} INFO - Setting next_dagrun for example_setup_teardown_taskflow to 2023-10-12T01:20:22.789878+00:00, run_after=2023-10-13T01:20:22.789878+00:00
[2023-10-13T01:20:22.821+0000] {processor.py:179} INFO - Processing /home/airflow/.local/lib/python3.8/site-packages/airflow/example_dags/example_setup_teardown_taskflow.py took 0.107 seconds
[2023-10-13T01:20:53.650+0000] {processor.py:157} INFO - Started process (PID=703) to work on /home/airflow/.local/lib/python3.8/site-packages/airflow/example_dags/example_setup_teardown_taskflow.py
[2023-10-13T01:20:53.651+0000] {processor.py:829} INFO - Processing file /home/airflow/.local/lib/python3.8/site-packages/airflow/example_dags/example_setup_teardown_taskflow.py for tasks to queue
[2023-10-13T01:20:53.654+0000] {logging_mixin.py:151} INFO - [2023-10-13T01:20:53.653+0000] {dagbag.py:536} INFO - Filling up the DagBag from /home/airflow/.local/lib/python3.8/site-packages/airflow/example_dags/example_setup_teardown_taskflow.py
[2023-10-13T01:20:53.667+0000] {processor.py:839} INFO - DAG(s) dict_keys(['example_setup_teardown_taskflow']) retrieved from /home/airflow/.local/lib/python3.8/site-packages/airflow/example_dags/example_setup_teardown_taskflow.py
[2023-10-13T01:20:53.700+0000] {logging_mixin.py:151} INFO - [2023-10-13T01:20:53.699+0000] {dag.py:2941} INFO - Sync 1 DAGs
[2023-10-13T01:20:53.753+0000] {logging_mixin.py:151} INFO - [2023-10-13T01:20:53.753+0000] {dag.py:3722} INFO - Setting next_dagrun for example_setup_teardown_taskflow to 2023-10-12T01:20:53.752877+00:00, run_after=2023-10-13T01:20:53.752877+00:00
[2023-10-13T01:20:53.789+0000] {processor.py:179} INFO - Processing /home/airflow/.local/lib/python3.8/site-packages/airflow/example_dags/example_setup_teardown_taskflow.py took 0.144 seconds
[2023-10-13T01:21:25.083+0000] {processor.py:157} INFO - Started process (PID=759) to work on /home/airflow/.local/lib/python3.8/site-packages/airflow/example_dags/example_setup_teardown_taskflow.py
[2023-10-13T01:21:25.084+0000] {processor.py:829} INFO - Processing file /home/airflow/.local/lib/python3.8/site-packages/airflow/example_dags/example_setup_teardown_taskflow.py for tasks to queue
[2023-10-13T01:21:25.087+0000] {logging_mixin.py:151} INFO - [2023-10-13T01:21:25.086+0000] {dagbag.py:536} INFO - Filling up the DagBag from /home/airflow/.local/lib/python3.8/site-packages/airflow/example_dags/example_setup_teardown_taskflow.py
[2023-10-13T01:21:25.102+0000] {processor.py:839} INFO - DAG(s) dict_keys(['example_setup_teardown_taskflow']) retrieved from /home/airflow/.local/lib/python3.8/site-packages/airflow/example_dags/example_setup_teardown_taskflow.py
[2023-10-13T01:21:25.132+0000] {logging_mixin.py:151} INFO - [2023-10-13T01:21:25.131+0000] {dag.py:2941} INFO - Sync 1 DAGs
[2023-10-13T01:21:25.160+0000] {logging_mixin.py:151} INFO - [2023-10-13T01:21:25.160+0000] {dag.py:3722} INFO - Setting next_dagrun for example_setup_teardown_taskflow to 2023-10-12T01:21:25.160126+00:00, run_after=2023-10-13T01:21:25.160126+00:00
[2023-10-13T01:21:25.629+0000] {processor.py:179} INFO - Processing /home/airflow/.local/lib/python3.8/site-packages/airflow/example_dags/example_setup_teardown_taskflow.py took 0.550 seconds
[2023-10-13T01:21:56.163+0000] {processor.py:157} INFO - Started process (PID=815) to work on /home/airflow/.local/lib/python3.8/site-packages/airflow/example_dags/example_setup_teardown_taskflow.py
[2023-10-13T01:21:56.164+0000] {processor.py:829} INFO - Processing file /home/airflow/.local/lib/python3.8/site-packages/airflow/example_dags/example_setup_teardown_taskflow.py for tasks to queue
[2023-10-13T01:21:56.167+0000] {logging_mixin.py:151} INFO - [2023-10-13T01:21:56.166+0000] {dagbag.py:536} INFO - Filling up the DagBag from /home/airflow/.local/lib/python3.8/site-packages/airflow/example_dags/example_setup_teardown_taskflow.py
[2023-10-13T01:21:56.177+0000] {processor.py:839} INFO - DAG(s) dict_keys(['example_setup_teardown_taskflow']) retrieved from /home/airflow/.local/lib/python3.8/site-packages/airflow/example_dags/example_setup_teardown_taskflow.py
[2023-10-13T01:21:56.201+0000] {logging_mixin.py:151} INFO - [2023-10-13T01:21:56.200+0000] {dag.py:2941} INFO - Sync 1 DAGs
[2023-10-13T01:21:56.225+0000] {logging_mixin.py:151} INFO - [2023-10-13T01:21:56.224+0000] {dag.py:3722} INFO - Setting next_dagrun for example_setup_teardown_taskflow to 2023-10-12T01:21:56.224625+00:00, run_after=2023-10-13T01:21:56.224625+00:00
[2023-10-13T01:21:56.256+0000] {processor.py:179} INFO - Processing /home/airflow/.local/lib/python3.8/site-packages/airflow/example_dags/example_setup_teardown_taskflow.py took 0.096 seconds
[2023-10-13T01:24:39.921+0000] {processor.py:157} INFO - Started process (PID=46) to work on /home/airflow/.local/lib/python3.8/site-packages/airflow/example_dags/example_setup_teardown_taskflow.py
[2023-10-13T01:24:39.928+0000] {processor.py:829} INFO - Processing file /home/airflow/.local/lib/python3.8/site-packages/airflow/example_dags/example_setup_teardown_taskflow.py for tasks to queue
[2023-10-13T01:24:39.931+0000] {logging_mixin.py:151} INFO - [2023-10-13T01:24:39.930+0000] {dagbag.py:536} INFO - Filling up the DagBag from /home/airflow/.local/lib/python3.8/site-packages/airflow/example_dags/example_setup_teardown_taskflow.py
[2023-10-13T01:24:39.959+0000] {processor.py:839} INFO - DAG(s) dict_keys(['example_setup_teardown_taskflow']) retrieved from /home/airflow/.local/lib/python3.8/site-packages/airflow/example_dags/example_setup_teardown_taskflow.py
[2023-10-13T01:24:40.073+0000] {logging_mixin.py:151} INFO - [2023-10-13T01:24:40.073+0000] {dag.py:2941} INFO - Sync 1 DAGs
[2023-10-13T01:24:40.144+0000] {logging_mixin.py:151} INFO - [2023-10-13T01:24:40.144+0000] {dag.py:3722} INFO - Setting next_dagrun for example_setup_teardown_taskflow to 2023-10-12T01:24:40.144011+00:00, run_after=2023-10-13T01:24:40.144011+00:00
[2023-10-13T01:24:40.210+0000] {processor.py:179} INFO - Processing /home/airflow/.local/lib/python3.8/site-packages/airflow/example_dags/example_setup_teardown_taskflow.py took 0.308 seconds
[2023-10-13T01:25:10.552+0000] {processor.py:157} INFO - Started process (PID=101) to work on /home/airflow/.local/lib/python3.8/site-packages/airflow/example_dags/example_setup_teardown_taskflow.py
[2023-10-13T01:25:10.554+0000] {processor.py:829} INFO - Processing file /home/airflow/.local/lib/python3.8/site-packages/airflow/example_dags/example_setup_teardown_taskflow.py for tasks to queue
[2023-10-13T01:25:10.556+0000] {logging_mixin.py:151} INFO - [2023-10-13T01:25:10.556+0000] {dagbag.py:536} INFO - Filling up the DagBag from /home/airflow/.local/lib/python3.8/site-packages/airflow/example_dags/example_setup_teardown_taskflow.py
[2023-10-13T01:25:10.569+0000] {processor.py:839} INFO - DAG(s) dict_keys(['example_setup_teardown_taskflow']) retrieved from /home/airflow/.local/lib/python3.8/site-packages/airflow/example_dags/example_setup_teardown_taskflow.py
[2023-10-13T01:25:10.602+0000] {logging_mixin.py:151} INFO - [2023-10-13T01:25:10.601+0000] {dag.py:2941} INFO - Sync 1 DAGs
[2023-10-13T01:25:10.638+0000] {logging_mixin.py:151} INFO - [2023-10-13T01:25:10.638+0000] {dag.py:3722} INFO - Setting next_dagrun for example_setup_teardown_taskflow to 2023-10-12T01:25:10.637735+00:00, run_after=2023-10-13T01:25:10.637735+00:00
[2023-10-13T01:25:10.670+0000] {processor.py:179} INFO - Processing /home/airflow/.local/lib/python3.8/site-packages/airflow/example_dags/example_setup_teardown_taskflow.py took 0.122 seconds
[2023-10-13T01:25:40.808+0000] {processor.py:157} INFO - Started process (PID=156) to work on /home/airflow/.local/lib/python3.8/site-packages/airflow/example_dags/example_setup_teardown_taskflow.py
[2023-10-13T01:25:40.809+0000] {processor.py:829} INFO - Processing file /home/airflow/.local/lib/python3.8/site-packages/airflow/example_dags/example_setup_teardown_taskflow.py for tasks to queue
[2023-10-13T01:25:40.811+0000] {logging_mixin.py:151} INFO - [2023-10-13T01:25:40.811+0000] {dagbag.py:536} INFO - Filling up the DagBag from /home/airflow/.local/lib/python3.8/site-packages/airflow/example_dags/example_setup_teardown_taskflow.py
[2023-10-13T01:25:40.828+0000] {processor.py:839} INFO - DAG(s) dict_keys(['example_setup_teardown_taskflow']) retrieved from /home/airflow/.local/lib/python3.8/site-packages/airflow/example_dags/example_setup_teardown_taskflow.py
[2023-10-13T01:25:40.867+0000] {logging_mixin.py:151} INFO - [2023-10-13T01:25:40.866+0000] {dag.py:2941} INFO - Sync 1 DAGs
[2023-10-13T01:25:40.903+0000] {logging_mixin.py:151} INFO - [2023-10-13T01:25:40.903+0000] {dag.py:3722} INFO - Setting next_dagrun for example_setup_teardown_taskflow to 2023-10-12T01:25:40.902981+00:00, run_after=2023-10-13T01:25:40.902981+00:00
[2023-10-13T01:25:40.950+0000] {processor.py:179} INFO - Processing /home/airflow/.local/lib/python3.8/site-packages/airflow/example_dags/example_setup_teardown_taskflow.py took 0.146 seconds
[2023-10-13T01:26:11.264+0000] {processor.py:157} INFO - Started process (PID=210) to work on /home/airflow/.local/lib/python3.8/site-packages/airflow/example_dags/example_setup_teardown_taskflow.py
[2023-10-13T01:26:11.274+0000] {processor.py:829} INFO - Processing file /home/airflow/.local/lib/python3.8/site-packages/airflow/example_dags/example_setup_teardown_taskflow.py for tasks to queue
[2023-10-13T01:26:11.278+0000] {logging_mixin.py:151} INFO - [2023-10-13T01:26:11.278+0000] {dagbag.py:536} INFO - Filling up the DagBag from /home/airflow/.local/lib/python3.8/site-packages/airflow/example_dags/example_setup_teardown_taskflow.py
[2023-10-13T01:26:11.294+0000] {processor.py:839} INFO - DAG(s) dict_keys(['example_setup_teardown_taskflow']) retrieved from /home/airflow/.local/lib/python3.8/site-packages/airflow/example_dags/example_setup_teardown_taskflow.py
[2023-10-13T01:26:11.328+0000] {logging_mixin.py:151} INFO - [2023-10-13T01:26:11.328+0000] {dag.py:2941} INFO - Sync 1 DAGs
[2023-10-13T01:26:11.360+0000] {logging_mixin.py:151} INFO - [2023-10-13T01:26:11.360+0000] {dag.py:3722} INFO - Setting next_dagrun for example_setup_teardown_taskflow to 2023-10-12T01:26:11.359860+00:00, run_after=2023-10-13T01:26:11.359860+00:00
[2023-10-13T01:26:11.404+0000] {processor.py:179} INFO - Processing /home/airflow/.local/lib/python3.8/site-packages/airflow/example_dags/example_setup_teardown_taskflow.py took 0.144 seconds
[2023-10-13T01:26:41.825+0000] {processor.py:157} INFO - Started process (PID=265) to work on /home/airflow/.local/lib/python3.8/site-packages/airflow/example_dags/example_setup_teardown_taskflow.py
[2023-10-13T01:26:41.826+0000] {processor.py:829} INFO - Processing file /home/airflow/.local/lib/python3.8/site-packages/airflow/example_dags/example_setup_teardown_taskflow.py for tasks to queue
[2023-10-13T01:26:41.829+0000] {logging_mixin.py:151} INFO - [2023-10-13T01:26:41.828+0000] {dagbag.py:536} INFO - Filling up the DagBag from /home/airflow/.local/lib/python3.8/site-packages/airflow/example_dags/example_setup_teardown_taskflow.py
[2023-10-13T01:26:41.850+0000] {processor.py:839} INFO - DAG(s) dict_keys(['example_setup_teardown_taskflow']) retrieved from /home/airflow/.local/lib/python3.8/site-packages/airflow/example_dags/example_setup_teardown_taskflow.py
[2023-10-13T01:26:41.921+0000] {logging_mixin.py:151} INFO - [2023-10-13T01:26:41.921+0000] {dag.py:2941} INFO - Sync 1 DAGs
[2023-10-13T01:26:41.950+0000] {logging_mixin.py:151} INFO - [2023-10-13T01:26:41.950+0000] {dag.py:3722} INFO - Setting next_dagrun for example_setup_teardown_taskflow to 2023-10-12T01:26:41.950093+00:00, run_after=2023-10-13T01:26:41.950093+00:00
[2023-10-13T01:26:41.983+0000] {processor.py:179} INFO - Processing /home/airflow/.local/lib/python3.8/site-packages/airflow/example_dags/example_setup_teardown_taskflow.py took 0.163 seconds
[2023-10-13T01:27:13.058+0000] {processor.py:157} INFO - Started process (PID=320) to work on /home/airflow/.local/lib/python3.8/site-packages/airflow/example_dags/example_setup_teardown_taskflow.py
[2023-10-13T01:27:13.059+0000] {processor.py:829} INFO - Processing file /home/airflow/.local/lib/python3.8/site-packages/airflow/example_dags/example_setup_teardown_taskflow.py for tasks to queue
[2023-10-13T01:27:13.061+0000] {logging_mixin.py:151} INFO - [2023-10-13T01:27:13.061+0000] {dagbag.py:536} INFO - Filling up the DagBag from /home/airflow/.local/lib/python3.8/site-packages/airflow/example_dags/example_setup_teardown_taskflow.py
[2023-10-13T01:27:13.075+0000] {processor.py:839} INFO - DAG(s) dict_keys(['example_setup_teardown_taskflow']) retrieved from /home/airflow/.local/lib/python3.8/site-packages/airflow/example_dags/example_setup_teardown_taskflow.py
[2023-10-13T01:27:13.102+0000] {logging_mixin.py:151} INFO - [2023-10-13T01:27:13.102+0000] {dag.py:2941} INFO - Sync 1 DAGs
[2023-10-13T01:27:13.135+0000] {logging_mixin.py:151} INFO - [2023-10-13T01:27:13.135+0000] {dag.py:3722} INFO - Setting next_dagrun for example_setup_teardown_taskflow to 2023-10-12T01:27:13.135069+00:00, run_after=2023-10-13T01:27:13.135069+00:00
[2023-10-13T01:27:13.162+0000] {processor.py:179} INFO - Processing /home/airflow/.local/lib/python3.8/site-packages/airflow/example_dags/example_setup_teardown_taskflow.py took 0.109 seconds
[2023-10-13T01:27:43.539+0000] {processor.py:157} INFO - Started process (PID=375) to work on /home/airflow/.local/lib/python3.8/site-packages/airflow/example_dags/example_setup_teardown_taskflow.py
[2023-10-13T01:27:43.540+0000] {processor.py:829} INFO - Processing file /home/airflow/.local/lib/python3.8/site-packages/airflow/example_dags/example_setup_teardown_taskflow.py for tasks to queue
[2023-10-13T01:27:43.542+0000] {logging_mixin.py:151} INFO - [2023-10-13T01:27:43.541+0000] {dagbag.py:536} INFO - Filling up the DagBag from /home/airflow/.local/lib/python3.8/site-packages/airflow/example_dags/example_setup_teardown_taskflow.py
[2023-10-13T01:27:43.556+0000] {processor.py:839} INFO - DAG(s) dict_keys(['example_setup_teardown_taskflow']) retrieved from /home/airflow/.local/lib/python3.8/site-packages/airflow/example_dags/example_setup_teardown_taskflow.py
[2023-10-13T01:27:43.600+0000] {logging_mixin.py:151} INFO - [2023-10-13T01:27:43.599+0000] {dag.py:2941} INFO - Sync 1 DAGs
[2023-10-13T01:27:43.638+0000] {logging_mixin.py:151} INFO - [2023-10-13T01:27:43.638+0000] {dag.py:3722} INFO - Setting next_dagrun for example_setup_teardown_taskflow to 2023-10-12T01:27:43.637842+00:00, run_after=2023-10-13T01:27:43.637842+00:00
[2023-10-13T01:27:43.719+0000] {processor.py:179} INFO - Processing /home/airflow/.local/lib/python3.8/site-packages/airflow/example_dags/example_setup_teardown_taskflow.py took 0.184 seconds
