[2023-10-13T00:52:47.447+0000] {processor.py:157} INFO - Started process (PID=36) to work on /home/airflow/.local/lib/python3.8/site-packages/airflow/example_dags/example_skip_dag.py
[2023-10-13T00:52:47.448+0000] {processor.py:829} INFO - Processing file /home/airflow/.local/lib/python3.8/site-packages/airflow/example_dags/example_skip_dag.py for tasks to queue
[2023-10-13T00:52:47.451+0000] {logging_mixin.py:151} INFO - [2023-10-13T00:52:47.450+0000] {dagbag.py:536} INFO - Filling up the DagBag from /home/airflow/.local/lib/python3.8/site-packages/airflow/example_dags/example_skip_dag.py
[2023-10-13T00:52:47.472+0000] {processor.py:839} INFO - DAG(s) dict_keys(['example_skip_dag']) retrieved from /home/airflow/.local/lib/python3.8/site-packages/airflow/example_dags/example_skip_dag.py
[2023-10-13T00:52:47.506+0000] {logging_mixin.py:151} INFO - [2023-10-13T00:52:47.506+0000] {dag.py:2941} INFO - Sync 1 DAGs
[2023-10-13T00:52:47.536+0000] {logging_mixin.py:151} INFO - [2023-10-13T00:52:47.535+0000] {dag.py:3722} INFO - Setting next_dagrun for example_skip_dag to 2023-10-12T00:52:47.535568+00:00, run_after=2023-10-13T00:52:47.535568+00:00
[2023-10-13T00:52:47.698+0000] {processor.py:179} INFO - Processing /home/airflow/.local/lib/python3.8/site-packages/airflow/example_dags/example_skip_dag.py took 0.255 seconds
[2023-10-13T00:53:18.634+0000] {processor.py:157} INFO - Started process (PID=89) to work on /home/airflow/.local/lib/python3.8/site-packages/airflow/example_dags/example_skip_dag.py
[2023-10-13T00:53:18.635+0000] {processor.py:829} INFO - Processing file /home/airflow/.local/lib/python3.8/site-packages/airflow/example_dags/example_skip_dag.py for tasks to queue
[2023-10-13T00:53:18.638+0000] {logging_mixin.py:151} INFO - [2023-10-13T00:53:18.637+0000] {dagbag.py:536} INFO - Filling up the DagBag from /home/airflow/.local/lib/python3.8/site-packages/airflow/example_dags/example_skip_dag.py
[2023-10-13T00:53:18.647+0000] {processor.py:839} INFO - DAG(s) dict_keys(['example_skip_dag']) retrieved from /home/airflow/.local/lib/python3.8/site-packages/airflow/example_dags/example_skip_dag.py
[2023-10-13T00:53:18.676+0000] {logging_mixin.py:151} INFO - [2023-10-13T00:53:18.676+0000] {dag.py:2941} INFO - Sync 1 DAGs
[2023-10-13T00:53:18.709+0000] {logging_mixin.py:151} INFO - [2023-10-13T00:53:18.709+0000] {dag.py:3722} INFO - Setting next_dagrun for example_skip_dag to 2023-10-12T00:53:18.709167+00:00, run_after=2023-10-13T00:53:18.709167+00:00
[2023-10-13T00:53:18.755+0000] {processor.py:179} INFO - Processing /home/airflow/.local/lib/python3.8/site-packages/airflow/example_dags/example_skip_dag.py took 0.125 seconds
[2023-10-13T00:53:48.994+0000] {processor.py:157} INFO - Started process (PID=142) to work on /home/airflow/.local/lib/python3.8/site-packages/airflow/example_dags/example_skip_dag.py
[2023-10-13T00:53:49.015+0000] {processor.py:829} INFO - Processing file /home/airflow/.local/lib/python3.8/site-packages/airflow/example_dags/example_skip_dag.py for tasks to queue
[2023-10-13T00:53:49.020+0000] {logging_mixin.py:151} INFO - [2023-10-13T00:53:49.020+0000] {dagbag.py:536} INFO - Filling up the DagBag from /home/airflow/.local/lib/python3.8/site-packages/airflow/example_dags/example_skip_dag.py
[2023-10-13T00:53:49.030+0000] {processor.py:839} INFO - DAG(s) dict_keys(['example_skip_dag']) retrieved from /home/airflow/.local/lib/python3.8/site-packages/airflow/example_dags/example_skip_dag.py
[2023-10-13T00:53:49.078+0000] {logging_mixin.py:151} INFO - [2023-10-13T00:53:49.078+0000] {dag.py:2941} INFO - Sync 1 DAGs
[2023-10-13T00:53:49.112+0000] {logging_mixin.py:151} INFO - [2023-10-13T00:53:49.112+0000] {dag.py:3722} INFO - Setting next_dagrun for example_skip_dag to 2023-10-12T00:53:49.111868+00:00, run_after=2023-10-13T00:53:49.111868+00:00
[2023-10-13T00:53:49.153+0000] {processor.py:179} INFO - Processing /home/airflow/.local/lib/python3.8/site-packages/airflow/example_dags/example_skip_dag.py took 0.164 seconds
[2023-10-13T00:54:19.267+0000] {processor.py:157} INFO - Started process (PID=197) to work on /home/airflow/.local/lib/python3.8/site-packages/airflow/example_dags/example_skip_dag.py
[2023-10-13T00:54:19.270+0000] {processor.py:829} INFO - Processing file /home/airflow/.local/lib/python3.8/site-packages/airflow/example_dags/example_skip_dag.py for tasks to queue
[2023-10-13T00:54:19.274+0000] {logging_mixin.py:151} INFO - [2023-10-13T00:54:19.274+0000] {dagbag.py:536} INFO - Filling up the DagBag from /home/airflow/.local/lib/python3.8/site-packages/airflow/example_dags/example_skip_dag.py
[2023-10-13T00:54:19.291+0000] {processor.py:839} INFO - DAG(s) dict_keys(['example_skip_dag']) retrieved from /home/airflow/.local/lib/python3.8/site-packages/airflow/example_dags/example_skip_dag.py
[2023-10-13T00:54:19.353+0000] {logging_mixin.py:151} INFO - [2023-10-13T00:54:19.353+0000] {dag.py:2941} INFO - Sync 1 DAGs
[2023-10-13T00:54:19.425+0000] {logging_mixin.py:151} INFO - [2023-10-13T00:54:19.425+0000] {dag.py:3722} INFO - Setting next_dagrun for example_skip_dag to 2023-10-12T00:54:19.424939+00:00, run_after=2023-10-13T00:54:19.424939+00:00
[2023-10-13T00:54:19.476+0000] {processor.py:179} INFO - Processing /home/airflow/.local/lib/python3.8/site-packages/airflow/example_dags/example_skip_dag.py took 0.216 seconds
[2023-10-13T00:54:49.845+0000] {processor.py:157} INFO - Started process (PID=251) to work on /home/airflow/.local/lib/python3.8/site-packages/airflow/example_dags/example_skip_dag.py
[2023-10-13T00:54:49.847+0000] {processor.py:829} INFO - Processing file /home/airflow/.local/lib/python3.8/site-packages/airflow/example_dags/example_skip_dag.py for tasks to queue
[2023-10-13T00:54:49.851+0000] {logging_mixin.py:151} INFO - [2023-10-13T00:54:49.850+0000] {dagbag.py:536} INFO - Filling up the DagBag from /home/airflow/.local/lib/python3.8/site-packages/airflow/example_dags/example_skip_dag.py
[2023-10-13T00:54:49.864+0000] {processor.py:839} INFO - DAG(s) dict_keys(['example_skip_dag']) retrieved from /home/airflow/.local/lib/python3.8/site-packages/airflow/example_dags/example_skip_dag.py
[2023-10-13T00:54:49.920+0000] {logging_mixin.py:151} INFO - [2023-10-13T00:54:49.919+0000] {dag.py:2941} INFO - Sync 1 DAGs
[2023-10-13T00:54:49.989+0000] {logging_mixin.py:151} INFO - [2023-10-13T00:54:49.989+0000] {dag.py:3722} INFO - Setting next_dagrun for example_skip_dag to 2023-10-12T00:54:49.988801+00:00, run_after=2023-10-13T00:54:49.988801+00:00
[2023-10-13T00:54:50.060+0000] {processor.py:179} INFO - Processing /home/airflow/.local/lib/python3.8/site-packages/airflow/example_dags/example_skip_dag.py took 0.222 seconds
[2023-10-13T00:55:20.801+0000] {processor.py:157} INFO - Started process (PID=305) to work on /home/airflow/.local/lib/python3.8/site-packages/airflow/example_dags/example_skip_dag.py
[2023-10-13T00:55:20.845+0000] {processor.py:829} INFO - Processing file /home/airflow/.local/lib/python3.8/site-packages/airflow/example_dags/example_skip_dag.py for tasks to queue
[2023-10-13T00:55:20.847+0000] {logging_mixin.py:151} INFO - [2023-10-13T00:55:20.847+0000] {dagbag.py:536} INFO - Filling up the DagBag from /home/airflow/.local/lib/python3.8/site-packages/airflow/example_dags/example_skip_dag.py
[2023-10-13T00:55:20.865+0000] {processor.py:839} INFO - DAG(s) dict_keys(['example_skip_dag']) retrieved from /home/airflow/.local/lib/python3.8/site-packages/airflow/example_dags/example_skip_dag.py
[2023-10-13T00:55:20.987+0000] {logging_mixin.py:151} INFO - [2023-10-13T00:55:20.987+0000] {dag.py:2941} INFO - Sync 1 DAGs
[2023-10-13T00:55:21.054+0000] {logging_mixin.py:151} INFO - [2023-10-13T00:55:21.053+0000] {dag.py:3722} INFO - Setting next_dagrun for example_skip_dag to 2023-10-12T00:55:21.052646+00:00, run_after=2023-10-13T00:55:21.052646+00:00
[2023-10-13T00:55:21.096+0000] {processor.py:179} INFO - Processing /home/airflow/.local/lib/python3.8/site-packages/airflow/example_dags/example_skip_dag.py took 0.308 seconds
[2023-10-13T01:14:43.676+0000] {processor.py:157} INFO - Started process (PID=36) to work on /home/airflow/.local/lib/python3.8/site-packages/airflow/example_dags/example_skip_dag.py
[2023-10-13T01:14:43.687+0000] {processor.py:829} INFO - Processing file /home/airflow/.local/lib/python3.8/site-packages/airflow/example_dags/example_skip_dag.py for tasks to queue
[2023-10-13T01:14:43.690+0000] {logging_mixin.py:151} INFO - [2023-10-13T01:14:43.689+0000] {dagbag.py:536} INFO - Filling up the DagBag from /home/airflow/.local/lib/python3.8/site-packages/airflow/example_dags/example_skip_dag.py
[2023-10-13T01:14:43.702+0000] {processor.py:839} INFO - DAG(s) dict_keys(['example_skip_dag']) retrieved from /home/airflow/.local/lib/python3.8/site-packages/airflow/example_dags/example_skip_dag.py
[2023-10-13T01:14:43.798+0000] {logging_mixin.py:151} INFO - [2023-10-13T01:14:43.797+0000] {dag.py:2941} INFO - Sync 1 DAGs
[2023-10-13T01:14:43.902+0000] {logging_mixin.py:151} INFO - [2023-10-13T01:14:43.902+0000] {dag.py:3722} INFO - Setting next_dagrun for example_skip_dag to 2023-10-12T01:14:43.902146+00:00, run_after=2023-10-13T01:14:43.902146+00:00
[2023-10-13T01:14:43.981+0000] {processor.py:179} INFO - Processing /home/airflow/.local/lib/python3.8/site-packages/airflow/example_dags/example_skip_dag.py took 0.316 seconds
[2023-10-13T01:15:14.277+0000] {processor.py:157} INFO - Started process (PID=91) to work on /home/airflow/.local/lib/python3.8/site-packages/airflow/example_dags/example_skip_dag.py
[2023-10-13T01:15:14.282+0000] {processor.py:829} INFO - Processing file /home/airflow/.local/lib/python3.8/site-packages/airflow/example_dags/example_skip_dag.py for tasks to queue
[2023-10-13T01:15:14.285+0000] {logging_mixin.py:151} INFO - [2023-10-13T01:15:14.284+0000] {dagbag.py:536} INFO - Filling up the DagBag from /home/airflow/.local/lib/python3.8/site-packages/airflow/example_dags/example_skip_dag.py
[2023-10-13T01:15:14.293+0000] {processor.py:839} INFO - DAG(s) dict_keys(['example_skip_dag']) retrieved from /home/airflow/.local/lib/python3.8/site-packages/airflow/example_dags/example_skip_dag.py
[2023-10-13T01:15:14.319+0000] {logging_mixin.py:151} INFO - [2023-10-13T01:15:14.319+0000] {dag.py:2941} INFO - Sync 1 DAGs
[2023-10-13T01:15:14.348+0000] {logging_mixin.py:151} INFO - [2023-10-13T01:15:14.348+0000] {dag.py:3722} INFO - Setting next_dagrun for example_skip_dag to 2023-10-12T01:15:14.348184+00:00, run_after=2023-10-13T01:15:14.348184+00:00
[2023-10-13T01:15:14.384+0000] {processor.py:179} INFO - Processing /home/airflow/.local/lib/python3.8/site-packages/airflow/example_dags/example_skip_dag.py took 0.112 seconds
[2023-10-13T01:15:44.756+0000] {processor.py:157} INFO - Started process (PID=145) to work on /home/airflow/.local/lib/python3.8/site-packages/airflow/example_dags/example_skip_dag.py
[2023-10-13T01:15:44.757+0000] {processor.py:829} INFO - Processing file /home/airflow/.local/lib/python3.8/site-packages/airflow/example_dags/example_skip_dag.py for tasks to queue
[2023-10-13T01:15:44.760+0000] {logging_mixin.py:151} INFO - [2023-10-13T01:15:44.760+0000] {dagbag.py:536} INFO - Filling up the DagBag from /home/airflow/.local/lib/python3.8/site-packages/airflow/example_dags/example_skip_dag.py
[2023-10-13T01:15:44.768+0000] {processor.py:839} INFO - DAG(s) dict_keys(['example_skip_dag']) retrieved from /home/airflow/.local/lib/python3.8/site-packages/airflow/example_dags/example_skip_dag.py
[2023-10-13T01:15:44.791+0000] {logging_mixin.py:151} INFO - [2023-10-13T01:15:44.791+0000] {dag.py:2941} INFO - Sync 1 DAGs
[2023-10-13T01:15:44.827+0000] {logging_mixin.py:151} INFO - [2023-10-13T01:15:44.827+0000] {dag.py:3722} INFO - Setting next_dagrun for example_skip_dag to 2023-10-12T01:15:44.825503+00:00, run_after=2023-10-13T01:15:44.825503+00:00
[2023-10-13T01:15:44.875+0000] {processor.py:179} INFO - Processing /home/airflow/.local/lib/python3.8/site-packages/airflow/example_dags/example_skip_dag.py took 0.122 seconds
[2023-10-13T01:16:15.161+0000] {processor.py:157} INFO - Started process (PID=199) to work on /home/airflow/.local/lib/python3.8/site-packages/airflow/example_dags/example_skip_dag.py
[2023-10-13T01:16:15.171+0000] {processor.py:829} INFO - Processing file /home/airflow/.local/lib/python3.8/site-packages/airflow/example_dags/example_skip_dag.py for tasks to queue
[2023-10-13T01:16:15.173+0000] {logging_mixin.py:151} INFO - [2023-10-13T01:16:15.173+0000] {dagbag.py:536} INFO - Filling up the DagBag from /home/airflow/.local/lib/python3.8/site-packages/airflow/example_dags/example_skip_dag.py
[2023-10-13T01:16:15.182+0000] {processor.py:839} INFO - DAG(s) dict_keys(['example_skip_dag']) retrieved from /home/airflow/.local/lib/python3.8/site-packages/airflow/example_dags/example_skip_dag.py
[2023-10-13T01:16:15.211+0000] {logging_mixin.py:151} INFO - [2023-10-13T01:16:15.210+0000] {dag.py:2941} INFO - Sync 1 DAGs
[2023-10-13T01:16:15.246+0000] {logging_mixin.py:151} INFO - [2023-10-13T01:16:15.246+0000] {dag.py:3722} INFO - Setting next_dagrun for example_skip_dag to 2023-10-12T01:16:15.246012+00:00, run_after=2023-10-13T01:16:15.246012+00:00
[2023-10-13T01:16:15.285+0000] {processor.py:179} INFO - Processing /home/airflow/.local/lib/python3.8/site-packages/airflow/example_dags/example_skip_dag.py took 0.129 seconds
[2023-10-13T01:16:45.381+0000] {processor.py:157} INFO - Started process (PID=254) to work on /home/airflow/.local/lib/python3.8/site-packages/airflow/example_dags/example_skip_dag.py
[2023-10-13T01:16:45.382+0000] {processor.py:829} INFO - Processing file /home/airflow/.local/lib/python3.8/site-packages/airflow/example_dags/example_skip_dag.py for tasks to queue
[2023-10-13T01:16:45.386+0000] {logging_mixin.py:151} INFO - [2023-10-13T01:16:45.386+0000] {dagbag.py:536} INFO - Filling up the DagBag from /home/airflow/.local/lib/python3.8/site-packages/airflow/example_dags/example_skip_dag.py
[2023-10-13T01:16:45.394+0000] {processor.py:839} INFO - DAG(s) dict_keys(['example_skip_dag']) retrieved from /home/airflow/.local/lib/python3.8/site-packages/airflow/example_dags/example_skip_dag.py
[2023-10-13T01:16:45.418+0000] {logging_mixin.py:151} INFO - [2023-10-13T01:16:45.418+0000] {dag.py:2941} INFO - Sync 1 DAGs
[2023-10-13T01:16:45.449+0000] {logging_mixin.py:151} INFO - [2023-10-13T01:16:45.449+0000] {dag.py:3722} INFO - Setting next_dagrun for example_skip_dag to 2023-10-12T01:16:45.448784+00:00, run_after=2023-10-13T01:16:45.448784+00:00
[2023-10-13T01:16:45.486+0000] {processor.py:179} INFO - Processing /home/airflow/.local/lib/python3.8/site-packages/airflow/example_dags/example_skip_dag.py took 0.114 seconds
[2023-10-13T01:17:15.884+0000] {processor.py:157} INFO - Started process (PID=308) to work on /home/airflow/.local/lib/python3.8/site-packages/airflow/example_dags/example_skip_dag.py
[2023-10-13T01:17:15.885+0000] {processor.py:829} INFO - Processing file /home/airflow/.local/lib/python3.8/site-packages/airflow/example_dags/example_skip_dag.py for tasks to queue
[2023-10-13T01:17:15.889+0000] {logging_mixin.py:151} INFO - [2023-10-13T01:17:15.887+0000] {dagbag.py:536} INFO - Filling up the DagBag from /home/airflow/.local/lib/python3.8/site-packages/airflow/example_dags/example_skip_dag.py
[2023-10-13T01:17:15.897+0000] {processor.py:839} INFO - DAG(s) dict_keys(['example_skip_dag']) retrieved from /home/airflow/.local/lib/python3.8/site-packages/airflow/example_dags/example_skip_dag.py
[2023-10-13T01:17:15.918+0000] {logging_mixin.py:151} INFO - [2023-10-13T01:17:15.918+0000] {dag.py:2941} INFO - Sync 1 DAGs
[2023-10-13T01:17:15.949+0000] {logging_mixin.py:151} INFO - [2023-10-13T01:17:15.949+0000] {dag.py:3722} INFO - Setting next_dagrun for example_skip_dag to 2023-10-12T01:17:15.948823+00:00, run_after=2023-10-13T01:17:15.948823+00:00
[2023-10-13T01:17:16.000+0000] {processor.py:179} INFO - Processing /home/airflow/.local/lib/python3.8/site-packages/airflow/example_dags/example_skip_dag.py took 0.120 seconds
[2023-10-13T01:17:46.456+0000] {processor.py:157} INFO - Started process (PID=364) to work on /home/airflow/.local/lib/python3.8/site-packages/airflow/example_dags/example_skip_dag.py
[2023-10-13T01:17:46.458+0000] {processor.py:829} INFO - Processing file /home/airflow/.local/lib/python3.8/site-packages/airflow/example_dags/example_skip_dag.py for tasks to queue
[2023-10-13T01:17:46.461+0000] {logging_mixin.py:151} INFO - [2023-10-13T01:17:46.460+0000] {dagbag.py:536} INFO - Filling up the DagBag from /home/airflow/.local/lib/python3.8/site-packages/airflow/example_dags/example_skip_dag.py
[2023-10-13T01:17:46.471+0000] {processor.py:839} INFO - DAG(s) dict_keys(['example_skip_dag']) retrieved from /home/airflow/.local/lib/python3.8/site-packages/airflow/example_dags/example_skip_dag.py
[2023-10-13T01:17:46.502+0000] {logging_mixin.py:151} INFO - [2023-10-13T01:17:46.502+0000] {dag.py:2941} INFO - Sync 1 DAGs
[2023-10-13T01:17:46.528+0000] {logging_mixin.py:151} INFO - [2023-10-13T01:17:46.528+0000] {dag.py:3722} INFO - Setting next_dagrun for example_skip_dag to 2023-10-12T01:17:46.527802+00:00, run_after=2023-10-13T01:17:46.527802+00:00
[2023-10-13T01:17:46.549+0000] {processor.py:179} INFO - Processing /home/airflow/.local/lib/python3.8/site-packages/airflow/example_dags/example_skip_dag.py took 0.099 seconds
[2023-10-13T01:18:17.166+0000] {processor.py:157} INFO - Started process (PID=419) to work on /home/airflow/.local/lib/python3.8/site-packages/airflow/example_dags/example_skip_dag.py
[2023-10-13T01:18:17.178+0000] {processor.py:829} INFO - Processing file /home/airflow/.local/lib/python3.8/site-packages/airflow/example_dags/example_skip_dag.py for tasks to queue
[2023-10-13T01:18:17.192+0000] {logging_mixin.py:151} INFO - [2023-10-13T01:18:17.184+0000] {dagbag.py:536} INFO - Filling up the DagBag from /home/airflow/.local/lib/python3.8/site-packages/airflow/example_dags/example_skip_dag.py
[2023-10-13T01:18:17.215+0000] {processor.py:839} INFO - DAG(s) dict_keys(['example_skip_dag']) retrieved from /home/airflow/.local/lib/python3.8/site-packages/airflow/example_dags/example_skip_dag.py
[2023-10-13T01:18:17.305+0000] {logging_mixin.py:151} INFO - [2023-10-13T01:18:17.304+0000] {dag.py:2941} INFO - Sync 1 DAGs
[2023-10-13T01:18:17.390+0000] {logging_mixin.py:151} INFO - [2023-10-13T01:18:17.390+0000] {dag.py:3722} INFO - Setting next_dagrun for example_skip_dag to 2023-10-12T01:18:17.389925+00:00, run_after=2023-10-13T01:18:17.389925+00:00
[2023-10-13T01:18:17.449+0000] {processor.py:179} INFO - Processing /home/airflow/.local/lib/python3.8/site-packages/airflow/example_dags/example_skip_dag.py took 0.303 seconds
[2023-10-13T01:18:47.519+0000] {processor.py:157} INFO - Started process (PID=474) to work on /home/airflow/.local/lib/python3.8/site-packages/airflow/example_dags/example_skip_dag.py
[2023-10-13T01:18:47.520+0000] {processor.py:829} INFO - Processing file /home/airflow/.local/lib/python3.8/site-packages/airflow/example_dags/example_skip_dag.py for tasks to queue
[2023-10-13T01:18:47.525+0000] {logging_mixin.py:151} INFO - [2023-10-13T01:18:47.524+0000] {dagbag.py:536} INFO - Filling up the DagBag from /home/airflow/.local/lib/python3.8/site-packages/airflow/example_dags/example_skip_dag.py
[2023-10-13T01:18:47.535+0000] {processor.py:839} INFO - DAG(s) dict_keys(['example_skip_dag']) retrieved from /home/airflow/.local/lib/python3.8/site-packages/airflow/example_dags/example_skip_dag.py
[2023-10-13T01:18:47.565+0000] {logging_mixin.py:151} INFO - [2023-10-13T01:18:47.565+0000] {dag.py:2941} INFO - Sync 1 DAGs
[2023-10-13T01:18:47.599+0000] {logging_mixin.py:151} INFO - [2023-10-13T01:18:47.599+0000] {dag.py:3722} INFO - Setting next_dagrun for example_skip_dag to 2023-10-12T01:18:47.598940+00:00, run_after=2023-10-13T01:18:47.598940+00:00
[2023-10-13T01:18:47.664+0000] {processor.py:179} INFO - Processing /home/airflow/.local/lib/python3.8/site-packages/airflow/example_dags/example_skip_dag.py took 0.150 seconds
[2023-10-13T01:19:17.718+0000] {processor.py:157} INFO - Started process (PID=529) to work on /home/airflow/.local/lib/python3.8/site-packages/airflow/example_dags/example_skip_dag.py
[2023-10-13T01:19:17.719+0000] {processor.py:829} INFO - Processing file /home/airflow/.local/lib/python3.8/site-packages/airflow/example_dags/example_skip_dag.py for tasks to queue
[2023-10-13T01:19:17.721+0000] {logging_mixin.py:151} INFO - [2023-10-13T01:19:17.721+0000] {dagbag.py:536} INFO - Filling up the DagBag from /home/airflow/.local/lib/python3.8/site-packages/airflow/example_dags/example_skip_dag.py
[2023-10-13T01:19:17.731+0000] {processor.py:839} INFO - DAG(s) dict_keys(['example_skip_dag']) retrieved from /home/airflow/.local/lib/python3.8/site-packages/airflow/example_dags/example_skip_dag.py
[2023-10-13T01:19:17.768+0000] {logging_mixin.py:151} INFO - [2023-10-13T01:19:17.767+0000] {dag.py:2941} INFO - Sync 1 DAGs
[2023-10-13T01:19:17.799+0000] {logging_mixin.py:151} INFO - [2023-10-13T01:19:17.799+0000] {dag.py:3722} INFO - Setting next_dagrun for example_skip_dag to 2023-10-12T01:19:17.798962+00:00, run_after=2023-10-13T01:19:17.798962+00:00
[2023-10-13T01:19:17.855+0000] {processor.py:179} INFO - Processing /home/airflow/.local/lib/python3.8/site-packages/airflow/example_dags/example_skip_dag.py took 0.142 seconds
[2023-10-13T01:19:48.153+0000] {processor.py:157} INFO - Started process (PID=584) to work on /home/airflow/.local/lib/python3.8/site-packages/airflow/example_dags/example_skip_dag.py
[2023-10-13T01:19:48.154+0000] {processor.py:829} INFO - Processing file /home/airflow/.local/lib/python3.8/site-packages/airflow/example_dags/example_skip_dag.py for tasks to queue
[2023-10-13T01:19:48.156+0000] {logging_mixin.py:151} INFO - [2023-10-13T01:19:48.156+0000] {dagbag.py:536} INFO - Filling up the DagBag from /home/airflow/.local/lib/python3.8/site-packages/airflow/example_dags/example_skip_dag.py
[2023-10-13T01:19:48.164+0000] {processor.py:839} INFO - DAG(s) dict_keys(['example_skip_dag']) retrieved from /home/airflow/.local/lib/python3.8/site-packages/airflow/example_dags/example_skip_dag.py
[2023-10-13T01:19:48.191+0000] {logging_mixin.py:151} INFO - [2023-10-13T01:19:48.191+0000] {dag.py:2941} INFO - Sync 1 DAGs
[2023-10-13T01:19:48.220+0000] {logging_mixin.py:151} INFO - [2023-10-13T01:19:48.220+0000] {dag.py:3722} INFO - Setting next_dagrun for example_skip_dag to 2023-10-12T01:19:48.219818+00:00, run_after=2023-10-13T01:19:48.219818+00:00
[2023-10-13T01:19:48.255+0000] {processor.py:179} INFO - Processing /home/airflow/.local/lib/python3.8/site-packages/airflow/example_dags/example_skip_dag.py took 0.107 seconds
[2023-10-13T01:20:20.167+0000] {processor.py:157} INFO - Started process (PID=639) to work on /home/airflow/.local/lib/python3.8/site-packages/airflow/example_dags/example_skip_dag.py
[2023-10-13T01:20:20.169+0000] {processor.py:829} INFO - Processing file /home/airflow/.local/lib/python3.8/site-packages/airflow/example_dags/example_skip_dag.py for tasks to queue
[2023-10-13T01:20:20.173+0000] {logging_mixin.py:151} INFO - [2023-10-13T01:20:20.172+0000] {dagbag.py:536} INFO - Filling up the DagBag from /home/airflow/.local/lib/python3.8/site-packages/airflow/example_dags/example_skip_dag.py
[2023-10-13T01:20:20.184+0000] {processor.py:839} INFO - DAG(s) dict_keys(['example_skip_dag']) retrieved from /home/airflow/.local/lib/python3.8/site-packages/airflow/example_dags/example_skip_dag.py
[2023-10-13T01:20:20.239+0000] {logging_mixin.py:151} INFO - [2023-10-13T01:20:20.239+0000] {dag.py:2941} INFO - Sync 1 DAGs
[2023-10-13T01:20:20.310+0000] {logging_mixin.py:151} INFO - [2023-10-13T01:20:20.309+0000] {dag.py:3722} INFO - Setting next_dagrun for example_skip_dag to 2023-10-12T01:20:20.309685+00:00, run_after=2023-10-13T01:20:20.309685+00:00
[2023-10-13T01:20:20.379+0000] {processor.py:179} INFO - Processing /home/airflow/.local/lib/python3.8/site-packages/airflow/example_dags/example_skip_dag.py took 0.217 seconds
[2023-10-13T01:20:51.260+0000] {processor.py:157} INFO - Started process (PID=694) to work on /home/airflow/.local/lib/python3.8/site-packages/airflow/example_dags/example_skip_dag.py
[2023-10-13T01:20:51.472+0000] {processor.py:829} INFO - Processing file /home/airflow/.local/lib/python3.8/site-packages/airflow/example_dags/example_skip_dag.py for tasks to queue
[2023-10-13T01:20:51.475+0000] {logging_mixin.py:151} INFO - [2023-10-13T01:20:51.475+0000] {dagbag.py:536} INFO - Filling up the DagBag from /home/airflow/.local/lib/python3.8/site-packages/airflow/example_dags/example_skip_dag.py
[2023-10-13T01:20:51.491+0000] {processor.py:839} INFO - DAG(s) dict_keys(['example_skip_dag']) retrieved from /home/airflow/.local/lib/python3.8/site-packages/airflow/example_dags/example_skip_dag.py
[2023-10-13T01:20:51.532+0000] {logging_mixin.py:151} INFO - [2023-10-13T01:20:51.532+0000] {dag.py:2941} INFO - Sync 1 DAGs
[2023-10-13T01:20:51.602+0000] {logging_mixin.py:151} INFO - [2023-10-13T01:20:51.602+0000] {dag.py:3722} INFO - Setting next_dagrun for example_skip_dag to 2023-10-12T01:20:51.601160+00:00, run_after=2023-10-13T01:20:51.601160+00:00
[2023-10-13T01:20:51.721+0000] {processor.py:179} INFO - Processing /home/airflow/.local/lib/python3.8/site-packages/airflow/example_dags/example_skip_dag.py took 0.468 seconds
[2023-10-13T01:21:22.480+0000] {processor.py:157} INFO - Started process (PID=750) to work on /home/airflow/.local/lib/python3.8/site-packages/airflow/example_dags/example_skip_dag.py
[2023-10-13T01:21:22.481+0000] {processor.py:829} INFO - Processing file /home/airflow/.local/lib/python3.8/site-packages/airflow/example_dags/example_skip_dag.py for tasks to queue
[2023-10-13T01:21:22.485+0000] {logging_mixin.py:151} INFO - [2023-10-13T01:21:22.484+0000] {dagbag.py:536} INFO - Filling up the DagBag from /home/airflow/.local/lib/python3.8/site-packages/airflow/example_dags/example_skip_dag.py
[2023-10-13T01:21:22.501+0000] {processor.py:839} INFO - DAG(s) dict_keys(['example_skip_dag']) retrieved from /home/airflow/.local/lib/python3.8/site-packages/airflow/example_dags/example_skip_dag.py
[2023-10-13T01:21:22.557+0000] {logging_mixin.py:151} INFO - [2023-10-13T01:21:22.555+0000] {dag.py:2941} INFO - Sync 1 DAGs
[2023-10-13T01:21:22.613+0000] {logging_mixin.py:151} INFO - [2023-10-13T01:21:22.613+0000] {dag.py:3722} INFO - Setting next_dagrun for example_skip_dag to 2023-10-12T01:21:22.612776+00:00, run_after=2023-10-13T01:21:22.612776+00:00
[2023-10-13T01:21:22.657+0000] {processor.py:179} INFO - Processing /home/airflow/.local/lib/python3.8/site-packages/airflow/example_dags/example_skip_dag.py took 0.189 seconds
[2023-10-13T01:21:53.274+0000] {processor.py:157} INFO - Started process (PID=806) to work on /home/airflow/.local/lib/python3.8/site-packages/airflow/example_dags/example_skip_dag.py
[2023-10-13T01:21:53.304+0000] {processor.py:829} INFO - Processing file /home/airflow/.local/lib/python3.8/site-packages/airflow/example_dags/example_skip_dag.py for tasks to queue
[2023-10-13T01:21:53.308+0000] {logging_mixin.py:151} INFO - [2023-10-13T01:21:53.307+0000] {dagbag.py:536} INFO - Filling up the DagBag from /home/airflow/.local/lib/python3.8/site-packages/airflow/example_dags/example_skip_dag.py
[2023-10-13T01:21:53.319+0000] {processor.py:839} INFO - DAG(s) dict_keys(['example_skip_dag']) retrieved from /home/airflow/.local/lib/python3.8/site-packages/airflow/example_dags/example_skip_dag.py
[2023-10-13T01:21:53.352+0000] {logging_mixin.py:151} INFO - [2023-10-13T01:21:53.352+0000] {dag.py:2941} INFO - Sync 1 DAGs
[2023-10-13T01:21:53.401+0000] {logging_mixin.py:151} INFO - [2023-10-13T01:21:53.401+0000] {dag.py:3722} INFO - Setting next_dagrun for example_skip_dag to 2023-10-12T01:21:53.400583+00:00, run_after=2023-10-13T01:21:53.400583+00:00
[2023-10-13T01:21:53.512+0000] {processor.py:179} INFO - Processing /home/airflow/.local/lib/python3.8/site-packages/airflow/example_dags/example_skip_dag.py took 0.245 seconds
[2023-10-13T01:24:38.456+0000] {processor.py:157} INFO - Started process (PID=37) to work on /home/airflow/.local/lib/python3.8/site-packages/airflow/example_dags/example_skip_dag.py
[2023-10-13T01:24:38.501+0000] {processor.py:829} INFO - Processing file /home/airflow/.local/lib/python3.8/site-packages/airflow/example_dags/example_skip_dag.py for tasks to queue
[2023-10-13T01:24:38.504+0000] {logging_mixin.py:151} INFO - [2023-10-13T01:24:38.503+0000] {dagbag.py:536} INFO - Filling up the DagBag from /home/airflow/.local/lib/python3.8/site-packages/airflow/example_dags/example_skip_dag.py
[2023-10-13T01:24:38.516+0000] {processor.py:839} INFO - DAG(s) dict_keys(['example_skip_dag']) retrieved from /home/airflow/.local/lib/python3.8/site-packages/airflow/example_dags/example_skip_dag.py
[2023-10-13T01:24:38.551+0000] {logging_mixin.py:151} INFO - [2023-10-13T01:24:38.551+0000] {dag.py:2941} INFO - Sync 1 DAGs
[2023-10-13T01:24:38.589+0000] {logging_mixin.py:151} INFO - [2023-10-13T01:24:38.588+0000] {dag.py:3722} INFO - Setting next_dagrun for example_skip_dag to 2023-10-12T01:24:38.588501+00:00, run_after=2023-10-13T01:24:38.588501+00:00
[2023-10-13T01:24:38.675+0000] {processor.py:179} INFO - Processing /home/airflow/.local/lib/python3.8/site-packages/airflow/example_dags/example_skip_dag.py took 0.223 seconds
[2023-10-13T01:25:08.729+0000] {processor.py:157} INFO - Started process (PID=92) to work on /home/airflow/.local/lib/python3.8/site-packages/airflow/example_dags/example_skip_dag.py
[2023-10-13T01:25:08.747+0000] {processor.py:829} INFO - Processing file /home/airflow/.local/lib/python3.8/site-packages/airflow/example_dags/example_skip_dag.py for tasks to queue
[2023-10-13T01:25:08.750+0000] {logging_mixin.py:151} INFO - [2023-10-13T01:25:08.750+0000] {dagbag.py:536} INFO - Filling up the DagBag from /home/airflow/.local/lib/python3.8/site-packages/airflow/example_dags/example_skip_dag.py
[2023-10-13T01:25:08.761+0000] {processor.py:839} INFO - DAG(s) dict_keys(['example_skip_dag']) retrieved from /home/airflow/.local/lib/python3.8/site-packages/airflow/example_dags/example_skip_dag.py
[2023-10-13T01:25:08.797+0000] {logging_mixin.py:151} INFO - [2023-10-13T01:25:08.797+0000] {dag.py:2941} INFO - Sync 1 DAGs
[2023-10-13T01:25:08.830+0000] {logging_mixin.py:151} INFO - [2023-10-13T01:25:08.830+0000] {dag.py:3722} INFO - Setting next_dagrun for example_skip_dag to 2023-10-12T01:25:08.829992+00:00, run_after=2023-10-13T01:25:08.829992+00:00
[2023-10-13T01:25:08.941+0000] {processor.py:179} INFO - Processing /home/airflow/.local/lib/python3.8/site-packages/airflow/example_dags/example_skip_dag.py took 0.217 seconds
[2023-10-13T01:25:39.021+0000] {processor.py:157} INFO - Started process (PID=147) to work on /home/airflow/.local/lib/python3.8/site-packages/airflow/example_dags/example_skip_dag.py
[2023-10-13T01:25:39.022+0000] {processor.py:829} INFO - Processing file /home/airflow/.local/lib/python3.8/site-packages/airflow/example_dags/example_skip_dag.py for tasks to queue
[2023-10-13T01:25:39.025+0000] {logging_mixin.py:151} INFO - [2023-10-13T01:25:39.025+0000] {dagbag.py:536} INFO - Filling up the DagBag from /home/airflow/.local/lib/python3.8/site-packages/airflow/example_dags/example_skip_dag.py
[2023-10-13T01:25:39.032+0000] {processor.py:839} INFO - DAG(s) dict_keys(['example_skip_dag']) retrieved from /home/airflow/.local/lib/python3.8/site-packages/airflow/example_dags/example_skip_dag.py
[2023-10-13T01:25:39.058+0000] {logging_mixin.py:151} INFO - [2023-10-13T01:25:39.058+0000] {dag.py:2941} INFO - Sync 1 DAGs
[2023-10-13T01:25:39.083+0000] {logging_mixin.py:151} INFO - [2023-10-13T01:25:39.083+0000] {dag.py:3722} INFO - Setting next_dagrun for example_skip_dag to 2023-10-12T01:25:39.083332+00:00, run_after=2023-10-13T01:25:39.083332+00:00
[2023-10-13T01:25:39.104+0000] {processor.py:179} INFO - Processing /home/airflow/.local/lib/python3.8/site-packages/airflow/example_dags/example_skip_dag.py took 0.087 seconds
[2023-10-13T01:26:09.597+0000] {processor.py:157} INFO - Started process (PID=201) to work on /home/airflow/.local/lib/python3.8/site-packages/airflow/example_dags/example_skip_dag.py
[2023-10-13T01:26:09.613+0000] {processor.py:829} INFO - Processing file /home/airflow/.local/lib/python3.8/site-packages/airflow/example_dags/example_skip_dag.py for tasks to queue
[2023-10-13T01:26:09.615+0000] {logging_mixin.py:151} INFO - [2023-10-13T01:26:09.615+0000] {dagbag.py:536} INFO - Filling up the DagBag from /home/airflow/.local/lib/python3.8/site-packages/airflow/example_dags/example_skip_dag.py
[2023-10-13T01:26:09.623+0000] {processor.py:839} INFO - DAG(s) dict_keys(['example_skip_dag']) retrieved from /home/airflow/.local/lib/python3.8/site-packages/airflow/example_dags/example_skip_dag.py
[2023-10-13T01:26:09.645+0000] {logging_mixin.py:151} INFO - [2023-10-13T01:26:09.645+0000] {dag.py:2941} INFO - Sync 1 DAGs
[2023-10-13T01:26:09.668+0000] {logging_mixin.py:151} INFO - [2023-10-13T01:26:09.668+0000] {dag.py:3722} INFO - Setting next_dagrun for example_skip_dag to 2023-10-12T01:26:09.668139+00:00, run_after=2023-10-13T01:26:09.668139+00:00
[2023-10-13T01:26:09.706+0000] {processor.py:179} INFO - Processing /home/airflow/.local/lib/python3.8/site-packages/airflow/example_dags/example_skip_dag.py took 0.112 seconds
[2023-10-13T01:26:40.198+0000] {processor.py:157} INFO - Started process (PID=256) to work on /home/airflow/.local/lib/python3.8/site-packages/airflow/example_dags/example_skip_dag.py
[2023-10-13T01:26:40.199+0000] {processor.py:829} INFO - Processing file /home/airflow/.local/lib/python3.8/site-packages/airflow/example_dags/example_skip_dag.py for tasks to queue
[2023-10-13T01:26:40.201+0000] {logging_mixin.py:151} INFO - [2023-10-13T01:26:40.201+0000] {dagbag.py:536} INFO - Filling up the DagBag from /home/airflow/.local/lib/python3.8/site-packages/airflow/example_dags/example_skip_dag.py
[2023-10-13T01:26:40.208+0000] {processor.py:839} INFO - DAG(s) dict_keys(['example_skip_dag']) retrieved from /home/airflow/.local/lib/python3.8/site-packages/airflow/example_dags/example_skip_dag.py
[2023-10-13T01:26:40.232+0000] {logging_mixin.py:151} INFO - [2023-10-13T01:26:40.232+0000] {dag.py:2941} INFO - Sync 1 DAGs
[2023-10-13T01:26:40.262+0000] {logging_mixin.py:151} INFO - [2023-10-13T01:26:40.262+0000] {dag.py:3722} INFO - Setting next_dagrun for example_skip_dag to 2023-10-12T01:26:40.261933+00:00, run_after=2023-10-13T01:26:40.261933+00:00
[2023-10-13T01:26:40.308+0000] {processor.py:179} INFO - Processing /home/airflow/.local/lib/python3.8/site-packages/airflow/example_dags/example_skip_dag.py took 0.114 seconds
[2023-10-13T01:27:11.133+0000] {processor.py:157} INFO - Started process (PID=311) to work on /home/airflow/.local/lib/python3.8/site-packages/airflow/example_dags/example_skip_dag.py
[2023-10-13T01:27:11.149+0000] {processor.py:829} INFO - Processing file /home/airflow/.local/lib/python3.8/site-packages/airflow/example_dags/example_skip_dag.py for tasks to queue
[2023-10-13T01:27:11.152+0000] {logging_mixin.py:151} INFO - [2023-10-13T01:27:11.152+0000] {dagbag.py:536} INFO - Filling up the DagBag from /home/airflow/.local/lib/python3.8/site-packages/airflow/example_dags/example_skip_dag.py
[2023-10-13T01:27:11.162+0000] {processor.py:839} INFO - DAG(s) dict_keys(['example_skip_dag']) retrieved from /home/airflow/.local/lib/python3.8/site-packages/airflow/example_dags/example_skip_dag.py
[2023-10-13T01:27:11.220+0000] {logging_mixin.py:151} INFO - [2023-10-13T01:27:11.219+0000] {dag.py:2941} INFO - Sync 1 DAGs
[2023-10-13T01:27:11.270+0000] {logging_mixin.py:151} INFO - [2023-10-13T01:27:11.270+0000] {dag.py:3722} INFO - Setting next_dagrun for example_skip_dag to 2023-10-12T01:27:11.269906+00:00, run_after=2023-10-13T01:27:11.269906+00:00
[2023-10-13T01:27:11.319+0000] {processor.py:179} INFO - Processing /home/airflow/.local/lib/python3.8/site-packages/airflow/example_dags/example_skip_dag.py took 0.203 seconds
[2023-10-13T01:27:41.361+0000] {processor.py:157} INFO - Started process (PID=366) to work on /home/airflow/.local/lib/python3.8/site-packages/airflow/example_dags/example_skip_dag.py
[2023-10-13T01:27:41.395+0000] {processor.py:829} INFO - Processing file /home/airflow/.local/lib/python3.8/site-packages/airflow/example_dags/example_skip_dag.py for tasks to queue
[2023-10-13T01:27:41.398+0000] {logging_mixin.py:151} INFO - [2023-10-13T01:27:41.398+0000] {dagbag.py:536} INFO - Filling up the DagBag from /home/airflow/.local/lib/python3.8/site-packages/airflow/example_dags/example_skip_dag.py
[2023-10-13T01:27:41.407+0000] {processor.py:839} INFO - DAG(s) dict_keys(['example_skip_dag']) retrieved from /home/airflow/.local/lib/python3.8/site-packages/airflow/example_dags/example_skip_dag.py
[2023-10-13T01:27:41.435+0000] {logging_mixin.py:151} INFO - [2023-10-13T01:27:41.435+0000] {dag.py:2941} INFO - Sync 1 DAGs
[2023-10-13T01:27:41.469+0000] {logging_mixin.py:151} INFO - [2023-10-13T01:27:41.469+0000] {dag.py:3722} INFO - Setting next_dagrun for example_skip_dag to 2023-10-12T01:27:41.469412+00:00, run_after=2023-10-13T01:27:41.469412+00:00
[2023-10-13T01:27:41.549+0000] {processor.py:179} INFO - Processing /home/airflow/.local/lib/python3.8/site-packages/airflow/example_dags/example_skip_dag.py took 0.192 seconds
