[2023-10-13T00:52:53.052+0000] {processor.py:157} INFO - Started process (PID=63) to work on /home/airflow/.local/lib/python3.8/site-packages/airflow/example_dags/example_branch_datetime_operator.py
[2023-10-13T00:52:53.056+0000] {processor.py:829} INFO - Processing file /home/airflow/.local/lib/python3.8/site-packages/airflow/example_dags/example_branch_datetime_operator.py for tasks to queue
[2023-10-13T00:52:53.078+0000] {logging_mixin.py:151} INFO - [2023-10-13T00:52:53.076+0000] {dagbag.py:536} INFO - Filling up the DagBag from /home/airflow/.local/lib/python3.8/site-packages/airflow/example_dags/example_branch_datetime_operator.py
[2023-10-13T00:52:53.118+0000] {processor.py:839} INFO - DAG(s) dict_keys(['example_branch_datetime_operator_2', 'example_branch_datetime_operator_3', 'example_branch_datetime_operator']) retrieved from /home/airflow/.local/lib/python3.8/site-packages/airflow/example_dags/example_branch_datetime_operator.py
[2023-10-13T00:52:53.192+0000] {logging_mixin.py:151} INFO - [2023-10-13T00:52:53.192+0000] {dag.py:2941} INFO - Sync 3 DAGs
[2023-10-13T00:52:53.246+0000] {logging_mixin.py:151} INFO - [2023-10-13T00:52:53.246+0000] {dag.py:3722} INFO - Setting next_dagrun for example_branch_datetime_operator to 2023-10-12T00:00:00+00:00, run_after=2023-10-13T00:00:00+00:00
[2023-10-13T00:52:53.258+0000] {logging_mixin.py:151} INFO - [2023-10-13T00:52:53.257+0000] {dag.py:3722} INFO - Setting next_dagrun for example_branch_datetime_operator_2 to 2023-10-12T00:00:00+00:00, run_after=2023-10-13T00:00:00+00:00
[2023-10-13T00:52:53.265+0000] {logging_mixin.py:151} INFO - [2023-10-13T00:52:53.265+0000] {dag.py:3722} INFO - Setting next_dagrun for example_branch_datetime_operator_3 to 2023-10-12T00:00:00+00:00, run_after=2023-10-13T00:00:00+00:00
[2023-10-13T00:52:53.326+0000] {processor.py:179} INFO - Processing /home/airflow/.local/lib/python3.8/site-packages/airflow/example_dags/example_branch_datetime_operator.py took 0.295 seconds
[2023-10-13T00:53:23.849+0000] {processor.py:157} INFO - Started process (PID=116) to work on /home/airflow/.local/lib/python3.8/site-packages/airflow/example_dags/example_branch_datetime_operator.py
[2023-10-13T00:53:23.850+0000] {processor.py:829} INFO - Processing file /home/airflow/.local/lib/python3.8/site-packages/airflow/example_dags/example_branch_datetime_operator.py for tasks to queue
[2023-10-13T00:53:23.852+0000] {logging_mixin.py:151} INFO - [2023-10-13T00:53:23.852+0000] {dagbag.py:536} INFO - Filling up the DagBag from /home/airflow/.local/lib/python3.8/site-packages/airflow/example_dags/example_branch_datetime_operator.py
[2023-10-13T00:53:23.869+0000] {processor.py:839} INFO - DAG(s) dict_keys(['example_branch_datetime_operator_3', 'example_branch_datetime_operator', 'example_branch_datetime_operator_2']) retrieved from /home/airflow/.local/lib/python3.8/site-packages/airflow/example_dags/example_branch_datetime_operator.py
[2023-10-13T00:53:23.918+0000] {logging_mixin.py:151} INFO - [2023-10-13T00:53:23.918+0000] {dag.py:2941} INFO - Sync 3 DAGs
[2023-10-13T00:53:23.969+0000] {logging_mixin.py:151} INFO - [2023-10-13T00:53:23.969+0000] {dag.py:3722} INFO - Setting next_dagrun for example_branch_datetime_operator to 2023-10-12T00:00:00+00:00, run_after=2023-10-13T00:00:00+00:00
[2023-10-13T00:53:23.978+0000] {logging_mixin.py:151} INFO - [2023-10-13T00:53:23.978+0000] {dag.py:3722} INFO - Setting next_dagrun for example_branch_datetime_operator_2 to 2023-10-12T00:00:00+00:00, run_after=2023-10-13T00:00:00+00:00
[2023-10-13T00:53:23.984+0000] {logging_mixin.py:151} INFO - [2023-10-13T00:53:23.984+0000] {dag.py:3722} INFO - Setting next_dagrun for example_branch_datetime_operator_3 to 2023-10-12T00:00:00+00:00, run_after=2023-10-13T00:00:00+00:00
[2023-10-13T00:53:24.020+0000] {processor.py:179} INFO - Processing /home/airflow/.local/lib/python3.8/site-packages/airflow/example_dags/example_branch_datetime_operator.py took 0.176 seconds
[2023-10-13T00:53:54.488+0000] {processor.py:157} INFO - Started process (PID=171) to work on /home/airflow/.local/lib/python3.8/site-packages/airflow/example_dags/example_branch_datetime_operator.py
[2023-10-13T00:53:54.489+0000] {processor.py:829} INFO - Processing file /home/airflow/.local/lib/python3.8/site-packages/airflow/example_dags/example_branch_datetime_operator.py for tasks to queue
[2023-10-13T00:53:54.491+0000] {logging_mixin.py:151} INFO - [2023-10-13T00:53:54.491+0000] {dagbag.py:536} INFO - Filling up the DagBag from /home/airflow/.local/lib/python3.8/site-packages/airflow/example_dags/example_branch_datetime_operator.py
[2023-10-13T00:53:54.508+0000] {processor.py:839} INFO - DAG(s) dict_keys(['example_branch_datetime_operator_2', 'example_branch_datetime_operator', 'example_branch_datetime_operator_3']) retrieved from /home/airflow/.local/lib/python3.8/site-packages/airflow/example_dags/example_branch_datetime_operator.py
[2023-10-13T00:53:54.561+0000] {logging_mixin.py:151} INFO - [2023-10-13T00:53:54.561+0000] {dag.py:2941} INFO - Sync 3 DAGs
[2023-10-13T00:53:54.610+0000] {logging_mixin.py:151} INFO - [2023-10-13T00:53:54.610+0000] {dag.py:3722} INFO - Setting next_dagrun for example_branch_datetime_operator to 2023-10-12T00:00:00+00:00, run_after=2023-10-13T00:00:00+00:00
[2023-10-13T00:53:54.621+0000] {logging_mixin.py:151} INFO - [2023-10-13T00:53:54.621+0000] {dag.py:3722} INFO - Setting next_dagrun for example_branch_datetime_operator_2 to 2023-10-12T00:00:00+00:00, run_after=2023-10-13T00:00:00+00:00
[2023-10-13T00:53:54.626+0000] {logging_mixin.py:151} INFO - [2023-10-13T00:53:54.626+0000] {dag.py:3722} INFO - Setting next_dagrun for example_branch_datetime_operator_3 to 2023-10-12T00:00:00+00:00, run_after=2023-10-13T00:00:00+00:00
[2023-10-13T00:53:54.676+0000] {processor.py:179} INFO - Processing /home/airflow/.local/lib/python3.8/site-packages/airflow/example_dags/example_branch_datetime_operator.py took 0.193 seconds
[2023-10-13T00:54:26.083+0000] {processor.py:157} INFO - Started process (PID=225) to work on /home/airflow/.local/lib/python3.8/site-packages/airflow/example_dags/example_branch_datetime_operator.py
[2023-10-13T00:54:26.105+0000] {processor.py:829} INFO - Processing file /home/airflow/.local/lib/python3.8/site-packages/airflow/example_dags/example_branch_datetime_operator.py for tasks to queue
[2023-10-13T00:54:26.108+0000] {logging_mixin.py:151} INFO - [2023-10-13T00:54:26.107+0000] {dagbag.py:536} INFO - Filling up the DagBag from /home/airflow/.local/lib/python3.8/site-packages/airflow/example_dags/example_branch_datetime_operator.py
[2023-10-13T00:54:26.131+0000] {processor.py:839} INFO - DAG(s) dict_keys(['example_branch_datetime_operator_2', 'example_branch_datetime_operator', 'example_branch_datetime_operator_3']) retrieved from /home/airflow/.local/lib/python3.8/site-packages/airflow/example_dags/example_branch_datetime_operator.py
[2023-10-13T00:54:26.192+0000] {logging_mixin.py:151} INFO - [2023-10-13T00:54:26.191+0000] {dag.py:2941} INFO - Sync 3 DAGs
[2023-10-13T00:54:26.242+0000] {logging_mixin.py:151} INFO - [2023-10-13T00:54:26.242+0000] {dag.py:3722} INFO - Setting next_dagrun for example_branch_datetime_operator to 2023-10-12T00:00:00+00:00, run_after=2023-10-13T00:00:00+00:00
[2023-10-13T00:54:26.255+0000] {logging_mixin.py:151} INFO - [2023-10-13T00:54:26.254+0000] {dag.py:3722} INFO - Setting next_dagrun for example_branch_datetime_operator_2 to 2023-10-12T00:00:00+00:00, run_after=2023-10-13T00:00:00+00:00
[2023-10-13T00:54:26.259+0000] {logging_mixin.py:151} INFO - [2023-10-13T00:54:26.259+0000] {dag.py:3722} INFO - Setting next_dagrun for example_branch_datetime_operator_3 to 2023-10-12T00:00:00+00:00, run_after=2023-10-13T00:00:00+00:00
[2023-10-13T00:54:26.316+0000] {processor.py:179} INFO - Processing /home/airflow/.local/lib/python3.8/site-packages/airflow/example_dags/example_branch_datetime_operator.py took 0.240 seconds
[2023-10-13T00:54:56.907+0000] {processor.py:157} INFO - Started process (PID=279) to work on /home/airflow/.local/lib/python3.8/site-packages/airflow/example_dags/example_branch_datetime_operator.py
[2023-10-13T00:54:56.908+0000] {processor.py:829} INFO - Processing file /home/airflow/.local/lib/python3.8/site-packages/airflow/example_dags/example_branch_datetime_operator.py for tasks to queue
[2023-10-13T00:54:56.922+0000] {logging_mixin.py:151} INFO - [2023-10-13T00:54:56.921+0000] {dagbag.py:536} INFO - Filling up the DagBag from /home/airflow/.local/lib/python3.8/site-packages/airflow/example_dags/example_branch_datetime_operator.py
[2023-10-13T00:54:56.949+0000] {processor.py:839} INFO - DAG(s) dict_keys(['example_branch_datetime_operator_2', 'example_branch_datetime_operator_3', 'example_branch_datetime_operator']) retrieved from /home/airflow/.local/lib/python3.8/site-packages/airflow/example_dags/example_branch_datetime_operator.py
[2023-10-13T00:54:57.073+0000] {logging_mixin.py:151} INFO - [2023-10-13T00:54:57.073+0000] {dag.py:2941} INFO - Sync 3 DAGs
[2023-10-13T00:54:57.180+0000] {logging_mixin.py:151} INFO - [2023-10-13T00:54:57.180+0000] {dag.py:3722} INFO - Setting next_dagrun for example_branch_datetime_operator to 2023-10-12T00:00:00+00:00, run_after=2023-10-13T00:00:00+00:00
[2023-10-13T00:54:57.205+0000] {logging_mixin.py:151} INFO - [2023-10-13T00:54:57.204+0000] {dag.py:3722} INFO - Setting next_dagrun for example_branch_datetime_operator_2 to 2023-10-12T00:00:00+00:00, run_after=2023-10-13T00:00:00+00:00
[2023-10-13T00:54:57.224+0000] {logging_mixin.py:151} INFO - [2023-10-13T00:54:57.224+0000] {dag.py:3722} INFO - Setting next_dagrun for example_branch_datetime_operator_3 to 2023-10-12T00:00:00+00:00, run_after=2023-10-13T00:00:00+00:00
[2023-10-13T00:54:57.337+0000] {processor.py:179} INFO - Processing /home/airflow/.local/lib/python3.8/site-packages/airflow/example_dags/example_branch_datetime_operator.py took 0.434 seconds
[2023-10-13T00:55:27.526+0000] {processor.py:157} INFO - Started process (PID=334) to work on /home/airflow/.local/lib/python3.8/site-packages/airflow/example_dags/example_branch_datetime_operator.py
[2023-10-13T00:55:27.563+0000] {processor.py:829} INFO - Processing file /home/airflow/.local/lib/python3.8/site-packages/airflow/example_dags/example_branch_datetime_operator.py for tasks to queue
[2023-10-13T00:55:27.566+0000] {logging_mixin.py:151} INFO - [2023-10-13T00:55:27.565+0000] {dagbag.py:536} INFO - Filling up the DagBag from /home/airflow/.local/lib/python3.8/site-packages/airflow/example_dags/example_branch_datetime_operator.py
[2023-10-13T00:55:27.577+0000] {processor.py:839} INFO - DAG(s) dict_keys(['example_branch_datetime_operator', 'example_branch_datetime_operator_3', 'example_branch_datetime_operator_2']) retrieved from /home/airflow/.local/lib/python3.8/site-packages/airflow/example_dags/example_branch_datetime_operator.py
[2023-10-13T00:55:27.614+0000] {logging_mixin.py:151} INFO - [2023-10-13T00:55:27.614+0000] {dag.py:2941} INFO - Sync 3 DAGs
[2023-10-13T00:55:27.647+0000] {logging_mixin.py:151} INFO - [2023-10-13T00:55:27.647+0000] {dag.py:3722} INFO - Setting next_dagrun for example_branch_datetime_operator to 2023-10-12T00:00:00+00:00, run_after=2023-10-13T00:00:00+00:00
[2023-10-13T00:55:27.653+0000] {logging_mixin.py:151} INFO - [2023-10-13T00:55:27.653+0000] {dag.py:3722} INFO - Setting next_dagrun for example_branch_datetime_operator_2 to 2023-10-12T00:00:00+00:00, run_after=2023-10-13T00:00:00+00:00
[2023-10-13T00:55:27.656+0000] {logging_mixin.py:151} INFO - [2023-10-13T00:55:27.656+0000] {dag.py:3722} INFO - Setting next_dagrun for example_branch_datetime_operator_3 to 2023-10-12T00:00:00+00:00, run_after=2023-10-13T00:00:00+00:00
[2023-10-13T00:55:27.695+0000] {processor.py:179} INFO - Processing /home/airflow/.local/lib/python3.8/site-packages/airflow/example_dags/example_branch_datetime_operator.py took 0.173 seconds
[2023-10-13T01:14:47.099+0000] {processor.py:157} INFO - Started process (PID=57) to work on /home/airflow/.local/lib/python3.8/site-packages/airflow/example_dags/example_branch_datetime_operator.py
[2023-10-13T01:14:47.116+0000] {processor.py:829} INFO - Processing file /home/airflow/.local/lib/python3.8/site-packages/airflow/example_dags/example_branch_datetime_operator.py for tasks to queue
[2023-10-13T01:14:47.118+0000] {logging_mixin.py:151} INFO - [2023-10-13T01:14:47.118+0000] {dagbag.py:536} INFO - Filling up the DagBag from /home/airflow/.local/lib/python3.8/site-packages/airflow/example_dags/example_branch_datetime_operator.py
[2023-10-13T01:14:47.130+0000] {processor.py:839} INFO - DAG(s) dict_keys(['example_branch_datetime_operator', 'example_branch_datetime_operator_3', 'example_branch_datetime_operator_2']) retrieved from /home/airflow/.local/lib/python3.8/site-packages/airflow/example_dags/example_branch_datetime_operator.py
[2023-10-13T01:14:47.178+0000] {logging_mixin.py:151} INFO - [2023-10-13T01:14:47.178+0000] {dag.py:2941} INFO - Sync 3 DAGs
[2023-10-13T01:14:47.211+0000] {logging_mixin.py:151} INFO - [2023-10-13T01:14:47.211+0000] {dag.py:3722} INFO - Setting next_dagrun for example_branch_datetime_operator to 2023-10-12T00:00:00+00:00, run_after=2023-10-13T00:00:00+00:00
[2023-10-13T01:14:47.216+0000] {logging_mixin.py:151} INFO - [2023-10-13T01:14:47.216+0000] {dag.py:3722} INFO - Setting next_dagrun for example_branch_datetime_operator_2 to 2023-10-12T00:00:00+00:00, run_after=2023-10-13T00:00:00+00:00
[2023-10-13T01:14:47.219+0000] {logging_mixin.py:151} INFO - [2023-10-13T01:14:47.219+0000] {dag.py:3722} INFO - Setting next_dagrun for example_branch_datetime_operator_3 to 2023-10-12T00:00:00+00:00, run_after=2023-10-13T00:00:00+00:00
[2023-10-13T01:14:47.238+0000] {processor.py:179} INFO - Processing /home/airflow/.local/lib/python3.8/site-packages/airflow/example_dags/example_branch_datetime_operator.py took 0.143 seconds
[2023-10-13T01:15:17.935+0000] {processor.py:157} INFO - Started process (PID=112) to work on /home/airflow/.local/lib/python3.8/site-packages/airflow/example_dags/example_branch_datetime_operator.py
[2023-10-13T01:15:17.936+0000] {processor.py:829} INFO - Processing file /home/airflow/.local/lib/python3.8/site-packages/airflow/example_dags/example_branch_datetime_operator.py for tasks to queue
[2023-10-13T01:15:17.939+0000] {logging_mixin.py:151} INFO - [2023-10-13T01:15:17.939+0000] {dagbag.py:536} INFO - Filling up the DagBag from /home/airflow/.local/lib/python3.8/site-packages/airflow/example_dags/example_branch_datetime_operator.py
[2023-10-13T01:15:17.956+0000] {processor.py:839} INFO - DAG(s) dict_keys(['example_branch_datetime_operator', 'example_branch_datetime_operator_2', 'example_branch_datetime_operator_3']) retrieved from /home/airflow/.local/lib/python3.8/site-packages/airflow/example_dags/example_branch_datetime_operator.py
[2023-10-13T01:15:17.991+0000] {logging_mixin.py:151} INFO - [2023-10-13T01:15:17.991+0000] {dag.py:2941} INFO - Sync 3 DAGs
[2023-10-13T01:15:18.028+0000] {logging_mixin.py:151} INFO - [2023-10-13T01:15:18.028+0000] {dag.py:3722} INFO - Setting next_dagrun for example_branch_datetime_operator to 2023-10-12T00:00:00+00:00, run_after=2023-10-13T00:00:00+00:00
[2023-10-13T01:15:18.036+0000] {logging_mixin.py:151} INFO - [2023-10-13T01:15:18.036+0000] {dag.py:3722} INFO - Setting next_dagrun for example_branch_datetime_operator_2 to 2023-10-12T00:00:00+00:00, run_after=2023-10-13T00:00:00+00:00
[2023-10-13T01:15:18.040+0000] {logging_mixin.py:151} INFO - [2023-10-13T01:15:18.040+0000] {dag.py:3722} INFO - Setting next_dagrun for example_branch_datetime_operator_3 to 2023-10-12T00:00:00+00:00, run_after=2023-10-13T00:00:00+00:00
[2023-10-13T01:15:18.071+0000] {processor.py:179} INFO - Processing /home/airflow/.local/lib/python3.8/site-packages/airflow/example_dags/example_branch_datetime_operator.py took 0.140 seconds
[2023-10-13T01:15:49.046+0000] {processor.py:157} INFO - Started process (PID=166) to work on /home/airflow/.local/lib/python3.8/site-packages/airflow/example_dags/example_branch_datetime_operator.py
[2023-10-13T01:15:49.047+0000] {processor.py:829} INFO - Processing file /home/airflow/.local/lib/python3.8/site-packages/airflow/example_dags/example_branch_datetime_operator.py for tasks to queue
[2023-10-13T01:15:49.050+0000] {logging_mixin.py:151} INFO - [2023-10-13T01:15:49.049+0000] {dagbag.py:536} INFO - Filling up the DagBag from /home/airflow/.local/lib/python3.8/site-packages/airflow/example_dags/example_branch_datetime_operator.py
[2023-10-13T01:15:49.066+0000] {processor.py:839} INFO - DAG(s) dict_keys(['example_branch_datetime_operator', 'example_branch_datetime_operator_2', 'example_branch_datetime_operator_3']) retrieved from /home/airflow/.local/lib/python3.8/site-packages/airflow/example_dags/example_branch_datetime_operator.py
[2023-10-13T01:15:49.095+0000] {logging_mixin.py:151} INFO - [2023-10-13T01:15:49.094+0000] {dag.py:2941} INFO - Sync 3 DAGs
[2023-10-13T01:15:49.122+0000] {logging_mixin.py:151} INFO - [2023-10-13T01:15:49.122+0000] {dag.py:3722} INFO - Setting next_dagrun for example_branch_datetime_operator to 2023-10-12T00:00:00+00:00, run_after=2023-10-13T00:00:00+00:00
[2023-10-13T01:15:49.128+0000] {logging_mixin.py:151} INFO - [2023-10-13T01:15:49.128+0000] {dag.py:3722} INFO - Setting next_dagrun for example_branch_datetime_operator_2 to 2023-10-12T00:00:00+00:00, run_after=2023-10-13T00:00:00+00:00
[2023-10-13T01:15:49.131+0000] {logging_mixin.py:151} INFO - [2023-10-13T01:15:49.131+0000] {dag.py:3722} INFO - Setting next_dagrun for example_branch_datetime_operator_3 to 2023-10-12T00:00:00+00:00, run_after=2023-10-13T00:00:00+00:00
[2023-10-13T01:15:49.211+0000] {processor.py:179} INFO - Processing /home/airflow/.local/lib/python3.8/site-packages/airflow/example_dags/example_branch_datetime_operator.py took 0.169 seconds
[2023-10-13T01:16:19.813+0000] {processor.py:157} INFO - Started process (PID=220) to work on /home/airflow/.local/lib/python3.8/site-packages/airflow/example_dags/example_branch_datetime_operator.py
[2023-10-13T01:16:19.847+0000] {processor.py:829} INFO - Processing file /home/airflow/.local/lib/python3.8/site-packages/airflow/example_dags/example_branch_datetime_operator.py for tasks to queue
[2023-10-13T01:16:19.851+0000] {logging_mixin.py:151} INFO - [2023-10-13T01:16:19.851+0000] {dagbag.py:536} INFO - Filling up the DagBag from /home/airflow/.local/lib/python3.8/site-packages/airflow/example_dags/example_branch_datetime_operator.py
[2023-10-13T01:16:19.891+0000] {processor.py:839} INFO - DAG(s) dict_keys(['example_branch_datetime_operator', 'example_branch_datetime_operator_2', 'example_branch_datetime_operator_3']) retrieved from /home/airflow/.local/lib/python3.8/site-packages/airflow/example_dags/example_branch_datetime_operator.py
[2023-10-13T01:16:19.961+0000] {logging_mixin.py:151} INFO - [2023-10-13T01:16:19.960+0000] {dag.py:2941} INFO - Sync 3 DAGs
[2023-10-13T01:16:20.029+0000] {logging_mixin.py:151} INFO - [2023-10-13T01:16:20.029+0000] {dag.py:3722} INFO - Setting next_dagrun for example_branch_datetime_operator to 2023-10-12T00:00:00+00:00, run_after=2023-10-13T00:00:00+00:00
[2023-10-13T01:16:20.043+0000] {logging_mixin.py:151} INFO - [2023-10-13T01:16:20.043+0000] {dag.py:3722} INFO - Setting next_dagrun for example_branch_datetime_operator_2 to 2023-10-12T00:00:00+00:00, run_after=2023-10-13T00:00:00+00:00
[2023-10-13T01:16:20.047+0000] {logging_mixin.py:151} INFO - [2023-10-13T01:16:20.046+0000] {dag.py:3722} INFO - Setting next_dagrun for example_branch_datetime_operator_3 to 2023-10-12T00:00:00+00:00, run_after=2023-10-13T00:00:00+00:00
[2023-10-13T01:16:20.108+0000] {processor.py:179} INFO - Processing /home/airflow/.local/lib/python3.8/site-packages/airflow/example_dags/example_branch_datetime_operator.py took 0.300 seconds
[2023-10-13T01:16:50.842+0000] {processor.py:157} INFO - Started process (PID=275) to work on /home/airflow/.local/lib/python3.8/site-packages/airflow/example_dags/example_branch_datetime_operator.py
[2023-10-13T01:16:50.843+0000] {processor.py:829} INFO - Processing file /home/airflow/.local/lib/python3.8/site-packages/airflow/example_dags/example_branch_datetime_operator.py for tasks to queue
[2023-10-13T01:16:50.855+0000] {logging_mixin.py:151} INFO - [2023-10-13T01:16:50.854+0000] {dagbag.py:536} INFO - Filling up the DagBag from /home/airflow/.local/lib/python3.8/site-packages/airflow/example_dags/example_branch_datetime_operator.py
[2023-10-13T01:16:50.880+0000] {processor.py:839} INFO - DAG(s) dict_keys(['example_branch_datetime_operator_2', 'example_branch_datetime_operator', 'example_branch_datetime_operator_3']) retrieved from /home/airflow/.local/lib/python3.8/site-packages/airflow/example_dags/example_branch_datetime_operator.py
[2023-10-13T01:16:50.943+0000] {logging_mixin.py:151} INFO - [2023-10-13T01:16:50.942+0000] {dag.py:2941} INFO - Sync 3 DAGs
[2023-10-13T01:16:51.013+0000] {logging_mixin.py:151} INFO - [2023-10-13T01:16:51.012+0000] {dag.py:3722} INFO - Setting next_dagrun for example_branch_datetime_operator to 2023-10-12T00:00:00+00:00, run_after=2023-10-13T00:00:00+00:00
[2023-10-13T01:16:51.030+0000] {logging_mixin.py:151} INFO - [2023-10-13T01:16:51.030+0000] {dag.py:3722} INFO - Setting next_dagrun for example_branch_datetime_operator_2 to 2023-10-12T00:00:00+00:00, run_after=2023-10-13T00:00:00+00:00
[2023-10-13T01:16:51.038+0000] {logging_mixin.py:151} INFO - [2023-10-13T01:16:51.038+0000] {dag.py:3722} INFO - Setting next_dagrun for example_branch_datetime_operator_3 to 2023-10-12T00:00:00+00:00, run_after=2023-10-13T00:00:00+00:00
[2023-10-13T01:16:51.096+0000] {processor.py:179} INFO - Processing /home/airflow/.local/lib/python3.8/site-packages/airflow/example_dags/example_branch_datetime_operator.py took 0.258 seconds
[2023-10-13T01:17:21.650+0000] {processor.py:157} INFO - Started process (PID=329) to work on /home/airflow/.local/lib/python3.8/site-packages/airflow/example_dags/example_branch_datetime_operator.py
[2023-10-13T01:17:21.652+0000] {processor.py:829} INFO - Processing file /home/airflow/.local/lib/python3.8/site-packages/airflow/example_dags/example_branch_datetime_operator.py for tasks to queue
[2023-10-13T01:17:21.654+0000] {logging_mixin.py:151} INFO - [2023-10-13T01:17:21.654+0000] {dagbag.py:536} INFO - Filling up the DagBag from /home/airflow/.local/lib/python3.8/site-packages/airflow/example_dags/example_branch_datetime_operator.py
[2023-10-13T01:17:21.669+0000] {processor.py:839} INFO - DAG(s) dict_keys(['example_branch_datetime_operator', 'example_branch_datetime_operator_3', 'example_branch_datetime_operator_2']) retrieved from /home/airflow/.local/lib/python3.8/site-packages/airflow/example_dags/example_branch_datetime_operator.py
[2023-10-13T01:17:21.717+0000] {logging_mixin.py:151} INFO - [2023-10-13T01:17:21.717+0000] {dag.py:2941} INFO - Sync 3 DAGs
[2023-10-13T01:17:21.758+0000] {logging_mixin.py:151} INFO - [2023-10-13T01:17:21.757+0000] {dag.py:3722} INFO - Setting next_dagrun for example_branch_datetime_operator to 2023-10-12T00:00:00+00:00, run_after=2023-10-13T00:00:00+00:00
[2023-10-13T01:17:21.767+0000] {logging_mixin.py:151} INFO - [2023-10-13T01:17:21.767+0000] {dag.py:3722} INFO - Setting next_dagrun for example_branch_datetime_operator_2 to 2023-10-12T00:00:00+00:00, run_after=2023-10-13T00:00:00+00:00
[2023-10-13T01:17:21.772+0000] {logging_mixin.py:151} INFO - [2023-10-13T01:17:21.772+0000] {dag.py:3722} INFO - Setting next_dagrun for example_branch_datetime_operator_3 to 2023-10-12T00:00:00+00:00, run_after=2023-10-13T00:00:00+00:00
[2023-10-13T01:17:21.797+0000] {processor.py:179} INFO - Processing /home/airflow/.local/lib/python3.8/site-packages/airflow/example_dags/example_branch_datetime_operator.py took 0.151 seconds
[2023-10-13T01:17:52.434+0000] {processor.py:157} INFO - Started process (PID=385) to work on /home/airflow/.local/lib/python3.8/site-packages/airflow/example_dags/example_branch_datetime_operator.py
[2023-10-13T01:17:52.435+0000] {processor.py:829} INFO - Processing file /home/airflow/.local/lib/python3.8/site-packages/airflow/example_dags/example_branch_datetime_operator.py for tasks to queue
[2023-10-13T01:17:52.438+0000] {logging_mixin.py:151} INFO - [2023-10-13T01:17:52.438+0000] {dagbag.py:536} INFO - Filling up the DagBag from /home/airflow/.local/lib/python3.8/site-packages/airflow/example_dags/example_branch_datetime_operator.py
[2023-10-13T01:17:52.458+0000] {processor.py:839} INFO - DAG(s) dict_keys(['example_branch_datetime_operator_2', 'example_branch_datetime_operator', 'example_branch_datetime_operator_3']) retrieved from /home/airflow/.local/lib/python3.8/site-packages/airflow/example_dags/example_branch_datetime_operator.py
[2023-10-13T01:17:52.504+0000] {logging_mixin.py:151} INFO - [2023-10-13T01:17:52.503+0000] {dag.py:2941} INFO - Sync 3 DAGs
[2023-10-13T01:17:52.542+0000] {logging_mixin.py:151} INFO - [2023-10-13T01:17:52.542+0000] {dag.py:3722} INFO - Setting next_dagrun for example_branch_datetime_operator to 2023-10-12T00:00:00+00:00, run_after=2023-10-13T00:00:00+00:00
[2023-10-13T01:17:52.549+0000] {logging_mixin.py:151} INFO - [2023-10-13T01:17:52.549+0000] {dag.py:3722} INFO - Setting next_dagrun for example_branch_datetime_operator_2 to 2023-10-12T00:00:00+00:00, run_after=2023-10-13T00:00:00+00:00
[2023-10-13T01:17:52.554+0000] {logging_mixin.py:151} INFO - [2023-10-13T01:17:52.553+0000] {dag.py:3722} INFO - Setting next_dagrun for example_branch_datetime_operator_3 to 2023-10-12T00:00:00+00:00, run_after=2023-10-13T00:00:00+00:00
[2023-10-13T01:17:52.597+0000] {processor.py:179} INFO - Processing /home/airflow/.local/lib/python3.8/site-packages/airflow/example_dags/example_branch_datetime_operator.py took 0.167 seconds
[2023-10-13T01:18:22.743+0000] {processor.py:157} INFO - Started process (PID=440) to work on /home/airflow/.local/lib/python3.8/site-packages/airflow/example_dags/example_branch_datetime_operator.py
[2023-10-13T01:18:22.744+0000] {processor.py:829} INFO - Processing file /home/airflow/.local/lib/python3.8/site-packages/airflow/example_dags/example_branch_datetime_operator.py for tasks to queue
[2023-10-13T01:18:22.747+0000] {logging_mixin.py:151} INFO - [2023-10-13T01:18:22.747+0000] {dagbag.py:536} INFO - Filling up the DagBag from /home/airflow/.local/lib/python3.8/site-packages/airflow/example_dags/example_branch_datetime_operator.py
[2023-10-13T01:18:22.768+0000] {processor.py:839} INFO - DAG(s) dict_keys(['example_branch_datetime_operator_2', 'example_branch_datetime_operator_3', 'example_branch_datetime_operator']) retrieved from /home/airflow/.local/lib/python3.8/site-packages/airflow/example_dags/example_branch_datetime_operator.py
[2023-10-13T01:18:22.804+0000] {logging_mixin.py:151} INFO - [2023-10-13T01:18:22.804+0000] {dag.py:2941} INFO - Sync 3 DAGs
[2023-10-13T01:18:22.847+0000] {logging_mixin.py:151} INFO - [2023-10-13T01:18:22.847+0000] {dag.py:3722} INFO - Setting next_dagrun for example_branch_datetime_operator to 2023-10-12T00:00:00+00:00, run_after=2023-10-13T00:00:00+00:00
[2023-10-13T01:18:22.853+0000] {logging_mixin.py:151} INFO - [2023-10-13T01:18:22.853+0000] {dag.py:3722} INFO - Setting next_dagrun for example_branch_datetime_operator_2 to 2023-10-12T00:00:00+00:00, run_after=2023-10-13T00:00:00+00:00
[2023-10-13T01:18:22.857+0000] {logging_mixin.py:151} INFO - [2023-10-13T01:18:22.857+0000] {dag.py:3722} INFO - Setting next_dagrun for example_branch_datetime_operator_3 to 2023-10-12T00:00:00+00:00, run_after=2023-10-13T00:00:00+00:00
[2023-10-13T01:18:22.883+0000] {processor.py:179} INFO - Processing /home/airflow/.local/lib/python3.8/site-packages/airflow/example_dags/example_branch_datetime_operator.py took 0.144 seconds
[2023-10-13T01:18:53.649+0000] {processor.py:157} INFO - Started process (PID=495) to work on /home/airflow/.local/lib/python3.8/site-packages/airflow/example_dags/example_branch_datetime_operator.py
[2023-10-13T01:18:53.650+0000] {processor.py:829} INFO - Processing file /home/airflow/.local/lib/python3.8/site-packages/airflow/example_dags/example_branch_datetime_operator.py for tasks to queue
[2023-10-13T01:18:53.653+0000] {logging_mixin.py:151} INFO - [2023-10-13T01:18:53.652+0000] {dagbag.py:536} INFO - Filling up the DagBag from /home/airflow/.local/lib/python3.8/site-packages/airflow/example_dags/example_branch_datetime_operator.py
[2023-10-13T01:18:53.671+0000] {processor.py:839} INFO - DAG(s) dict_keys(['example_branch_datetime_operator', 'example_branch_datetime_operator_2', 'example_branch_datetime_operator_3']) retrieved from /home/airflow/.local/lib/python3.8/site-packages/airflow/example_dags/example_branch_datetime_operator.py
[2023-10-13T01:18:53.738+0000] {logging_mixin.py:151} INFO - [2023-10-13T01:18:53.737+0000] {dag.py:2941} INFO - Sync 3 DAGs
[2023-10-13T01:18:53.789+0000] {logging_mixin.py:151} INFO - [2023-10-13T01:18:53.789+0000] {dag.py:3722} INFO - Setting next_dagrun for example_branch_datetime_operator to 2023-10-12T00:00:00+00:00, run_after=2023-10-13T00:00:00+00:00
[2023-10-13T01:18:53.799+0000] {logging_mixin.py:151} INFO - [2023-10-13T01:18:53.799+0000] {dag.py:3722} INFO - Setting next_dagrun for example_branch_datetime_operator_2 to 2023-10-12T00:00:00+00:00, run_after=2023-10-13T00:00:00+00:00
[2023-10-13T01:18:53.805+0000] {logging_mixin.py:151} INFO - [2023-10-13T01:18:53.804+0000] {dag.py:3722} INFO - Setting next_dagrun for example_branch_datetime_operator_3 to 2023-10-12T00:00:00+00:00, run_after=2023-10-13T00:00:00+00:00
[2023-10-13T01:18:53.843+0000] {processor.py:179} INFO - Processing /home/airflow/.local/lib/python3.8/site-packages/airflow/example_dags/example_branch_datetime_operator.py took 0.199 seconds
[2023-10-13T01:19:24.641+0000] {processor.py:157} INFO - Started process (PID=550) to work on /home/airflow/.local/lib/python3.8/site-packages/airflow/example_dags/example_branch_datetime_operator.py
[2023-10-13T01:19:24.642+0000] {processor.py:829} INFO - Processing file /home/airflow/.local/lib/python3.8/site-packages/airflow/example_dags/example_branch_datetime_operator.py for tasks to queue
[2023-10-13T01:19:24.657+0000] {logging_mixin.py:151} INFO - [2023-10-13T01:19:24.654+0000] {dagbag.py:536} INFO - Filling up the DagBag from /home/airflow/.local/lib/python3.8/site-packages/airflow/example_dags/example_branch_datetime_operator.py
[2023-10-13T01:19:24.690+0000] {processor.py:839} INFO - DAG(s) dict_keys(['example_branch_datetime_operator_3', 'example_branch_datetime_operator_2', 'example_branch_datetime_operator']) retrieved from /home/airflow/.local/lib/python3.8/site-packages/airflow/example_dags/example_branch_datetime_operator.py
[2023-10-13T01:19:24.746+0000] {logging_mixin.py:151} INFO - [2023-10-13T01:19:24.746+0000] {dag.py:2941} INFO - Sync 3 DAGs
[2023-10-13T01:19:24.820+0000] {logging_mixin.py:151} INFO - [2023-10-13T01:19:24.820+0000] {dag.py:3722} INFO - Setting next_dagrun for example_branch_datetime_operator to 2023-10-12T00:00:00+00:00, run_after=2023-10-13T00:00:00+00:00
[2023-10-13T01:19:24.838+0000] {logging_mixin.py:151} INFO - [2023-10-13T01:19:24.838+0000] {dag.py:3722} INFO - Setting next_dagrun for example_branch_datetime_operator_2 to 2023-10-12T00:00:00+00:00, run_after=2023-10-13T00:00:00+00:00
[2023-10-13T01:19:24.842+0000] {logging_mixin.py:151} INFO - [2023-10-13T01:19:24.842+0000] {dag.py:3722} INFO - Setting next_dagrun for example_branch_datetime_operator_3 to 2023-10-12T00:00:00+00:00, run_after=2023-10-13T00:00:00+00:00
[2023-10-13T01:19:24.905+0000] {processor.py:179} INFO - Processing /home/airflow/.local/lib/python3.8/site-packages/airflow/example_dags/example_branch_datetime_operator.py took 0.269 seconds
[2023-10-13T01:19:54.937+0000] {processor.py:157} INFO - Started process (PID=605) to work on /home/airflow/.local/lib/python3.8/site-packages/airflow/example_dags/example_branch_datetime_operator.py
[2023-10-13T01:19:54.938+0000] {processor.py:829} INFO - Processing file /home/airflow/.local/lib/python3.8/site-packages/airflow/example_dags/example_branch_datetime_operator.py for tasks to queue
[2023-10-13T01:19:54.940+0000] {logging_mixin.py:151} INFO - [2023-10-13T01:19:54.940+0000] {dagbag.py:536} INFO - Filling up the DagBag from /home/airflow/.local/lib/python3.8/site-packages/airflow/example_dags/example_branch_datetime_operator.py
[2023-10-13T01:19:54.951+0000] {processor.py:839} INFO - DAG(s) dict_keys(['example_branch_datetime_operator', 'example_branch_datetime_operator_2', 'example_branch_datetime_operator_3']) retrieved from /home/airflow/.local/lib/python3.8/site-packages/airflow/example_dags/example_branch_datetime_operator.py
[2023-10-13T01:19:54.984+0000] {logging_mixin.py:151} INFO - [2023-10-13T01:19:54.984+0000] {dag.py:2941} INFO - Sync 3 DAGs
[2023-10-13T01:19:55.009+0000] {logging_mixin.py:151} INFO - [2023-10-13T01:19:55.009+0000] {dag.py:3722} INFO - Setting next_dagrun for example_branch_datetime_operator to 2023-10-12T00:00:00+00:00, run_after=2023-10-13T00:00:00+00:00
[2023-10-13T01:19:55.016+0000] {logging_mixin.py:151} INFO - [2023-10-13T01:19:55.015+0000] {dag.py:3722} INFO - Setting next_dagrun for example_branch_datetime_operator_2 to 2023-10-12T00:00:00+00:00, run_after=2023-10-13T00:00:00+00:00
[2023-10-13T01:19:55.019+0000] {logging_mixin.py:151} INFO - [2023-10-13T01:19:55.019+0000] {dag.py:3722} INFO - Setting next_dagrun for example_branch_datetime_operator_3 to 2023-10-12T00:00:00+00:00, run_after=2023-10-13T00:00:00+00:00
[2023-10-13T01:19:55.040+0000] {processor.py:179} INFO - Processing /home/airflow/.local/lib/python3.8/site-packages/airflow/example_dags/example_branch_datetime_operator.py took 0.106 seconds
[2023-10-13T01:20:25.901+0000] {processor.py:157} INFO - Started process (PID=660) to work on /home/airflow/.local/lib/python3.8/site-packages/airflow/example_dags/example_branch_datetime_operator.py
[2023-10-13T01:20:25.903+0000] {processor.py:829} INFO - Processing file /home/airflow/.local/lib/python3.8/site-packages/airflow/example_dags/example_branch_datetime_operator.py for tasks to queue
[2023-10-13T01:20:25.910+0000] {logging_mixin.py:151} INFO - [2023-10-13T01:20:25.909+0000] {dagbag.py:536} INFO - Filling up the DagBag from /home/airflow/.local/lib/python3.8/site-packages/airflow/example_dags/example_branch_datetime_operator.py
[2023-10-13T01:20:25.933+0000] {processor.py:839} INFO - DAG(s) dict_keys(['example_branch_datetime_operator_2', 'example_branch_datetime_operator_3', 'example_branch_datetime_operator']) retrieved from /home/airflow/.local/lib/python3.8/site-packages/airflow/example_dags/example_branch_datetime_operator.py
[2023-10-13T01:20:26.008+0000] {logging_mixin.py:151} INFO - [2023-10-13T01:20:26.008+0000] {dag.py:2941} INFO - Sync 3 DAGs
[2023-10-13T01:20:26.081+0000] {logging_mixin.py:151} INFO - [2023-10-13T01:20:26.080+0000] {dag.py:3722} INFO - Setting next_dagrun for example_branch_datetime_operator to 2023-10-12T00:00:00+00:00, run_after=2023-10-13T00:00:00+00:00
[2023-10-13T01:20:26.093+0000] {logging_mixin.py:151} INFO - [2023-10-13T01:20:26.093+0000] {dag.py:3722} INFO - Setting next_dagrun for example_branch_datetime_operator_2 to 2023-10-12T00:00:00+00:00, run_after=2023-10-13T00:00:00+00:00
[2023-10-13T01:20:26.100+0000] {logging_mixin.py:151} INFO - [2023-10-13T01:20:26.100+0000] {dag.py:3722} INFO - Setting next_dagrun for example_branch_datetime_operator_3 to 2023-10-12T00:00:00+00:00, run_after=2023-10-13T00:00:00+00:00
[2023-10-13T01:20:26.143+0000] {processor.py:179} INFO - Processing /home/airflow/.local/lib/python3.8/site-packages/airflow/example_dags/example_branch_datetime_operator.py took 0.247 seconds
[2023-10-13T01:20:56.896+0000] {processor.py:157} INFO - Started process (PID=715) to work on /home/airflow/.local/lib/python3.8/site-packages/airflow/example_dags/example_branch_datetime_operator.py
[2023-10-13T01:20:56.897+0000] {processor.py:829} INFO - Processing file /home/airflow/.local/lib/python3.8/site-packages/airflow/example_dags/example_branch_datetime_operator.py for tasks to queue
[2023-10-13T01:20:56.899+0000] {logging_mixin.py:151} INFO - [2023-10-13T01:20:56.899+0000] {dagbag.py:536} INFO - Filling up the DagBag from /home/airflow/.local/lib/python3.8/site-packages/airflow/example_dags/example_branch_datetime_operator.py
[2023-10-13T01:20:56.917+0000] {processor.py:839} INFO - DAG(s) dict_keys(['example_branch_datetime_operator_2', 'example_branch_datetime_operator', 'example_branch_datetime_operator_3']) retrieved from /home/airflow/.local/lib/python3.8/site-packages/airflow/example_dags/example_branch_datetime_operator.py
[2023-10-13T01:20:56.978+0000] {logging_mixin.py:151} INFO - [2023-10-13T01:20:56.977+0000] {dag.py:2941} INFO - Sync 3 DAGs
[2023-10-13T01:20:57.019+0000] {logging_mixin.py:151} INFO - [2023-10-13T01:20:57.019+0000] {dag.py:3722} INFO - Setting next_dagrun for example_branch_datetime_operator to 2023-10-12T00:00:00+00:00, run_after=2023-10-13T00:00:00+00:00
[2023-10-13T01:20:57.034+0000] {logging_mixin.py:151} INFO - [2023-10-13T01:20:57.034+0000] {dag.py:3722} INFO - Setting next_dagrun for example_branch_datetime_operator_2 to 2023-10-12T00:00:00+00:00, run_after=2023-10-13T00:00:00+00:00
[2023-10-13T01:20:57.042+0000] {logging_mixin.py:151} INFO - [2023-10-13T01:20:57.042+0000] {dag.py:3722} INFO - Setting next_dagrun for example_branch_datetime_operator_3 to 2023-10-12T00:00:00+00:00, run_after=2023-10-13T00:00:00+00:00
[2023-10-13T01:20:57.087+0000] {processor.py:179} INFO - Processing /home/airflow/.local/lib/python3.8/site-packages/airflow/example_dags/example_branch_datetime_operator.py took 0.198 seconds
[2023-10-13T01:21:28.067+0000] {processor.py:157} INFO - Started process (PID=771) to work on /home/airflow/.local/lib/python3.8/site-packages/airflow/example_dags/example_branch_datetime_operator.py
[2023-10-13T01:21:28.082+0000] {processor.py:829} INFO - Processing file /home/airflow/.local/lib/python3.8/site-packages/airflow/example_dags/example_branch_datetime_operator.py for tasks to queue
[2023-10-13T01:21:28.085+0000] {logging_mixin.py:151} INFO - [2023-10-13T01:21:28.084+0000] {dagbag.py:536} INFO - Filling up the DagBag from /home/airflow/.local/lib/python3.8/site-packages/airflow/example_dags/example_branch_datetime_operator.py
[2023-10-13T01:21:28.105+0000] {processor.py:839} INFO - DAG(s) dict_keys(['example_branch_datetime_operator_2', 'example_branch_datetime_operator', 'example_branch_datetime_operator_3']) retrieved from /home/airflow/.local/lib/python3.8/site-packages/airflow/example_dags/example_branch_datetime_operator.py
[2023-10-13T01:21:28.176+0000] {logging_mixin.py:151} INFO - [2023-10-13T01:21:28.175+0000] {dag.py:2941} INFO - Sync 3 DAGs
[2023-10-13T01:21:28.241+0000] {logging_mixin.py:151} INFO - [2023-10-13T01:21:28.240+0000] {dag.py:3722} INFO - Setting next_dagrun for example_branch_datetime_operator to 2023-10-12T00:00:00+00:00, run_after=2023-10-13T00:00:00+00:00
[2023-10-13T01:21:28.255+0000] {logging_mixin.py:151} INFO - [2023-10-13T01:21:28.255+0000] {dag.py:3722} INFO - Setting next_dagrun for example_branch_datetime_operator_2 to 2023-10-12T00:00:00+00:00, run_after=2023-10-13T00:00:00+00:00
[2023-10-13T01:21:28.265+0000] {logging_mixin.py:151} INFO - [2023-10-13T01:21:28.265+0000] {dag.py:3722} INFO - Setting next_dagrun for example_branch_datetime_operator_3 to 2023-10-12T00:00:00+00:00, run_after=2023-10-13T00:00:00+00:00
[2023-10-13T01:21:28.328+0000] {processor.py:179} INFO - Processing /home/airflow/.local/lib/python3.8/site-packages/airflow/example_dags/example_branch_datetime_operator.py took 0.276 seconds
[2023-10-13T01:21:59.289+0000] {processor.py:157} INFO - Started process (PID=827) to work on /home/airflow/.local/lib/python3.8/site-packages/airflow/example_dags/example_branch_datetime_operator.py
[2023-10-13T01:21:59.300+0000] {processor.py:829} INFO - Processing file /home/airflow/.local/lib/python3.8/site-packages/airflow/example_dags/example_branch_datetime_operator.py for tasks to queue
[2023-10-13T01:21:59.303+0000] {logging_mixin.py:151} INFO - [2023-10-13T01:21:59.302+0000] {dagbag.py:536} INFO - Filling up the DagBag from /home/airflow/.local/lib/python3.8/site-packages/airflow/example_dags/example_branch_datetime_operator.py
[2023-10-13T01:21:59.315+0000] {processor.py:839} INFO - DAG(s) dict_keys(['example_branch_datetime_operator_2', 'example_branch_datetime_operator_3', 'example_branch_datetime_operator']) retrieved from /home/airflow/.local/lib/python3.8/site-packages/airflow/example_dags/example_branch_datetime_operator.py
[2023-10-13T01:21:59.347+0000] {logging_mixin.py:151} INFO - [2023-10-13T01:21:59.347+0000] {dag.py:2941} INFO - Sync 3 DAGs
[2023-10-13T01:21:59.386+0000] {logging_mixin.py:151} INFO - [2023-10-13T01:21:59.385+0000] {dag.py:3722} INFO - Setting next_dagrun for example_branch_datetime_operator to 2023-10-12T00:00:00+00:00, run_after=2023-10-13T00:00:00+00:00
[2023-10-13T01:21:59.396+0000] {logging_mixin.py:151} INFO - [2023-10-13T01:21:59.396+0000] {dag.py:3722} INFO - Setting next_dagrun for example_branch_datetime_operator_2 to 2023-10-12T00:00:00+00:00, run_after=2023-10-13T00:00:00+00:00
[2023-10-13T01:21:59.399+0000] {logging_mixin.py:151} INFO - [2023-10-13T01:21:59.399+0000] {dag.py:3722} INFO - Setting next_dagrun for example_branch_datetime_operator_3 to 2023-10-12T00:00:00+00:00, run_after=2023-10-13T00:00:00+00:00
[2023-10-13T01:21:59.423+0000] {processor.py:179} INFO - Processing /home/airflow/.local/lib/python3.8/site-packages/airflow/example_dags/example_branch_datetime_operator.py took 0.138 seconds
[2023-10-13T01:24:42.410+0000] {processor.py:157} INFO - Started process (PID=58) to work on /home/airflow/.local/lib/python3.8/site-packages/airflow/example_dags/example_branch_datetime_operator.py
[2023-10-13T01:24:42.411+0000] {processor.py:829} INFO - Processing file /home/airflow/.local/lib/python3.8/site-packages/airflow/example_dags/example_branch_datetime_operator.py for tasks to queue
[2023-10-13T01:24:42.414+0000] {logging_mixin.py:151} INFO - [2023-10-13T01:24:42.414+0000] {dagbag.py:536} INFO - Filling up the DagBag from /home/airflow/.local/lib/python3.8/site-packages/airflow/example_dags/example_branch_datetime_operator.py
[2023-10-13T01:24:42.442+0000] {processor.py:839} INFO - DAG(s) dict_keys(['example_branch_datetime_operator', 'example_branch_datetime_operator_2', 'example_branch_datetime_operator_3']) retrieved from /home/airflow/.local/lib/python3.8/site-packages/airflow/example_dags/example_branch_datetime_operator.py
[2023-10-13T01:24:42.567+0000] {logging_mixin.py:151} INFO - [2023-10-13T01:24:42.566+0000] {dag.py:2941} INFO - Sync 3 DAGs
[2023-10-13T01:24:42.632+0000] {logging_mixin.py:151} INFO - [2023-10-13T01:24:42.632+0000] {dag.py:3722} INFO - Setting next_dagrun for example_branch_datetime_operator to 2023-10-12T00:00:00+00:00, run_after=2023-10-13T00:00:00+00:00
[2023-10-13T01:24:42.640+0000] {logging_mixin.py:151} INFO - [2023-10-13T01:24:42.640+0000] {dag.py:3722} INFO - Setting next_dagrun for example_branch_datetime_operator_2 to 2023-10-12T00:00:00+00:00, run_after=2023-10-13T00:00:00+00:00
[2023-10-13T01:24:42.645+0000] {logging_mixin.py:151} INFO - [2023-10-13T01:24:42.644+0000] {dag.py:3722} INFO - Setting next_dagrun for example_branch_datetime_operator_3 to 2023-10-12T00:00:00+00:00, run_after=2023-10-13T00:00:00+00:00
[2023-10-13T01:24:42.682+0000] {processor.py:179} INFO - Processing /home/airflow/.local/lib/python3.8/site-packages/airflow/example_dags/example_branch_datetime_operator.py took 0.289 seconds
[2023-10-13T01:25:13.477+0000] {processor.py:157} INFO - Started process (PID=113) to work on /home/airflow/.local/lib/python3.8/site-packages/airflow/example_dags/example_branch_datetime_operator.py
[2023-10-13T01:25:13.492+0000] {processor.py:829} INFO - Processing file /home/airflow/.local/lib/python3.8/site-packages/airflow/example_dags/example_branch_datetime_operator.py for tasks to queue
[2023-10-13T01:25:13.495+0000] {logging_mixin.py:151} INFO - [2023-10-13T01:25:13.495+0000] {dagbag.py:536} INFO - Filling up the DagBag from /home/airflow/.local/lib/python3.8/site-packages/airflow/example_dags/example_branch_datetime_operator.py
[2023-10-13T01:25:13.513+0000] {processor.py:839} INFO - DAG(s) dict_keys(['example_branch_datetime_operator_3', 'example_branch_datetime_operator', 'example_branch_datetime_operator_2']) retrieved from /home/airflow/.local/lib/python3.8/site-packages/airflow/example_dags/example_branch_datetime_operator.py
[2023-10-13T01:25:13.548+0000] {logging_mixin.py:151} INFO - [2023-10-13T01:25:13.548+0000] {dag.py:2941} INFO - Sync 3 DAGs
[2023-10-13T01:25:13.573+0000] {logging_mixin.py:151} INFO - [2023-10-13T01:25:13.572+0000] {dag.py:3722} INFO - Setting next_dagrun for example_branch_datetime_operator to 2023-10-12T00:00:00+00:00, run_after=2023-10-13T00:00:00+00:00
[2023-10-13T01:25:13.578+0000] {logging_mixin.py:151} INFO - [2023-10-13T01:25:13.578+0000] {dag.py:3722} INFO - Setting next_dagrun for example_branch_datetime_operator_2 to 2023-10-12T00:00:00+00:00, run_after=2023-10-13T00:00:00+00:00
[2023-10-13T01:25:13.582+0000] {logging_mixin.py:151} INFO - [2023-10-13T01:25:13.582+0000] {dag.py:3722} INFO - Setting next_dagrun for example_branch_datetime_operator_3 to 2023-10-12T00:00:00+00:00, run_after=2023-10-13T00:00:00+00:00
[2023-10-13T01:25:13.627+0000] {processor.py:179} INFO - Processing /home/airflow/.local/lib/python3.8/site-packages/airflow/example_dags/example_branch_datetime_operator.py took 0.156 seconds
[2023-10-13T01:25:43.889+0000] {processor.py:157} INFO - Started process (PID=168) to work on /home/airflow/.local/lib/python3.8/site-packages/airflow/example_dags/example_branch_datetime_operator.py
[2023-10-13T01:25:43.891+0000] {processor.py:829} INFO - Processing file /home/airflow/.local/lib/python3.8/site-packages/airflow/example_dags/example_branch_datetime_operator.py for tasks to queue
[2023-10-13T01:25:43.894+0000] {logging_mixin.py:151} INFO - [2023-10-13T01:25:43.893+0000] {dagbag.py:536} INFO - Filling up the DagBag from /home/airflow/.local/lib/python3.8/site-packages/airflow/example_dags/example_branch_datetime_operator.py
[2023-10-13T01:25:43.913+0000] {processor.py:839} INFO - DAG(s) dict_keys(['example_branch_datetime_operator_2', 'example_branch_datetime_operator_3', 'example_branch_datetime_operator']) retrieved from /home/airflow/.local/lib/python3.8/site-packages/airflow/example_dags/example_branch_datetime_operator.py
[2023-10-13T01:25:43.948+0000] {logging_mixin.py:151} INFO - [2023-10-13T01:25:43.948+0000] {dag.py:2941} INFO - Sync 3 DAGs
[2023-10-13T01:25:43.973+0000] {logging_mixin.py:151} INFO - [2023-10-13T01:25:43.973+0000] {dag.py:3722} INFO - Setting next_dagrun for example_branch_datetime_operator to 2023-10-12T00:00:00+00:00, run_after=2023-10-13T00:00:00+00:00
[2023-10-13T01:25:43.979+0000] {logging_mixin.py:151} INFO - [2023-10-13T01:25:43.978+0000] {dag.py:3722} INFO - Setting next_dagrun for example_branch_datetime_operator_2 to 2023-10-12T00:00:00+00:00, run_after=2023-10-13T00:00:00+00:00
[2023-10-13T01:25:43.984+0000] {logging_mixin.py:151} INFO - [2023-10-13T01:25:43.984+0000] {dag.py:3722} INFO - Setting next_dagrun for example_branch_datetime_operator_3 to 2023-10-12T00:00:00+00:00, run_after=2023-10-13T00:00:00+00:00
[2023-10-13T01:25:44.071+0000] {processor.py:179} INFO - Processing /home/airflow/.local/lib/python3.8/site-packages/airflow/example_dags/example_branch_datetime_operator.py took 0.185 seconds
[2023-10-13T01:26:14.200+0000] {processor.py:157} INFO - Started process (PID=222) to work on /home/airflow/.local/lib/python3.8/site-packages/airflow/example_dags/example_branch_datetime_operator.py
[2023-10-13T01:26:14.237+0000] {processor.py:829} INFO - Processing file /home/airflow/.local/lib/python3.8/site-packages/airflow/example_dags/example_branch_datetime_operator.py for tasks to queue
[2023-10-13T01:26:14.240+0000] {logging_mixin.py:151} INFO - [2023-10-13T01:26:14.240+0000] {dagbag.py:536} INFO - Filling up the DagBag from /home/airflow/.local/lib/python3.8/site-packages/airflow/example_dags/example_branch_datetime_operator.py
[2023-10-13T01:26:14.261+0000] {processor.py:839} INFO - DAG(s) dict_keys(['example_branch_datetime_operator_2', 'example_branch_datetime_operator', 'example_branch_datetime_operator_3']) retrieved from /home/airflow/.local/lib/python3.8/site-packages/airflow/example_dags/example_branch_datetime_operator.py
[2023-10-13T01:26:14.312+0000] {logging_mixin.py:151} INFO - [2023-10-13T01:26:14.311+0000] {dag.py:2941} INFO - Sync 3 DAGs
[2023-10-13T01:26:14.349+0000] {logging_mixin.py:151} INFO - [2023-10-13T01:26:14.349+0000] {dag.py:3722} INFO - Setting next_dagrun for example_branch_datetime_operator to 2023-10-12T00:00:00+00:00, run_after=2023-10-13T00:00:00+00:00
[2023-10-13T01:26:14.357+0000] {logging_mixin.py:151} INFO - [2023-10-13T01:26:14.357+0000] {dag.py:3722} INFO - Setting next_dagrun for example_branch_datetime_operator_2 to 2023-10-12T00:00:00+00:00, run_after=2023-10-13T00:00:00+00:00
[2023-10-13T01:26:14.360+0000] {logging_mixin.py:151} INFO - [2023-10-13T01:26:14.360+0000] {dag.py:3722} INFO - Setting next_dagrun for example_branch_datetime_operator_3 to 2023-10-12T00:00:00+00:00, run_after=2023-10-13T00:00:00+00:00
[2023-10-13T01:26:14.387+0000] {processor.py:179} INFO - Processing /home/airflow/.local/lib/python3.8/site-packages/airflow/example_dags/example_branch_datetime_operator.py took 0.194 seconds
[2023-10-13T01:26:44.877+0000] {processor.py:157} INFO - Started process (PID=277) to work on /home/airflow/.local/lib/python3.8/site-packages/airflow/example_dags/example_branch_datetime_operator.py
[2023-10-13T01:26:44.878+0000] {processor.py:829} INFO - Processing file /home/airflow/.local/lib/python3.8/site-packages/airflow/example_dags/example_branch_datetime_operator.py for tasks to queue
[2023-10-13T01:26:44.882+0000] {logging_mixin.py:151} INFO - [2023-10-13T01:26:44.881+0000] {dagbag.py:536} INFO - Filling up the DagBag from /home/airflow/.local/lib/python3.8/site-packages/airflow/example_dags/example_branch_datetime_operator.py
[2023-10-13T01:26:44.902+0000] {processor.py:839} INFO - DAG(s) dict_keys(['example_branch_datetime_operator', 'example_branch_datetime_operator_3', 'example_branch_datetime_operator_2']) retrieved from /home/airflow/.local/lib/python3.8/site-packages/airflow/example_dags/example_branch_datetime_operator.py
[2023-10-13T01:26:44.945+0000] {logging_mixin.py:151} INFO - [2023-10-13T01:26:44.945+0000] {dag.py:2941} INFO - Sync 3 DAGs
[2023-10-13T01:26:44.979+0000] {logging_mixin.py:151} INFO - [2023-10-13T01:26:44.979+0000] {dag.py:3722} INFO - Setting next_dagrun for example_branch_datetime_operator to 2023-10-12T00:00:00+00:00, run_after=2023-10-13T00:00:00+00:00
[2023-10-13T01:26:44.986+0000] {logging_mixin.py:151} INFO - [2023-10-13T01:26:44.986+0000] {dag.py:3722} INFO - Setting next_dagrun for example_branch_datetime_operator_2 to 2023-10-12T00:00:00+00:00, run_after=2023-10-13T00:00:00+00:00
[2023-10-13T01:26:44.990+0000] {logging_mixin.py:151} INFO - [2023-10-13T01:26:44.990+0000] {dag.py:3722} INFO - Setting next_dagrun for example_branch_datetime_operator_3 to 2023-10-12T00:00:00+00:00, run_after=2023-10-13T00:00:00+00:00
[2023-10-13T01:26:45.016+0000] {processor.py:179} INFO - Processing /home/airflow/.local/lib/python3.8/site-packages/airflow/example_dags/example_branch_datetime_operator.py took 0.146 seconds
[2023-10-13T01:27:15.040+0000] {processor.py:157} INFO - Started process (PID=332) to work on /home/airflow/.local/lib/python3.8/site-packages/airflow/example_dags/example_branch_datetime_operator.py
[2023-10-13T01:27:15.063+0000] {processor.py:829} INFO - Processing file /home/airflow/.local/lib/python3.8/site-packages/airflow/example_dags/example_branch_datetime_operator.py for tasks to queue
[2023-10-13T01:27:15.068+0000] {logging_mixin.py:151} INFO - [2023-10-13T01:27:15.068+0000] {dagbag.py:536} INFO - Filling up the DagBag from /home/airflow/.local/lib/python3.8/site-packages/airflow/example_dags/example_branch_datetime_operator.py
[2023-10-13T01:27:15.089+0000] {processor.py:839} INFO - DAG(s) dict_keys(['example_branch_datetime_operator_3', 'example_branch_datetime_operator_2', 'example_branch_datetime_operator']) retrieved from /home/airflow/.local/lib/python3.8/site-packages/airflow/example_dags/example_branch_datetime_operator.py
[2023-10-13T01:27:15.134+0000] {logging_mixin.py:151} INFO - [2023-10-13T01:27:15.134+0000] {dag.py:2941} INFO - Sync 3 DAGs
[2023-10-13T01:27:15.171+0000] {logging_mixin.py:151} INFO - [2023-10-13T01:27:15.171+0000] {dag.py:3722} INFO - Setting next_dagrun for example_branch_datetime_operator to 2023-10-12T00:00:00+00:00, run_after=2023-10-13T00:00:00+00:00
[2023-10-13T01:27:15.179+0000] {logging_mixin.py:151} INFO - [2023-10-13T01:27:15.178+0000] {dag.py:3722} INFO - Setting next_dagrun for example_branch_datetime_operator_2 to 2023-10-12T00:00:00+00:00, run_after=2023-10-13T00:00:00+00:00
[2023-10-13T01:27:15.183+0000] {logging_mixin.py:151} INFO - [2023-10-13T01:27:15.182+0000] {dag.py:3722} INFO - Setting next_dagrun for example_branch_datetime_operator_3 to 2023-10-12T00:00:00+00:00, run_after=2023-10-13T00:00:00+00:00
[2023-10-13T01:27:15.229+0000] {processor.py:179} INFO - Processing /home/airflow/.local/lib/python3.8/site-packages/airflow/example_dags/example_branch_datetime_operator.py took 0.193 seconds
[2023-10-13T01:27:46.028+0000] {processor.py:157} INFO - Started process (PID=387) to work on /home/airflow/.local/lib/python3.8/site-packages/airflow/example_dags/example_branch_datetime_operator.py
[2023-10-13T01:27:46.029+0000] {processor.py:829} INFO - Processing file /home/airflow/.local/lib/python3.8/site-packages/airflow/example_dags/example_branch_datetime_operator.py for tasks to queue
[2023-10-13T01:27:46.032+0000] {logging_mixin.py:151} INFO - [2023-10-13T01:27:46.032+0000] {dagbag.py:536} INFO - Filling up the DagBag from /home/airflow/.local/lib/python3.8/site-packages/airflow/example_dags/example_branch_datetime_operator.py
[2023-10-13T01:27:46.049+0000] {processor.py:839} INFO - DAG(s) dict_keys(['example_branch_datetime_operator', 'example_branch_datetime_operator_3', 'example_branch_datetime_operator_2']) retrieved from /home/airflow/.local/lib/python3.8/site-packages/airflow/example_dags/example_branch_datetime_operator.py
[2023-10-13T01:27:46.090+0000] {logging_mixin.py:151} INFO - [2023-10-13T01:27:46.090+0000] {dag.py:2941} INFO - Sync 3 DAGs
[2023-10-13T01:27:46.128+0000] {logging_mixin.py:151} INFO - [2023-10-13T01:27:46.128+0000] {dag.py:3722} INFO - Setting next_dagrun for example_branch_datetime_operator to 2023-10-12T00:00:00+00:00, run_after=2023-10-13T00:00:00+00:00
[2023-10-13T01:27:46.137+0000] {logging_mixin.py:151} INFO - [2023-10-13T01:27:46.137+0000] {dag.py:3722} INFO - Setting next_dagrun for example_branch_datetime_operator_2 to 2023-10-12T00:00:00+00:00, run_after=2023-10-13T00:00:00+00:00
[2023-10-13T01:27:46.142+0000] {logging_mixin.py:151} INFO - [2023-10-13T01:27:46.142+0000] {dag.py:3722} INFO - Setting next_dagrun for example_branch_datetime_operator_3 to 2023-10-12T00:00:00+00:00, run_after=2023-10-13T00:00:00+00:00
[2023-10-13T01:27:46.200+0000] {processor.py:179} INFO - Processing /home/airflow/.local/lib/python3.8/site-packages/airflow/example_dags/example_branch_datetime_operator.py took 0.176 seconds
