[2023-10-13T00:52:54.756+0000] {processor.py:157} INFO - Started process (PID=71) to work on /home/airflow/.local/lib/python3.8/site-packages/airflow/example_dags/example_complex.py
[2023-10-13T00:52:54.760+0000] {processor.py:829} INFO - Processing file /home/airflow/.local/lib/python3.8/site-packages/airflow/example_dags/example_complex.py for tasks to queue
[2023-10-13T00:52:54.767+0000] {logging_mixin.py:151} INFO - [2023-10-13T00:52:54.765+0000] {dagbag.py:536} INFO - Filling up the DagBag from /home/airflow/.local/lib/python3.8/site-packages/airflow/example_dags/example_complex.py
[2023-10-13T00:52:54.833+0000] {processor.py:839} INFO - DAG(s) dict_keys(['example_complex']) retrieved from /home/airflow/.local/lib/python3.8/site-packages/airflow/example_dags/example_complex.py
[2023-10-13T00:52:54.890+0000] {logging_mixin.py:151} INFO - [2023-10-13T00:52:54.889+0000] {dag.py:2941} INFO - Sync 1 DAGs
[2023-10-13T00:52:54.909+0000] {logging_mixin.py:151} INFO - [2023-10-13T00:52:54.909+0000] {dag.py:3722} INFO - Setting next_dagrun for example_complex to None, run_after=None
[2023-10-13T00:52:54.983+0000] {processor.py:179} INFO - Processing /home/airflow/.local/lib/python3.8/site-packages/airflow/example_dags/example_complex.py took 0.244 seconds
[2023-10-13T00:53:25.442+0000] {processor.py:157} INFO - Started process (PID=124) to work on /home/airflow/.local/lib/python3.8/site-packages/airflow/example_dags/example_complex.py
[2023-10-13T00:53:25.448+0000] {processor.py:829} INFO - Processing file /home/airflow/.local/lib/python3.8/site-packages/airflow/example_dags/example_complex.py for tasks to queue
[2023-10-13T00:53:25.453+0000] {logging_mixin.py:151} INFO - [2023-10-13T00:53:25.453+0000] {dagbag.py:536} INFO - Filling up the DagBag from /home/airflow/.local/lib/python3.8/site-packages/airflow/example_dags/example_complex.py
[2023-10-13T00:53:25.498+0000] {processor.py:839} INFO - DAG(s) dict_keys(['example_complex']) retrieved from /home/airflow/.local/lib/python3.8/site-packages/airflow/example_dags/example_complex.py
[2023-10-13T00:53:25.565+0000] {logging_mixin.py:151} INFO - [2023-10-13T00:53:25.565+0000] {dag.py:2941} INFO - Sync 1 DAGs
[2023-10-13T00:53:25.607+0000] {logging_mixin.py:151} INFO - [2023-10-13T00:53:25.607+0000] {dag.py:3722} INFO - Setting next_dagrun for example_complex to None, run_after=None
[2023-10-13T00:53:25.647+0000] {processor.py:179} INFO - Processing /home/airflow/.local/lib/python3.8/site-packages/airflow/example_dags/example_complex.py took 0.210 seconds
[2023-10-13T00:53:56.731+0000] {processor.py:157} INFO - Started process (PID=179) to work on /home/airflow/.local/lib/python3.8/site-packages/airflow/example_dags/example_complex.py
[2023-10-13T00:53:56.735+0000] {processor.py:829} INFO - Processing file /home/airflow/.local/lib/python3.8/site-packages/airflow/example_dags/example_complex.py for tasks to queue
[2023-10-13T00:53:56.738+0000] {logging_mixin.py:151} INFO - [2023-10-13T00:53:56.737+0000] {dagbag.py:536} INFO - Filling up the DagBag from /home/airflow/.local/lib/python3.8/site-packages/airflow/example_dags/example_complex.py
[2023-10-13T00:53:56.759+0000] {processor.py:839} INFO - DAG(s) dict_keys(['example_complex']) retrieved from /home/airflow/.local/lib/python3.8/site-packages/airflow/example_dags/example_complex.py
[2023-10-13T00:53:56.816+0000] {logging_mixin.py:151} INFO - [2023-10-13T00:53:56.815+0000] {dag.py:2941} INFO - Sync 1 DAGs
[2023-10-13T00:53:56.830+0000] {logging_mixin.py:151} INFO - [2023-10-13T00:53:56.830+0000] {dag.py:3722} INFO - Setting next_dagrun for example_complex to None, run_after=None
[2023-10-13T00:53:57.223+0000] {processor.py:179} INFO - Processing /home/airflow/.local/lib/python3.8/site-packages/airflow/example_dags/example_complex.py took 0.496 seconds
[2023-10-13T00:54:28.108+0000] {processor.py:157} INFO - Started process (PID=233) to work on /home/airflow/.local/lib/python3.8/site-packages/airflow/example_dags/example_complex.py
[2023-10-13T00:54:28.110+0000] {processor.py:829} INFO - Processing file /home/airflow/.local/lib/python3.8/site-packages/airflow/example_dags/example_complex.py for tasks to queue
[2023-10-13T00:54:28.116+0000] {logging_mixin.py:151} INFO - [2023-10-13T00:54:28.115+0000] {dagbag.py:536} INFO - Filling up the DagBag from /home/airflow/.local/lib/python3.8/site-packages/airflow/example_dags/example_complex.py
[2023-10-13T00:54:28.141+0000] {processor.py:839} INFO - DAG(s) dict_keys(['example_complex']) retrieved from /home/airflow/.local/lib/python3.8/site-packages/airflow/example_dags/example_complex.py
[2023-10-13T00:54:28.211+0000] {logging_mixin.py:151} INFO - [2023-10-13T00:54:28.211+0000] {dag.py:2941} INFO - Sync 1 DAGs
[2023-10-13T00:54:28.241+0000] {logging_mixin.py:151} INFO - [2023-10-13T00:54:28.241+0000] {dag.py:3722} INFO - Setting next_dagrun for example_complex to None, run_after=None
[2023-10-13T00:54:28.306+0000] {processor.py:179} INFO - Processing /home/airflow/.local/lib/python3.8/site-packages/airflow/example_dags/example_complex.py took 0.208 seconds
[2023-10-13T00:54:59.156+0000] {processor.py:157} INFO - Started process (PID=287) to work on /home/airflow/.local/lib/python3.8/site-packages/airflow/example_dags/example_complex.py
[2023-10-13T00:54:59.199+0000] {processor.py:829} INFO - Processing file /home/airflow/.local/lib/python3.8/site-packages/airflow/example_dags/example_complex.py for tasks to queue
[2023-10-13T00:54:59.205+0000] {logging_mixin.py:151} INFO - [2023-10-13T00:54:59.204+0000] {dagbag.py:536} INFO - Filling up the DagBag from /home/airflow/.local/lib/python3.8/site-packages/airflow/example_dags/example_complex.py
[2023-10-13T00:54:59.229+0000] {processor.py:839} INFO - DAG(s) dict_keys(['example_complex']) retrieved from /home/airflow/.local/lib/python3.8/site-packages/airflow/example_dags/example_complex.py
[2023-10-13T00:54:59.334+0000] {logging_mixin.py:151} INFO - [2023-10-13T00:54:59.333+0000] {dag.py:2941} INFO - Sync 1 DAGs
[2023-10-13T00:54:59.357+0000] {logging_mixin.py:151} INFO - [2023-10-13T00:54:59.357+0000] {dag.py:3722} INFO - Setting next_dagrun for example_complex to None, run_after=None
[2023-10-13T00:54:59.433+0000] {processor.py:179} INFO - Processing /home/airflow/.local/lib/python3.8/site-packages/airflow/example_dags/example_complex.py took 0.303 seconds
[2023-10-13T00:55:30.022+0000] {processor.py:157} INFO - Started process (PID=341) to work on /home/airflow/.local/lib/python3.8/site-packages/airflow/example_dags/example_complex.py
[2023-10-13T00:55:30.024+0000] {processor.py:829} INFO - Processing file /home/airflow/.local/lib/python3.8/site-packages/airflow/example_dags/example_complex.py for tasks to queue
[2023-10-13T00:55:30.030+0000] {logging_mixin.py:151} INFO - [2023-10-13T00:55:30.029+0000] {dagbag.py:536} INFO - Filling up the DagBag from /home/airflow/.local/lib/python3.8/site-packages/airflow/example_dags/example_complex.py
[2023-10-13T00:55:30.055+0000] {processor.py:839} INFO - DAG(s) dict_keys(['example_complex']) retrieved from /home/airflow/.local/lib/python3.8/site-packages/airflow/example_dags/example_complex.py
[2023-10-13T00:55:30.100+0000] {logging_mixin.py:151} INFO - [2023-10-13T00:55:30.099+0000] {dag.py:2941} INFO - Sync 1 DAGs
[2023-10-13T00:55:30.122+0000] {logging_mixin.py:151} INFO - [2023-10-13T00:55:30.121+0000] {dag.py:3722} INFO - Setting next_dagrun for example_complex to None, run_after=None
[2023-10-13T00:55:30.332+0000] {processor.py:179} INFO - Processing /home/airflow/.local/lib/python3.8/site-packages/airflow/example_dags/example_complex.py took 0.317 seconds
[2023-10-13T01:14:47.780+0000] {processor.py:157} INFO - Started process (PID=65) to work on /home/airflow/.local/lib/python3.8/site-packages/airflow/example_dags/example_complex.py
[2023-10-13T01:14:47.804+0000] {processor.py:829} INFO - Processing file /home/airflow/.local/lib/python3.8/site-packages/airflow/example_dags/example_complex.py for tasks to queue
[2023-10-13T01:14:47.807+0000] {logging_mixin.py:151} INFO - [2023-10-13T01:14:47.807+0000] {dagbag.py:536} INFO - Filling up the DagBag from /home/airflow/.local/lib/python3.8/site-packages/airflow/example_dags/example_complex.py
[2023-10-13T01:14:47.826+0000] {processor.py:839} INFO - DAG(s) dict_keys(['example_complex']) retrieved from /home/airflow/.local/lib/python3.8/site-packages/airflow/example_dags/example_complex.py
[2023-10-13T01:14:47.882+0000] {logging_mixin.py:151} INFO - [2023-10-13T01:14:47.881+0000] {dag.py:2941} INFO - Sync 1 DAGs
[2023-10-13T01:14:47.899+0000] {logging_mixin.py:151} INFO - [2023-10-13T01:14:47.899+0000] {dag.py:3722} INFO - Setting next_dagrun for example_complex to None, run_after=None
[2023-10-13T01:14:47.955+0000] {processor.py:179} INFO - Processing /home/airflow/.local/lib/python3.8/site-packages/airflow/example_dags/example_complex.py took 0.180 seconds
[2023-10-13T01:15:18.564+0000] {processor.py:157} INFO - Started process (PID=120) to work on /home/airflow/.local/lib/python3.8/site-packages/airflow/example_dags/example_complex.py
[2023-10-13T01:15:18.565+0000] {processor.py:829} INFO - Processing file /home/airflow/.local/lib/python3.8/site-packages/airflow/example_dags/example_complex.py for tasks to queue
[2023-10-13T01:15:18.568+0000] {logging_mixin.py:151} INFO - [2023-10-13T01:15:18.567+0000] {dagbag.py:536} INFO - Filling up the DagBag from /home/airflow/.local/lib/python3.8/site-packages/airflow/example_dags/example_complex.py
[2023-10-13T01:15:18.585+0000] {processor.py:839} INFO - DAG(s) dict_keys(['example_complex']) retrieved from /home/airflow/.local/lib/python3.8/site-packages/airflow/example_dags/example_complex.py
[2023-10-13T01:15:18.630+0000] {logging_mixin.py:151} INFO - [2023-10-13T01:15:18.629+0000] {dag.py:2941} INFO - Sync 1 DAGs
[2023-10-13T01:15:18.645+0000] {logging_mixin.py:151} INFO - [2023-10-13T01:15:18.645+0000] {dag.py:3722} INFO - Setting next_dagrun for example_complex to None, run_after=None
[2023-10-13T01:15:18.675+0000] {processor.py:179} INFO - Processing /home/airflow/.local/lib/python3.8/site-packages/airflow/example_dags/example_complex.py took 0.116 seconds
[2023-10-13T01:15:49.757+0000] {processor.py:157} INFO - Started process (PID=174) to work on /home/airflow/.local/lib/python3.8/site-packages/airflow/example_dags/example_complex.py
[2023-10-13T01:15:49.758+0000] {processor.py:829} INFO - Processing file /home/airflow/.local/lib/python3.8/site-packages/airflow/example_dags/example_complex.py for tasks to queue
[2023-10-13T01:15:49.761+0000] {logging_mixin.py:151} INFO - [2023-10-13T01:15:49.761+0000] {dagbag.py:536} INFO - Filling up the DagBag from /home/airflow/.local/lib/python3.8/site-packages/airflow/example_dags/example_complex.py
[2023-10-13T01:15:49.778+0000] {processor.py:839} INFO - DAG(s) dict_keys(['example_complex']) retrieved from /home/airflow/.local/lib/python3.8/site-packages/airflow/example_dags/example_complex.py
[2023-10-13T01:15:49.813+0000] {logging_mixin.py:151} INFO - [2023-10-13T01:15:49.813+0000] {dag.py:2941} INFO - Sync 1 DAGs
[2023-10-13T01:15:49.826+0000] {logging_mixin.py:151} INFO - [2023-10-13T01:15:49.826+0000] {dag.py:3722} INFO - Setting next_dagrun for example_complex to None, run_after=None
[2023-10-13T01:15:49.868+0000] {processor.py:179} INFO - Processing /home/airflow/.local/lib/python3.8/site-packages/airflow/example_dags/example_complex.py took 0.116 seconds
[2023-10-13T01:16:20.969+0000] {processor.py:157} INFO - Started process (PID=228) to work on /home/airflow/.local/lib/python3.8/site-packages/airflow/example_dags/example_complex.py
[2023-10-13T01:16:20.971+0000] {processor.py:829} INFO - Processing file /home/airflow/.local/lib/python3.8/site-packages/airflow/example_dags/example_complex.py for tasks to queue
[2023-10-13T01:16:20.975+0000] {logging_mixin.py:151} INFO - [2023-10-13T01:16:20.975+0000] {dagbag.py:536} INFO - Filling up the DagBag from /home/airflow/.local/lib/python3.8/site-packages/airflow/example_dags/example_complex.py
[2023-10-13T01:16:21.000+0000] {processor.py:839} INFO - DAG(s) dict_keys(['example_complex']) retrieved from /home/airflow/.local/lib/python3.8/site-packages/airflow/example_dags/example_complex.py
[2023-10-13T01:16:21.060+0000] {logging_mixin.py:151} INFO - [2023-10-13T01:16:21.059+0000] {dag.py:2941} INFO - Sync 1 DAGs
[2023-10-13T01:16:21.081+0000] {logging_mixin.py:151} INFO - [2023-10-13T01:16:21.081+0000] {dag.py:3722} INFO - Setting next_dagrun for example_complex to None, run_after=None
[2023-10-13T01:16:21.147+0000] {processor.py:179} INFO - Processing /home/airflow/.local/lib/python3.8/site-packages/airflow/example_dags/example_complex.py took 0.184 seconds
[2023-10-13T01:16:51.840+0000] {processor.py:157} INFO - Started process (PID=283) to work on /home/airflow/.local/lib/python3.8/site-packages/airflow/example_dags/example_complex.py
[2023-10-13T01:16:51.842+0000] {processor.py:829} INFO - Processing file /home/airflow/.local/lib/python3.8/site-packages/airflow/example_dags/example_complex.py for tasks to queue
[2023-10-13T01:16:51.854+0000] {logging_mixin.py:151} INFO - [2023-10-13T01:16:51.849+0000] {dagbag.py:536} INFO - Filling up the DagBag from /home/airflow/.local/lib/python3.8/site-packages/airflow/example_dags/example_complex.py
[2023-10-13T01:16:51.898+0000] {processor.py:839} INFO - DAG(s) dict_keys(['example_complex']) retrieved from /home/airflow/.local/lib/python3.8/site-packages/airflow/example_dags/example_complex.py
[2023-10-13T01:16:51.980+0000] {logging_mixin.py:151} INFO - [2023-10-13T01:16:51.980+0000] {dag.py:2941} INFO - Sync 1 DAGs
[2023-10-13T01:16:52.007+0000] {logging_mixin.py:151} INFO - [2023-10-13T01:16:52.007+0000] {dag.py:3722} INFO - Setting next_dagrun for example_complex to None, run_after=None
[2023-10-13T01:16:52.061+0000] {processor.py:179} INFO - Processing /home/airflow/.local/lib/python3.8/site-packages/airflow/example_dags/example_complex.py took 0.229 seconds
[2023-10-13T01:17:22.327+0000] {processor.py:157} INFO - Started process (PID=337) to work on /home/airflow/.local/lib/python3.8/site-packages/airflow/example_dags/example_complex.py
[2023-10-13T01:17:22.329+0000] {processor.py:829} INFO - Processing file /home/airflow/.local/lib/python3.8/site-packages/airflow/example_dags/example_complex.py for tasks to queue
[2023-10-13T01:17:22.331+0000] {logging_mixin.py:151} INFO - [2023-10-13T01:17:22.331+0000] {dagbag.py:536} INFO - Filling up the DagBag from /home/airflow/.local/lib/python3.8/site-packages/airflow/example_dags/example_complex.py
[2023-10-13T01:17:22.347+0000] {processor.py:839} INFO - DAG(s) dict_keys(['example_complex']) retrieved from /home/airflow/.local/lib/python3.8/site-packages/airflow/example_dags/example_complex.py
[2023-10-13T01:17:22.388+0000] {logging_mixin.py:151} INFO - [2023-10-13T01:17:22.388+0000] {dag.py:2941} INFO - Sync 1 DAGs
[2023-10-13T01:17:22.404+0000] {logging_mixin.py:151} INFO - [2023-10-13T01:17:22.404+0000] {dag.py:3722} INFO - Setting next_dagrun for example_complex to None, run_after=None
[2023-10-13T01:17:22.442+0000] {processor.py:179} INFO - Processing /home/airflow/.local/lib/python3.8/site-packages/airflow/example_dags/example_complex.py took 0.119 seconds
[2023-10-13T01:17:53.098+0000] {processor.py:157} INFO - Started process (PID=393) to work on /home/airflow/.local/lib/python3.8/site-packages/airflow/example_dags/example_complex.py
[2023-10-13T01:17:53.099+0000] {processor.py:829} INFO - Processing file /home/airflow/.local/lib/python3.8/site-packages/airflow/example_dags/example_complex.py for tasks to queue
[2023-10-13T01:17:53.101+0000] {logging_mixin.py:151} INFO - [2023-10-13T01:17:53.101+0000] {dagbag.py:536} INFO - Filling up the DagBag from /home/airflow/.local/lib/python3.8/site-packages/airflow/example_dags/example_complex.py
[2023-10-13T01:17:53.114+0000] {processor.py:839} INFO - DAG(s) dict_keys(['example_complex']) retrieved from /home/airflow/.local/lib/python3.8/site-packages/airflow/example_dags/example_complex.py
[2023-10-13T01:17:53.160+0000] {logging_mixin.py:151} INFO - [2023-10-13T01:17:53.160+0000] {dag.py:2941} INFO - Sync 1 DAGs
[2023-10-13T01:17:53.177+0000] {logging_mixin.py:151} INFO - [2023-10-13T01:17:53.177+0000] {dag.py:3722} INFO - Setting next_dagrun for example_complex to None, run_after=None
[2023-10-13T01:17:53.220+0000] {processor.py:179} INFO - Processing /home/airflow/.local/lib/python3.8/site-packages/airflow/example_dags/example_complex.py took 0.125 seconds
[2023-10-13T01:18:23.459+0000] {processor.py:157} INFO - Started process (PID=448) to work on /home/airflow/.local/lib/python3.8/site-packages/airflow/example_dags/example_complex.py
[2023-10-13T01:18:23.473+0000] {processor.py:829} INFO - Processing file /home/airflow/.local/lib/python3.8/site-packages/airflow/example_dags/example_complex.py for tasks to queue
[2023-10-13T01:18:23.475+0000] {logging_mixin.py:151} INFO - [2023-10-13T01:18:23.475+0000] {dagbag.py:536} INFO - Filling up the DagBag from /home/airflow/.local/lib/python3.8/site-packages/airflow/example_dags/example_complex.py
[2023-10-13T01:18:23.489+0000] {processor.py:839} INFO - DAG(s) dict_keys(['example_complex']) retrieved from /home/airflow/.local/lib/python3.8/site-packages/airflow/example_dags/example_complex.py
[2023-10-13T01:18:23.526+0000] {logging_mixin.py:151} INFO - [2023-10-13T01:18:23.526+0000] {dag.py:2941} INFO - Sync 1 DAGs
[2023-10-13T01:18:23.544+0000] {logging_mixin.py:151} INFO - [2023-10-13T01:18:23.543+0000] {dag.py:3722} INFO - Setting next_dagrun for example_complex to None, run_after=None
[2023-10-13T01:18:23.576+0000] {processor.py:179} INFO - Processing /home/airflow/.local/lib/python3.8/site-packages/airflow/example_dags/example_complex.py took 0.122 seconds
[2023-10-13T01:18:54.435+0000] {processor.py:157} INFO - Started process (PID=503) to work on /home/airflow/.local/lib/python3.8/site-packages/airflow/example_dags/example_complex.py
[2023-10-13T01:18:54.436+0000] {processor.py:829} INFO - Processing file /home/airflow/.local/lib/python3.8/site-packages/airflow/example_dags/example_complex.py for tasks to queue
[2023-10-13T01:18:54.438+0000] {logging_mixin.py:151} INFO - [2023-10-13T01:18:54.438+0000] {dagbag.py:536} INFO - Filling up the DagBag from /home/airflow/.local/lib/python3.8/site-packages/airflow/example_dags/example_complex.py
[2023-10-13T01:18:54.456+0000] {processor.py:839} INFO - DAG(s) dict_keys(['example_complex']) retrieved from /home/airflow/.local/lib/python3.8/site-packages/airflow/example_dags/example_complex.py
[2023-10-13T01:18:54.540+0000] {logging_mixin.py:151} INFO - [2023-10-13T01:18:54.540+0000] {dag.py:2941} INFO - Sync 1 DAGs
[2023-10-13T01:18:54.557+0000] {logging_mixin.py:151} INFO - [2023-10-13T01:18:54.556+0000] {dag.py:3722} INFO - Setting next_dagrun for example_complex to None, run_after=None
[2023-10-13T01:18:54.585+0000] {processor.py:179} INFO - Processing /home/airflow/.local/lib/python3.8/site-packages/airflow/example_dags/example_complex.py took 0.154 seconds
[2023-10-13T01:19:26.262+0000] {processor.py:157} INFO - Started process (PID=558) to work on /home/airflow/.local/lib/python3.8/site-packages/airflow/example_dags/example_complex.py
[2023-10-13T01:19:26.284+0000] {processor.py:829} INFO - Processing file /home/airflow/.local/lib/python3.8/site-packages/airflow/example_dags/example_complex.py for tasks to queue
[2023-10-13T01:19:26.287+0000] {logging_mixin.py:151} INFO - [2023-10-13T01:19:26.286+0000] {dagbag.py:536} INFO - Filling up the DagBag from /home/airflow/.local/lib/python3.8/site-packages/airflow/example_dags/example_complex.py
[2023-10-13T01:19:26.303+0000] {processor.py:839} INFO - DAG(s) dict_keys(['example_complex']) retrieved from /home/airflow/.local/lib/python3.8/site-packages/airflow/example_dags/example_complex.py
[2023-10-13T01:19:26.353+0000] {logging_mixin.py:151} INFO - [2023-10-13T01:19:26.353+0000] {dag.py:2941} INFO - Sync 1 DAGs
[2023-10-13T01:19:26.377+0000] {logging_mixin.py:151} INFO - [2023-10-13T01:19:26.376+0000] {dag.py:3722} INFO - Setting next_dagrun for example_complex to None, run_after=None
[2023-10-13T01:19:26.436+0000] {processor.py:179} INFO - Processing /home/airflow/.local/lib/python3.8/site-packages/airflow/example_dags/example_complex.py took 0.178 seconds
[2023-10-13T01:19:56.866+0000] {processor.py:157} INFO - Started process (PID=613) to work on /home/airflow/.local/lib/python3.8/site-packages/airflow/example_dags/example_complex.py
[2023-10-13T01:19:56.919+0000] {processor.py:829} INFO - Processing file /home/airflow/.local/lib/python3.8/site-packages/airflow/example_dags/example_complex.py for tasks to queue
[2023-10-13T01:19:56.922+0000] {logging_mixin.py:151} INFO - [2023-10-13T01:19:56.921+0000] {dagbag.py:536} INFO - Filling up the DagBag from /home/airflow/.local/lib/python3.8/site-packages/airflow/example_dags/example_complex.py
[2023-10-13T01:19:56.934+0000] {processor.py:839} INFO - DAG(s) dict_keys(['example_complex']) retrieved from /home/airflow/.local/lib/python3.8/site-packages/airflow/example_dags/example_complex.py
[2023-10-13T01:19:56.991+0000] {logging_mixin.py:151} INFO - [2023-10-13T01:19:56.991+0000] {dag.py:2941} INFO - Sync 1 DAGs
[2023-10-13T01:19:57.004+0000] {logging_mixin.py:151} INFO - [2023-10-13T01:19:57.004+0000] {dag.py:3722} INFO - Setting next_dagrun for example_complex to None, run_after=None
[2023-10-13T01:19:57.063+0000] {processor.py:179} INFO - Processing /home/airflow/.local/lib/python3.8/site-packages/airflow/example_dags/example_complex.py took 0.201 seconds
[2023-10-13T01:20:27.746+0000] {processor.py:157} INFO - Started process (PID=668) to work on /home/airflow/.local/lib/python3.8/site-packages/airflow/example_dags/example_complex.py
[2023-10-13T01:20:27.747+0000] {processor.py:829} INFO - Processing file /home/airflow/.local/lib/python3.8/site-packages/airflow/example_dags/example_complex.py for tasks to queue
[2023-10-13T01:20:27.749+0000] {logging_mixin.py:151} INFO - [2023-10-13T01:20:27.748+0000] {dagbag.py:536} INFO - Filling up the DagBag from /home/airflow/.local/lib/python3.8/site-packages/airflow/example_dags/example_complex.py
[2023-10-13T01:20:27.761+0000] {processor.py:839} INFO - DAG(s) dict_keys(['example_complex']) retrieved from /home/airflow/.local/lib/python3.8/site-packages/airflow/example_dags/example_complex.py
[2023-10-13T01:20:27.804+0000] {logging_mixin.py:151} INFO - [2023-10-13T01:20:27.804+0000] {dag.py:2941} INFO - Sync 1 DAGs
[2023-10-13T01:20:27.822+0000] {logging_mixin.py:151} INFO - [2023-10-13T01:20:27.822+0000] {dag.py:3722} INFO - Setting next_dagrun for example_complex to None, run_after=None
[2023-10-13T01:20:27.872+0000] {processor.py:179} INFO - Processing /home/airflow/.local/lib/python3.8/site-packages/airflow/example_dags/example_complex.py took 0.131 seconds
[2023-10-13T01:20:58.863+0000] {processor.py:157} INFO - Started process (PID=723) to work on /home/airflow/.local/lib/python3.8/site-packages/airflow/example_dags/example_complex.py
[2023-10-13T01:20:58.864+0000] {processor.py:829} INFO - Processing file /home/airflow/.local/lib/python3.8/site-packages/airflow/example_dags/example_complex.py for tasks to queue
[2023-10-13T01:20:58.867+0000] {logging_mixin.py:151} INFO - [2023-10-13T01:20:58.867+0000] {dagbag.py:536} INFO - Filling up the DagBag from /home/airflow/.local/lib/python3.8/site-packages/airflow/example_dags/example_complex.py
[2023-10-13T01:20:58.886+0000] {processor.py:839} INFO - DAG(s) dict_keys(['example_complex']) retrieved from /home/airflow/.local/lib/python3.8/site-packages/airflow/example_dags/example_complex.py
[2023-10-13T01:20:58.940+0000] {logging_mixin.py:151} INFO - [2023-10-13T01:20:58.939+0000] {dag.py:2941} INFO - Sync 1 DAGs
[2023-10-13T01:20:58.966+0000] {logging_mixin.py:151} INFO - [2023-10-13T01:20:58.965+0000] {dag.py:3722} INFO - Setting next_dagrun for example_complex to None, run_after=None
[2023-10-13T01:20:59.001+0000] {processor.py:179} INFO - Processing /home/airflow/.local/lib/python3.8/site-packages/airflow/example_dags/example_complex.py took 0.145 seconds
[2023-10-13T01:21:29.950+0000] {processor.py:157} INFO - Started process (PID=786) to work on /home/airflow/.local/lib/python3.8/site-packages/airflow/example_dags/example_complex.py
[2023-10-13T01:21:29.951+0000] {processor.py:829} INFO - Processing file /home/airflow/.local/lib/python3.8/site-packages/airflow/example_dags/example_complex.py for tasks to queue
[2023-10-13T01:21:29.954+0000] {logging_mixin.py:151} INFO - [2023-10-13T01:21:29.953+0000] {dagbag.py:536} INFO - Filling up the DagBag from /home/airflow/.local/lib/python3.8/site-packages/airflow/example_dags/example_complex.py
[2023-10-13T01:21:29.974+0000] {processor.py:839} INFO - DAG(s) dict_keys(['example_complex']) retrieved from /home/airflow/.local/lib/python3.8/site-packages/airflow/example_dags/example_complex.py
[2023-10-13T01:21:30.019+0000] {logging_mixin.py:151} INFO - [2023-10-13T01:21:30.018+0000] {dag.py:2941} INFO - Sync 1 DAGs
[2023-10-13T01:21:30.036+0000] {logging_mixin.py:151} INFO - [2023-10-13T01:21:30.036+0000] {dag.py:3722} INFO - Setting next_dagrun for example_complex to None, run_after=None
[2023-10-13T01:21:30.077+0000] {processor.py:179} INFO - Processing /home/airflow/.local/lib/python3.8/site-packages/airflow/example_dags/example_complex.py took 0.131 seconds
[2023-10-13T01:22:01.029+0000] {processor.py:157} INFO - Started process (PID=841) to work on /home/airflow/.local/lib/python3.8/site-packages/airflow/example_dags/example_complex.py
[2023-10-13T01:22:01.043+0000] {processor.py:829} INFO - Processing file /home/airflow/.local/lib/python3.8/site-packages/airflow/example_dags/example_complex.py for tasks to queue
[2023-10-13T01:22:01.046+0000] {logging_mixin.py:151} INFO - [2023-10-13T01:22:01.045+0000] {dagbag.py:536} INFO - Filling up the DagBag from /home/airflow/.local/lib/python3.8/site-packages/airflow/example_dags/example_complex.py
[2023-10-13T01:22:01.063+0000] {processor.py:839} INFO - DAG(s) dict_keys(['example_complex']) retrieved from /home/airflow/.local/lib/python3.8/site-packages/airflow/example_dags/example_complex.py
[2023-10-13T01:22:01.105+0000] {logging_mixin.py:151} INFO - [2023-10-13T01:22:01.105+0000] {dag.py:2941} INFO - Sync 1 DAGs
[2023-10-13T01:22:01.129+0000] {logging_mixin.py:151} INFO - [2023-10-13T01:22:01.129+0000] {dag.py:3722} INFO - Setting next_dagrun for example_complex to None, run_after=None
[2023-10-13T01:22:01.166+0000] {processor.py:179} INFO - Processing /home/airflow/.local/lib/python3.8/site-packages/airflow/example_dags/example_complex.py took 0.141 seconds
[2023-10-13T01:24:43.202+0000] {processor.py:157} INFO - Started process (PID=66) to work on /home/airflow/.local/lib/python3.8/site-packages/airflow/example_dags/example_complex.py
[2023-10-13T01:24:43.203+0000] {processor.py:829} INFO - Processing file /home/airflow/.local/lib/python3.8/site-packages/airflow/example_dags/example_complex.py for tasks to queue
[2023-10-13T01:24:43.205+0000] {logging_mixin.py:151} INFO - [2023-10-13T01:24:43.204+0000] {dagbag.py:536} INFO - Filling up the DagBag from /home/airflow/.local/lib/python3.8/site-packages/airflow/example_dags/example_complex.py
[2023-10-13T01:24:43.216+0000] {processor.py:839} INFO - DAG(s) dict_keys(['example_complex']) retrieved from /home/airflow/.local/lib/python3.8/site-packages/airflow/example_dags/example_complex.py
[2023-10-13T01:24:43.246+0000] {logging_mixin.py:151} INFO - [2023-10-13T01:24:43.246+0000] {dag.py:2941} INFO - Sync 1 DAGs
[2023-10-13T01:24:43.262+0000] {logging_mixin.py:151} INFO - [2023-10-13T01:24:43.262+0000] {dag.py:3722} INFO - Setting next_dagrun for example_complex to None, run_after=None
[2023-10-13T01:24:43.291+0000] {processor.py:179} INFO - Processing /home/airflow/.local/lib/python3.8/site-packages/airflow/example_dags/example_complex.py took 0.092 seconds
[2023-10-13T01:25:14.075+0000] {processor.py:157} INFO - Started process (PID=121) to work on /home/airflow/.local/lib/python3.8/site-packages/airflow/example_dags/example_complex.py
[2023-10-13T01:25:14.076+0000] {processor.py:829} INFO - Processing file /home/airflow/.local/lib/python3.8/site-packages/airflow/example_dags/example_complex.py for tasks to queue
[2023-10-13T01:25:14.078+0000] {logging_mixin.py:151} INFO - [2023-10-13T01:25:14.078+0000] {dagbag.py:536} INFO - Filling up the DagBag from /home/airflow/.local/lib/python3.8/site-packages/airflow/example_dags/example_complex.py
[2023-10-13T01:25:14.099+0000] {processor.py:839} INFO - DAG(s) dict_keys(['example_complex']) retrieved from /home/airflow/.local/lib/python3.8/site-packages/airflow/example_dags/example_complex.py
[2023-10-13T01:25:14.163+0000] {logging_mixin.py:151} INFO - [2023-10-13T01:25:14.163+0000] {dag.py:2941} INFO - Sync 1 DAGs
[2023-10-13T01:25:14.183+0000] {logging_mixin.py:151} INFO - [2023-10-13T01:25:14.182+0000] {dag.py:3722} INFO - Setting next_dagrun for example_complex to None, run_after=None
[2023-10-13T01:25:14.223+0000] {processor.py:179} INFO - Processing /home/airflow/.local/lib/python3.8/site-packages/airflow/example_dags/example_complex.py took 0.153 seconds
[2023-10-13T01:25:44.668+0000] {processor.py:157} INFO - Started process (PID=176) to work on /home/airflow/.local/lib/python3.8/site-packages/airflow/example_dags/example_complex.py
[2023-10-13T01:25:44.669+0000] {processor.py:829} INFO - Processing file /home/airflow/.local/lib/python3.8/site-packages/airflow/example_dags/example_complex.py for tasks to queue
[2023-10-13T01:25:44.672+0000] {logging_mixin.py:151} INFO - [2023-10-13T01:25:44.672+0000] {dagbag.py:536} INFO - Filling up the DagBag from /home/airflow/.local/lib/python3.8/site-packages/airflow/example_dags/example_complex.py
[2023-10-13T01:25:44.689+0000] {processor.py:839} INFO - DAG(s) dict_keys(['example_complex']) retrieved from /home/airflow/.local/lib/python3.8/site-packages/airflow/example_dags/example_complex.py
[2023-10-13T01:25:44.738+0000] {logging_mixin.py:151} INFO - [2023-10-13T01:25:44.738+0000] {dag.py:2941} INFO - Sync 1 DAGs
[2023-10-13T01:25:44.762+0000] {logging_mixin.py:151} INFO - [2023-10-13T01:25:44.762+0000] {dag.py:3722} INFO - Setting next_dagrun for example_complex to None, run_after=None
[2023-10-13T01:25:44.809+0000] {processor.py:179} INFO - Processing /home/airflow/.local/lib/python3.8/site-packages/airflow/example_dags/example_complex.py took 0.146 seconds
[2023-10-13T01:26:14.914+0000] {processor.py:157} INFO - Started process (PID=230) to work on /home/airflow/.local/lib/python3.8/site-packages/airflow/example_dags/example_complex.py
[2023-10-13T01:26:14.915+0000] {processor.py:829} INFO - Processing file /home/airflow/.local/lib/python3.8/site-packages/airflow/example_dags/example_complex.py for tasks to queue
[2023-10-13T01:26:14.918+0000] {logging_mixin.py:151} INFO - [2023-10-13T01:26:14.917+0000] {dagbag.py:536} INFO - Filling up the DagBag from /home/airflow/.local/lib/python3.8/site-packages/airflow/example_dags/example_complex.py
[2023-10-13T01:26:14.932+0000] {processor.py:839} INFO - DAG(s) dict_keys(['example_complex']) retrieved from /home/airflow/.local/lib/python3.8/site-packages/airflow/example_dags/example_complex.py
[2023-10-13T01:26:14.980+0000] {logging_mixin.py:151} INFO - [2023-10-13T01:26:14.980+0000] {dag.py:2941} INFO - Sync 1 DAGs
[2023-10-13T01:26:14.999+0000] {logging_mixin.py:151} INFO - [2023-10-13T01:26:14.998+0000] {dag.py:3722} INFO - Setting next_dagrun for example_complex to None, run_after=None
[2023-10-13T01:26:15.039+0000] {processor.py:179} INFO - Processing /home/airflow/.local/lib/python3.8/site-packages/airflow/example_dags/example_complex.py took 0.136 seconds
[2023-10-13T01:26:45.577+0000] {processor.py:157} INFO - Started process (PID=285) to work on /home/airflow/.local/lib/python3.8/site-packages/airflow/example_dags/example_complex.py
[2023-10-13T01:26:45.578+0000] {processor.py:829} INFO - Processing file /home/airflow/.local/lib/python3.8/site-packages/airflow/example_dags/example_complex.py for tasks to queue
[2023-10-13T01:26:45.580+0000] {logging_mixin.py:151} INFO - [2023-10-13T01:26:45.580+0000] {dagbag.py:536} INFO - Filling up the DagBag from /home/airflow/.local/lib/python3.8/site-packages/airflow/example_dags/example_complex.py
[2023-10-13T01:26:45.602+0000] {processor.py:839} INFO - DAG(s) dict_keys(['example_complex']) retrieved from /home/airflow/.local/lib/python3.8/site-packages/airflow/example_dags/example_complex.py
[2023-10-13T01:26:45.653+0000] {logging_mixin.py:151} INFO - [2023-10-13T01:26:45.653+0000] {dag.py:2941} INFO - Sync 1 DAGs
[2023-10-13T01:26:45.674+0000] {logging_mixin.py:151} INFO - [2023-10-13T01:26:45.673+0000] {dag.py:3722} INFO - Setting next_dagrun for example_complex to None, run_after=None
[2023-10-13T01:26:45.728+0000] {processor.py:179} INFO - Processing /home/airflow/.local/lib/python3.8/site-packages/airflow/example_dags/example_complex.py took 0.155 seconds
[2023-10-13T01:27:15.761+0000] {processor.py:157} INFO - Started process (PID=340) to work on /home/airflow/.local/lib/python3.8/site-packages/airflow/example_dags/example_complex.py
[2023-10-13T01:27:15.762+0000] {processor.py:829} INFO - Processing file /home/airflow/.local/lib/python3.8/site-packages/airflow/example_dags/example_complex.py for tasks to queue
[2023-10-13T01:27:15.764+0000] {logging_mixin.py:151} INFO - [2023-10-13T01:27:15.764+0000] {dagbag.py:536} INFO - Filling up the DagBag from /home/airflow/.local/lib/python3.8/site-packages/airflow/example_dags/example_complex.py
[2023-10-13T01:27:15.776+0000] {processor.py:839} INFO - DAG(s) dict_keys(['example_complex']) retrieved from /home/airflow/.local/lib/python3.8/site-packages/airflow/example_dags/example_complex.py
[2023-10-13T01:27:15.810+0000] {logging_mixin.py:151} INFO - [2023-10-13T01:27:15.810+0000] {dag.py:2941} INFO - Sync 1 DAGs
[2023-10-13T01:27:15.823+0000] {logging_mixin.py:151} INFO - [2023-10-13T01:27:15.823+0000] {dag.py:3722} INFO - Setting next_dagrun for example_complex to None, run_after=None
[2023-10-13T01:27:15.850+0000] {processor.py:179} INFO - Processing /home/airflow/.local/lib/python3.8/site-packages/airflow/example_dags/example_complex.py took 0.093 seconds
[2023-10-13T01:27:46.864+0000] {processor.py:157} INFO - Started process (PID=395) to work on /home/airflow/.local/lib/python3.8/site-packages/airflow/example_dags/example_complex.py
[2023-10-13T01:27:46.865+0000] {processor.py:829} INFO - Processing file /home/airflow/.local/lib/python3.8/site-packages/airflow/example_dags/example_complex.py for tasks to queue
[2023-10-13T01:27:46.867+0000] {logging_mixin.py:151} INFO - [2023-10-13T01:27:46.867+0000] {dagbag.py:536} INFO - Filling up the DagBag from /home/airflow/.local/lib/python3.8/site-packages/airflow/example_dags/example_complex.py
[2023-10-13T01:27:46.886+0000] {processor.py:839} INFO - DAG(s) dict_keys(['example_complex']) retrieved from /home/airflow/.local/lib/python3.8/site-packages/airflow/example_dags/example_complex.py
[2023-10-13T01:27:46.934+0000] {logging_mixin.py:151} INFO - [2023-10-13T01:27:46.934+0000] {dag.py:2941} INFO - Sync 1 DAGs
[2023-10-13T01:27:46.955+0000] {logging_mixin.py:151} INFO - [2023-10-13T01:27:46.954+0000] {dag.py:3722} INFO - Setting next_dagrun for example_complex to None, run_after=None
[2023-10-13T01:27:47.020+0000] {processor.py:179} INFO - Processing /home/airflow/.local/lib/python3.8/site-packages/airflow/example_dags/example_complex.py took 0.160 seconds
