[2023-10-17T16:26:54.640+0000] {taskinstance.py:1159} INFO - Dependencies all met for dep_context=non-requeueable deps ti=<TaskInstance: pronostico_tiempo_dag.crear_tabla_raw scheduled__2023-10-13T00:00:00+00:00 [queued]>
[2023-10-17T16:26:54.768+0000] {taskinstance.py:1159} INFO - Dependencies all met for dep_context=requeueable deps ti=<TaskInstance: pronostico_tiempo_dag.crear_tabla_raw scheduled__2023-10-13T00:00:00+00:00 [queued]>
[2023-10-17T16:26:54.768+0000] {taskinstance.py:1361} INFO - Starting attempt 1 of 2
[2023-10-17T16:26:54.977+0000] {taskinstance.py:1382} INFO - Executing <Task(PostgresOperator): crear_tabla_raw> on 2023-10-13 00:00:00+00:00
[2023-10-17T16:26:55.042+0000] {standard_task_runner.py:57} INFO - Started process 2131 to run task
[2023-10-17T16:26:55.106+0000] {standard_task_runner.py:84} INFO - Running: ['***', 'tasks', 'run', 'pronostico_tiempo_dag', 'crear_tabla_raw', 'scheduled__2023-10-13T00:00:00+00:00', '--job-id', '197', '--raw', '--subdir', 'DAGS_FOLDER/tiempo1.py', '--cfg-path', '/tmp/tmphbkt3l4q']
[2023-10-17T16:26:55.225+0000] {standard_task_runner.py:85} INFO - Job 197: Subtask crear_tabla_raw
[2023-10-17T16:26:56.198+0000] {task_command.py:416} INFO - Running <TaskInstance: pronostico_tiempo_dag.crear_tabla_raw scheduled__2023-10-13T00:00:00+00:00 [running]> on host f314a0c7455b
[2023-10-17T16:26:57.139+0000] {taskinstance.py:1662} INFO - Exporting env vars: AIRFLOW_CTX_DAG_OWNER='Gustavo Lavalle' AIRFLOW_CTX_DAG_ID='pronostico_tiempo_dag' AIRFLOW_CTX_TASK_ID='crear_tabla_raw' AIRFLOW_CTX_EXECUTION_DATE='2023-10-13T00:00:00+00:00' AIRFLOW_CTX_TRY_NUMBER='1' AIRFLOW_CTX_DAG_RUN_ID='scheduled__2023-10-13T00:00:00+00:00'
[2023-10-17T16:26:57.141+0000] {sql.py:274} INFO - Executing: 
CREATE TABLE IF NOT EXISTS RAW (
    ciudad VARCHAR(50),
    fecha_hora VARCHAR(50), 
    pronostico_json JSONB
);
[2023-10-17T16:26:57.171+0000] {base.py:73} INFO - Using connection ID 'mi_conexion_postgres' for task execution.
[2023-10-17T16:26:57.192+0000] {base.py:73} INFO - Using connection ID 'mi_conexion_postgres' for task execution.
[2023-10-17T16:26:57.198+0000] {sql.py:418} INFO - Running statement: 
CREATE TABLE IF NOT EXISTS RAW (
    ciudad VARCHAR(50),
    fecha_hora VARCHAR(50), 
    pronostico_json JSONB
);, parameters: None
[2023-10-17T16:26:57.253+0000] {taskinstance.py:1400} INFO - Marking task as SUCCESS. dag_id=pronostico_tiempo_dag, task_id=crear_tabla_raw, execution_date=20231013T000000, start_date=20231017T162654, end_date=20231017T162657
[2023-10-17T16:26:57.590+0000] {local_task_job_runner.py:228} INFO - Task exited with return code 0
[2023-10-17T16:26:57.766+0000] {taskinstance.py:2778} INFO - 1 downstream tasks scheduled from follow-on schedule check
