[2023-10-14T22:52:04.005+0000] {taskinstance.py:1159} INFO - Dependencies all met for dep_context=non-requeueable deps ti=<TaskInstance: pronostico_tiempo_dag1.crear_tabla_raw manual__2023-10-14T22:51:50.296705+00:00 [queued]>
[2023-10-14T22:52:04.026+0000] {taskinstance.py:1159} INFO - Dependencies all met for dep_context=requeueable deps ti=<TaskInstance: pronostico_tiempo_dag1.crear_tabla_raw manual__2023-10-14T22:51:50.296705+00:00 [queued]>
[2023-10-14T22:52:04.027+0000] {taskinstance.py:1361} INFO - Starting attempt 1 of 2
[2023-10-14T22:52:04.068+0000] {taskinstance.py:1382} INFO - Executing <Task(PostgresOperator): crear_tabla_raw> on 2023-10-14 22:51:50.296705+00:00
[2023-10-14T22:52:04.079+0000] {standard_task_runner.py:57} INFO - Started process 2171 to run task
[2023-10-14T22:52:04.090+0000] {standard_task_runner.py:84} INFO - Running: ['***', 'tasks', 'run', 'pronostico_tiempo_dag1', 'crear_tabla_raw', 'manual__2023-10-14T22:51:50.296705+00:00', '--job-id', '65', '--raw', '--subdir', 'DAGS_FOLDER/tiempo1.py', '--cfg-path', '/tmp/tmpgivwwdkv']
[2023-10-14T22:52:04.097+0000] {standard_task_runner.py:85} INFO - Job 65: Subtask crear_tabla_raw
[2023-10-14T22:52:04.190+0000] {task_command.py:416} INFO - Running <TaskInstance: pronostico_tiempo_dag1.crear_tabla_raw manual__2023-10-14T22:51:50.296705+00:00 [running]> on host f314a0c7455b
[2023-10-14T22:52:04.356+0000] {taskinstance.py:1662} INFO - Exporting env vars: AIRFLOW_CTX_DAG_OWNER='Gustavo Lavalle' AIRFLOW_CTX_DAG_ID='pronostico_tiempo_dag1' AIRFLOW_CTX_TASK_ID='crear_tabla_raw' AIRFLOW_CTX_EXECUTION_DATE='2023-10-14T22:51:50.296705+00:00' AIRFLOW_CTX_TRY_NUMBER='1' AIRFLOW_CTX_DAG_RUN_ID='manual__2023-10-14T22:51:50.296705+00:00'
[2023-10-14T22:52:04.359+0000] {sql.py:274} INFO - Executing: 
DROP TABLE IF EXISTS RAW;
CREATE TABLE RAW (
    ciudad VARCHAR(50),
    fecha_hora TIMESTAMP,
    temperatura_actual FLOAT,
    temperatura_maxima FLOAT,
    temperatura_minima FLOAT,
    presion FLOAT,
    humedad FLOAT
);
[2023-10-14T22:52:04.375+0000] {base.py:73} INFO - Using connection ID 'mi_conexion_postgres' for task execution.
[2023-10-14T22:52:04.389+0000] {base.py:73} INFO - Using connection ID 'mi_conexion_postgres' for task execution.
[2023-10-14T22:52:04.396+0000] {sql.py:418} INFO - Running statement: 
DROP TABLE IF EXISTS RAW;
CREATE TABLE RAW (
    ciudad VARCHAR(50),
    fecha_hora TIMESTAMP,
    temperatura_actual FLOAT,
    temperatura_maxima FLOAT,
    temperatura_minima FLOAT,
    presion FLOAT,
    humedad FLOAT
);, parameters: None
[2023-10-14T22:52:04.474+0000] {taskinstance.py:1400} INFO - Marking task as SUCCESS. dag_id=pronostico_tiempo_dag1, task_id=crear_tabla_raw, execution_date=20231014T225150, start_date=20231014T225204, end_date=20231014T225204
[2023-10-14T22:52:04.554+0000] {local_task_job_runner.py:228} INFO - Task exited with return code 0
[2023-10-14T22:52:04.629+0000] {taskinstance.py:2778} INFO - 1 downstream tasks scheduled from follow-on schedule check
