[2023-10-14T21:51:12.386+0000] {taskinstance.py:1159} INFO - Dependencies all met for dep_context=non-requeueable deps ti=<TaskInstance: pronostico_tiempo_dag1.crear_tabla manual__2023-10-14T21:50:56.795873+00:00 [queued]>
[2023-10-14T21:51:12.415+0000] {taskinstance.py:1159} INFO - Dependencies all met for dep_context=requeueable deps ti=<TaskInstance: pronostico_tiempo_dag1.crear_tabla manual__2023-10-14T21:50:56.795873+00:00 [queued]>
[2023-10-14T21:51:12.416+0000] {taskinstance.py:1361} INFO - Starting attempt 1 of 2
[2023-10-14T21:51:12.499+0000] {taskinstance.py:1382} INFO - Executing <Task(PostgresOperator): crear_tabla> on 2023-10-14 21:50:56.795873+00:00
[2023-10-14T21:51:12.512+0000] {standard_task_runner.py:57} INFO - Started process 1251 to run task
[2023-10-14T21:51:12.535+0000] {standard_task_runner.py:84} INFO - Running: ['***', 'tasks', 'run', 'pronostico_tiempo_dag1', 'crear_tabla', 'manual__2023-10-14T21:50:56.795873+00:00', '--job-id', '41', '--raw', '--subdir', 'DAGS_FOLDER/tiempo1.py', '--cfg-path', '/tmp/tmp28hyroxr']
[2023-10-14T21:51:12.550+0000] {standard_task_runner.py:85} INFO - Job 41: Subtask crear_tabla
[2023-10-14T21:51:12.799+0000] {task_command.py:416} INFO - Running <TaskInstance: pronostico_tiempo_dag1.crear_tabla manual__2023-10-14T21:50:56.795873+00:00 [running]> on host f314a0c7455b
[2023-10-14T21:51:13.167+0000] {taskinstance.py:1662} INFO - Exporting env vars: AIRFLOW_CTX_DAG_OWNER='Gustavo Lavalle' AIRFLOW_CTX_DAG_ID='pronostico_tiempo_dag1' AIRFLOW_CTX_TASK_ID='crear_tabla' AIRFLOW_CTX_EXECUTION_DATE='2023-10-14T21:50:56.795873+00:00' AIRFLOW_CTX_TRY_NUMBER='1' AIRFLOW_CTX_DAG_RUN_ID='manual__2023-10-14T21:50:56.795873+00:00'
[2023-10-14T21:51:13.174+0000] {sql.py:274} INFO - Executing: 
CREATE TABLE IF NOT EXISTS RAW (
    ciudad VARCHAR(50),
    temperatura FLOAT,
    humedad FLOAT
);
[2023-10-14T21:51:13.200+0000] {base.py:73} INFO - Using connection ID 'mi_conexion_postgres' for task execution.
[2023-10-14T21:51:13.227+0000] {base.py:73} INFO - Using connection ID 'mi_conexion_postgres' for task execution.
[2023-10-14T21:51:13.237+0000] {sql.py:418} INFO - Running statement: 
CREATE TABLE IF NOT EXISTS RAW (
    ciudad VARCHAR(50),
    temperatura FLOAT,
    humedad FLOAT
);, parameters: None
[2023-10-14T21:51:13.266+0000] {taskinstance.py:1400} INFO - Marking task as SUCCESS. dag_id=pronostico_tiempo_dag1, task_id=crear_tabla, execution_date=20231014T215056, start_date=20231014T215112, end_date=20231014T215113
[2023-10-14T21:51:13.416+0000] {local_task_job_runner.py:228} INFO - Task exited with return code 0
[2023-10-14T21:51:13.488+0000] {taskinstance.py:2778} INFO - 1 downstream tasks scheduled from follow-on schedule check
