[2023-10-17T12:40:47.270+0000] {taskinstance.py:1159} INFO - Dependencies all met for dep_context=non-requeueable deps ti=<TaskInstance: pronostico_tiempo_dag1.crear_tabla_staging manual__2023-10-17T12:40:25.497424+00:00 [queued]>
[2023-10-17T12:40:47.289+0000] {taskinstance.py:1159} INFO - Dependencies all met for dep_context=requeueable deps ti=<TaskInstance: pronostico_tiempo_dag1.crear_tabla_staging manual__2023-10-17T12:40:25.497424+00:00 [queued]>
[2023-10-17T12:40:47.289+0000] {taskinstance.py:1361} INFO - Starting attempt 1 of 2
[2023-10-17T12:40:47.321+0000] {taskinstance.py:1382} INFO - Executing <Task(PostgresOperator): crear_tabla_staging> on 2023-10-17 12:40:25.497424+00:00
[2023-10-17T12:40:47.331+0000] {standard_task_runner.py:57} INFO - Started process 456 to run task
[2023-10-17T12:40:47.336+0000] {standard_task_runner.py:84} INFO - Running: ['***', 'tasks', 'run', 'pronostico_tiempo_dag1', 'crear_tabla_staging', 'manual__2023-10-17T12:40:25.497424+00:00', '--job-id', '115', '--raw', '--subdir', 'DAGS_FOLDER/tiempo1.py', '--cfg-path', '/tmp/tmp_dnyltkj']
[2023-10-17T12:40:47.339+0000] {standard_task_runner.py:85} INFO - Job 115: Subtask crear_tabla_staging
[2023-10-17T12:40:47.424+0000] {task_command.py:416} INFO - Running <TaskInstance: pronostico_tiempo_dag1.crear_tabla_staging manual__2023-10-17T12:40:25.497424+00:00 [running]> on host f314a0c7455b
[2023-10-17T12:40:47.601+0000] {taskinstance.py:1662} INFO - Exporting env vars: AIRFLOW_CTX_DAG_OWNER='Gustavo Lavalle' AIRFLOW_CTX_DAG_ID='pronostico_tiempo_dag1' AIRFLOW_CTX_TASK_ID='crear_tabla_staging' AIRFLOW_CTX_EXECUTION_DATE='2023-10-17T12:40:25.497424+00:00' AIRFLOW_CTX_TRY_NUMBER='1' AIRFLOW_CTX_DAG_RUN_ID='manual__2023-10-17T12:40:25.497424+00:00'
[2023-10-17T12:40:47.602+0000] {sql.py:274} INFO - Executing: 
DROP TABLE IF EXISTS STAGING;
CREATE TABLE STAGING (
    ciudad VARCHAR(50),
    fecha_hora TIMESTAMP,  -- Cambia el tipo de datos a TIMESTAMP
    temperatura_actual FLOAT,
    temperatura_maxima FLOAT,
    temperatura_minima FLOAT,
    presion FLOAT,
    humedad FLOAT
);
[2023-10-17T12:40:47.617+0000] {base.py:73} INFO - Using connection ID 'mi_conexion_postgres' for task execution.
[2023-10-17T12:40:47.638+0000] {base.py:73} INFO - Using connection ID 'mi_conexion_postgres' for task execution.
[2023-10-17T12:40:47.651+0000] {sql.py:418} INFO - Running statement: 
DROP TABLE IF EXISTS STAGING;
CREATE TABLE STAGING (
    ciudad VARCHAR(50),
    fecha_hora TIMESTAMP,  -- Cambia el tipo de datos a TIMESTAMP
    temperatura_actual FLOAT,
    temperatura_maxima FLOAT,
    temperatura_minima FLOAT,
    presion FLOAT,
    humedad FLOAT
);, parameters: None
[2023-10-17T12:40:47.692+0000] {taskinstance.py:1400} INFO - Marking task as SUCCESS. dag_id=pronostico_tiempo_dag1, task_id=crear_tabla_staging, execution_date=20231017T124025, start_date=20231017T124047, end_date=20231017T124047
[2023-10-17T12:40:47.779+0000] {local_task_job_runner.py:228} INFO - Task exited with return code 0
[2023-10-17T12:40:47.835+0000] {taskinstance.py:2778} INFO - 1 downstream tasks scheduled from follow-on schedule check
