[2023-10-17T16:28:12.109+0000] {taskinstance.py:1159} INFO - Dependencies all met for dep_context=non-requeueable deps ti=<TaskInstance: pronostico_tiempo_dag.crear_tabla_staging manual__2023-10-17T16:27:50.354921+00:00 [queued]>
[2023-10-17T16:28:12.127+0000] {taskinstance.py:1159} INFO - Dependencies all met for dep_context=requeueable deps ti=<TaskInstance: pronostico_tiempo_dag.crear_tabla_staging manual__2023-10-17T16:27:50.354921+00:00 [queued]>
[2023-10-17T16:28:12.127+0000] {taskinstance.py:1361} INFO - Starting attempt 1 of 2
[2023-10-17T16:28:12.297+0000] {taskinstance.py:1382} INFO - Executing <Task(PostgresOperator): crear_tabla_staging> on 2023-10-17 16:27:50.354921+00:00
[2023-10-17T16:28:12.309+0000] {standard_task_runner.py:57} INFO - Started process 2220 to run task
[2023-10-17T16:28:12.315+0000] {standard_task_runner.py:84} INFO - Running: ['***', 'tasks', 'run', 'pronostico_tiempo_dag', 'crear_tabla_staging', 'manual__2023-10-17T16:27:50.354921+00:00', '--job-id', '224', '--raw', '--subdir', 'DAGS_FOLDER/tiempo1.py', '--cfg-path', '/tmp/tmpcx1fqj44']
[2023-10-17T16:28:12.326+0000] {standard_task_runner.py:85} INFO - Job 224: Subtask crear_tabla_staging
[2023-10-17T16:28:12.421+0000] {task_command.py:416} INFO - Running <TaskInstance: pronostico_tiempo_dag.crear_tabla_staging manual__2023-10-17T16:27:50.354921+00:00 [running]> on host f314a0c7455b
[2023-10-17T16:28:12.714+0000] {taskinstance.py:1662} INFO - Exporting env vars: AIRFLOW_CTX_DAG_OWNER='Gustavo Lavalle' AIRFLOW_CTX_DAG_ID='pronostico_tiempo_dag' AIRFLOW_CTX_TASK_ID='crear_tabla_staging' AIRFLOW_CTX_EXECUTION_DATE='2023-10-17T16:27:50.354921+00:00' AIRFLOW_CTX_TRY_NUMBER='1' AIRFLOW_CTX_DAG_RUN_ID='manual__2023-10-17T16:27:50.354921+00:00'
[2023-10-17T16:28:12.719+0000] {sql.py:274} INFO - Executing: 
CREATE TABLE IF NOT EXISTS STAGING (
    ciudad VARCHAR(50),
    fecha_hora TIMESTAMP,  -- Cambia el tipo de datos a TIMESTAMP
    temperatura_actual FLOAT,
    temperatura_maxima FLOAT,
    temperatura_minima FLOAT,
    presion FLOAT,
    humedad FLOAT
);
[2023-10-17T16:28:12.732+0000] {base.py:73} INFO - Using connection ID 'mi_conexion_postgres' for task execution.
[2023-10-17T16:28:12.745+0000] {base.py:73} INFO - Using connection ID 'mi_conexion_postgres' for task execution.
[2023-10-17T16:28:12.753+0000] {sql.py:418} INFO - Running statement: 
CREATE TABLE IF NOT EXISTS STAGING (
    ciudad VARCHAR(50),
    fecha_hora TIMESTAMP,  -- Cambia el tipo de datos a TIMESTAMP
    temperatura_actual FLOAT,
    temperatura_maxima FLOAT,
    temperatura_minima FLOAT,
    presion FLOAT,
    humedad FLOAT
);, parameters: None
[2023-10-17T16:28:12.775+0000] {taskinstance.py:1400} INFO - Marking task as SUCCESS. dag_id=pronostico_tiempo_dag, task_id=crear_tabla_staging, execution_date=20231017T162750, start_date=20231017T162812, end_date=20231017T162812
[2023-10-17T16:28:12.978+0000] {local_task_job_runner.py:228} INFO - Task exited with return code 0
[2023-10-17T16:28:13.024+0000] {taskinstance.py:2778} INFO - 1 downstream tasks scheduled from follow-on schedule check
